<?xml version="1.0" encoding="UTF-8"?>
<coverage generated="1775321074884" clover="3.2.0">
  <project timestamp="1775321074884" name="All files">
    <metrics statements="2094" coveredstatements="1469" conditionals="1279" coveredconditionals="848" methods="607" coveredmethods="406" elements="3980" coveredelements="2723" complexity="0" loc="2094" ncloc="2094" packages="16" files="95" classes="95"/>
    <package name="src">
      <metrics statements="35" coveredstatements="3" conditionals="7" coveredconditionals="3" methods="30" coveredmethods="0"/>
      <file name="config.ts" path="/Users/jeremiahstones/Documents/workspace/Personal Projects/ascent_beacon/ascent-beacon-mobile/src/config.ts">
        <metrics statements="3" coveredstatements="3" conditionals="4" coveredconditionals="3" methods="0" coveredmethods="0"/>
        <line num="8" count="6" type="cond" truecount="2" falsecount="0"/>
        <line num="10" count="6" type="cond" truecount="1" falsecount="1"/>
        <line num="15" count="6" type="stmt"/>
      </file>
      <file name="testHelpers.ts" path="/Users/jeremiahstones/Documents/workspace/Personal Projects/ascent_beacon/ascent-beacon-mobile/src/testHelpers.ts">
        <metrics statements="32" coveredstatements="0" conditionals="3" coveredconditionals="0" methods="30" coveredmethods="0"/>
        <line num="56" count="0" type="cond" truecount="0" falsecount="1"/>
        <line num="58" count="0" type="stmt"/>
        <line num="60" count="0" type="stmt"/>
        <line num="63" count="0" type="stmt"/>
        <line num="65" count="0" type="stmt"/>
        <line num="68" count="0" type="stmt"/>
        <line num="69" count="0" type="stmt"/>
        <line num="71" count="0" type="stmt"/>
        <line num="73" count="0" type="stmt"/>
        <line num="75" count="0" type="stmt"/>
        <line num="77" count="0" type="stmt"/>
        <line num="78" count="0" type="stmt"/>
        <line num="79" count="0" type="stmt"/>
        <line num="82" count="0" type="stmt"/>
        <line num="84" count="0" type="stmt"/>
        <line num="87" count="0" type="stmt"/>
        <line num="89" count="0" type="stmt"/>
        <line num="90" count="0" type="stmt"/>
        <line num="91" count="0" type="stmt"/>
        <line num="94" count="0" type="stmt"/>
        <line num="95" count="0" type="stmt"/>
        <line num="96" count="0" type="stmt"/>
        <line num="100" count="0" type="stmt"/>
        <line num="102" count="0" type="stmt"/>
        <line num="105" count="0" type="stmt"/>
        <line num="106" count="0" type="stmt"/>
        <line num="107" count="0" type="stmt"/>
        <line num="113" count="0" type="cond" truecount="0" falsecount="1"/>
        <line num="136" count="0" type="stmt"/>
        <line num="138" count="0" type="stmt"/>
        <line num="164" count="0" type="stmt"/>
        <line num="168" count="0" type="stmt"/>
      </file>
    </package>
    <package name="src.components">
      <metrics statements="37" coveredstatements="32" conditionals="43" coveredconditionals="35" methods="15" coveredmethods="12"/>
      <file name="AffectedPrioritiesModal.tsx" path="/Users/jeremiahstones/Documents/workspace/Personal Projects/ascent_beacon/ascent-beacon-mobile/src/components/AffectedPrioritiesModal.tsx">
        <metrics statements="9" coveredstatements="7" conditionals="15" coveredconditionals="13" methods="4" coveredmethods="3"/>
        <line num="28" count="13" type="stmt"/>
        <line num="30" count="13" type="stmt"/>
        <line num="31" count="13" type="cond" truecount="3" falsecount="1"/>
        <line num="32" count="0" type="stmt"/>
        <line num="33" count="0" type="stmt"/>
        <line num="38" count="13" type="cond" truecount="5" falsecount="0"/>
        <line num="40" count="10" type="stmt"/>
        <line num="71" count="19" type="stmt"/>
        <line num="110" count="1" type="stmt"/>
      </file>
      <file name="ErrorBoundary.tsx" path="/Users/jeremiahstones/Documents/workspace/Personal Projects/ascent_beacon/ascent-beacon-mobile/src/components/ErrorBoundary.tsx">
        <metrics statements="17" coveredstatements="17" conditionals="11" coveredconditionals="10" methods="5" coveredmethods="5"/>
        <line num="25" count="9" type="stmt"/>
        <line num="26" count="9" type="stmt"/>
        <line num="35" count="8" type="stmt"/>
        <line num="40" count="4" type="cond" truecount="1" falsecount="1"/>
        <line num="41" count="4" type="stmt"/>
        <line num="42" count="4" type="stmt"/>
        <line num="46" count="4" type="stmt"/>
        <line num="49" count="4" type="cond" truecount="2" falsecount="0"/>
        <line num="50" count="1" type="stmt"/>
        <line num="54" count="9" type="stmt"/>
        <line num="55" count="1" type="stmt"/>
        <line num="63" count="22" type="cond" truecount="2" falsecount="0"/>
        <line num="65" count="12" type="cond" truecount="2" falsecount="0"/>
        <line num="66" count="3" type="stmt"/>
        <line num="70" count="9" type="stmt"/>
        <line num="102" count="10" type="stmt"/>
        <line num="106" count="1" type="stmt"/>
      </file>
      <file name="TermsModal.tsx" path="/Users/jeremiahstones/Documents/workspace/Personal Projects/ascent_beacon/ascent-beacon-mobile/src/components/TermsModal.tsx">
        <metrics statements="7" coveredstatements="5" conditionals="4" coveredconditionals="3" methods="3" coveredmethods="2"/>
        <line num="21" count="3" type="stmt"/>
        <line num="23" count="3" type="stmt"/>
        <line num="24" count="3" type="cond" truecount="3" falsecount="1"/>
        <line num="25" count="0" type="stmt"/>
        <line num="26" count="0" type="stmt"/>
        <line num="31" count="3" type="stmt"/>
        <line num="151" count="1" type="stmt"/>
      </file>
      <file name="WeightAdjustmentModal.tsx" path="/Users/jeremiahstones/Documents/workspace/Personal Projects/ascent_beacon/ascent-beacon-mobile/src/components/WeightAdjustmentModal.tsx">
        <metrics statements="4" coveredstatements="3" conditionals="13" coveredconditionals="9" methods="3" coveredmethods="2"/>
        <line num="27" count="4" type="stmt"/>
        <line num="29" count="4" type="stmt"/>
        <line num="67" count="6" type="stmt"/>
        <line num="78" count="0" type="stmt"/>
      </file>
    </package>
    <package name="src.components.assistant">
      <metrics statements="19" coveredstatements="17" conditionals="42" coveredconditionals="37" methods="12" coveredmethods="10"/>
      <file name="ChatMessage.tsx" path="/Users/jeremiahstones/Documents/workspace/Personal Projects/ascent_beacon/ascent-beacon-mobile/src/components/assistant/ChatMessage.tsx">
        <metrics statements="4" coveredstatements="4" conditionals="13" coveredconditionals="12" methods="1" coveredmethods="1"/>
        <line num="22" count="6" type="stmt"/>
        <line num="24" count="6" type="cond" truecount="2" falsecount="0"/>
        <line num="25" count="1" type="stmt"/>
        <line num="34" count="5" type="stmt"/>
      </file>
      <file name="InputBar.tsx" path="/Users/jeremiahstones/Documents/workspace/Personal Projects/ascent_beacon/ascent-beacon-mobile/src/components/assistant/InputBar.tsx">
        <metrics statements="2" coveredstatements="2" conditionals="8" coveredconditionals="6" methods="1" coveredmethods="1"/>
        <line num="25" count="11" type="cond" truecount="2" falsecount="0"/>
        <line num="27" count="11" type="stmt"/>
      </file>
      <file name="ProposedValueCard.tsx" path="/Users/jeremiahstones/Documents/workspace/Personal Projects/ascent_beacon/ascent-beacon-mobile/src/components/assistant/ProposedValueCard.tsx">
        <metrics statements="5" coveredstatements="5" conditionals="4" coveredconditionals="3" methods="3" coveredmethods="3"/>
        <line num="21" count="10" type="stmt"/>
        <line num="22" count="10" type="cond" truecount="1" falsecount="1"/>
        <line num="24" count="10" type="stmt"/>
        <line num="42" count="1" type="stmt"/>
        <line num="50" count="2" type="stmt"/>
      </file>
      <file name="SymbolHeader.tsx" path="/Users/jeremiahstones/Documents/workspace/Personal Projects/ascent_beacon/ascent-beacon-mobile/src/components/assistant/SymbolHeader.tsx">
        <metrics statements="1" coveredstatements="1" conditionals="0" coveredconditionals="0" methods="1" coveredmethods="1"/>
        <line num="17" count="5" type="stmt"/>
      </file>
      <file name="ValueCard.tsx" path="/Users/jeremiahstones/Documents/workspace/Personal Projects/ascent_beacon/ascent-beacon-mobile/src/components/assistant/ValueCard.tsx">
        <metrics statements="7" coveredstatements="5" conditionals="17" coveredconditionals="16" methods="6" coveredmethods="4"/>
        <line num="38" count="17" type="cond" truecount="4" falsecount="0"/>
        <line num="40" count="16" type="stmt"/>
        <line num="56" count="1" type="stmt"/>
        <line num="64" count="1" type="stmt"/>
        <line num="78" count="1" type="stmt"/>
        <line num="103" count="0" type="stmt"/>
        <line num="113" count="0" type="stmt"/>
      </file>
      <file name="assistantStyles.ts" path="/Users/jeremiahstones/Documents/workspace/Personal Projects/ascent_beacon/ascent-beacon-mobile/src/components/assistant/assistantStyles.ts">
        <metrics statements="0" coveredstatements="0" conditionals="0" coveredconditionals="0" methods="0" coveredmethods="0"/>
      </file>
    </package>
    <package name="src.components.discovery">
      <metrics statements="60" coveredstatements="52" conditionals="73" coveredconditionals="71" methods="33" coveredmethods="26"/>
      <file name="BucketStep.tsx" path="/Users/jeremiahstones/Documents/workspace/Personal Projects/ascent_beacon/ascent-beacon-mobile/src/components/discovery/BucketStep.tsx">
        <metrics statements="35" coveredstatements="27" conditionals="25" coveredconditionals="23" methods="17" coveredmethods="10"/>
        <line num="37" count="25" type="stmt"/>
        <line num="38" count="25" type="stmt"/>
        <line num="39" count="25" type="stmt"/>
        <line num="41" count="25" type="stmt"/>
        <line num="42" count="25" type="cond" truecount="3" falsecount="1"/>
        <line num="43" count="0" type="stmt"/>
        <line num="44" count="0" type="stmt"/>
        <line num="49" count="25" type="stmt"/>
        <line num="50" count="25" type="stmt"/>
        <line num="52" count="25" type="cond" truecount="2" falsecount="0"/>
        <line num="56" count="25" type="stmt"/>
        <line num="57" count="6" type="stmt"/>
        <line num="58" count="6" type="stmt"/>
        <line num="61" count="25" type="stmt"/>
        <line num="62" count="1" type="cond" truecount="1" falsecount="1"/>
        <line num="63" count="1" type="stmt"/>
        <line num="65" count="1" type="stmt"/>
        <line num="66" count="1" type="stmt"/>
        <line num="69" count="25" type="stmt"/>
        <line num="70" count="2" type="cond" truecount="2" falsecount="0"/>
        <line num="71" count="1" type="stmt"/>
        <line num="73" count="1" type="stmt"/>
        <line num="77" count="25" type="stmt"/>
        <line num="83" count="75" type="stmt"/>
        <line num="103" count="73" type="stmt"/>
        <line num="106" count="6" type="stmt"/>
        <line num="120" count="25" type="stmt"/>
        <line num="179" count="0" type="stmt"/>
        <line num="193" count="1" type="stmt"/>
        <line num="203" count="0" type="stmt"/>
        <line num="216" count="0" type="stmt"/>
        <line num="224" count="0" type="stmt"/>
        <line num="237" count="0" type="stmt"/>
        <line num="245" count="0" type="stmt"/>
        <line num="259" count="1" type="stmt"/>
      </file>
      <file name="CreateStatementStep.tsx" path="/Users/jeremiahstones/Documents/workspace/Personal Projects/ascent_beacon/ascent-beacon-mobile/src/components/discovery/CreateStatementStep.tsx">
        <metrics statements="6" coveredstatements="6" conditionals="18" coveredconditionals="18" methods="3" coveredmethods="3"/>
        <line num="44" count="20" type="cond" truecount="2" falsecount="0"/>
        <line num="45" count="20" type="stmt"/>
        <line num="47" count="20" type="stmt"/>
        <line num="79" count="60" type="stmt"/>
        <line num="80" count="60" type="stmt"/>
        <line num="87" count="1" type="stmt"/>
      </file>
      <file name="DoneStep.tsx" path="/Users/jeremiahstones/Documents/workspace/Personal Projects/ascent_beacon/ascent-beacon-mobile/src/components/discovery/DoneStep.tsx">
        <metrics statements="1" coveredstatements="1" conditionals="0" coveredconditionals="0" methods="1" coveredmethods="1"/>
        <line num="15" count="4" type="stmt"/>
      </file>
      <file name="NarrowStep.tsx" path="/Users/jeremiahstones/Documents/workspace/Personal Projects/ascent_beacon/ascent-beacon-mobile/src/components/discovery/NarrowStep.tsx">
        <metrics statements="6" coveredstatements="6" conditionals="8" coveredconditionals="8" methods="3" coveredmethods="3"/>
        <line num="27" count="11" type="stmt"/>
        <line num="29" count="11" type="cond" truecount="2" falsecount="0"/>
        <line num="31" count="11" type="stmt"/>
        <line num="48" count="77" type="stmt"/>
        <line num="49" count="77" type="stmt"/>
        <line num="53" count="1" type="stmt"/>
      </file>
      <file name="ReviewStep.tsx" path="/Users/jeremiahstones/Documents/workspace/Personal Projects/ascent_beacon/ascent-beacon-mobile/src/components/discovery/ReviewStep.tsx">
        <metrics statements="2" coveredstatements="2" conditionals="4" coveredconditionals="4" methods="2" coveredmethods="2"/>
        <line num="28" count="11" type="stmt"/>
        <line num="44" count="33" type="stmt"/>
      </file>
      <file name="SelectStep.tsx" path="/Users/jeremiahstones/Documents/workspace/Personal Projects/ascent_beacon/ascent-beacon-mobile/src/components/discovery/SelectStep.tsx">
        <metrics statements="6" coveredstatements="6" conditionals="14" coveredconditionals="14" methods="4" coveredmethods="4"/>
        <line num="35" count="15" type="stmt"/>
        <line num="37" count="15" type="stmt"/>
        <line num="55" count="60" type="stmt"/>
        <line num="73" count="30" type="stmt"/>
        <line num="74" count="30" type="stmt"/>
        <line num="78" count="1" type="stmt"/>
      </file>
      <file name="ViewValuesStep.tsx" path="/Users/jeremiahstones/Documents/workspace/Personal Projects/ascent_beacon/ascent-beacon-mobile/src/components/discovery/ViewValuesStep.tsx">
        <metrics statements="4" coveredstatements="4" conditionals="4" coveredconditionals="4" methods="3" coveredmethods="3"/>
        <line num="18" count="8" type="stmt"/>
        <line num="19" count="16" type="cond" truecount="2" falsecount="0"/>
        <line num="22" count="8" type="stmt"/>
        <line num="39" count="8" type="stmt"/>
      </file>
      <file name="index.ts" path="/Users/jeremiahstones/Documents/workspace/Personal Projects/ascent_beacon/ascent-beacon-mobile/src/components/discovery/index.ts">
        <metrics statements="0" coveredstatements="0" conditionals="0" coveredconditionals="0" methods="0" coveredmethods="0"/>
      </file>
    </package>
    <package name="src.components.goals">
      <metrics statements="9" coveredstatements="9" conditionals="21" coveredconditionals="21" methods="8" coveredmethods="8"/>
      <file name="GoalCard.tsx" path="/Users/jeremiahstones/Documents/workspace/Personal Projects/ascent_beacon/ascent-beacon-mobile/src/components/goals/GoalCard.tsx">
        <metrics statements="3" coveredstatements="3" conditionals="9" coveredconditionals="9" methods="3" coveredmethods="3"/>
        <line num="16" count="26" type="stmt"/>
        <line num="19" count="7" type="stmt"/>
        <line num="51" count="2" type="stmt"/>
      </file>
      <file name="GoalDetailView.tsx" path="/Users/jeremiahstones/Documents/workspace/Personal Projects/ascent_beacon/ascent-beacon-mobile/src/components/goals/GoalDetailView.tsx">
        <metrics statements="6" coveredstatements="6" conditionals="12" coveredconditionals="12" methods="5" coveredmethods="5"/>
        <line num="17" count="2" type="stmt"/>
        <line num="30" count="21" type="stmt"/>
        <line num="42" count="3" type="stmt"/>
        <line num="82" count="2" type="stmt"/>
        <line num="93" count="84" type="stmt"/>
        <line num="100" count="2" type="stmt"/>
      </file>
      <file name="index.ts" path="/Users/jeremiahstones/Documents/workspace/Personal Projects/ascent_beacon/ascent-beacon-mobile/src/components/goals/index.ts">
        <metrics statements="0" coveredstatements="0" conditionals="0" coveredconditionals="0" methods="0" coveredmethods="0"/>
      </file>
    </package>
    <package name="src.components.login">
      <metrics statements="2" coveredstatements="2" conditionals="22" coveredconditionals="20" methods="2" coveredmethods="2"/>
      <file name="AuthOptions.tsx" path="/Users/jeremiahstones/Documents/workspace/Personal Projects/ascent_beacon/ascent-beacon-mobile/src/components/login/AuthOptions.tsx">
        <metrics statements="1" coveredstatements="1" conditionals="12" coveredconditionals="12" methods="1" coveredmethods="1"/>
        <line num="35" count="15" type="stmt"/>
      </file>
      <file name="VerifyCodeScreen.tsx" path="/Users/jeremiahstones/Documents/workspace/Personal Projects/ascent_beacon/ascent-beacon-mobile/src/components/login/VerifyCodeScreen.tsx">
        <metrics statements="1" coveredstatements="1" conditionals="10" coveredconditionals="8" methods="1" coveredmethods="1"/>
        <line num="37" count="9" type="stmt"/>
      </file>
    </package>
    <package name="src.components.priorities">
      <metrics statements="87" coveredstatements="57" conditionals="182" coveredconditionals="129" methods="54" coveredmethods="38"/>
      <file name="CreatePriorityReview.tsx" path="/Users/jeremiahstones/Documents/workspace/Personal Projects/ascent_beacon/ascent-beacon-mobile/src/components/priorities/CreatePriorityReview.tsx">
        <metrics statements="6" coveredstatements="6" conditionals="28" coveredconditionals="25" methods="6" coveredmethods="6"/>
        <line num="37" count="21" type="stmt"/>
        <line num="65" count="23" type="cond" truecount="2" falsecount="0"/>
        <line num="67" count="20" type="stmt"/>
        <line num="104" count="40" type="stmt"/>
        <line num="105" count="20" type="stmt"/>
        <line num="107" count="20" type="stmt"/>
      </file>
      <file name="CreatePriorityStep1.tsx" path="/Users/jeremiahstones/Documents/workspace/Personal Projects/ascent_beacon/ascent-beacon-mobile/src/components/priorities/CreatePriorityStep1.tsx">
        <metrics statements="3" coveredstatements="3" conditionals="9" coveredconditionals="8" methods="2" coveredmethods="2"/>
        <line num="38" count="16" type="cond" truecount="2" falsecount="0"/>
        <line num="40" count="16" type="stmt"/>
        <line num="89" count="3" type="stmt"/>
      </file>
      <file name="CreatePriorityStep2.tsx" path="/Users/jeremiahstones/Documents/workspace/Personal Projects/ascent_beacon/ascent-beacon-mobile/src/components/priorities/CreatePriorityStep2.tsx">
        <metrics statements="3" coveredstatements="3" conditionals="29" coveredconditionals="23" methods="2" coveredmethods="2"/>
        <line num="51" count="16" type="cond" truecount="2" falsecount="0"/>
        <line num="53" count="16" type="stmt"/>
        <line num="145" count="4" type="stmt"/>
      </file>
      <file name="CreatePriorityStep3.tsx" path="/Users/jeremiahstones/Documents/workspace/Personal Projects/ascent_beacon/ascent-beacon-mobile/src/components/priorities/CreatePriorityStep3.tsx">
        <metrics statements="6" coveredstatements="6" conditionals="16" coveredconditionals="14" methods="3" coveredmethods="3"/>
        <line num="32" count="18" type="stmt"/>
        <line num="34" count="18" type="stmt"/>
        <line num="65" count="51" type="stmt"/>
        <line num="66" count="51" type="stmt"/>
        <line num="68" count="51" type="stmt"/>
        <line num="75" count="1" type="stmt"/>
      </file>
      <file name="CreatePriorityStep4.tsx" path="/Users/jeremiahstones/Documents/workspace/Personal Projects/ascent_beacon/ascent-beacon-mobile/src/components/priorities/CreatePriorityStep4.tsx">
        <metrics statements="38" coveredstatements="20" conditionals="20" coveredconditionals="10" methods="24" coveredmethods="13"/>
        <line num="36" count="21" type="stmt"/>
        <line num="37" count="21" type="stmt"/>
        <line num="38" count="21" type="stmt"/>
        <line num="39" count="21" type="stmt"/>
        <line num="41" count="21" type="stmt"/>
        <line num="42" count="20" type="cond" truecount="3" falsecount="1"/>
        <line num="43" count="0" type="stmt"/>
        <line num="44" count="0" type="stmt"/>
        <line num="49" count="21" type="stmt"/>
        <line num="50" count="19" type="cond" truecount="3" falsecount="1"/>
        <line num="51" count="0" type="stmt"/>
        <line num="52" count="0" type="stmt"/>
        <line num="57" count="21" type="stmt"/>
        <line num="58" count="0" type="cond" truecount="0" falsecount="4"/>
        <line num="59" count="0" type="stmt"/>
        <line num="60" count="0" type="cond" truecount="0" falsecount="4"/>
        <line num="61" count="0" type="stmt"/>
        <line num="65" count="21" type="stmt"/>
        <line num="80" count="2" type="stmt"/>
        <line num="81" count="21" type="stmt"/>
        <line num="85" count="21" type="stmt"/>
        <line num="94" count="1" type="stmt"/>
        <line num="95" count="105" type="stmt"/>
        <line num="99" count="105" type="stmt"/>
        <line num="111" count="1" type="stmt"/>
        <line num="126" count="1" type="stmt"/>
        <line num="161" count="84" type="stmt"/>
        <line num="165" count="0" type="stmt"/>
        <line num="169" count="0" type="stmt"/>
        <line num="170" count="0" type="stmt"/>
        <line num="182" count="0" type="stmt"/>
        <line num="183" count="0" type="stmt"/>
        <line num="200" count="105" type="stmt"/>
        <line num="204" count="0" type="stmt"/>
        <line num="208" count="0" type="stmt"/>
        <line num="209" count="0" type="stmt"/>
        <line num="221" count="0" type="stmt"/>
        <line num="222" count="0" type="stmt"/>
      </file>
      <file name="ExamplesModal.tsx" path="/Users/jeremiahstones/Documents/workspace/Personal Projects/ascent_beacon/ascent-beacon-mobile/src/components/priorities/ExamplesModal.tsx">
        <metrics statements="9" coveredstatements="7" conditionals="10" coveredconditionals="9" methods="6" coveredmethods="5"/>
        <line num="32" count="9" type="stmt"/>
        <line num="34" count="9" type="stmt"/>
        <line num="35" count="9" type="cond" truecount="3" falsecount="1"/>
        <line num="37" count="0" type="stmt"/>
        <line num="38" count="0" type="stmt"/>
        <line num="43" count="9" type="stmt"/>
        <line num="66" count="17" type="stmt"/>
        <line num="76" count="24" type="stmt"/>
        <line num="88" count="16" type="stmt"/>
      </file>
      <file name="PriorityCard.tsx" path="/Users/jeremiahstones/Documents/workspace/Personal Projects/ascent_beacon/ascent-beacon-mobile/src/components/priorities/PriorityCard.tsx">
        <metrics statements="6" coveredstatements="6" conditionals="27" coveredconditionals="26" methods="1" coveredmethods="1"/>
        <line num="20" count="12" type="stmt"/>
        <line num="21" count="12" type="cond" truecount="2" falsecount="0"/>
        <line num="23" count="11" type="stmt"/>
        <line num="25" count="11" type="cond" truecount="4" falsecount="0"/>
        <line num="29" count="11" type="stmt"/>
        <line num="35" count="11" type="stmt"/>
      </file>
      <file name="PriorityDetailView.tsx" path="/Users/jeremiahstones/Documents/workspace/Personal Projects/ascent_beacon/ascent-beacon-mobile/src/components/priorities/PriorityDetailView.tsx">
        <metrics statements="9" coveredstatements="0" conditionals="28" coveredconditionals="0" methods="3" coveredmethods="0"/>
        <line num="26" count="0" type="stmt"/>
        <line num="27" count="0" type="cond" truecount="0" falsecount="2"/>
        <line num="29" count="0" type="stmt"/>
        <line num="30" count="0" type="stmt"/>
        <line num="32" count="0" type="cond" truecount="0" falsecount="4"/>
        <line num="36" count="0" type="stmt"/>
        <line num="86" count="0" type="stmt"/>
        <line num="87" count="0" type="stmt"/>
        <line num="88" count="0" type="stmt"/>
      </file>
      <file name="PriorityHeader.tsx" path="/Users/jeremiahstones/Documents/workspace/Personal Projects/ascent_beacon/ascent-beacon-mobile/src/components/priorities/PriorityHeader.tsx">
        <metrics statements="1" coveredstatements="1" conditionals="5" coveredconditionals="5" methods="1" coveredmethods="1"/>
        <line num="19" count="8" type="stmt"/>
      </file>
      <file name="PriorityListView.tsx" path="/Users/jeremiahstones/Documents/workspace/Personal Projects/ascent_beacon/ascent-beacon-mobile/src/components/priorities/PriorityListView.tsx">
        <metrics statements="6" coveredstatements="5" conditionals="10" coveredconditionals="9" methods="6" coveredmethods="5"/>
        <line num="30" count="14" type="stmt"/>
        <line num="45" count="6" type="stmt"/>
        <line num="47" count="5" type="stmt"/>
        <line num="50" count="1" type="stmt"/>
        <line num="87" count="2" type="stmt"/>
        <line num="90" count="0" type="stmt"/>
      </file>
    </package>
    <package name="src.components.styles">
      <metrics statements="1" coveredstatements="0" conditionals="0" coveredconditionals="0" methods="0" coveredmethods="0"/>
      <file name="weightAdjustmentStyles.ts" path="/Users/jeremiahstones/Documents/workspace/Personal Projects/ascent_beacon/ascent-beacon-mobile/src/components/styles/weightAdjustmentStyles.ts">
        <metrics statements="1" coveredstatements="0" conditionals="0" coveredconditionals="0" methods="0" coveredmethods="0"/>
        <line num="3" count="0" type="stmt"/>
      </file>
    </package>
    <package name="src.components.values">
      <metrics statements="26" coveredstatements="13" conditionals="46" coveredconditionals="33" methods="14" coveredmethods="6"/>
      <file name="CreateValueForm.tsx" path="/Users/jeremiahstones/Documents/workspace/Personal Projects/ascent_beacon/ascent-beacon-mobile/src/components/values/CreateValueForm.tsx">
        <metrics statements="5" coveredstatements="5" conditionals="16" coveredconditionals="16" methods="1" coveredmethods="1"/>
        <line num="33" count="18" type="stmt"/>
        <line num="34" count="18" type="stmt"/>
        <line num="35" count="18" type="stmt"/>
        <line num="36" count="18" type="stmt"/>
        <line num="38" count="18" type="stmt"/>
      </file>
      <file name="EditValueModal.tsx" path="/Users/jeremiahstones/Documents/workspace/Personal Projects/ascent_beacon/ascent-beacon-mobile/src/components/values/EditValueModal.tsx">
        <metrics statements="6" coveredstatements="4" conditionals="11" coveredconditionals="9" methods="3" coveredmethods="2"/>
        <line num="34" count="11" type="stmt"/>
        <line num="36" count="11" type="stmt"/>
        <line num="37" count="11" type="cond" truecount="3" falsecount="1"/>
        <line num="38" count="0" type="stmt"/>
        <line num="39" count="0" type="stmt"/>
        <line num="44" count="11" type="stmt"/>
      </file>
      <file name="ExamplesModal.tsx" path="/Users/jeremiahstones/Documents/workspace/Personal Projects/ascent_beacon/ascent-beacon-mobile/src/components/values/ExamplesModal.tsx">
        <metrics statements="9" coveredstatements="0" conditionals="4" coveredconditionals="0" methods="5" coveredmethods="0"/>
        <line num="12" count="0" type="stmt"/>
        <line num="35" count="0" type="stmt"/>
        <line num="37" count="0" type="stmt"/>
        <line num="38" count="0" type="cond" truecount="0" falsecount="4"/>
        <line num="39" count="0" type="stmt"/>
        <line num="40" count="0" type="stmt"/>
        <line num="45" count="0" type="stmt"/>
        <line num="71" count="0" type="stmt"/>
        <line num="74" count="0" type="stmt"/>
      </file>
      <file name="ValueListCard.tsx" path="/Users/jeremiahstones/Documents/workspace/Personal Projects/ascent_beacon/ascent-beacon-mobile/src/components/values/ValueListCard.tsx">
        <metrics statements="6" coveredstatements="4" conditionals="15" coveredconditionals="8" methods="5" coveredmethods="3"/>
        <line num="34" count="5" type="cond" truecount="2" falsecount="0"/>
        <line num="36" count="4" type="stmt"/>
        <line num="54" count="0" type="stmt"/>
        <line num="64" count="0" type="stmt"/>
        <line num="82" count="1" type="stmt"/>
        <line num="91" count="1" type="stmt"/>
      </file>
    </package>
    <package name="src.context">
      <metrics statements="42" coveredstatements="37" conditionals="11" coveredconditionals="9" methods="8" coveredmethods="8"/>
      <file name="AuthContext.tsx" path="/Users/jeremiahstones/Documents/workspace/Personal Projects/ascent_beacon/ascent-beacon-mobile/src/context/AuthContext.tsx">
        <metrics statements="42" coveredstatements="37" conditionals="11" coveredconditionals="9" methods="8" coveredmethods="8"/>
        <line num="38" count="1" type="stmt"/>
        <line num="45" count="27" type="stmt"/>
        <line num="46" count="26" type="cond" truecount="2" falsecount="0"/>
        <line num="47" count="2" type="stmt"/>
        <line num="49" count="24" type="stmt"/>
        <line num="58" count="24" type="stmt"/>
        <line num="59" count="24" type="stmt"/>
        <line num="64" count="24" type="stmt"/>
        <line num="65" count="10" type="stmt"/>
        <line num="66" count="10" type="stmt"/>
        <line num="67" count="10" type="stmt"/>
        <line num="69" count="10" type="cond" truecount="2" falsecount="0"/>
        <line num="70" count="7" type="stmt"/>
        <line num="71" count="7" type="stmt"/>
        <line num="72" count="6" type="cond" truecount="1" falsecount="1"/>
        <line num="73" count="6" type="stmt"/>
        <line num="74" count="6" type="stmt"/>
        <line num="76" count="0" type="stmt"/>
        <line num="77" count="0" type="stmt"/>
        <line num="81" count="1" type="stmt"/>
        <line num="82" count="1" type="stmt"/>
        <line num="83" count="1" type="stmt"/>
        <line num="86" count="3" type="stmt"/>
        <line num="87" count="3" type="stmt"/>
        <line num="90" count="0" type="stmt"/>
        <line num="91" count="0" type="stmt"/>
        <line num="92" count="0" type="stmt"/>
        <line num="94" count="10" type="stmt"/>
        <line num="99" count="24" type="stmt"/>
        <line num="100" count="10" type="stmt"/>
        <line num="107" count="24" type="stmt"/>
        <line num="108" count="1" type="stmt"/>
        <line num="114" count="24" type="stmt"/>
        <line num="115" count="2" type="stmt"/>
        <line num="116" count="2" type="stmt"/>
        <line num="118" count="1" type="stmt"/>
        <line num="120" count="2" type="stmt"/>
        <line num="128" count="24" type="stmt"/>
        <line num="129" count="1" type="cond" truecount="1" falsecount="1"/>
        <line num="135" count="24" type="stmt"/>
        <line num="139" count="24" type="stmt"/>
        <line num="150" count="24" type="stmt"/>
      </file>
    </package>
    <package name="src.hooks">
      <metrics statements="1025" coveredstatements="762" conditionals="373" coveredconditionals="209" methods="206" coveredmethods="148"/>
      <file name="index.ts" path="/Users/jeremiahstones/Documents/workspace/Personal Projects/ascent_beacon/ascent-beacon-mobile/src/hooks/index.ts">
        <metrics statements="0" coveredstatements="0" conditionals="0" coveredconditionals="0" methods="0" coveredmethods="0"/>
      </file>
      <file name="useAssistantChat.ts" path="/Users/jeremiahstones/Documents/workspace/Personal Projects/ascent_beacon/ascent-beacon-mobile/src/hooks/useAssistantChat.ts">
        <metrics statements="117" coveredstatements="99" conditionals="49" coveredconditionals="25" methods="27" coveredmethods="19"/>
        <line num="31" count="1" type="stmt"/>
        <line num="32" count="14" type="cond" truecount="1" falsecount="1"/>
        <line num="73" count="37" type="stmt"/>
        <line num="74" count="37" type="stmt"/>
        <line num="75" count="37" type="stmt"/>
        <line num="76" count="37" type="stmt"/>
        <line num="77" count="37" type="stmt"/>
        <line num="78" count="37" type="stmt"/>
        <line num="79" count="37" type="stmt"/>
        <line num="82" count="37" type="stmt"/>
        <line num="83" count="37" type="stmt"/>
        <line num="86" count="37" type="stmt"/>
        <line num="87" count="37" type="stmt"/>
        <line num="91" count="37" type="stmt"/>
        <line num="92" count="37" type="stmt"/>
        <line num="93" count="37" type="stmt"/>
        <line num="95" count="37" type="stmt"/>
        <line num="97" count="0" type="stmt"/>
        <line num="110" count="37" type="stmt"/>
        <line num="111" count="16" type="stmt"/>
        <line num="112" count="16" type="stmt"/>
        <line num="113" count="16" type="cond" truecount="1" falsecount="1"/>
        <line num="114" count="16" type="stmt"/>
        <line num="115" count="16" type="stmt"/>
        <line num="116" count="16" type="stmt"/>
        <line num="117" count="4" type="cond" truecount="2" falsecount="0"/>
        <line num="119" count="16" type="stmt"/>
        <line num="121" count="0" type="stmt"/>
        <line num="125" count="37" type="stmt"/>
        <line num="127" count="37" type="stmt"/>
        <line num="128" count="15" type="stmt"/>
        <line num="129" count="15" type="stmt"/>
        <line num="133" count="37" type="stmt"/>
        <line num="134" count="15" type="stmt"/>
        <line num="135" count="15" type="stmt"/>
        <line num="136" count="15" type="stmt"/>
        <line num="137" count="14" type="stmt"/>
        <line num="138" count="14" type="stmt"/>
        <line num="147" count="1" type="stmt"/>
        <line num="148" count="1" type="stmt"/>
        <line num="150" count="15" type="stmt"/>
        <line num="154" count="37" type="stmt"/>
        <line num="155" count="2" type="stmt"/>
        <line num="156" count="2" type="stmt"/>
        <line num="157" count="2" type="stmt"/>
        <line num="158" count="2" type="stmt"/>
        <line num="167" count="2" type="stmt"/>
        <line num="169" count="0" type="stmt"/>
        <line num="170" count="0" type="stmt"/>
        <line num="172" count="2" type="stmt"/>
        <line num="176" count="37" type="stmt"/>
        <line num="177" count="3" type="cond" truecount="5" falsecount="0"/>
        <line num="178" count="2" type="stmt"/>
        <line num="179" count="2" type="stmt"/>
        <line num="180" count="2" type="stmt"/>
        <line num="186" count="2" type="stmt"/>
        <line num="187" count="2" type="stmt"/>
        <line num="189" count="2" type="stmt"/>
        <line num="205" count="2" type="cond" truecount="2" falsecount="2"/>
        <line num="206" count="2" type="cond" truecount="2" falsecount="2"/>
        <line num="207" count="2" type="cond" truecount="1" falsecount="1"/>
        <line num="208" count="2" type="cond" truecount="1" falsecount="1"/>
        <line num="209" count="2" type="cond" truecount="1" falsecount="1"/>
        <line num="210" count="2" type="stmt"/>
        <line num="213" count="37" type="stmt"/>
        <line num="214" count="2" type="cond" truecount="1" falsecount="1"/>
        <line num="215" count="2" type="stmt"/>
        <line num="216" count="2" type="stmt"/>
        <line num="217" count="2" type="stmt"/>
        <line num="219" count="0" type="stmt"/>
        <line num="223" count="37" type="stmt"/>
        <line num="224" count="1" type="stmt"/>
        <line num="225" count="1" type="stmt"/>
        <line num="226" count="1" type="stmt"/>
        <line num="227" count="1" type="stmt"/>
        <line num="228" count="1" type="stmt"/>
        <line num="231" count="1" type="cond" truecount="1" falsecount="1"/>
        <line num="232" count="1" type="stmt"/>
        <line num="233" count="1" type="stmt"/>
        <line num="234" count="1" type="stmt"/>
        <line num="236" count="1" type="stmt"/>
        <line num="237" count="1" type="cond" truecount="1" falsecount="1"/>
        <line num="238" count="1" type="stmt"/>
        <line num="239" count="1" type="stmt"/>
        <line num="240" count="1" type="stmt"/>
        <line num="242" count="1" type="cond" truecount="1" falsecount="1"/>
        <line num="243" count="0" type="stmt"/>
        <line num="245" count="1" type="cond" truecount="1" falsecount="1"/>
        <line num="246" count="0" type="stmt"/>
        <line num="250" count="0" type="cond" truecount="0" falsecount="2"/>
        <line num="253" count="0" type="stmt"/>
        <line num="254" count="0" type="cond" truecount="0" falsecount="2"/>
        <line num="258" count="37" type="stmt"/>
        <line num="259" count="2" type="stmt"/>
        <line num="260" count="2" type="stmt"/>
        <line num="261" count="1" type="stmt"/>
        <line num="263" count="1" type="stmt"/>
        <line num="264" count="1" type="stmt"/>
        <line num="268" count="37" type="stmt"/>
        <line num="269" count="1" type="stmt"/>
        <line num="271" count="37" type="stmt"/>
        <line num="272" count="1" type="stmt"/>
        <line num="273" count="1" type="stmt"/>
        <line num="275" count="0" type="stmt"/>
        <line num="277" count="1" type="stmt"/>
        <line num="278" count="1" type="stmt"/>
        <line num="279" count="1" type="stmt"/>
        <line num="280" count="1" type="stmt"/>
        <line num="284" count="37" type="stmt"/>
        <line num="285" count="0" type="stmt"/>
        <line num="286" count="0" type="cond" truecount="0" falsecount="2"/>
        <line num="287" count="0" type="stmt"/>
        <line num="288" count="0" type="cond" truecount="0" falsecount="2"/>
        <line num="289" count="0" type="stmt"/>
        <line num="295" count="0" type="stmt"/>
        <line num="296" count="0" type="stmt"/>
        <line num="299" count="37" type="stmt"/>
      </file>
      <file name="useAsync.ts" path="/Users/jeremiahstones/Documents/workspace/Personal Projects/ascent_beacon/ascent-beacon-mobile/src/hooks/useAsync.ts">
        <metrics statements="30" coveredstatements="30" conditionals="8" coveredconditionals="7" methods="5" coveredmethods="5"/>
        <line num="50" count="24" type="stmt"/>
        <line num="52" count="24" type="stmt"/>
        <line num="53" count="24" type="stmt"/>
        <line num="54" count="24" type="stmt"/>
        <line num="56" count="24" type="stmt"/>
        <line num="58" count="10" type="stmt"/>
        <line num="59" count="10" type="stmt"/>
        <line num="60" count="10" type="stmt"/>
        <line num="61" count="10" type="stmt"/>
        <line num="62" count="6" type="stmt"/>
        <line num="63" count="6" type="stmt"/>
        <line num="64" count="6" type="stmt"/>
        <line num="66" count="4" type="stmt"/>
        <line num="67" count="4" type="cond" truecount="1" falsecount="1"/>
        <line num="68" count="4" type="stmt"/>
        <line num="70" count="4" type="cond" truecount="2" falsecount="0"/>
        <line num="71" count="1" type="stmt"/>
        <line num="74" count="4" type="stmt"/>
        <line num="75" count="4" type="stmt"/>
        <line num="77" count="10" type="stmt"/>
        <line num="83" count="24" type="stmt"/>
        <line num="84" count="1" type="stmt"/>
        <line num="85" count="1" type="stmt"/>
        <line num="86" count="1" type="stmt"/>
        <line num="89" count="24" type="stmt"/>
        <line num="125" count="3" type="stmt"/>
        <line num="131" count="3" type="stmt"/>
        <line num="132" count="1" type="stmt"/>
        <line num="133" count="1" type="stmt"/>
        <line num="139" count="3" type="stmt"/>
      </file>
      <file name="useFetchOnFocus.ts" path="/Users/jeremiahstones/Documents/workspace/Personal Projects/ascent_beacon/ascent-beacon-mobile/src/hooks/useFetchOnFocus.ts">
        <metrics statements="29" coveredstatements="27" conditionals="14" coveredconditionals="10" methods="7" coveredmethods="6"/>
        <line num="53" count="18" type="stmt"/>
        <line num="55" count="18" type="stmt"/>
        <line num="56" count="18" type="stmt"/>
        <line num="57" count="18" type="stmt"/>
        <line num="59" count="18" type="stmt"/>
        <line num="60" count="8" type="stmt"/>
        <line num="61" count="8" type="stmt"/>
        <line num="62" count="8" type="stmt"/>
        <line num="63" count="8" type="stmt"/>
        <line num="64" count="5" type="stmt"/>
        <line num="65" count="5" type="stmt"/>
        <line num="67" count="3" type="stmt"/>
        <line num="68" count="3" type="cond" truecount="1" falsecount="1"/>
        <line num="69" count="3" type="stmt"/>
        <line num="71" count="3" type="cond" truecount="2" falsecount="0"/>
        <line num="72" count="1" type="stmt"/>
        <line num="75" count="3" type="stmt"/>
        <line num="77" count="8" type="stmt"/>
        <line num="82" count="18" type="stmt"/>
        <line num="83" count="10" type="cond" truecount="2" falsecount="0"/>
        <line num="84" count="7" type="stmt"/>
        <line num="91" count="18" type="stmt"/>
        <line num="93" count="18" type="cond" truecount="1" falsecount="1"/>
        <line num="94" count="0" type="stmt"/>
        <line num="101" count="18" type="stmt"/>
        <line num="102" count="1" type="stmt"/>
        <line num="103" count="1" type="stmt"/>
        <line num="106" count="0" type="stmt"/>
        <line num="110" count="18" type="stmt"/>
      </file>
      <file name="useGoals.ts" path="/Users/jeremiahstones/Documents/workspace/Personal Projects/ascent_beacon/ascent-beacon-mobile/src/hooks/useGoals.ts">
        <metrics statements="46" coveredstatements="46" conditionals="15" coveredconditionals="10" methods="14" coveredmethods="14"/>
        <line num="22" count="33" type="stmt"/>
        <line num="23" count="33" type="stmt"/>
        <line num="24" count="33" type="stmt"/>
        <line num="26" count="33" type="stmt"/>
        <line num="27" count="15" type="stmt"/>
        <line num="28" count="15" type="stmt"/>
        <line num="29" count="15" type="stmt"/>
        <line num="30" count="15" type="stmt"/>
        <line num="35" count="14" type="stmt"/>
        <line num="37" count="1" type="cond" truecount="1" falsecount="1"/>
        <line num="38" count="1" type="stmt"/>
        <line num="39" count="1" type="stmt"/>
        <line num="41" count="15" type="stmt"/>
        <line num="45" count="33" type="stmt"/>
        <line num="46" count="14" type="stmt"/>
        <line num="49" count="33" type="stmt"/>
        <line num="51" count="2" type="stmt"/>
        <line num="52" count="2" type="stmt"/>
        <line num="53" count="1" type="stmt"/>
        <line num="54" count="1" type="stmt"/>
        <line num="56" count="1" type="cond" truecount="1" falsecount="1"/>
        <line num="57" count="1" type="stmt"/>
        <line num="58" count="1" type="stmt"/>
        <line num="64" count="33" type="stmt"/>
        <line num="66" count="2" type="stmt"/>
        <line num="67" count="2" type="stmt"/>
        <line num="68" count="2" type="cond" truecount="2" falsecount="0"/>
        <line num="69" count="1" type="stmt"/>
        <line num="71" count="1" type="cond" truecount="1" falsecount="1"/>
        <line num="72" count="1" type="stmt"/>
        <line num="73" count="1" type="stmt"/>
        <line num="79" count="33" type="stmt"/>
        <line num="81" count="2" type="stmt"/>
        <line num="82" count="2" type="stmt"/>
        <line num="83" count="2" type="cond" truecount="2" falsecount="0"/>
        <line num="84" count="1" type="stmt"/>
        <line num="86" count="1" type="cond" truecount="1" falsecount="1"/>
        <line num="87" count="1" type="stmt"/>
        <line num="88" count="1" type="stmt"/>
        <line num="94" count="33" type="stmt"/>
        <line num="95" count="2" type="stmt"/>
        <line num="96" count="2" type="stmt"/>
        <line num="97" count="2" type="stmt"/>
        <line num="99" count="1" type="stmt"/>
        <line num="100" count="1" type="cond" truecount="1" falsecount="1"/>
        <line num="104" count="33" type="stmt"/>
      </file>
      <file name="useKiteAnimation.ts" path="/Users/jeremiahstones/Documents/workspace/Personal Projects/ascent_beacon/ascent-beacon-mobile/src/hooks/useKiteAnimation.ts">
        <metrics statements="73" coveredstatements="0" conditionals="28" coveredconditionals="0" methods="11" coveredmethods="0"/>
        <line num="4" count="0" type="stmt"/>
        <line num="5" count="0" type="stmt"/>
        <line num="6" count="0" type="stmt"/>
        <line num="20" count="0" type="stmt"/>
        <line num="26" count="0" type="stmt"/>
        <line num="27" count="0" type="stmt"/>
        <line num="28" count="0" type="stmt"/>
        <line num="29" count="0" type="stmt"/>
        <line num="30" count="0" type="stmt"/>
        <line num="31" count="0" type="stmt"/>
        <line num="33" count="0" type="stmt"/>
        <line num="34" count="0" type="stmt"/>
        <line num="36" count="0" type="cond" truecount="0" falsecount="2"/>
        <line num="37" count="0" type="stmt"/>
        <line num="38" count="0" type="cond" truecount="0" falsecount="2"/>
        <line num="39" count="0" type="cond" truecount="0" falsecount="2"/>
        <line num="40" count="0" type="cond" truecount="0" falsecount="2"/>
        <line num="58" count="0" type="stmt"/>
        <line num="59" count="0" type="stmt"/>
        <line num="60" count="0" type="stmt"/>
        <line num="61" count="0" type="stmt"/>
        <line num="62" count="0" type="stmt"/>
        <line num="63" count="0" type="stmt"/>
        <line num="64" count="0" type="stmt"/>
        <line num="66" count="0" type="stmt"/>
        <line num="67" count="0" type="cond" truecount="0" falsecount="2"/>
        <line num="69" count="0" type="stmt"/>
        <line num="73" count="0" type="stmt"/>
        <line num="78" count="0" type="stmt"/>
        <line num="79" count="0" type="stmt"/>
        <line num="85" count="0" type="stmt"/>
        <line num="87" count="0" type="cond" truecount="0" falsecount="2"/>
        <line num="89" count="0" type="stmt"/>
        <line num="95" count="0" type="stmt"/>
        <line num="96" count="0" type="cond" truecount="0" falsecount="2"/>
        <line num="97" count="0" type="stmt"/>
        <line num="98" count="0" type="cond" truecount="0" falsecount="2"/>
        <line num="99" count="0" type="stmt"/>
        <line num="105" count="0" type="stmt"/>
        <line num="106" count="0" type="stmt"/>
        <line num="107" count="0" type="stmt"/>
        <line num="108" count="0" type="stmt"/>
        <line num="109" count="0" type="stmt"/>
        <line num="110" count="0" type="stmt"/>
        <line num="111" count="0" type="stmt"/>
        <line num="113" count="0" type="stmt"/>
        <line num="114" count="0" type="cond" truecount="0" falsecount="2"/>
        <line num="115" count="0" type="cond" truecount="0" falsecount="2"/>
        <line num="120" count="0" type="stmt"/>
        <line num="121" count="0" type="stmt"/>
        <line num="122" count="0" type="stmt"/>
        <line num="126" count="0" type="stmt"/>
        <line num="131" count="0" type="stmt"/>
        <line num="132" count="0" type="stmt"/>
        <line num="138" count="0" type="stmt"/>
        <line num="140" count="0" type="cond" truecount="0" falsecount="2"/>
        <line num="142" count="0" type="stmt"/>
        <line num="146" count="0" type="stmt"/>
        <line num="148" count="0" type="stmt"/>
        <line num="154" count="0" type="stmt"/>
        <line num="155" count="0" type="cond" truecount="0" falsecount="2"/>
        <line num="158" count="0" type="stmt"/>
        <line num="164" count="0" type="stmt"/>
        <line num="165" count="0" type="stmt"/>
        <line num="166" count="0" type="cond" truecount="0" falsecount="2"/>
        <line num="167" count="0" type="stmt"/>
        <line num="168" count="0" type="stmt"/>
        <line num="170" count="0" type="cond" truecount="0" falsecount="2"/>
        <line num="171" count="0" type="stmt"/>
        <line num="174" count="0" type="stmt"/>
        <line num="175" count="0" type="stmt"/>
        <line num="176" count="0" type="stmt"/>
        <line num="179" count="0" type="stmt"/>
      </file>
      <file name="useLoginAuth.ts" path="/Users/jeremiahstones/Documents/workspace/Personal Projects/ascent_beacon/ascent-beacon-mobile/src/hooks/useLoginAuth.ts">
        <metrics statements="88" coveredstatements="79" conditionals="16" coveredconditionals="15" methods="14" coveredmethods="13"/>
        <line num="10" count="1" type="stmt"/>
        <line num="42" count="56" type="stmt"/>
        <line num="43" count="56" type="stmt"/>
        <line num="44" count="56" type="stmt"/>
        <line num="45" count="56" type="stmt"/>
        <line num="46" count="56" type="stmt"/>
        <line num="47" count="56" type="stmt"/>
        <line num="48" count="56" type="stmt"/>
        <line num="49" count="56" type="stmt"/>
        <line num="50" count="56" type="stmt"/>
        <line num="51" count="56" type="stmt"/>
        <line num="53" count="56" type="stmt"/>
        <line num="58" count="56" type="stmt"/>
        <line num="59" count="28" type="cond" truecount="4" falsecount="0"/>
        <line num="60" count="4" type="stmt"/>
        <line num="61" count="4" type="stmt"/>
        <line num="66" count="56" type="stmt"/>
        <line num="67" count="23" type="cond" truecount="1" falsecount="1"/>
        <line num="68" count="0" type="stmt"/>
        <line num="69" count="0" type="stmt"/>
        <line num="74" count="56" type="stmt"/>
        <line num="75" count="0" type="stmt"/>
        <line num="76" count="0" type="stmt"/>
        <line num="77" count="0" type="stmt"/>
        <line num="78" count="0" type="stmt"/>
        <line num="80" count="0" type="stmt"/>
        <line num="82" count="0" type="stmt"/>
        <line num="86" count="56" type="stmt"/>
        <line num="87" count="1" type="stmt"/>
        <line num="88" count="1" type="stmt"/>
        <line num="89" count="1" type="stmt"/>
        <line num="90" count="1" type="stmt"/>
        <line num="92" count="0" type="stmt"/>
        <line num="94" count="1" type="stmt"/>
        <line num="98" count="56" type="stmt"/>
        <line num="99" count="11" type="cond" truecount="2" falsecount="0"/>
        <line num="100" count="6" type="stmt"/>
        <line num="101" count="6" type="stmt"/>
        <line num="103" count="5" type="cond" truecount="2" falsecount="0"/>
        <line num="104" count="1" type="stmt"/>
        <line num="105" count="1" type="stmt"/>
        <line num="107" count="4" type="stmt"/>
        <line num="108" count="4" type="stmt"/>
        <line num="109" count="4" type="stmt"/>
        <line num="110" count="3" type="stmt"/>
        <line num="111" count="3" type="stmt"/>
        <line num="112" count="3" type="stmt"/>
        <line num="114" count="1" type="stmt"/>
        <line num="116" count="4" type="stmt"/>
        <line num="120" count="56" type="stmt"/>
        <line num="121" count="2" type="stmt"/>
        <line num="122" count="2" type="stmt"/>
        <line num="123" count="2" type="stmt"/>
        <line num="124" count="1" type="stmt"/>
        <line num="125" count="1" type="stmt"/>
        <line num="127" count="1" type="stmt"/>
        <line num="129" count="2" type="stmt"/>
        <line num="133" count="56" type="stmt"/>
        <line num="134" count="1" type="stmt"/>
        <line num="135" count="1" type="stmt"/>
        <line num="136" count="1" type="stmt"/>
        <line num="137" count="1" type="stmt"/>
        <line num="138" count="1" type="stmt"/>
        <line num="141" count="56" type="stmt"/>
        <line num="142" count="3" type="cond" truecount="2" falsecount="0"/>
        <line num="143" count="1" type="stmt"/>
        <line num="144" count="1" type="stmt"/>
        <line num="146" count="2" type="stmt"/>
        <line num="147" count="2" type="stmt"/>
        <line num="148" count="2" type="stmt"/>
        <line num="149" count="1" type="stmt"/>
        <line num="151" count="1" type="stmt"/>
        <line num="153" count="2" type="stmt"/>
        <line num="157" count="56" type="stmt"/>
        <line num="158" count="4" type="stmt"/>
        <line num="159" count="4" type="stmt"/>
        <line num="160" count="4" type="stmt"/>
        <line num="163" count="56" type="stmt"/>
        <line num="164" count="6" type="stmt"/>
        <line num="165" count="6" type="cond" truecount="2" falsecount="0"/>
        <line num="166" count="3" type="stmt"/>
        <line num="168" count="3" type="stmt"/>
        <line num="169" count="3" type="cond" truecount="2" falsecount="0"/>
        <line num="170" count="1" type="stmt"/>
        <line num="171" count="1" type="stmt"/>
        <line num="172" count="1" type="stmt"/>
        <line num="175" count="5" type="stmt"/>
        <line num="178" count="56" type="stmt"/>
      </file>
      <file name="useOnboarding.ts" path="/Users/jeremiahstones/Documents/workspace/Personal Projects/ascent_beacon/ascent-beacon-mobile/src/hooks/useOnboarding.ts">
        <metrics statements="85" coveredstatements="60" conditionals="34" coveredconditionals="20" methods="14" coveredmethods="9"/>
        <line num="41" count="38" type="stmt"/>
        <line num="42" count="38" type="cond" truecount="2" falsecount="0"/>
        <line num="43" count="38" type="stmt"/>
        <line num="44" count="38" type="stmt"/>
        <line num="45" count="38" type="stmt"/>
        <line num="46" count="38" type="stmt"/>
        <line num="47" count="38" type="stmt"/>
        <line num="48" count="38" type="stmt"/>
        <line num="49" count="38" type="stmt"/>
        <line num="53" count="38" type="stmt"/>
        <line num="54" count="19" type="stmt"/>
        <line num="55" count="19" type="cond" truecount="1" falsecount="1"/>
        <line num="59" count="38" type="stmt"/>
        <line num="60" count="5" type="cond" truecount="2" falsecount="0"/>
        <line num="61" count="1" type="stmt"/>
        <line num="62" count="1" type="stmt"/>
        <line num="64" count="4" type="stmt"/>
        <line num="65" count="4" type="stmt"/>
        <line num="66" count="4" type="stmt"/>
        <line num="73" count="3" type="cond" truecount="2" falsecount="0"/>
        <line num="74" count="1" type="stmt"/>
        <line num="76" count="1" type="stmt"/>
        <line num="81" count="4" type="stmt"/>
        <line num="85" count="38" type="stmt"/>
        <line num="86" count="0" type="stmt"/>
        <line num="87" count="0" type="stmt"/>
        <line num="88" count="0" type="stmt"/>
        <line num="89" count="0" type="cond" truecount="0" falsecount="2"/>
        <line num="90" count="0" type="stmt"/>
        <line num="91" count="0" type="stmt"/>
        <line num="95" count="0" type="stmt"/>
        <line num="96" count="0" type="stmt"/>
        <line num="98" count="0" type="stmt"/>
        <line num="101" count="0" type="stmt"/>
        <line num="104" count="38" type="stmt"/>
        <line num="105" count="2" type="cond" truecount="1" falsecount="1"/>
        <line num="106" count="2" type="cond" truecount="2" falsecount="0"/>
        <line num="107" count="1" type="stmt"/>
        <line num="108" count="1" type="stmt"/>
        <line num="110" count="1" type="stmt"/>
        <line num="111" count="1" type="stmt"/>
        <line num="112" count="1" type="cond" truecount="3" falsecount="1"/>
        <line num="113" count="1" type="stmt"/>
        <line num="120" count="1" type="stmt"/>
        <line num="122" count="0" type="stmt"/>
        <line num="129" count="0" type="stmt"/>
        <line num="130" count="0" type="stmt"/>
        <line num="131" count="0" type="stmt"/>
        <line num="134" count="0" type="stmt"/>
        <line num="139" count="1" type="stmt"/>
        <line num="143" count="38" type="stmt"/>
        <line num="144" count="2" type="stmt"/>
        <line num="145" count="2" type="stmt"/>
        <line num="148" count="38" type="stmt"/>
        <line num="149" count="1" type="stmt"/>
        <line num="150" count="1" type="stmt"/>
        <line num="151" count="1" type="cond" truecount="1" falsecount="1"/>
        <line num="154" count="38" type="stmt"/>
        <line num="155" count="1" type="cond" truecount="1" falsecount="1"/>
        <line num="158" count="38" type="stmt"/>
        <line num="159" count="3" type="cond" truecount="2" falsecount="0"/>
        <line num="160" count="1" type="stmt"/>
        <line num="161" count="1" type="stmt"/>
        <line num="163" count="2" type="stmt"/>
        <line num="164" count="2" type="stmt"/>
        <line num="165" count="2" type="stmt"/>
        <line num="172" count="1" type="cond" truecount="1" falsecount="1"/>
        <line num="173" count="1" type="stmt"/>
        <line num="174" count="1" type="stmt"/>
        <line num="176" count="1" type="stmt"/>
        <line num="177" count="1" type="stmt"/>
        <line num="182" count="2" type="stmt"/>
        <line num="186" count="38" type="stmt"/>
        <line num="187" count="0" type="stmt"/>
        <line num="188" count="0" type="stmt"/>
        <line num="189" count="0" type="stmt"/>
        <line num="193" count="0" type="stmt"/>
        <line num="194" count="0" type="stmt"/>
        <line num="196" count="0" type="cond" truecount="0" falsecount="2"/>
        <line num="198" count="0" type="stmt"/>
        <line num="202" count="38" type="stmt"/>
        <line num="203" count="0" type="stmt"/>
        <line num="204" count="0" type="stmt"/>
        <line num="205" count="0" type="stmt"/>
        <line num="208" count="38" type="stmt"/>
      </file>
      <file name="usePriorityForm.ts" path="/Users/jeremiahstones/Documents/workspace/Personal Projects/ascent_beacon/ascent-beacon-mobile/src/hooks/usePriorityForm.ts">
        <metrics statements="77" coveredstatements="62" conditionals="57" coveredconditionals="38" methods="18" coveredmethods="17"/>
        <line num="36" count="1" type="stmt"/>
        <line num="70" count="1" type="stmt"/>
        <line num="81" count="38" type="stmt"/>
        <line num="83" count="38" type="stmt"/>
        <line num="87" count="38" type="stmt"/>
        <line num="90" count="38" type="stmt"/>
        <line num="93" count="38" type="stmt"/>
        <line num="94" count="38" type="stmt"/>
        <line num="96" count="38" type="stmt"/>
        <line num="100" count="38" type="stmt"/>
        <line num="101" count="10" type="cond" truecount="2" falsecount="0"/>
        <line num="102" count="1" type="stmt"/>
        <line num="103" count="1" type="stmt"/>
        <line num="107" count="38" type="stmt"/>
        <line num="109" count="1" type="cond" truecount="3" falsecount="1"/>
        <line num="110" count="1" type="stmt"/>
        <line num="111" count="1" type="stmt"/>
        <line num="112" count="1" type="stmt"/>
        <line num="117" count="1" type="stmt"/>
        <line num="121" count="1" type="stmt"/>
        <line num="123" count="0" type="stmt"/>
        <line num="124" count="0" type="stmt"/>
        <line num="126" count="1" type="stmt"/>
        <line num="130" count="0" type="cond" truecount="0" falsecount="5"/>
        <line num="131" count="0" type="stmt"/>
        <line num="132" count="0" type="stmt"/>
        <line num="133" count="0" type="stmt"/>
        <line num="137" count="0" type="stmt"/>
        <line num="141" count="0" type="cond" truecount="0" falsecount="2"/>
        <line num="142" count="0" type="stmt"/>
        <line num="148" count="0" type="cond" truecount="0" falsecount="2"/>
        <line num="149" count="0" type="stmt"/>
        <line num="151" count="0" type="stmt"/>
        <line num="153" count="0" type="stmt"/>
        <line num="156" count="0" type="stmt"/>
        <line num="161" count="38" type="stmt"/>
        <line num="163" count="7" type="stmt"/>
        <line num="164" count="7" type="stmt"/>
        <line num="166" count="7" type="cond" truecount="2" falsecount="0"/>
        <line num="167" count="4" type="stmt"/>
        <line num="168" count="1" type="stmt"/>
        <line num="171" count="3" type="cond" truecount="2" falsecount="0"/>
        <line num="172" count="2" type="stmt"/>
        <line num="179" count="1" type="stmt"/>
        <line num="185" count="38" type="stmt"/>
        <line num="187" count="3" type="stmt"/>
        <line num="188" count="3" type="stmt"/>
        <line num="190" count="3" type="cond" truecount="2" falsecount="0"/>
        <line num="191" count="1" type="stmt"/>
        <line num="192" count="0" type="stmt"/>
        <line num="196" count="2" type="stmt"/>
        <line num="200" count="2" type="stmt"/>
        <line num="206" count="38" type="stmt"/>
        <line num="212" count="8" type="cond" truecount="2" falsecount="0"/>
        <line num="217" count="1" type="stmt"/>
        <line num="218" count="1" type="stmt"/>
        <line num="221" count="7" type="stmt"/>
        <line num="222" count="7" type="stmt"/>
        <line num="223" count="7" type="cond" truecount="2" falsecount="0"/>
        <line num="224" count="7" type="stmt"/>
        <line num="230" count="38" type="stmt"/>
        <line num="231" count="1" type="stmt"/>
        <line num="232" count="1" type="stmt"/>
        <line num="233" count="1" type="stmt"/>
        <line num="234" count="1" type="stmt"/>
        <line num="235" count="1" type="stmt"/>
        <line num="238" count="38" type="stmt"/>
        <line num="239" count="3" type="stmt"/>
        <line num="240" count="3" type="cond" truecount="2" falsecount="0"/>
        <line num="242" count="2" type="stmt"/>
        <line num="258" count="2" type="cond" truecount="2" falsecount="0"/>
        <line num="259" count="1" type="stmt"/>
        <line num="260" count="2" type="stmt"/>
        <line num="263" count="1" type="stmt"/>
        <line num="266" count="2" type="stmt"/>
        <line num="267" count="2" type="stmt"/>
        <line num="275" count="38" type="stmt"/>
      </file>
      <file name="useValueActions.ts" path="/Users/jeremiahstones/Documents/workspace/Personal Projects/ascent_beacon/ascent-beacon-mobile/src/hooks/useValueActions.ts">
        <metrics statements="40" coveredstatements="40" conditionals="6" coveredconditionals="5" methods="6" coveredmethods="6"/>
        <line num="33" count="33" type="stmt"/>
        <line num="34" count="33" type="stmt"/>
        <line num="35" count="33" type="stmt"/>
        <line num="38" count="33" type="stmt"/>
        <line num="40" count="33" type="stmt"/>
        <line num="41" count="2" type="stmt"/>
        <line num="42" count="2" type="stmt"/>
        <line num="43" count="2" type="cond" truecount="2" falsecount="0"/>
        <line num="44" count="2" type="stmt"/>
        <line num="50" count="33" type="stmt"/>
        <line num="51" count="2" type="stmt"/>
        <line num="54" count="33" type="stmt"/>
        <line num="55" count="1" type="stmt"/>
        <line num="58" count="33" type="stmt"/>
        <line num="59" count="3" type="stmt"/>
        <line num="60" count="3" type="stmt"/>
        <line num="61" count="3" type="stmt"/>
        <line num="62" count="2" type="stmt"/>
        <line num="63" count="2" type="stmt"/>
        <line num="64" count="2" type="cond" truecount="1" falsecount="1"/>
        <line num="65" count="2" type="stmt"/>
        <line num="70" count="1" type="stmt"/>
        <line num="71" count="1" type="stmt"/>
        <line num="73" count="3" type="stmt"/>
        <line num="74" count="3" type="stmt"/>
        <line num="78" count="33" type="stmt"/>
        <line num="82" count="4" type="stmt"/>
        <line num="83" count="4" type="cond" truecount="2" falsecount="0"/>
        <line num="85" count="3" type="stmt"/>
        <line num="86" count="3" type="stmt"/>
        <line num="87" count="3" type="stmt"/>
        <line num="92" count="2" type="stmt"/>
        <line num="93" count="2" type="stmt"/>
        <line num="97" count="2" type="stmt"/>
        <line num="99" count="1" type="stmt"/>
        <line num="100" count="1" type="stmt"/>
        <line num="101" count="1" type="stmt"/>
        <line num="103" count="3" type="stmt"/>
        <line num="104" count="3" type="stmt"/>
        <line num="108" count="33" type="stmt"/>
      </file>
      <file name="useValuePriorityLinks.ts" path="/Users/jeremiahstones/Documents/workspace/Personal Projects/ascent_beacon/ascent-beacon-mobile/src/hooks/useValuePriorityLinks.ts">
        <metrics statements="52" coveredstatements="50" conditionals="24" coveredconditionals="19" methods="8" coveredmethods="8"/>
        <line num="31" count="27" type="stmt"/>
        <line num="32" count="27" type="stmt"/>
        <line num="33" count="27" type="stmt"/>
        <line num="34" count="27" type="stmt"/>
        <line num="37" count="27" type="stmt"/>
        <line num="41" count="27" type="stmt"/>
        <line num="42" count="8" type="stmt"/>
        <line num="46" count="27" type="stmt"/>
        <line num="47" count="8" type="stmt"/>
        <line num="48" count="8" type="stmt"/>
        <line num="49" count="8" type="stmt"/>
        <line num="53" count="7" type="cond" truecount="1" falsecount="1"/>
        <line num="54" count="7" type="cond" truecount="1" falsecount="1"/>
        <line num="55" count="7" type="stmt"/>
        <line num="57" count="1" type="stmt"/>
        <line num="58" count="1" type="stmt"/>
        <line num="60" count="8" type="stmt"/>
        <line num="64" count="27" type="stmt"/>
        <line num="65" count="6" type="stmt"/>
        <line num="66" count="6" type="stmt"/>
        <line num="67" count="6" type="cond" truecount="2" falsecount="0"/>
        <line num="68" count="4" type="stmt"/>
        <line num="69" count="6" type="stmt"/>
        <line num="70" count="6" type="stmt"/>
        <line num="71" count="6" type="stmt"/>
        <line num="74" count="27" type="stmt"/>
        <line num="75" count="5" type="cond" truecount="2" falsecount="0"/>
        <line num="76" count="1" type="stmt"/>
        <line num="77" count="1" type="stmt"/>
        <line num="79" count="4" type="stmt"/>
        <line num="80" count="4" type="stmt"/>
        <line num="81" count="4" type="stmt"/>
        <line num="82" count="7" type="stmt"/>
        <line num="83" count="4" type="cond" truecount="1" falsecount="1"/>
        <line num="84" count="4" type="stmt"/>
        <line num="85" count="4" type="stmt"/>
        <line num="86" count="4" type="cond" truecount="1" falsecount="1"/>
        <line num="89" count="4" type="cond" truecount="2" falsecount="0"/>
        <line num="90" count="1" type="stmt"/>
        <line num="92" count="4" type="cond" truecount="3" falsecount="1"/>
        <line num="93" count="0" type="stmt"/>
        <line num="98" count="0" type="stmt"/>
        <line num="101" count="4" type="stmt"/>
        <line num="111" count="2" type="stmt"/>
        <line num="112" count="2" type="stmt"/>
        <line num="114" count="2" type="stmt"/>
        <line num="115" count="2" type="stmt"/>
        <line num="116" count="2" type="cond" truecount="2" falsecount="0"/>
        <line num="117" count="1" type="stmt"/>
        <line num="122" count="1" type="stmt"/>
        <line num="124" count="4" type="stmt"/>
        <line num="128" count="27" type="stmt"/>
      </file>
      <file name="useValuesDiscovery.ts" path="/Users/jeremiahstones/Documents/workspace/Personal Projects/ascent_beacon/ascent-beacon-mobile/src/hooks/useValuesDiscovery.ts">
        <metrics statements="183" coveredstatements="122" conditionals="64" coveredconditionals="29" methods="36" coveredmethods="20"/>
        <line num="16" count="1" type="stmt"/>
        <line num="25" count="1" type="stmt"/>
        <line num="31" count="1" type="stmt"/>
        <line num="32" count="1" type="stmt"/>
        <line num="33" count="1" type="stmt"/>
        <line num="134" count="36" type="stmt"/>
        <line num="135" count="36" type="stmt"/>
        <line num="136" count="36" type="stmt"/>
        <line num="137" count="36" type="stmt"/>
        <line num="142" count="36" type="stmt"/>
        <line num="143" count="36" type="stmt"/>
        <line num="144" count="36" type="stmt"/>
        <line num="145" count="36" type="stmt"/>
        <line num="148" count="36" type="stmt"/>
        <line num="149" count="36" type="stmt"/>
        <line num="152" count="36" type="stmt"/>
        <line num="153" count="36" type="stmt"/>
        <line num="156" count="36" type="stmt"/>
        <line num="157" count="36" type="stmt"/>
        <line num="165" count="36" type="stmt"/>
        <line num="166" count="36" type="stmt"/>
        <line num="167" count="36" type="stmt"/>
        <line num="168" count="100" type="cond" truecount="2" falsecount="0"/>
        <line num="169" count="50" type="stmt"/>
        <line num="171" count="100" type="stmt"/>
        <line num="173" count="36" type="stmt"/>
        <line num="176" count="36" type="stmt"/>
        <line num="177" count="36" type="stmt"/>
        <line num="178" count="36" type="cond" truecount="2" falsecount="0"/>
        <line num="179" count="36" type="stmt"/>
        <line num="180" count="36" type="stmt"/>
        <line num="181" count="36" type="stmt"/>
        <line num="182" count="36" type="stmt"/>
        <line num="184" count="36" type="stmt"/>
        <line num="185" count="36" type="stmt"/>
        <line num="186" count="36" type="stmt"/>
        <line num="187" count="36" type="stmt"/>
        <line num="188" count="36" type="cond" truecount="2" falsecount="0"/>
        <line num="194" count="36" type="stmt"/>
        <line num="195" count="11" type="stmt"/>
        <line num="196" count="11" type="stmt"/>
        <line num="197" count="11" type="stmt"/>
        <line num="203" count="11" type="stmt"/>
        <line num="206" count="11" type="cond" truecount="4" falsecount="0"/>
        <line num="207" count="1" type="stmt"/>
        <line num="208" count="1" type="stmt"/>
        <line num="209" count="1" type="stmt"/>
        <line num="213" count="10" type="cond" truecount="4" falsecount="0"/>
        <line num="214" count="7" type="stmt"/>
        <line num="215" count="5" type="stmt"/>
        <line num="218" count="5" type="stmt"/>
        <line num="224" count="5" type="stmt"/>
        <line num="225" count="7" type="stmt"/>
        <line num="232" count="7" type="stmt"/>
        <line num="235" count="5" type="stmt"/>
        <line num="238" count="5" type="cond" truecount="1" falsecount="1"/>
        <line num="239" count="5" type="stmt"/>
        <line num="240" count="5" type="stmt"/>
        <line num="244" count="5" type="stmt"/>
        <line num="246" count="0" type="stmt"/>
        <line num="247" count="0" type="stmt"/>
        <line num="249" count="11" type="stmt"/>
        <line num="253" count="36" type="stmt"/>
        <line num="254" count="11" type="stmt"/>
        <line num="261" count="36" type="stmt"/>
        <line num="262" count="4" type="stmt"/>
        <line num="263" count="4" type="stmt"/>
        <line num="264" count="4" type="cond" truecount="2" falsecount="0"/>
        <line num="265" count="1" type="stmt"/>
        <line num="267" count="3" type="stmt"/>
        <line num="269" count="4" type="stmt"/>
        <line num="273" count="36" type="stmt"/>
        <line num="274" count="0" type="stmt"/>
        <line num="275" count="0" type="stmt"/>
        <line num="276" count="0" type="cond" truecount="0" falsecount="2"/>
        <line num="277" count="0" type="stmt"/>
        <line num="279" count="0" type="stmt"/>
        <line num="281" count="0" type="stmt"/>
        <line num="289" count="36" type="stmt"/>
        <line num="290" count="1" type="cond" truecount="1" falsecount="1"/>
        <line num="291" count="0" type="stmt"/>
        <line num="292" count="1" type="cond" truecount="1" falsecount="1"/>
        <line num="293" count="1" type="stmt"/>
        <line num="294" count="1" type="stmt"/>
        <line num="298" count="36" type="stmt"/>
        <line num="299" count="1" type="cond" truecount="1" falsecount="1"/>
        <line num="300" count="0" type="stmt"/>
        <line num="301" count="1" type="cond" truecount="1" falsecount="1"/>
        <line num="302" count="1" type="stmt"/>
        <line num="303" count="1" type="stmt"/>
        <line num="304" count="1" type="cond" truecount="1" falsecount="1"/>
        <line num="305" count="1" type="stmt"/>
        <line num="308" count="1" type="stmt"/>
        <line num="309" count="1" type="stmt"/>
        <line num="313" count="36" type="stmt"/>
        <line num="316" count="0" type="cond" truecount="0" falsecount="2"/>
        <line num="318" count="0" type="cond" truecount="0" falsecount="2"/>
        <line num="319" count="0" type="stmt"/>
        <line num="320" count="0" type="stmt"/>
        <line num="324" count="0" type="cond" truecount="0" falsecount="2"/>
        <line num="325" count="0" type="stmt"/>
        <line num="329" count="0" type="stmt"/>
        <line num="330" count="0" type="stmt"/>
        <line num="332" count="0" type="stmt"/>
        <line num="336" count="0" type="stmt"/>
        <line num="337" count="0" type="stmt"/>
        <line num="339" count="0" type="stmt"/>
        <line num="340" count="0" type="cond" truecount="0" falsecount="2"/>
        <line num="341" count="0" type="stmt"/>
        <line num="351" count="0" type="stmt"/>
        <line num="352" count="0" type="stmt"/>
        <line num="353" count="0" type="stmt"/>
        <line num="354" count="0" type="stmt"/>
        <line num="357" count="0" type="stmt"/>
        <line num="358" count="0" type="stmt"/>
        <line num="369" count="36" type="stmt"/>
        <line num="370" count="1" type="cond" truecount="1" falsecount="1"/>
        <line num="371" count="1" type="stmt"/>
        <line num="374" count="0" type="cond" truecount="0" falsecount="2"/>
        <line num="376" count="0" type="stmt"/>
        <line num="377" count="0" type="stmt"/>
        <line num="378" count="0" type="stmt"/>
        <line num="382" count="0" type="stmt"/>
        <line num="383" count="0" type="stmt"/>
        <line num="386" count="36" type="stmt"/>
        <line num="387" count="0" type="stmt"/>
        <line num="389" count="0" type="cond" truecount="0" falsecount="4"/>
        <line num="390" count="0" type="stmt"/>
        <line num="394" count="0" type="stmt"/>
        <line num="395" count="0" type="stmt"/>
        <line num="397" count="0" type="stmt"/>
        <line num="398" count="0" type="stmt"/>
        <line num="401" count="0" type="stmt"/>
        <line num="407" count="0" type="stmt"/>
        <line num="408" count="0" type="stmt"/>
        <line num="415" count="36" type="stmt"/>
        <line num="417" count="1" type="stmt"/>
        <line num="418" count="1" type="stmt"/>
        <line num="421" count="1" type="stmt"/>
        <line num="422" count="3" type="stmt"/>
        <line num="423" count="1" type="stmt"/>
        <line num="428" count="1" type="stmt"/>
        <line num="429" count="1" type="stmt"/>
        <line num="431" count="1" type="stmt"/>
        <line num="441" count="36" type="stmt"/>
        <line num="442" count="2" type="stmt"/>
        <line num="443" count="2" type="stmt"/>
        <line num="445" count="2" type="stmt"/>
        <line num="446" count="4" type="stmt"/>
        <line num="452" count="0" type="stmt"/>
        <line num="458" count="0" type="stmt"/>
        <line num="466" count="2" type="stmt"/>
        <line num="467" count="2" type="stmt"/>
        <line num="469" count="0" type="stmt"/>
        <line num="470" count="0" type="stmt"/>
        <line num="472" count="2" type="stmt"/>
        <line num="480" count="36" type="stmt"/>
        <line num="481" count="1" type="cond" truecount="3" falsecount="1"/>
        <line num="483" count="1" type="stmt"/>
        <line num="484" count="1" type="stmt"/>
        <line num="485" count="1" type="stmt"/>
        <line num="488" count="1" type="stmt"/>
        <line num="495" count="1" type="stmt"/>
        <line num="502" count="1" type="stmt"/>
        <line num="505" count="1" type="cond" truecount="1" falsecount="1"/>
        <line num="506" count="1" type="stmt"/>
        <line num="507" count="1" type="stmt"/>
        <line num="508" count="1" type="stmt"/>
        <line num="511" count="0" type="stmt"/>
        <line num="512" count="0" type="cond" truecount="0" falsecount="2"/>
        <line num="513" count="0" type="stmt"/>
        <line num="516" count="1" type="stmt"/>
        <line num="518" count="0" type="stmt"/>
        <line num="519" count="0" type="stmt"/>
        <line num="521" count="1" type="stmt"/>
        <line num="531" count="36" type="stmt"/>
        <line num="532" count="0" type="cond" truecount="0" falsecount="4"/>
        <line num="533" count="0" type="stmt"/>
        <line num="534" count="0" type="stmt"/>
        <line num="535" count="0" type="stmt"/>
        <line num="538" count="0" type="stmt"/>
        <line num="539" count="0" type="stmt"/>
        <line num="547" count="36" type="stmt"/>
      </file>
      <file name="useValuesManagement.ts" path="/Users/jeremiahstones/Documents/workspace/Personal Projects/ascent_beacon/ascent-beacon-mobile/src/hooks/useValuesManagement.ts">
        <metrics statements="168" coveredstatements="113" conditionals="52" coveredconditionals="27" methods="31" coveredmethods="17"/>
        <line num="18" count="1" type="stmt"/>
        <line num="19" count="14" type="cond" truecount="3" falsecount="1"/>
        <line num="20" count="14" type="cond" truecount="2" falsecount="0"/>
        <line num="75" count="75" type="stmt"/>
        <line num="76" count="75" type="stmt"/>
        <line num="77" count="75" type="stmt"/>
        <line num="78" count="75" type="stmt"/>
        <line num="79" count="75" type="stmt"/>
        <line num="80" count="75" type="stmt"/>
        <line num="81" count="75" type="stmt"/>
        <line num="82" count="75" type="stmt"/>
        <line num="83" count="75" type="stmt"/>
        <line num="84" count="75" type="stmt"/>
        <line num="87" count="75" type="stmt"/>
        <line num="89" count="75" type="stmt"/>
        <line num="90" count="75" type="stmt"/>
        <line num="94" count="75" type="stmt"/>
        <line num="95" count="75" type="stmt"/>
        <line num="99" count="75" type="stmt"/>
        <line num="100" count="75" type="stmt"/>
        <line num="102" count="75" type="stmt"/>
        <line num="103" count="29" type="stmt"/>
        <line num="104" count="29" type="stmt"/>
        <line num="105" count="29" type="stmt"/>
        <line num="106" count="27" type="cond" truecount="1" falsecount="1"/>
        <line num="107" count="27" type="stmt"/>
[...]
        <metrics statements="24" coveredstatements="24" conditionals="7" coveredconditionals="6" methods="17" coveredmethods="17"/>
        <line num="43" count="2" type="stmt"/>
        <line num="46" count="2" type="stmt"/>
        <line num="50" count="2" type="stmt"/>
        <line num="57" count="1" type="stmt"/>
        <line num="67" count="2" type="stmt"/>
        <line num="80" count="1" type="stmt"/>
        <line num="81" count="1" type="stmt"/>
        <line num="82" count="1" type="stmt"/>
        <line num="114" count="2" type="stmt"/>
        <line num="119" count="2" type="stmt"/>
        <line num="121" count="1" type="stmt"/>
        <line num="129" count="1" type="stmt"/>
        <line num="137" count="1" type="stmt"/>
        <line num="150" count="2" type="stmt"/>
        <line num="199" count="2" type="stmt"/>
        <line num="202" count="2" type="stmt"/>
        <line num="205" count="1" type="stmt"/>
        <line num="206" count="1" type="stmt"/>
        <line num="210" count="1" type="stmt"/>
        <line num="213" count="1" type="stmt"/>
        <line num="222" count="2" type="stmt"/>
        <line num="238" count="1" type="stmt"/>
        <line num="248" count="1" type="stmt"/>
        <line num="256" count="1" type="stmt"/>
      </file>
      <file name="apiPriorities.ts" path="/Users/jeremiahstones/Documents/workspace/Personal Projects/ascent_beacon/ascent-beacon-mobile/src/services/apiPriorities.ts">
        <metrics statements="14" coveredstatements="14" conditionals="0" coveredconditionals="0" methods="13" coveredmethods="13"/>
        <line num="44" count="2" type="stmt"/>
        <line num="47" count="2" type="stmt"/>
        <line num="49" count="1" type="stmt"/>
        <line num="55" count="1" type="stmt"/>
        <line num="64" count="1" type="stmt"/>
        <line num="74" count="1" type="stmt"/>
        <line num="81" count="1" type="stmt"/>
        <line num="91" count="1" type="stmt"/>
        <line num="98" count="1" type="stmt"/>
        <line num="110" count="1" type="stmt"/>
        <line num="116" count="1" type="stmt"/>
        <line num="124" count="1" type="stmt"/>
        <line num="133" count="2" type="stmt"/>
        <line num="140" count="1" type="stmt"/>
      </file>
      <file name="apiValues.ts" path="/Users/jeremiahstones/Documents/workspace/Personal Projects/ascent_beacon/ascent-beacon-mobile/src/services/apiValues.ts">
        <metrics statements="10" coveredstatements="10" conditionals="1" coveredconditionals="1" methods="9" coveredmethods="9"/>
        <line num="38" count="2" type="stmt"/>
        <line num="41" count="2" type="stmt"/>
        <line num="43" count="2" type="stmt"/>
        <line num="47" count="2" type="stmt"/>
        <line num="57" count="1" type="stmt"/>
        <line num="64" count="1" type="stmt"/>
        <line num="68" count="1" type="stmt"/>
        <line num="72" count="1" type="stmt"/>
        <line num="82" count="2" type="stmt"/>
        <line num="92" count="1" type="stmt"/>
      </file>
    </package>
    <package name="src.types">
      <metrics statements="0" coveredstatements="0" conditionals="0" coveredconditionals="0" methods="0" coveredmethods="0"/>
      <file name="index.ts" path="/Users/jeremiahstones/Documents/workspace/Personal Projects/ascent_beacon/ascent-beacon-mobile/src/types/index.ts">
        <metrics statements="0" coveredstatements="0" conditionals="0" coveredconditionals="0" methods="0" coveredmethods="0"/>
      </file>
    </package>
    <package name="src.utils">
      <metrics statements="254" coveredstatements="184" conditionals="155" coveredconditionals="110" methods="53" coveredmethods="37"/>
      <file name="auth.ts" path="/Users/jeremiahstones/Documents/workspace/Personal Projects/ascent_beacon/ascent-beacon-mobile/src/utils/auth.ts">
        <metrics statements="26" coveredstatements="20" conditionals="8" coveredconditionals="4" methods="5" coveredmethods="5"/>
        <line num="4" count="2" type="stmt"/>
        <line num="5" count="2" type="stmt"/>
        <line num="7" count="2" type="stmt"/>
        <line num="12" count="2" type="stmt"/>
        <line num="16" count="1" type="cond" truecount="1" falsecount="1"/>
        <line num="17" count="0" type="stmt"/>
        <line num="18" count="0" type="stmt"/>
        <line num="20" count="1" type="stmt"/>
        <line num="21" count="1" type="stmt"/>
        <line num="28" count="2" type="stmt"/>
        <line num="29" count="5" type="cond" truecount="1" falsecount="1"/>
        <line num="30" count="0" type="stmt"/>
        <line num="32" count="5" type="stmt"/>
        <line num="38" count="2" type="stmt"/>
        <line num="39" count="1" type="cond" truecount="1" falsecount="1"/>
        <line num="40" count="0" type="stmt"/>
        <line num="42" count="1" type="stmt"/>
        <line num="48" count="2" type="stmt"/>
        <line num="49" count="1" type="cond" truecount="1" falsecount="1"/>
        <line num="50" count="0" type="stmt"/>
        <line num="51" count="0" type="stmt"/>
        <line num="53" count="1" type="stmt"/>
        <line num="54" count="1" type="stmt"/>
        <line num="61" count="2" type="stmt"/>
        <line num="62" count="3" type="stmt"/>
        <line num="63" count="3" type="stmt"/>
      </file>
      <file name="insightHandlers.ts" path="/Users/jeremiahstones/Documents/workspace/Personal Projects/ascent_beacon/ascent-beacon-mobile/src/utils/insightHandlers.ts">
        <metrics statements="14" coveredstatements="0" conditionals="4" coveredconditionals="0" methods="4" coveredmethods="0"/>
        <line num="17" count="0" type="stmt"/>
        <line num="18" count="0" type="stmt"/>
        <line num="20" count="0" type="stmt"/>
        <line num="22" count="0" type="stmt"/>
        <line num="23" count="0" type="stmt"/>
        <line num="24" count="0" type="stmt"/>
        <line num="25" count="0" type="stmt"/>
        <line num="40" count="0" type="stmt"/>
        <line num="41" count="0" type="cond" truecount="0" falsecount="2"/>
        <line num="43" count="0" type="stmt"/>
        <line num="44" count="0" type="cond" truecount="0" falsecount="2"/>
        <line num="45" count="0" type="stmt"/>
        <line num="51" count="0" type="stmt"/>
        <line num="52" count="0" type="stmt"/>
      </file>
      <file name="logger.ts" path="/Users/jeremiahstones/Documents/workspace/Personal Projects/ascent_beacon/ascent-beacon-mobile/src/utils/logger.ts">
        <metrics statements="7" coveredstatements="3" conditionals="6" coveredconditionals="1" methods="3" coveredmethods="1"/>
        <line num="8" count="10" type="stmt"/>
        <line num="14" count="33" type="cond" truecount="1" falsecount="1"/>
        <line num="15" count="33" type="stmt"/>
        <line num="24" count="0" type="cond" truecount="0" falsecount="2"/>
        <line num="25" count="0" type="stmt"/>
        <line num="33" count="0" type="cond" truecount="0" falsecount="2"/>
        <line num="34" count="0" type="stmt"/>
      </file>
      <file name="messageHandlers.ts" path="/Users/jeremiahstones/Documents/workspace/Personal Projects/ascent_beacon/ascent-beacon-mobile/src/utils/messageHandlers.ts">
        <metrics statements="111" coveredstatements="107" conditionals="89" coveredconditionals="79" methods="13" coveredmethods="13"/>
        <line num="42" count="1" type="stmt"/>
        <line num="46" count="6" type="cond" truecount="3" falsecount="0"/>
        <line num="48" count="6" type="cond" truecount="3" falsecount="0"/>
        <line num="49" count="6" type="stmt"/>
        <line num="55" count="1" type="stmt"/>
        <line num="66" count="7" type="stmt"/>
        <line num="68" count="7" type="cond" truecount="2" falsecount="0"/>
        <line num="70" count="6" type="stmt"/>
        <line num="72" count="6" type="cond" truecount="2" falsecount="0"/>
        <line num="73" count="2" type="stmt"/>
        <line num="74" count="2" type="stmt"/>
        <line num="78" count="2" type="stmt"/>
        <line num="81" count="4" type="cond" truecount="2" falsecount="0"/>
        <line num="83" count="3" type="stmt"/>
        <line num="84" count="3" type="cond" truecount="1" falsecount="1"/>
        <line num="85" count="0" type="stmt"/>
        <line num="86" count="0" type="stmt"/>
        <line num="89" count="3" type="cond" truecount="2" falsecount="0"/>
        <line num="90" count="2" type="stmt"/>
        <line num="91" count="2" type="stmt"/>
        <line num="92" count="2" type="stmt"/>
        <line num="95" count="1" type="cond" truecount="1" falsecount="1"/>
        <line num="96" count="1" type="stmt"/>
        <line num="97" count="1" type="stmt"/>
        <line num="98" count="1" type="cond" truecount="1" falsecount="1"/>
        <line num="99" count="1" type="stmt"/>
        <line num="103" count="1" type="stmt"/>
        <line num="104" count="1" type="stmt"/>
        <line num="107" count="0" type="stmt"/>
        <line num="113" count="1" type="stmt"/>
        <line num="124" count="3" type="stmt"/>
        <line num="126" count="3" type="cond" truecount="2" falsecount="0"/>
        <line num="128" count="2" type="cond" truecount="2" falsecount="0"/>
        <line num="129" count="1" type="stmt"/>
        <line num="130" count="1" type="stmt"/>
        <line num="134" count="1" type="stmt"/>
        <line num="137" count="1" type="stmt"/>
        <line num="138" count="1" type="cond" truecount="1" falsecount="1"/>
        <line num="139" count="1" type="stmt"/>
        <line num="140" count="1" type="stmt"/>
        <line num="143" count="0" type="stmt"/>
        <line num="149" count="1" type="stmt"/>
        <line num="166" count="5" type="stmt"/>
        <line num="168" count="5" type="stmt"/>
        <line num="169" count="5" type="stmt"/>
        <line num="171" count="5" type="cond" truecount="4" falsecount="0"/>
        <line num="172" count="4" type="cond" truecount="2" falsecount="0"/>
        <line num="174" count="5" type="stmt"/>
        <line num="175" count="3" type="cond" truecount="2" falsecount="0"/>
        <line num="177" count="2" type="cond" truecount="2" falsecount="0"/>
        <line num="178" count="2" type="stmt"/>
        <line num="179" count="2" type="cond" truecount="1" falsecount="1"/>
        <line num="180" count="2" type="stmt"/>
        <line num="182" count="2" type="cond" truecount="2" falsecount="0"/>
        <line num="183" count="2" type="stmt"/>
        <line num="187" count="2" type="stmt"/>
        <line num="193" count="1" type="stmt"/>
        <line num="211" count="8" type="stmt"/>
        <line num="213" count="8" type="stmt"/>
        <line num="214" count="8" type="stmt"/>
        <line num="221" count="12" type="stmt"/>
        <line num="222" count="27" type="stmt"/>
        <line num="224" count="8" type="cond" truecount="4" falsecount="0"/>
        <line num="227" count="7" type="cond" truecount="2" falsecount="1"/>
        <line num="228" count="7" type="stmt"/>
        <line num="230" count="7" type="cond" truecount="2" falsecount="0"/>
        <line num="231" count="3" type="stmt"/>
        <line num="232" count="3" type="stmt"/>
        <line num="233" count="3" type="stmt"/>
        <line num="234" count="3" type="cond" truecount="1" falsecount="1"/>
        <line num="235" count="3" type="cond" truecount="2" falsecount="0"/>
        <line num="237" count="1" type="stmt"/>
        <line num="239" count="3" type="stmt"/>
        <line num="243" count="7" type="cond" truecount="2" falsecount="0"/>
        <line num="244" count="5" type="cond" truecount="2" falsecount="0"/>
        <line num="245" count="5" type="stmt"/>
        <line num="246" count="5" type="cond" truecount="1" falsecount="1"/>
        <line num="247" count="5" type="stmt"/>
        <line num="248" count="5" type="stmt"/>
        <line num="250" count="5" type="cond" truecount="2" falsecount="0"/>
        <line num="251" count="5" type="stmt"/>
        <line num="255" count="5" type="stmt"/>
        <line num="258" count="2" type="stmt"/>
        <line num="262" count="2" type="stmt"/>
        <line num="268" count="1" type="stmt"/>
        <line num="286" count="8" type="stmt"/>
        <line num="288" count="8" type="stmt"/>
        <line num="289" count="8" type="stmt"/>
        <line num="291" count="8" type="cond" truecount="4" falsecount="0"/>
        <line num="293" count="7" type="cond" truecount="2" falsecount="0"/>
        <line num="294" count="7" type="stmt"/>
        <line num="296" count="7" type="cond" truecount="2" falsecount="0"/>
        <line num="299" count="7" type="cond" truecount="2" falsecount="0"/>
        <line num="300" count="3" type="cond" truecount="1" falsecount="1"/>
        <line num="301" count="3" type="stmt"/>
        <line num="302" count="3" type="stmt"/>
        <line num="303" count="3" type="stmt"/>
        <line num="304" count="4" type="cond" truecount="2" falsecount="0"/>
        <line num="306" count="1" type="stmt"/>
        <line num="308" count="3" type="stmt"/>
        <line num="312" count="7" type="cond" truecount="2" falsecount="0"/>
        <line num="313" count="5" type="cond" truecount="2" falsecount="0"/>
        <line num="314" count="5" type="stmt"/>
        <line num="315" count="5" type="cond" truecount="1" falsecount="1"/>
        <line num="316" count="5" type="stmt"/>
        <line num="317" count="5" type="stmt"/>
        <line num="319" count="5" type="cond" truecount="2" falsecount="0"/>
        <line num="320" count="5" type="stmt"/>
        <line num="324" count="5" type="stmt"/>
        <line num="327" count="2" type="stmt"/>
        <line num="331" count="2" type="stmt"/>
      </file>
      <file name="priorityOrphanCheck.ts" path="/Users/jeremiahstones/Documents/workspace/Personal Projects/ascent_beacon/ascent-beacon-mobile/src/utils/priorityOrphanCheck.ts">
        <metrics statements="30" coveredstatements="5" conditionals="12" coveredconditionals="2" methods="7" coveredmethods="2"/>
        <line num="14" count="1" type="stmt"/>
        <line num="16" count="1" type="stmt"/>
        <line num="17" count="1" type="stmt"/>
        <line num="19" count="1" type="cond" truecount="1" falsecount="1"/>
        <line num="20" count="0" type="cond" truecount="0" falsecount="2"/>
        <line num="21" count="0" type="stmt"/>
        <line num="22" count="0" type="stmt"/>
        <line num="23" count="0" type="stmt"/>
        <line num="24" count="0" type="cond" truecount="0" falsecount="2"/>
        <line num="25" count="0" type="stmt"/>
        <line num="26" count="0" type="stmt"/>
        <line num="31" count="0" type="stmt"/>
        <line num="36" count="1" type="cond" truecount="1" falsecount="1"/>
        <line num="37" count="0" type="stmt"/>
        <line num="38" count="0" type="stmt"/>
        <line num="39" count="0" type="cond" truecount="0" falsecount="2"/>
        <line num="40" count="0" type="stmt"/>
        <line num="47" count="0" type="stmt"/>
        <line num="48" count="0" type="stmt"/>
        <line num="50" count="0" type="stmt"/>
        <line num="52" count="0" type="stmt"/>
        <line num="59" count="0" type="stmt"/>
        <line num="60" count="0" type="stmt"/>
        <line num="62" count="0" type="stmt"/>
        <line num="64" count="0" type="stmt"/>
        <line num="67" count="0" type="stmt"/>
        <line num="73" count="0" type="cond" truecount="0" falsecount="2"/>
        <line num="74" count="0" type="stmt"/>
        <line num="76" count="0" type="stmt"/>
        <line num="77" count="0" type="stmt"/>
      </file>
      <file name="suppressWarnings.ts" path="/Users/jeremiahstones/Documents/workspace/Personal Projects/ascent_beacon/ascent-beacon-mobile/src/utils/suppressWarnings.ts">
        <metrics statements="17" coveredstatements="0" conditionals="10" coveredconditionals="0" methods="5" coveredmethods="0"/>
        <line num="7" count="0" type="cond" truecount="0" falsecount="2"/>
        <line num="8" count="0" type="stmt"/>
        <line num="9" count="0" type="stmt"/>
        <line num="10" count="0" type="stmt"/>
        <line num="12" count="0" type="stmt"/>
        <line num="21" count="0" type="stmt"/>
        <line num="22" count="0" type="cond" truecount="0" falsecount="2"/>
        <line num="23" count="0" type="stmt"/>
        <line num="25" count="0" type="stmt"/>
        <line num="26" count="0" type="cond" truecount="0" falsecount="2"/>
        <line num="27" count="0" type="stmt"/>
        <line num="30" count="0" type="stmt"/>
        <line num="31" count="0" type="cond" truecount="0" falsecount="2"/>
        <line num="32" count="0" type="stmt"/>
        <line num="35" count="0" type="stmt"/>
        <line num="36" count="0" type="cond" truecount="0" falsecount="2"/>
        <line num="37" count="0" type="stmt"/>
      </file>
      <file name="valueMatching.ts" path="/Users/jeremiahstones/Documents/workspace/Personal Projects/ascent_beacon/ascent-beacon-mobile/src/utils/valueMatching.ts">
        <metrics statements="49" coveredstatements="49" conditionals="26" coveredconditionals="24" methods="16" coveredmethods="16"/>
        <line num="6" count="4" type="stmt"/>
        <line num="39" count="4" type="stmt"/>
        <line num="40" count="42" type="stmt"/>
        <line num="44" count="140" type="cond" truecount="2" falsecount="0"/>
        <line num="49" count="4" type="stmt"/>
        <line num="50" count="10" type="stmt"/>
        <line num="51" count="10" type="stmt"/>
        <line num="52" count="75" type="stmt"/>
        <line num="54" count="10" type="stmt"/>
        <line num="60" count="4" type="stmt"/>
        <line num="61" count="20" type="stmt"/>
        <line num="72" count="4" type="stmt"/>
        <line num="73" count="66" type="cond" truecount="4" falsecount="0"/>
        <line num="74" count="63" type="stmt"/>
        <line num="75" count="62" type="cond" truecount="2" falsecount="0"/>
        <line num="82" count="4" type="stmt"/>
        <line num="86" count="11" type="stmt"/>
        <line num="87" count="11" type="cond" truecount="2" falsecount="0"/>
        <line num="89" count="10" type="stmt"/>
        <line num="91" count="17" type="stmt"/>
        <line num="92" count="17" type="cond" truecount="1" falsecount="1"/>
        <line num="93" count="17" type="stmt"/>
        <line num="101" count="4" type="stmt"/>
        <line num="105" count="14" type="stmt"/>
        <line num="106" count="14" type="cond" truecount="2" falsecount="0"/>
        <line num="108" count="12" type="stmt"/>
        <line num="109" count="12" type="stmt"/>
        <line num="111" count="12" type="stmt"/>
        <line num="112" count="24" type="stmt"/>
        <line num="113" count="24" type="cond" truecount="1" falsecount="1"/>
        <line num="115" count="24" type="stmt"/>
        <line num="116" count="24" type="stmt"/>
        <line num="117" count="24" type="stmt"/>
        <line num="119" count="24" type="stmt"/>
        <line num="120" count="40" type="cond" truecount="4" falsecount="0"/>
        <line num="121" count="6" type="stmt"/>
        <line num="125" count="24" type="stmt"/>
        <line num="126" count="24" type="cond" truecount="2" falsecount="0"/>
        <line num="127" count="5" type="stmt"/>
        <line num="128" count="5" type="stmt"/>
        <line num="132" count="12" type="cond" truecount="2" falsecount="0"/>
        <line num="138" count="4" type="stmt"/>
        <line num="152" count="4" type="stmt"/>
        <line num="166" count="4" type="stmt"/>
        <line num="175" count="4" type="stmt"/>
        <line num="184" count="4" type="stmt"/>
        <line num="185" count="28" type="stmt"/>
        <line num="190" count="4" type="stmt"/>
        <line num="191" count="113" type="stmt"/>
      </file>
    </package>
  </project>
</coverage>
