{"/Users/jeremiahstones/Documents/workspace/Personal Projects/ascent_beacon/ascent-beacon-mobile/src/config.ts": {"path":"/Users/jeremiahstones/Documents/workspace/Personal Projects/ascent_beacon/ascent-beacon-mobile/src/config.ts","statementMap":{"0":{"start":{"line":8,"column":2},"end":{"line":8,"column":78}},"1":{"start":{"line":10,"column":23},"end":{"line":10,"column":77}},"2":{"start":{"line":15,"column":2},"end":{"line":15,"column":76}}},"fnMap":{},"branchMap":{"0":{"loc":{"start":{"line":8,"column":2},"end":{"line":8,"column":78}},"type":"cond-expr","locations":[{"start":{"line":8,"column":26},"end":{"line":8,"column":49}},{"start":{"line":8,"column":52},"end":{"line":8,"column":78}}],"line":8},"1":{"loc":{"start":{"line":10,"column":23},"end":{"line":10,"column":77}},"type":"cond-expr","locations":[{"start":{"line":10,"column":33},"end":{"line":10,"column":44}},{"start":{"line":10,"column":47},"end":{"line":10,"column":77}}],"line":10}},"s":{"0":15,"1":15,"2":15},"f":{},"b":{"0":[4,11],"1":[15,0]},"_coverageSchema":"1a1c01bbd47fc00a2c39e90264f33305004495a9","hash":"47791ee1ee924b84ebce3d0cb512a51f52e9941a"}
,"/Users/jeremiahstones/Documents/workspace/Personal Projects/ascent_beacon/ascent-beacon-mobile/src/testHelpers.ts": {"path":"/Users/jeremiahstones/Documents/workspace/Personal Projects/ascent_beacon/ascent-beacon-mobile/src/testHelpers.ts","statementMap":{"0":{"start":{"line":56,"column":29},"end":{"line":110,"column":2}},"1":{"start":{"line":56,"column":77},"end":{"line":110,"column":1}},"2":{"start":{"line":58,"column":31},"end":{"line":58,"column":65}},"3":{"start":{"line":60,"column":4},"end":{"line":60,"column":72}},"4":{"start":{"line":63,"column":4},"end":{"line":63,"column":72}},"5":{"start":{"line":65,"column":24},"end":{"line":65,"column":41}},"6":{"start":{"line":68,"column":27},"end":{"line":68,"column":46}},"7":{"start":{"line":69,"column":29},"end":{"line":69,"column":48}},"8":{"start":{"line":71,"column":4},"end":{"line":71,"column":49}},"9":{"start":{"line":73,"column":29},"end":{"line":73,"column":46}},"10":{"start":{"line":75,"column":4},"end":{"line":75,"column":38}},"11":{"start":{"line":77,"column":36},"end":{"line":77,"column":53}},"12":{"start":{"line":78,"column":36},"end":{"line":78,"column":53}},"13":{"start":{"line":79,"column":37},"end":{"line":79,"column":54}},"14":{"start":{"line":82,"column":31},"end":{"line":82,"column":50}},"15":{"start":{"line":84,"column":4},"end":{"line":84,"column":50}},"16":{"start":{"line":87,"column":4},"end":{"line":87,"column":36}},"17":{"start":{"line":89,"column":32},"end":{"line":89,"column":49}},"18":{"start":{"line":90,"column":31},"end":{"line":90,"column":48}},"19":{"start":{"line":91,"column":33},"end":{"line":91,"column":50}},"20":{"start":{"line":94,"column":39},"end":{"line":94,"column":58}},"21":{"start":{"line":95,"column":41},"end":{"line":95,"column":74}},"22":{"start":{"line":96,"column":41},"end":{"line":96,"column":58}},"23":{"start":{"line":100,"column":4},"end":{"line":100,"column":48}},"24":{"start":{"line":102,"column":38},"end":{"line":102,"column":76}},"25":{"start":{"line":105,"column":38},"end":{"line":105,"column":57}},"26":{"start":{"line":106,"column":43},"end":{"line":106,"column":60}},"27":{"start":{"line":107,"column":43},"end":{"line":107,"column":60}},"28":{"start":{"line":113,"column":31},"end":{"line":133,"column":2}},"29":{"start":{"line":113,"column":75},"end":{"line":133,"column":1}},"30":{"start":{"line":136,"column":34},"end":{"line":161,"column":2}},"31":{"start":{"line":138,"column":16},"end":{"line":161,"column":1}},"32":{"start":{"line":164,"column":28},"end":{"line":169,"column":1}},"33":{"start":{"line":168,"column":2},"end":{"line":168,"column":29}}},"fnMap":{"0":{"name":"(anonymous_0)","decl":{"start":{"line":56,"column":29},"end":{"line":56,"column":30}},"loc":{"start":{"line":56,"column":77},"end":{"line":110,"column":1}},"line":56},"1":{"name":"(anonymous_1)","decl":{"start":{"line":58,"column":25},"end":{"line":58,"column":26}},"loc":{"start":{"line":58,"column":31},"end":{"line":58,"column":65}},"line":58},"2":{"name":"(anonymous_2)","decl":{"start":{"line":59,"column":27},"end":{"line":59,"column":28}},"loc":{"start":{"line":60,"column":4},"end":{"line":60,"column":72}},"line":60},"3":{"name":"(anonymous_3)","decl":{"start":{"line":62,"column":29},"end":{"line":62,"column":30}},"loc":{"start":{"line":63,"column":4},"end":{"line":63,"column":72}},"line":63},"4":{"name":"(anonymous_4)","decl":{"start":{"line":65,"column":18},"end":{"line":65,"column":19}},"loc":{"start":{"line":65,"column":24},"end":{"line":65,"column":41}},"line":65},"5":{"name":"(anonymous_5)","decl":{"start":{"line":68,"column":21},"end":{"line":68,"column":22}},"loc":{"start":{"line":68,"column":27},"end":{"line":68,"column":46}},"line":68},"6":{"name":"(anonymous_6)","decl":{"start":{"line":69,"column":23},"end":{"line":69,"column":24}},"loc":{"start":{"line":69,"column":29},"end":{"line":69,"column":48}},"line":69},"7":{"name":"(anonymous_7)","decl":{"start":{"line":70,"column":23},"end":{"line":70,"column":24}},"loc":{"start":{"line":71,"column":4},"end":{"line":71,"column":49}},"line":71},"8":{"name":"(anonymous_8)","decl":{"start":{"line":73,"column":23},"end":{"line":73,"column":24}},"loc":{"start":{"line":73,"column":29},"end":{"line":73,"column":46}},"line":73},"9":{"name":"(anonymous_9)","decl":{"start":{"line":74,"column":23},"end":{"line":74,"column":24}},"loc":{"start":{"line":75,"column":4},"end":{"line":75,"column":38}},"line":75},"10":{"name":"(anonymous_10)","decl":{"start":{"line":77,"column":30},"end":{"line":77,"column":31}},"loc":{"start":{"line":77,"column":36},"end":{"line":77,"column":53}},"line":77},"11":{"name":"(anonymous_11)","decl":{"start":{"line":78,"column":30},"end":{"line":78,"column":31}},"loc":{"start":{"line":78,"column":36},"end":{"line":78,"column":53}},"line":78},"12":{"name":"(anonymous_12)","decl":{"start":{"line":79,"column":31},"end":{"line":79,"column":32}},"loc":{"start":{"line":79,"column":37},"end":{"line":79,"column":54}},"line":79},"13":{"name":"(anonymous_13)","decl":{"start":{"line":82,"column":25},"end":{"line":82,"column":26}},"loc":{"start":{"line":82,"column":31},"end":{"line":82,"column":50}},"line":82},"14":{"name":"(anonymous_14)","decl":{"start":{"line":83,"column":26},"end":{"line":83,"column":27}},"loc":{"start":{"line":84,"column":4},"end":{"line":84,"column":50}},"line":84},"15":{"name":"(anonymous_15)","decl":{"start":{"line":86,"column":26},"end":{"line":86,"column":27}},"loc":{"start":{"line":87,"column":4},"end":{"line":87,"column":36}},"line":87},"16":{"name":"(anonymous_16)","decl":{"start":{"line":89,"column":26},"end":{"line":89,"column":27}},"loc":{"start":{"line":89,"column":32},"end":{"line":89,"column":49}},"line":89},"17":{"name":"(anonymous_17)","decl":{"start":{"line":90,"column":25},"end":{"line":90,"column":26}},"loc":{"start":{"line":90,"column":31},"end":{"line":90,"column":48}},"line":90},"18":{"name":"(anonymous_18)","decl":{"start":{"line":91,"column":27},"end":{"line":91,"column":28}},"loc":{"start":{"line":91,"column":33},"end":{"line":91,"column":50}},"line":91},"19":{"name":"(anonymous_19)","decl":{"start":{"line":94,"column":33},"end":{"line":94,"column":34}},"loc":{"start":{"line":94,"column":39},"end":{"line":94,"column":58}},"line":94},"20":{"name":"(anonymous_20)","decl":{"start":{"line":95,"column":35},"end":{"line":95,"column":36}},"loc":{"start":{"line":95,"column":41},"end":{"line":95,"column":74}},"line":95},"21":{"name":"(anonymous_21)","decl":{"start":{"line":96,"column":35},"end":{"line":96,"column":36}},"loc":{"start":{"line":96,"column":41},"end":{"line":96,"column":58}},"line":96},"22":{"name":"(anonymous_22)","decl":{"start":{"line":99,"column":34},"end":{"line":99,"column":35}},"loc":{"start":{"line":100,"column":4},"end":{"line":100,"column":48}},"line":100},"23":{"name":"(anonymous_23)","decl":{"start":{"line":102,"column":32},"end":{"line":102,"column":33}},"loc":{"start":{"line":102,"column":38},"end":{"line":102,"column":76}},"line":102},"24":{"name":"(anonymous_24)","decl":{"start":{"line":105,"column":32},"end":{"line":105,"column":33}},"loc":{"start":{"line":105,"column":38},"end":{"line":105,"column":57}},"line":105},"25":{"name":"(anonymous_25)","decl":{"start":{"line":106,"column":37},"end":{"line":106,"column":38}},"loc":{"start":{"line":106,"column":43},"end":{"line":106,"column":60}},"line":106},"26":{"name":"(anonymous_26)","decl":{"start":{"line":107,"column":37},"end":{"line":107,"column":38}},"loc":{"start":{"line":107,"column":43},"end":{"line":107,"column":60}},"line":107},"27":{"name":"(anonymous_27)","decl":{"start":{"line":113,"column":31},"end":{"line":113,"column":32}},"loc":{"start":{"line":113,"column":75},"end":{"line":133,"column":1}},"line":113},"28":{"name":"(anonymous_28)","decl":{"start":{"line":136,"column":34},"end":{"line":136,"column":35}},"loc":{"start":{"line":138,"column":16},"end":{"line":161,"column":1}},"line":138},"29":{"name":"(anonymous_29)","decl":{"start":{"line":164,"column":28},"end":{"line":164,"column":29}},"loc":{"start":{"line":167,"column":19},"end":{"line":169,"column":1}},"line":167}},"branchMap":{"0":{"loc":{"start":{"line":56,"column":30},"end":{"line":56,"column":62}},"type":"default-arg","locations":[{"start":{"line":56,"column":60},"end":{"line":56,"column":62}}],"line":56},"1":{"loc":{"start":{"line":113,"column":32},"end":{"line":113,"column":62}},"type":"default-arg","locations":[{"start":{"line":113,"column":60},"end":{"line":113,"column":62}}],"line":113},"2":{"loc":{"start":{"line":137,"column":2},"end":{"line":137,"column":35}},"type":"default-arg","locations":[{"start":{"line":137,"column":33},"end":{"line":137,"column":35}}],"line":137}},"s":{"0":0,"1":0,"2":0,"3":0,"4":0,"5":0,"6":0,"7":0,"8":0,"9":0,"10":0,"11":0,"12":0,"13":0,"14":0,"15":0,"16":0,"17":0,"18":0,"19":0,"20":0,"21":0,"22":0,"23":0,"24":0,"25":0,"26":0,"27":0,"28":0,"29":0,"30":0,"31":0,"32":0,"33":0},"f":{"0":0,"1":0,"2":0,"3":0,"4":0,"5":0,"6":0,"7":0,"8":0,"9":0,"10":0,"11":0,"12":0,"13":0,"14":0,"15":0,"16":0,"17":0,"18":0,"19":0,"20":0,"21":0,"22":0,"23":0,"24":0,"25":0,"26":0,"27":0,"28":0,"29":0},"b":{"0":[0],"1":[0],"2":[0]}}
,"/Users/jeremiahstones/Documents/workspace/Personal Projects/ascent_beacon/ascent-beacon-mobile/src/components/AffectedPrioritiesModal.tsx": {"path":"/Users/jeremiahstones/Documents/workspace/Personal Projects/ascent_beacon/ascent-beacon-mobile/src/components/AffectedPrioritiesModal.tsx","statementMap":{"0":{"start":{"line":28,"column":25},"end":{"line":28,"column":43}},"1":{"start":{"line":30,"column":2},"end":{"line":36,"column":16}},"2":{"start":{"line":31,"column":4},"end":{"line":35,"column":5}},"3":{"start":{"line":32,"column":6},"end":{"line":34,"column":14}},"4":{"start":{"line":33,"column":8},"end":{"line":33,"column":70}},"5":{"start":{"line":38,"column":2},"end":{"line":38,"column":70}},"6":{"start":{"line":38,"column":58},"end":{"line":38,"column":70}},"7":{"start":{"line":40,"column":2},"end":{"line":107,"column":4}},"8":{"start":{"line":71,"column":14},"end":{"line":81,"column":21}},"9":{"start":{"line":110,"column":15},"end":{"line":205,"column":2}}},"fnMap":{"0":{"name":"AffectedPrioritiesModal","decl":{"start":{"line":21,"column":24},"end":{"line":21,"column":47}},"loc":{"start":{"line":27,"column":59},"end":{"line":108,"column":1}},"line":27},"1":{"name":"(anonymous_1)","decl":{"start":{"line":30,"column":12},"end":{"line":30,"column":13}},"loc":{"start":{"line":30,"column":18},"end":{"line":36,"column":3}},"line":30},"2":{"name":"(anonymous_2)","decl":{"start":{"line":32,"column":17},"end":{"line":32,"column":18}},"loc":{"start":{"line":32,"column":23},"end":{"line":34,"column":7}},"line":32},"3":{"name":"(anonymous_3)","decl":{"start":{"line":70,"column":28},"end":{"line":70,"column":29}},"loc":{"start":{"line":71,"column":14},"end":{"line":81,"column":21}},"line":71}},"branchMap":{"0":{"loc":{"start":{"line":31,"column":4},"end":{"line":35,"column":5}},"type":"if","locations":[{"start":{"line":31,"column":4},"end":{"line":35,"column":5}},{"start":{},"end":{}}],"line":31},"1":{"loc":{"start":{"line":31,"column":8},"end":{"line":31,"column":40}},"type":"binary-expr","locations":[{"start":{"line":31,"column":8},"end":{"line":31,"column":15}},{"start":{"line":31,"column":19},"end":{"line":31,"column":40}}],"line":31},"2":{"loc":{"start":{"line":38,"column":2},"end":{"line":38,"column":70}},"type":"if","locations":[{"start":{"line":38,"column":2},"end":{"line":38,"column":70}},{"start":{},"end":{}}],"line":38},"3":{"loc":{"start":{"line":38,"column":6},"end":{"line":38,"column":56}},"type":"binary-expr","locations":[{"start":{"line":38,"column":6},"end":{"line":38,"column":14}},{"start":{"line":38,"column":18},"end":{"line":38,"column":29}},{"start":{"line":38,"column":33},"end":{"line":38,"column":56}}],"line":38},"4":{"loc":{"start":{"line":72,"column":21},"end":{"line":72,"column":50}},"type":"binary-expr","locations":[{"start":{"line":72,"column":21},"end":{"line":72,"column":41}},{"start":{"line":72,"column":45},"end":{"line":72,"column":50}}],"line":72},"5":{"loc":{"start":{"line":76,"column":17},"end":{"line":80,"column":17}},"type":"binary-expr","locations":[{"start":{"line":76,"column":17},"end":{"line":76,"column":37}},{"start":{"line":77,"column":18},"end":{"line":79,"column":25}}],"line":76},"6":{"loc":{"start":{"line":182,"column":19},"end":{"line":182,"column":50}},"type":"cond-expr","locations":[{"start":{"line":182,"column":43},"end":{"line":182,"column":45}},{"start":{"line":182,"column":48},"end":{"line":182,"column":50}}],"line":182}},"s":{"0":13,"1":13,"2":13,"3":0,"4":0,"5":13,"6":3,"7":10,"8":19,"9":1},"f":{"0":13,"1":13,"2":0,"3":19},"b":{"0":[0,13],"1":[13,12],"2":[3,10],"3":[13,12,11],"4":[19,1],"5":[19,9],"6":[1,0]},"_coverageSchema":"1a1c01bbd47fc00a2c39e90264f33305004495a9","hash":"55546913276d3d38bada860dd821b5709afb4f7a"}
,"/Users/jeremiahstones/Documents/workspace/Personal Projects/ascent_beacon/ascent-beacon-mobile/src/components/ErrorBoundary.tsx": {"path":"/Users/jeremiahstones/Documents/workspace/Personal Projects/ascent_beacon/ascent-beacon-mobile/src/components/ErrorBoundary.tsx","statementMap":{"0":{"start":{"line":25,"column":4},"end":{"line":25,"column":17}},"1":{"start":{"line":26,"column":4},"end":{"line":30,"column":6}},"2":{"start":{"line":35,"column":4},"end":{"line":35,"column":37}},"3":{"start":{"line":40,"column":4},"end":{"line":43,"column":5}},"4":{"start":{"line":41,"column":6},"end":{"line":41,"column":56}},"5":{"start":{"line":42,"column":6},"end":{"line":42,"column":41}},"6":{"start":{"line":46,"column":4},"end":{"line":46,"column":33}},"7":{"start":{"line":49,"column":4},"end":{"line":51,"column":5}},"8":{"start":{"line":50,"column":6},"end":{"line":50,"column":43}},"9":{"start":{"line":54,"column":16},"end":{"line":60,"column":3}},"10":{"start":{"line":55,"column":4},"end":{"line":59,"column":7}},"11":{"start":{"line":63,"column":4},"end":{"line":100,"column":5}},"12":{"start":{"line":65,"column":6},"end":{"line":67,"column":7}},"13":{"start":{"line":66,"column":8},"end":{"line":66,"column":35}},"14":{"start":{"line":70,"column":6},"end":{"line":99,"column":8}},"15":{"start":{"line":102,"column":4},"end":{"line":102,"column":31}},"16":{"start":{"line":106,"column":15},"end":{"line":169,"column":2}}},"fnMap":{"0":{"name":"(anonymous_0)","decl":{"start":{"line":24,"column":2},"end":{"line":24,"column":3}},"loc":{"start":{"line":24,"column":41},"end":{"line":31,"column":3}},"line":24},"1":{"name":"(anonymous_1)","decl":{"start":{"line":33,"column":2},"end":{"line":33,"column":3}},"loc":{"start":{"line":33,"column":77},"end":{"line":36,"column":3}},"line":33},"2":{"name":"(anonymous_2)","decl":{"start":{"line":38,"column":2},"end":{"line":38,"column":3}},"loc":{"start":{"line":38,"column":62},"end":{"line":52,"column":3}},"line":38},"3":{"name":"(anonymous_3)","decl":{"start":{"line":54,"column":16},"end":{"line":54,"column":17}},"loc":{"start":{"line":54,"column":28},"end":{"line":60,"column":3}},"line":54},"4":{"name":"(anonymous_4)","decl":{"start":{"line":62,"column":2},"end":{"line":62,"column":3}},"loc":{"start":{"line":62,"column":22},"end":{"line":103,"column":3}},"line":62}},"branchMap":{"0":{"loc":{"start":{"line":40,"column":4},"end":{"line":43,"column":5}},"type":"if","locations":[{"start":{"line":40,"column":4},"end":{"line":43,"column":5}},{"start":{},"end":{}}],"line":40},"1":{"loc":{"start":{"line":49,"column":4},"end":{"line":51,"column":5}},"type":"if","locations":[{"start":{"line":49,"column":4},"end":{"line":51,"column":5}},{"start":{},"end":{}}],"line":49},"2":{"loc":{"start":{"line":63,"column":4},"end":{"line":100,"column":5}},"type":"if","locations":[{"start":{"line":63,"column":4},"end":{"line":100,"column":5}},{"start":{},"end":{}}],"line":63},"3":{"loc":{"start":{"line":65,"column":6},"end":{"line":67,"column":7}},"type":"if","locations":[{"start":{"line":65,"column":6},"end":{"line":67,"column":7}},{"start":{},"end":{}}],"line":65},"4":{"loc":{"start":{"line":80,"column":13},"end":{"line":87,"column":13}},"type":"binary-expr","locations":[{"start":{"line":80,"column":13},"end":{"line":80,"column":20}},{"start":{"line":80,"column":24},"end":{"line":80,"column":40}},{"start":{"line":81,"column":14},"end":{"line":86,"column":21}}],"line":80}},"s":{"0":9,"1":9,"2":8,"3":4,"4":4,"5":4,"6":4,"7":4,"8":1,"9":9,"10":1,"11":22,"12":12,"13":3,"14":9,"15":10,"16":1},"f":{"0":9,"1":8,"2":4,"3":1,"4":22},"b":{"0":[4,0],"1":[1,3],"2":[12,10],"3":[3,9],"4":[9,9,9]},"_coverageSchema":"1a1c01bbd47fc00a2c39e90264f33305004495a9","hash":"72c6d6fe9ce326d1b8386d820400177e205c5b49"}
,"/Users/jeremiahstones/Documents/workspace/Personal Projects/ascent_beacon/ascent-beacon-mobile/src/components/TermsModal.tsx": {"path":"/Users/jeremiahstones/Documents/workspace/Personal Projects/ascent_beacon/ascent-beacon-mobile/src/components/TermsModal.tsx","statementMap":{"0":{"start":{"line":21,"column":25},"end":{"line":21,"column":43}},"1":{"start":{"line":23,"column":2},"end":{"line":29,"column":16}},"2":{"start":{"line":24,"column":4},"end":{"line":28,"column":5}},"3":{"start":{"line":25,"column":6},"end":{"line":27,"column":14}},"4":{"start":{"line":26,"column":8},"end":{"line":26,"column":70}},"5":{"start":{"line":31,"column":2},"end":{"line":148,"column":4}},"6":{"start":{"line":151,"column":15},"end":{"line":206,"column":2}}},"fnMap":{"0":{"name":"TermsModal","decl":{"start":{"line":17,"column":24},"end":{"line":17,"column":34}},"loc":{"start":{"line":20,"column":39},"end":{"line":149,"column":1}},"line":20},"1":{"name":"(anonymous_1)","decl":{"start":{"line":23,"column":12},"end":{"line":23,"column":13}},"loc":{"start":{"line":23,"column":18},"end":{"line":29,"column":3}},"line":23},"2":{"name":"(anonymous_2)","decl":{"start":{"line":25,"column":17},"end":{"line":25,"column":18}},"loc":{"start":{"line":25,"column":23},"end":{"line":27,"column":7}},"line":25}},"branchMap":{"0":{"loc":{"start":{"line":24,"column":4},"end":{"line":28,"column":5}},"type":"if","locations":[{"start":{"line":24,"column":4},"end":{"line":28,"column":5}},{"start":{},"end":{}}],"line":24},"1":{"loc":{"start":{"line":24,"column":8},"end":{"line":24,"column":40}},"type":"binary-expr","locations":[{"start":{"line":24,"column":8},"end":{"line":24,"column":15}},{"start":{"line":24,"column":19},"end":{"line":24,"column":40}}],"line":24}},"s":{"0":3,"1":3,"2":3,"3":0,"4":0,"5":3,"6":1},"f":{"0":3,"1":3,"2":0},"b":{"0":[0,3],"1":[3,3]},"_coverageSchema":"1a1c01bbd47fc00a2c39e90264f33305004495a9","hash":"7f975018088377bd5c991be6cc60f1f176edb70f"}
,"/Users/jeremiahstones/Documents/workspace/Personal Projects/ascent_beacon/ascent-beacon-mobile/src/components/TimeMachineConfirmModals.tsx": {"path":"/Users/jeremiahstones/Documents/workspace/Personal Projects/ascent_beacon/ascent-beacon-mobile/src/components/TimeMachineConfirmModals.tsx","statementMap":{"0":{"start":{"line":23,"column":32},"end":{"line":23,"column":64}},"1":{"start":{"line":25,"column":2},"end":{"line":86,"column":4}},"2":{"start":{"line":56,"column":33},"end":{"line":56,"column":49}},"3":{"start":{"line":62,"column":33},"end":{"line":62,"column":48}},"4":{"start":{"line":77,"column":31},"end":{"line":77,"column":47}},"5":{"start":{"line":102,"column":25},"end":{"line":102,"column":45}},"6":{"start":{"line":104,"column":2},"end":{"line":160,"column":4}},"7":{"start":{"line":130,"column":33},"end":{"line":130,"column":49}},"8":{"start":{"line":136,"column":33},"end":{"line":136,"column":48}},"9":{"start":{"line":151,"column":31},"end":{"line":151,"column":47}}},"fnMap":{"0":{"name":"TravelConfirmModal","decl":{"start":{"line":14,"column":16},"end":{"line":14,"column":34}},"loc":{"start":{"line":21,"column":48},"end":{"line":87,"column":1}},"line":21},"1":{"name":"(anonymous_1)","decl":{"start":{"line":56,"column":27},"end":{"line":56,"column":28}},"loc":{"start":{"line":56,"column":33},"end":{"line":56,"column":49}},"line":56},"2":{"name":"(anonymous_2)","decl":{"start":{"line":62,"column":27},"end":{"line":62,"column":28}},"loc":{"start":{"line":62,"column":33},"end":{"line":62,"column":48}},"line":62},"3":{"name":"(anonymous_3)","decl":{"start":{"line":77,"column":25},"end":{"line":77,"column":26}},"loc":{"start":{"line":77,"column":31},"end":{"line":77,"column":47}},"line":77},"4":{"name":"ReturnConfirmModal","decl":{"start":{"line":96,"column":16},"end":{"line":96,"column":34}},"loc":{"start":{"line":101,"column":48},"end":{"line":161,"column":1}},"line":101},"5":{"name":"(anonymous_5)","decl":{"start":{"line":130,"column":27},"end":{"line":130,"column":28}},"loc":{"start":{"line":130,"column":33},"end":{"line":130,"column":49}},"line":130},"6":{"name":"(anonymous_6)","decl":{"start":{"line":136,"column":27},"end":{"line":136,"column":28}},"loc":{"start":{"line":136,"column":33},"end":{"line":136,"column":48}},"line":136},"7":{"name":"(anonymous_7)","decl":{"start":{"line":151,"column":25},"end":{"line":151,"column":26}},"loc":{"start":{"line":151,"column":31},"end":{"line":151,"column":47}},"line":151}},"branchMap":{"0":{"loc":{"start":{"line":23,"column":32},"end":{"line":23,"column":64}},"type":"binary-expr","locations":[{"start":{"line":23,"column":32},"end":{"line":23,"column":40}},{"start":{"line":23,"column":44},"end":{"line":23,"column":64}}],"line":23},"1":{"loc":{"start":{"line":30,"column":13},"end":{"line":30,"column":63}},"type":"cond-expr","locations":[{"start":{"line":30,"column":24},"end":{"line":30,"column":41}},{"start":{"line":30,"column":44},"end":{"line":30,"column":63}}],"line":30},"2":{"loc":{"start":{"line":33,"column":13},"end":{"line":37,"column":42}},"type":"cond-expr","locations":[{"start":{"line":34,"column":16},"end":{"line":34,"column":136}},{"start":{"line":35,"column":16},"end":{"line":37,"column":42}}],"line":33},"3":{"loc":{"start":{"line":34,"column":84},"end":{"line":34,"column":117}},"type":"cond-expr","locations":[{"start":{"line":34,"column":109},"end":{"line":34,"column":111}},{"start":{"line":34,"column":114},"end":{"line":34,"column":117}}],"line":34},"4":{"loc":{"start":{"line":35,"column":16},"end":{"line":37,"column":42}},"type":"cond-expr","locations":[{"start":{"line":36,"column":18},"end":{"line":36,"column":42}},{"start":{"line":37,"column":18},"end":{"line":37,"column":42}}],"line":35},"5":{"loc":{"start":{"line":40,"column":11},"end":{"line":82,"column":11}},"type":"cond-expr","locations":[{"start":{"line":41,"column":12},"end":{"line":69,"column":15}},{"start":{"line":71,"column":12},"end":{"line":81,"column":19}}],"line":40},"6":{"loc":{"start":{"line":109,"column":13},"end":{"line":109,"column":79}},"type":"cond-expr","locations":[{"start":{"line":109,"column":30},"end":{"line":109,"column":53}},{"start":{"line":109,"column":56},"end":{"line":109,"column":79}}],"line":109},"7":{"loc":{"start":{"line":112,"column":13},"end":{"line":114,"column":66}},"type":"cond-expr","locations":[{"start":{"line":113,"column":16},"end":{"line":113,"column":165}},{"start":{"line":114,"column":16},"end":{"line":114,"column":66}}],"line":112},"8":{"loc":{"start":{"line":113,"column":58},"end":{"line":113,"column":91}},"type":"cond-expr","locations":[{"start":{"line":113,"column":83},"end":{"line":113,"column":85}},{"start":{"line":113,"column":88},"end":{"line":113,"column":91}}],"line":113},"9":{"loc":{"start":{"line":117,"column":11},"end":{"line":156,"column":11}},"type":"cond-expr","locations":[{"start":{"line":118,"column":12},"end":{"line":143,"column":15}},{"start":{"line":145,"column":12},"end":{"line":155,"column":19}}],"line":117}},"s":{"0":38,"1":38,"2":0,"3":0,"4":0,"5":38,"6":38,"7":0,"8":0,"9":0},"f":{"0":38,"1":0,"2":0,"3":0,"4":38,"5":0,"6":0,"7":0},"b":{"0":[38,0],"1":[0,38],"2":[0,38],"3":[0,0],"4":[0,38],"5":[0,38],"6":[0,38],"7":[0,38],"8":[0,0],"9":[0,38]},"_coverageSchema":"1a1c01bbd47fc00a2c39e90264f33305004495a9","hash":"847d4623d1315867caa9693c14b7b425808815e9"}
,"/Users/jeremiahstones/Documents/workspace/Personal Projects/ascent_beacon/ascent-beacon-mobile/src/components/TimeMachineModal.tsx": {"path":"/Users/jeremiahstones/Documents/workspace/Personal Projects/ascent_beacon/ascent-beacon-mobile/src/components/TimeMachineModal.tsx","statementMap":{"0":{"start":{"line":24,"column":19},"end":{"line":36,"column":1}},"1":{"start":{"line":25,"column":12},"end":{"line":25,"column":30}},"2":{"start":{"line":26,"column":18},"end":{"line":30,"column":4}},"3":{"start":{"line":31,"column":12},"end":{"line":31,"column":24}},"4":{"start":{"line":32,"column":14},"end":{"line":32,"column":28}},"5":{"start":{"line":33,"column":15},"end":{"line":33,"column":36}},"6":{"start":{"line":34,"column":14},"end":{"line":34,"column":26}},"7":{"start":{"line":35,"column":2},"end":{"line":35,"column":75}},"8":{"start":{"line":38,"column":29},"end":{"line":43,"column":1}},"9":{"start":{"line":49,"column":45},"end":{"line":49,"column":54}},"10":{"start":{"line":70,"column":6},"end":{"line":70,"column":36}},"11":{"start":{"line":72,"column":22},"end":{"line":74,"column":36}},"12":{"start":{"line":75,"column":24},"end":{"line":77,"column":37}},"13":{"start":{"line":79,"column":31},"end":{"line":82,"column":3}},"14":{"start":{"line":80,"column":17},"end":{"line":80,"column":56}},"15":{"start":{"line":81,"column":4},"end":{"line":81,"column":35}},"16":{"start":{"line":84,"column":22},"end":{"line":95,"column":6}},"17":{"start":{"line":86,"column":6},"end":{"line":86,"column":8}},"18":{"start":{"line":87,"column":17},"end":{"line":87,"column":42}},"19":{"start":{"line":88,"column":4},"end":{"line":93,"column":5}},"20":{"start":{"line":89,"column":6},"end":{"line":92,"column":8}},"21":{"start":{"line":94,"column":4},"end":{"line":94,"column":17}},"22":{"start":{"line":97,"column":2},"end":{"line":228,"column":4}},"23":{"start":{"line":127,"column":18},"end":{"line":134,"column":37}},"24":{"start":{"line":130,"column":35},"end":{"line":130,"column":58}},"25":{"start":{"line":148,"column":18},"end":{"line":154,"column":20}},"26":{"start":{"line":218,"column":24},"end":{"line":218,"column":45}},"27":{"start":{"line":224,"column":24},"end":{"line":224,"column":51}}},"fnMap":{"0":{"name":"(anonymous_0)","decl":{"start":{"line":24,"column":19},"end":{"line":24,"column":20}},"loc":{"start":{"line":24,"column":50},"end":{"line":36,"column":1}},"line":24},"1":{"name":"TimeMachineModal","decl":{"start":{"line":45,"column":16},"end":{"line":45,"column":32}},"loc":{"start":{"line":48,"column":46},"end":{"line":229,"column":1}},"line":48},"2":{"name":"(anonymous_2)","decl":{"start":{"line":79,"column":31},"end":{"line":79,"column":32}},"loc":{"start":{"line":79,"column":45},"end":{"line":82,"column":3}},"line":79},"3":{"name":"(anonymous_3)","decl":{"start":{"line":84,"column":23},"end":{"line":84,"column":24}},"loc":{"start":{"line":84,"column":29},"end":{"line":95,"column":3}},"line":84},"4":{"name":"(anonymous_4)","decl":{"start":{"line":126,"column":42},"end":{"line":126,"column":43}},"loc":{"start":{"line":127,"column":18},"end":{"line":134,"column":37}},"line":127},"5":{"name":"(anonymous_5)","decl":{"start":{"line":130,"column":29},"end":{"line":130,"column":30}},"loc":{"start":{"line":130,"column":35},"end":{"line":130,"column":58}},"line":130},"6":{"name":"(anonymous_6)","decl":{"start":{"line":147,"column":29},"end":{"line":147,"column":30}},"loc":{"start":{"line":148,"column":18},"end":{"line":154,"column":20}},"line":148},"7":{"name":"(anonymous_7)","decl":{"start":{"line":218,"column":18},"end":{"line":218,"column":19}},"loc":{"start":{"line":218,"column":24},"end":{"line":218,"column":45}},"line":218},"8":{"name":"(anonymous_8)","decl":{"start":{"line":224,"column":18},"end":{"line":224,"column":19}},"loc":{"start":{"line":224,"column":24},"end":{"line":224,"column":51}},"line":224}},"branchMap":{"0":{"loc":{"start":{"line":25,"column":12},"end":{"line":25,"column":30}},"type":"binary-expr","locations":[{"start":{"line":25,"column":12},"end":{"line":25,"column":16}},{"start":{"line":25,"column":20},"end":{"line":25,"column":30}}],"line":25},"1":{"loc":{"start":{"line":33,"column":15},"end":{"line":33,"column":36}},"type":"cond-expr","locations":[{"start":{"line":33,"column":25},"end":{"line":33,"column":29}},{"start":{"line":33,"column":32},"end":{"line":33,"column":36}}],"line":33},"2":{"loc":{"start":{"line":34,"column":14},"end":{"line":34,"column":26}},"type":"binary-expr","locations":[{"start":{"line":34,"column":14},"end":{"line":34,"column":20}},{"start":{"line":34,"column":24},"end":{"line":34,"column":26}}],"line":34},"3":{"loc":{"start":{"line":72,"column":22},"end":{"line":74,"column":36}},"type":"cond-expr","locations":[{"start":{"line":73,"column":6},"end":{"line":73,"column":17}},{"start":{"line":74,"column":7},"end":{"line":74,"column":35}}],"line":72},"4":{"loc":{"start":{"line":74,"column":7},"end":{"line":74,"column":35}},"type":"binary-expr","locations":[{"start":{"line":74,"column":7},"end":{"line":74,"column":29}},{"start":{"line":74,"column":33},"end":{"line":74,"column":35}}],"line":74},"5":{"loc":{"start":{"line":75,"column":24},"end":{"line":77,"column":37}},"type":"cond-expr","locations":[{"start":{"line":76,"column":6},"end":{"line":76,"column":19}},{"start":{"line":77,"column":7},"end":{"line":77,"column":36}}],"line":75},"6":{"loc":{"start":{"line":77,"column":7},"end":{"line":77,"column":36}},"type":"binary-expr","locations":[{"start":{"line":77,"column":7},"end":{"line":77,"column":31}},{"start":{"line":77,"column":35},"end":{"line":77,"column":36}}],"line":77},"7":{"loc":{"start":{"line":80,"column":17},"end":{"line":80,"column":56}},"type":"binary-expr","locations":[{"start":{"line":80,"column":17},"end":{"line":80,"column":28}},{"start":{"line":80,"column":32},"end":{"line":80,"column":42}},{"start":{"line":80,"column":46},"end":{"line":80,"column":56}}],"line":80},"8":{"loc":{"start":{"line":87,"column":17},"end":{"line":87,"column":42}},"type":"binary-expr","locations":[{"start":{"line":87,"column":17},"end":{"line":87,"column":28}},{"start":{"line":87,"column":32},"end":{"line":87,"column":42}}],"line":87},"9":{"loc":{"start":{"line":88,"column":4},"end":{"line":93,"column":5}},"type":"if","locations":[{"start":{"line":88,"column":4},"end":{"line":93,"column":5}},{"start":{},"end":{}}],"line":88},"10":{"loc":{"start":{"line":91,"column":23},"end":{"line":91,"column":58}},"type":"cond-expr","locations":[{"start":{"line":91,"column":37},"end":{"line":91,"column":46}},{"start":{"line":91,"column":49},"end":{"line":91,"column":58}}],"line":91},"11":{"loc":{"start":{"line":118,"column":16},"end":{"line":118,"column":65}},"type":"cond-expr","locations":[{"start":{"line":118,"column":35},"end":{"line":118,"column":58}},{"start":{"line":118,"column":61},"end":{"line":118,"column":65}}],"line":118},"12":{"loc":{"start":{"line":150,"column":22},"end":{"line":150,"column":79}},"type":"cond-expr","locations":[{"start":{"line":150,"column":45},"end":{"line":150,"column":59}},{"start":{"line":150,"column":62},"end":{"line":150,"column":79}}],"line":150},"13":{"loc":{"start":{"line":171,"column":15},"end":{"line":195,"column":15}},"type":"binary-expr","locations":[{"start":{"line":171,"column":15},"end":{"line":171,"column":31}},{"start":{"line":172,"column":16},"end":{"line":194,"column":19}}],"line":171},"14":{"loc":{"start":{"line":180,"column":23},"end":{"line":184,"column":49}},"type":"cond-expr","locations":[{"start":{"line":181,"column":26},"end":{"line":181,"column":38}},{"start":{"line":182,"column":26},"end":{"line":184,"column":49}}],"line":180},"15":{"loc":{"start":{"line":182,"column":26},"end":{"line":184,"column":49}},"type":"cond-expr","locations":[{"start":{"line":183,"column":28},"end":{"line":183,"column":49}},{"start":{"line":184,"column":28},"end":{"line":184,"column":49}}],"line":182},"16":{"loc":{"start":{"line":196,"column":15},"end":{"line":207,"column":15}},"type":"binary-expr","locations":[{"start":{"line":196,"column":15},"end":{"line":196,"column":33}},{"start":{"line":196,"column":37},"end":{"line":196,"column":54}},{"start":{"line":197,"column":16},"end":{"line":206,"column":35}}],"line":196},"17":{"loc":{"start":{"line":204,"column":21},"end":{"line":204,"column":70}},"type":"cond-expr","locations":[{"start":{"line":204,"column":36},"end":{"line":204,"column":48}},{"start":{"line":204,"column":51},"end":{"line":204,"column":70}}],"line":204}},"s":{"0":2,"1":123,"2":123,"3":123,"4":123,"5":123,"6":123,"7":123,"8":2,"9":57,"10":57,"11":57,"12":57,"13":57,"14":57,"15":57,"16":57,"17":57,"18":57,"19":57,"20":9,"21":57,"22":57,"23":228,"24":4,"25":0,"26":0,"27":0},"f":{"0":123,"1":57,"2":57,"3":57,"4":228,"5":4,"6":0,"7":0,"8":0},"b":{"0":[123,105],"1":[18,105],"2":[123,18],"3":[9,48],"4":[48,48],"5":[9,48],"6":[48,48],"7":[57,48,48],"8":[57,48],"9":[9,48],"10":[9,0],"11":[9,48],"12":[0,0],"13":[57,9],"14":[0,9],"15":[0,9],"16":[57,0,0],"17":[0,0]},"_coverageSchema":"1a1c01bbd47fc00a2c39e90264f33305004495a9","hash":"67a6719017546a5fe401c8428a1a8b45a82e05b1"}
,"/Users/jeremiahstones/Documents/workspace/Personal Projects/ascent_beacon/ascent-beacon-mobile/src/components/TimeMachineStatus.tsx": {"path":"/Users/jeremiahstones/Documents/workspace/Personal Projects/ascent_beacon/ascent-beacon-mobile/src/components/TimeMachineStatus.tsx","statementMap":{"0":{"start":{"line":18,"column":2},"end":{"line":44,"column":4}}},"fnMap":{"0":{"name":"TimeMachineStatus","decl":{"start":{"line":12,"column":16},"end":{"line":12,"column":33}},"loc":{"start":{"line":17,"column":47},"end":{"line":45,"column":1}},"line":17}},"branchMap":{"0":{"loc":{"start":{"line":23,"column":11},"end":{"line":23,"column":70}},"type":"cond-expr","locations":[{"start":{"line":23,"column":32},"end":{"line":23,"column":52}},{"start":{"line":23,"column":55},"end":{"line":23,"column":70}}],"line":23},"1":{"loc":{"start":{"line":26,"column":9},"end":{"line":28,"column":9}},"type":"binary-expr","locations":[{"start":{"line":26,"column":9},"end":{"line":26,"column":27}},{"start":{"line":27,"column":10},"end":{"line":27,"column":73}}],"line":26},"2":{"loc":{"start":{"line":32,"column":7},"end":{"line":42,"column":7}},"type":"binary-expr","locations":[{"start":{"line":32,"column":7},"end":{"line":32,"column":22}},{"start":{"line":33,"column":8},"end":{"line":41,"column":15}}],"line":32},"3":{"loc":{"start":{"line":36,"column":11},"end":{"line":40,"column":11}},"type":"binary-expr","locations":[{"start":{"line":36,"column":11},"end":{"line":36,"column":28}},{"start":{"line":37,"column":12},"end":{"line":39,"column":19}}],"line":36}},"s":{"0":38},"f":{"0":38},"b":{"0":[0,38],"1":[38,0],"2":[38,9],"3":[9,0]},"_coverageSchema":"1a1c01bbd47fc00a2c39e90264f33305004495a9","hash":"80269ae695420dc76f12227101ea0ac2ea197458"}
,"/Users/jeremiahstones/Documents/workspace/Personal Projects/ascent_beacon/ascent-beacon-mobile/src/components/TimePicker.tsx": {"path":"/Users/jeremiahstones/Documents/workspace/Personal Projects/ascent_beacon/ascent-beacon-mobile/src/components/TimePicker.tsx","statementMap":{"0":{"start":{"line":16,"column":27},"end":{"line":24,"column":3}},"1":{"start":{"line":18,"column":20},"end":{"line":18,"column":32}},"2":{"start":{"line":19,"column":6},"end":{"line":19,"column":39}},"3":{"start":{"line":19,"column":25},"end":{"line":19,"column":39}},"4":{"start":{"line":20,"column":6},"end":{"line":20,"column":37}},"5":{"start":{"line":20,"column":23},"end":{"line":20,"column":37}},"6":{"start":{"line":21,"column":6},"end":{"line":21,"column":36}},"7":{"start":{"line":26,"column":29},"end":{"line":42,"column":3}},"8":{"start":{"line":28,"column":22},"end":{"line":28,"column":36}},"9":{"start":{"line":29,"column":20},"end":{"line":29,"column":24}},"10":{"start":{"line":31,"column":6},"end":{"line":37,"column":7}},"11":{"start":{"line":32,"column":8},"end":{"line":32,"column":24}},"12":{"start":{"line":33,"column":8},"end":{"line":33,"column":37}},"13":{"start":{"line":34,"column":13},"end":{"line":37,"column":7}},"14":{"start":{"line":35,"column":8},"end":{"line":35,"column":24}},"15":{"start":{"line":36,"column":8},"end":{"line":36,"column":53}},"16":{"start":{"line":39,"column":6},"end":{"line":39,"column":39}},"17":{"start":{"line":44,"column":27},"end":{"line":47,"column":34}},"18":{"start":{"line":45,"column":20},"end":{"line":45,"column":54}},"19":{"start":{"line":46,"column":4},"end":{"line":46,"column":34}},"20":{"start":{"line":49,"column":26},"end":{"line":54,"column":3}},"21":{"start":{"line":51,"column":6},"end":{"line":51,"column":25}},"22":{"start":{"line":56,"column":22},"end":{"line":56,"column":37}},"23":{"start":{"line":57,"column":15},"end":{"line":57,"column":25}},"24":{"start":{"line":59,"column":2},"end":{"line":144,"column":4}},"25":{"start":{"line":68,"column":27},"end":{"line":68,"column":46}},"26":{"start":{"line":78,"column":27},"end":{"line":78,"column":47}},"27":{"start":{"line":91,"column":27},"end":{"line":91,"column":49}},"28":{"start":{"line":99,"column":27},"end":{"line":99,"column":50}},"29":{"start":{"line":120,"column":25},"end":{"line":120,"column":46}},"30":{"start":{"line":126,"column":25},"end":{"line":126,"column":47}},"31":{"start":{"line":132,"column":25},"end":{"line":132,"column":47}},"32":{"start":{"line":138,"column":25},"end":{"line":138,"column":47}},"33":{"start":{"line":147,"column":15},"end":{"line":212,"column":2}}},"fnMap":{"0":{"name":"TimePicker","decl":{"start":{"line":11,"column":16},"end":{"line":11,"column":26}},"loc":{"start":{"line":15,"column":40},"end":{"line":145,"column":1}},"line":15},"1":{"name":"(anonymous_1)","decl":{"start":{"line":17,"column":4},"end":{"line":17,"column":5}},"loc":{"start":{"line":17,"column":23},"end":{"line":22,"column":5}},"line":17},"2":{"name":"(anonymous_2)","decl":{"start":{"line":27,"column":4},"end":{"line":27,"column":5}},"loc":{"start":{"line":27,"column":23},"end":{"line":40,"column":5}},"line":27},"3":{"name":"(anonymous_3)","decl":{"start":{"line":44,"column":39},"end":{"line":44,"column":40}},"loc":{"start":{"line":44,"column":45},"end":{"line":47,"column":3}},"line":44},"4":{"name":"(anonymous_4)","decl":{"start":{"line":50,"column":4},"end":{"line":50,"column":5}},"loc":{"start":{"line":50,"column":30},"end":{"line":52,"column":5}},"line":50},"5":{"name":"(anonymous_5)","decl":{"start":{"line":68,"column":21},"end":{"line":68,"column":22}},"loc":{"start":{"line":68,"column":27},"end":{"line":68,"column":46}},"line":68},"6":{"name":"(anonymous_6)","decl":{"start":{"line":78,"column":21},"end":{"line":78,"column":22}},"loc":{"start":{"line":78,"column":27},"end":{"line":78,"column":47}},"line":78},"7":{"name":"(anonymous_7)","decl":{"start":{"line":91,"column":21},"end":{"line":91,"column":22}},"loc":{"start":{"line":91,"column":27},"end":{"line":91,"column":49}},"line":91},"8":{"name":"(anonymous_8)","decl":{"start":{"line":99,"column":21},"end":{"line":99,"column":22}},"loc":{"start":{"line":99,"column":27},"end":{"line":99,"column":50}},"line":99},"9":{"name":"(anonymous_9)","decl":{"start":{"line":120,"column":19},"end":{"line":120,"column":20}},"loc":{"start":{"line":120,"column":25},"end":{"line":120,"column":46}},"line":120},"10":{"name":"(anonymous_10)","decl":{"start":{"line":126,"column":19},"end":{"line":126,"column":20}},"loc":{"start":{"line":126,"column":25},"end":{"line":126,"column":47}},"line":126},"11":{"name":"(anonymous_11)","decl":{"start":{"line":132,"column":19},"end":{"line":132,"column":20}},"loc":{"start":{"line":132,"column":25},"end":{"line":132,"column":47}},"line":132},"12":{"name":"(anonymous_12)","decl":{"start":{"line":138,"column":19},"end":{"line":138,"column":20}},"loc":{"start":{"line":138,"column":25},"end":{"line":138,"column":47}},"line":138}},"branchMap":{"0":{"loc":{"start":{"line":19,"column":6},"end":{"line":19,"column":39}},"type":"if","locations":[{"start":{"line":19,"column":6},"end":{"line":19,"column":39}},{"start":{},"end":{}}],"line":19},"1":{"loc":{"start":{"line":20,"column":6},"end":{"line":20,"column":37}},"type":"if","locations":[{"start":{"line":20,"column":6},"end":{"line":20,"column":37}},{"start":{},"end":{}}],"line":20},"2":{"loc":{"start":{"line":31,"column":6},"end":{"line":37,"column":7}},"type":"if","locations":[{"start":{"line":31,"column":6},"end":{"line":37,"column":7}},{"start":{"line":34,"column":13},"end":{"line":37,"column":7}}],"line":31},"3":{"loc":{"start":{"line":34,"column":13},"end":{"line":37,"column":7}},"type":"if","locations":[{"start":{"line":34,"column":13},"end":{"line":37,"column":7}},{"start":{},"end":{}}],"line":34},"4":{"loc":{"start":{"line":36,"column":18},"end":{"line":36,"column":52}},"type":"cond-expr","locations":[{"start":{"line":36,"column":36},"end":{"line":36,"column":38}},{"start":{"line":36,"column":41},"end":{"line":36,"column":52}}],"line":36},"5":{"loc":{"start":{"line":45,"column":20},"end":{"line":45,"column":54}},"type":"cond-expr","locations":[{"start":{"line":45,"column":33},"end":{"line":45,"column":42}},{"start":{"line":45,"column":45},"end":{"line":45,"column":54}}],"line":45},"6":{"loc":{"start":{"line":56,"column":22},"end":{"line":56,"column":37}},"type":"binary-expr","locations":[{"start":{"line":56,"column":22},"end":{"line":56,"column":31}},{"start":{"line":56,"column":35},"end":{"line":56,"column":37}}],"line":56},"7":{"loc":{"start":{"line":112,"column":41},"end":{"line":112,"column":59}},"type":"cond-expr","locations":[{"start":{"line":112,"column":48},"end":{"line":112,"column":52}},{"start":{"line":112,"column":55},"end":{"line":112,"column":59}}],"line":112}},"s":{"0":56,"1":4,"2":4,"3":1,"4":4,"5":1,"6":4,"7":56,"8":4,"9":4,"10":4,"11":1,"12":1,"13":3,"14":1,"15":1,"16":4,"17":56,"18":2,"19":2,"20":56,"21":4,"22":56,"23":56,"24":56,"25":2,"26":2,"27":2,"28":2,"29":1,"30":1,"31":1,"32":1,"33":3},"f":{"0":56,"1":4,"2":4,"3":2,"4":4,"5":2,"6":2,"7":2,"8":2,"9":1,"10":1,"11":1,"12":1},"b":{"0":[1,3],"1":[1,3],"2":[1,3],"3":[1,2],"4":[0,1],"5":[1,1],"6":[56,42],"7":[43,13]},"_coverageSchema":"1a1c01bbd47fc00a2c39e90264f33305004495a9","hash":"0e14c152c0d92d8cec627fd0c8cb690eba43019e"}
,"/Users/jeremiahstones/Documents/workspace/Personal Projects/ascent_beacon/ascent-beacon-mobile/src/components/TimeTravelIndicator.tsx": {"path":"/Users/jeremiahstones/Documents/workspace/Personal Projects/ascent_beacon/ascent-beacon-mobile/src/components/TimeTravelIndicator.tsx","statementMap":{"0":{"start":{"line":9,"column":15},"end":{"line":22,"column":1}},"1":{"start":{"line":27,"column":45},"end":{"line":27,"column":54}},"2":{"start":{"line":29,"column":2},"end":{"line":31,"column":3}},"3":{"start":{"line":30,"column":4},"end":{"line":30,"column":16}},"4":{"start":{"line":33,"column":21},"end":{"line":42,"column":3}},"5":{"start":{"line":34,"column":14},"end":{"line":34,"column":29}},"6":{"start":{"line":35,"column":14},"end":{"line":35,"column":28}},"7":{"start":{"line":36,"column":14},"end":{"line":36,"column":32}},"8":{"start":{"line":37,"column":14},"end":{"line":37,"column":29}},"9":{"start":{"line":38,"column":16},"end":{"line":38,"column":33}},"10":{"start":{"line":39,"column":17},"end":{"line":39,"column":38}},"11":{"start":{"line":40,"column":16},"end":{"line":40,"column":28}},"12":{"start":{"line":41,"column":4},"end":{"line":41,"column":90}},"13":{"start":{"line":44,"column":2},"end":{"line":56,"column":4}},"14":{"start":{"line":59,"column":15},"end":{"line":79,"column":2}}},"fnMap":{"0":{"name":"TimeTravelIndicator","decl":{"start":{"line":24,"column":16},"end":{"line":24,"column":35}},"loc":{"start":{"line":26,"column":56},"end":{"line":57,"column":1}},"line":26},"1":{"name":"(anonymous_1)","decl":{"start":{"line":33,"column":21},"end":{"line":33,"column":22}},"loc":{"start":{"line":33,"column":45},"end":{"line":42,"column":3}},"line":33}},"branchMap":{"0":{"loc":{"start":{"line":29,"column":2},"end":{"line":31,"column":3}},"type":"if","locations":[{"start":{"line":29,"column":2},"end":{"line":31,"column":3}},{"start":{},"end":{}}],"line":29},"1":{"loc":{"start":{"line":29,"column":6},"end":{"line":29,"column":40}},"type":"binary-expr","locations":[{"start":{"line":29,"column":6},"end":{"line":29,"column":25}},{"start":{"line":29,"column":29},"end":{"line":29,"column":40}}],"line":29},"2":{"loc":{"start":{"line":39,"column":17},"end":{"line":39,"column":38}},"type":"cond-expr","locations":[{"start":{"line":39,"column":27},"end":{"line":39,"column":31}},{"start":{"line":39,"column":34},"end":{"line":39,"column":38}}],"line":39},"3":{"loc":{"start":{"line":40,"column":16},"end":{"line":40,"column":28}},"type":"binary-expr","locations":[{"start":{"line":40,"column":16},"end":{"line":40,"column":22}},{"start":{"line":40,"column":26},"end":{"line":40,"column":28}}],"line":40}},"s":{"0":2,"1":27,"2":27,"3":23,"4":4,"5":8,"6":8,"7":8,"8":8,"9":8,"10":8,"11":8,"12":8,"13":4,"14":2},"f":{"0":27,"1":8},"b":{"0":[23,4],"1":[27,4],"2":[0,8],"3":[8,0]},"_coverageSchema":"1a1c01bbd47fc00a2c39e90264f33305004495a9","hash":"2a37a1ab4f8b5555dcc399a21c2d58e4657f3001"}
,"/Users/jeremiahstones/Documents/workspace/Personal Projects/ascent_beacon/ascent-beacon-mobile/src/components/WeightAdjustmentModal.tsx": {"path":"/Users/jeremiahstones/Documents/workspace/Personal Projects/ascent_beacon/ascent-beacon-mobile/src/components/WeightAdjustmentModal.tsx","statementMap":{"0":{"start":{"line":27,"column":13},"end":{"line":27,"column":48}},"1":{"start":{"line":29,"column":2},"end":{"line":136,"column":4}},"2":{"start":{"line":67,"column":10},"end":{"line":95,"column":17}},"3":{"start":{"line":78,"column":18},"end":{"line":78,"column":53}}},"fnMap":{"0":{"name":"WeightAdjustmentModal","decl":{"start":{"line":22,"column":24},"end":{"line":22,"column":45}},"loc":{"start":{"line":26,"column":50},"end":{"line":137,"column":1}},"line":26},"1":{"name":"(anonymous_1)","decl":{"start":{"line":66,"column":24},"end":{"line":66,"column":25}},"loc":{"start":{"line":67,"column":10},"end":{"line":95,"column":17}},"line":67},"2":{"name":"(anonymous_2)","decl":{"start":{"line":77,"column":31},"end":{"line":77,"column":32}},"loc":{"start":{"line":78,"column":18},"end":{"line":78,"column":53}},"line":78}},"branchMap":{"0":{"loc":{"start":{"line":59,"column":14},"end":{"line":59,"column":76}},"type":"binary-expr","locations":[{"start":{"line":59,"column":14},"end":{"line":59,"column":50}},{"start":{"line":59,"column":54},"end":{"line":59,"column":76}}],"line":59},"1":{"loc":{"start":{"line":89,"column":18},"end":{"line":89,"column":61}},"type":"binary-expr","locations":[{"start":{"line":89,"column":18},"end":{"line":89,"column":35}},{"start":{"line":89,"column":39},"end":{"line":89,"column":61}}],"line":89},"2":{"loc":{"start":{"line":98,"column":9},"end":{"line":105,"column":9}},"type":"binary-expr","locations":[{"start":{"line":98,"column":9},"end":{"line":98,"column":25}},{"start":{"line":99,"column":10},"end":{"line":104,"column":17}}],"line":98},"3":{"loc":{"start":{"line":121,"column":12},"end":{"line":121,"column":72}},"type":"binary-expr","locations":[{"start":{"line":121,"column":13},"end":{"line":121,"column":22}},{"start":{"line":121,"column":26},"end":{"line":121,"column":42}},{"start":{"line":121,"column":47},"end":{"line":121,"column":72}}],"line":121},"4":{"loc":{"start":{"line":124,"column":20},"end":{"line":124,"column":49}},"type":"binary-expr","locations":[{"start":{"line":124,"column":20},"end":{"line":124,"column":29}},{"start":{"line":124,"column":33},"end":{"line":124,"column":49}}],"line":124},"5":{"loc":{"start":{"line":128,"column":11},"end":{"line":132,"column":11}},"type":"cond-expr","locations":[{"start":{"line":129,"column":12},"end":{"line":129,"column":46}},{"start":{"line":131,"column":12},"end":{"line":131,"column":67}}],"line":128}},"s":{"0":4,"1":4,"2":6,"3":0},"f":{"0":4,"1":6,"2":0},"b":{"0":[4,2],"1":[6,0],"2":[4,0],"3":[4,4,0],"4":[4,4],"5":[0,4]},"_coverageSchema":"1a1c01bbd47fc00a2c39e90264f33305004495a9","hash":"2718e726ab424f3b031cc1db0d2671c271af128b"}
,"/Users/jeremiahstones/Documents/workspace/Personal Projects/ascent_beacon/ascent-beacon-mobile/src/components/useTimeMachineActions.ts": {"path":"/Users/jeremiahstones/Documents/workspace/Personal Projects/ascent_beacon/ascent-beacon-mobile/src/components/useTimeMachineActions.ts","statementMap":{"0":{"start":{"line":33,"column":4},"end":{"line":33,"column":13}},"1":{"start":{"line":35,"column":40},"end":{"line":35,"column":67}},"2":{"start":{"line":36,"column":40},"end":{"line":36,"column":52}},"3":{"start":{"line":37,"column":44},"end":{"line":37,"column":55}},"4":{"start":{"line":38,"column":40},"end":{"line":38,"column":55}},"5":{"start":{"line":39,"column":52},"end":{"line":39,"column":67}},"6":{"start":{"line":40,"column":62},"end":{"line":40,"column":73}},"7":{"start":{"line":41,"column":42},"end":{"line":41,"column":57}},"8":{"start":{"line":43,"column":19},"end":{"line":46,"column":31}},"9":{"start":{"line":44,"column":4},"end":{"line":44,"column":50}},"10":{"start":{"line":44,"column":37},"end":{"line":44,"column":50}},"11":{"start":{"line":45,"column":4},"end":{"line":45,"column":56}},"12":{"start":{"line":48,"column":25},"end":{"line":55,"column":3}},"13":{"start":{"line":50,"column":22},"end":{"line":50,"column":60}},"14":{"start":{"line":51,"column":6},"end":{"line":51,"column":57}},"15":{"start":{"line":52,"column":6},"end":{"line":52,"column":30}},"16":{"start":{"line":57,"column":27},"end":{"line":68,"column":3}},"17":{"start":{"line":59,"column":6},"end":{"line":59,"column":27}},"18":{"start":{"line":60,"column":6},"end":{"line":60,"column":31}},"19":{"start":{"line":61,"column":6},"end":{"line":65,"column":7}},"20":{"start":{"line":62,"column":24},"end":{"line":62,"column":45}},"21":{"start":{"line":63,"column":8},"end":{"line":63,"column":45}},"22":{"start":{"line":64,"column":8},"end":{"line":64,"column":32}},"23":{"start":{"line":70,"column":28},"end":{"line":77,"column":8}},"24":{"start":{"line":71,"column":20},"end":{"line":71,"column":30}},"25":{"start":{"line":72,"column":4},"end":{"line":72,"column":46}},"26":{"start":{"line":73,"column":4},"end":{"line":73,"column":34}},"27":{"start":{"line":74,"column":4},"end":{"line":74,"column":28}},"28":{"start":{"line":75,"column":4},"end":{"line":75,"column":23}},"29":{"start":{"line":76,"column":4},"end":{"line":76,"column":24}},"30":{"start":{"line":79,"column":22},"end":{"line":85,"column":3}},"31":{"start":{"line":80,"column":4},"end":{"line":84,"column":5}},"32":{"start":{"line":81,"column":6},"end":{"line":81,"column":28}},"33":{"start":{"line":83,"column":6},"end":{"line":83,"column":34}},"34":{"start":{"line":88,"column":27},"end":{"line":112,"column":58}},"35":{"start":{"line":89,"column":4},"end":{"line":89,"column":29}},"36":{"start":{"line":89,"column":22},"end":{"line":89,"column":29}},"37":{"start":{"line":93,"column":6},"end":{"line":93,"column":64}},"38":{"start":{"line":95,"column":4},"end":{"line":109,"column":5}},"39":{"start":{"line":97,"column":6},"end":{"line":97,"column":28}},"40":{"start":{"line":98,"column":6},"end":{"line":106,"column":7}},"41":{"start":{"line":99,"column":24},"end":{"line":99,"column":54}},"42":{"start":{"line":100,"column":22},"end":{"line":100,"column":62}},"43":{"start":{"line":101,"column":8},"end":{"line":101,"column":41}},"44":{"start":{"line":103,"column":8},"end":{"line":103,"column":37}},"45":{"start":{"line":105,"column":8},"end":{"line":105,"column":31}},"46":{"start":{"line":108,"column":6},"end":{"line":108,"column":35}},"47":{"start":{"line":111,"column":4},"end":{"line":111,"column":25}},"48":{"start":{"line":115,"column":33},"end":{"line":126,"column":33}},"49":{"start":{"line":116,"column":4},"end":{"line":116,"column":26}},"50":{"start":{"line":117,"column":4},"end":{"line":124,"column":5}},"51":{"start":{"line":118,"column":20},"end":{"line":118,"column":53}},"52":{"start":{"line":119,"column":6},"end":{"line":119,"column":39}},"53":{"start":{"line":121,"column":6},"end":{"line":121,"column":35}},"54":{"start":{"line":123,"column":6},"end":{"line":123,"column":29}},"55":{"start":{"line":125,"column":4},"end":{"line":125,"column":31}},"56":{"start":{"line":128,"column":30},"end":{"line":147,"column":3}},"57":{"start":{"line":130,"column":6},"end":{"line":130,"column":31}},"58":{"start":{"line":130,"column":24},"end":{"line":130,"column":31}},"59":{"start":{"line":131,"column":6},"end":{"line":144,"column":7}},"60":{"start":{"line":132,"column":23},"end":{"line":132,"column":73}},"61":{"start":{"line":133,"column":8},"end":{"line":133,"column":30}},"62":{"start":{"line":134,"column":8},"end":{"line":134,"column":29}},"63":{"start":{"line":135,"column":8},"end":{"line":140,"column":9}},"64":{"start":{"line":136,"column":10},"end":{"line":139,"column":12}},"65":{"start":{"line":142,"column":20},"end":{"line":142,"column":79}},"66":{"start":{"line":143,"column":8},"end":{"line":143,"column":34}},"67":{"start":{"line":149,"column":32},"end":{"line":170,"column":3}},"68":{"start":{"line":151,"column":6},"end":{"line":167,"column":7}},"69":{"start":{"line":152,"column":23},"end":{"line":152,"column":60}},"70":{"start":{"line":153,"column":8},"end":{"line":153,"column":36}},"71":{"start":{"line":154,"column":8},"end":{"line":154,"column":29}},"72":{"start":{"line":156,"column":10},"end":{"line":158,"column":36}},"73":{"start":{"line":159,"column":8},"end":{"line":159,"column":52}},"74":{"start":{"line":160,"column":8},"end":{"line":160,"column":18}},"75":{"start":{"line":163,"column":10},"end":{"line":165,"column":43}},"76":{"start":{"line":166,"column":8},"end":{"line":166,"column":34}},"77":{"start":{"line":172,"column":30},"end":{"line":176,"column":18}},"78":{"start":{"line":173,"column":4},"end":{"line":173,"column":25}},"79":{"start":{"line":174,"column":4},"end":{"line":174,"column":49}},"80":{"start":{"line":175,"column":4},"end":{"line":175,"column":52}},"81":{"start":{"line":178,"column":2},"end":{"line":198,"column":4}}},"fnMap":{"0":{"name":"useTimeMachineActions","decl":{"start":{"line":29,"column":16},"end":{"line":29,"column":37}},"loc":{"start":{"line":31,"column":31},"end":{"line":199,"column":1}},"line":31},"1":{"name":"(anonymous_1)","decl":{"start":{"line":43,"column":31},"end":{"line":43,"column":32}},"loc":{"start":{"line":43,"column":46},"end":{"line":46,"column":3}},"line":43},"2":{"name":"(anonymous_2)","decl":{"start":{"line":49,"column":4},"end":{"line":49,"column":5}},"loc":{"start":{"line":49,"column":23},"end":{"line":53,"column":5}},"line":49},"3":{"name":"(anonymous_3)","decl":{"start":{"line":58,"column":4},"end":{"line":58,"column":5}},"loc":{"start":{"line":58,"column":38},"end":{"line":66,"column":5}},"line":58},"4":{"name":"(anonymous_4)","decl":{"start":{"line":70,"column":40},"end":{"line":70,"column":41}},"loc":{"start":{"line":70,"column":58},"end":{"line":77,"column":3}},"line":70},"5":{"name":"(anonymous_5)","decl":{"start":{"line":79,"column":22},"end":{"line":79,"column":23}},"loc":{"start":{"line":79,"column":58},"end":{"line":85,"column":3}},"line":79},"6":{"name":"(anonymous_6)","decl":{"start":{"line":88,"column":39},"end":{"line":88,"column":40}},"loc":{"start":{"line":88,"column":51},"end":{"line":112,"column":3}},"line":88},"7":{"name":"(anonymous_7)","decl":{"start":{"line":115,"column":45},"end":{"line":115,"column":46}},"loc":{"start":{"line":115,"column":57},"end":{"line":126,"column":3}},"line":115},"8":{"name":"(anonymous_8)","decl":{"start":{"line":129,"column":4},"end":{"line":129,"column":5}},"loc":{"start":{"line":129,"column":42},"end":{"line":145,"column":5}},"line":129},"9":{"name":"(anonymous_9)","decl":{"start":{"line":150,"column":4},"end":{"line":150,"column":5}},"loc":{"start":{"line":150,"column":42},"end":{"line":168,"column":5}},"line":150},"10":{"name":"(anonymous_10)","decl":{"start":{"line":172,"column":42},"end":{"line":172,"column":43}},"loc":{"start":{"line":172,"column":48},"end":{"line":176,"column":3}},"line":172}},"branchMap":{"0":{"loc":{"start":{"line":44,"column":4},"end":{"line":44,"column":50}},"type":"if","locations":[{"start":{"line":44,"column":4},"end":{"line":44,"column":50}},{"start":{},"end":{}}],"line":44},"1":{"loc":{"start":{"line":44,"column":8},"end":{"line":44,"column":35}},"type":"binary-expr","locations":[{"start":{"line":44,"column":8},"end":{"line":44,"column":20}},{"start":{"line":44,"column":24},"end":{"line":44,"column":35}}],"line":44},"2":{"loc":{"start":{"line":61,"column":6},"end":{"line":65,"column":7}},"type":"if","locations":[{"start":{"line":61,"column":6},"end":{"line":65,"column":7}},{"start":{},"end":{}}],"line":61},"3":{"loc":{"start":{"line":80,"column":4},"end":{"line":84,"column":5}},"type":"if","locations":[{"start":{"line":80,"column":4},"end":{"line":84,"column":5}},{"start":{"line":82,"column":11},"end":{"line":84,"column":5}}],"line":80},"4":{"loc":{"start":{"line":89,"column":4},"end":{"line":89,"column":29}},"type":"if","locations":[{"start":{"line":89,"column":4},"end":{"line":89,"column":29}},{"start":{},"end":{}}],"line":89},"5":{"loc":{"start":{"line":93,"column":6},"end":{"line":93,"column":64}},"type":"binary-expr","locations":[{"start":{"line":93,"column":6},"end":{"line":93,"column":16}},{"start":{"line":93,"column":20},"end":{"line":93,"column":64}}],"line":93},"6":{"loc":{"start":{"line":95,"column":4},"end":{"line":109,"column":5}},"type":"if","locations":[{"start":{"line":95,"column":4},"end":{"line":109,"column":5}},{"start":{"line":107,"column":11},"end":{"line":109,"column":5}}],"line":95},"7":{"loc":{"start":{"line":130,"column":6},"end":{"line":130,"column":31}},"type":"if","locations":[{"start":{"line":130,"column":6},"end":{"line":130,"column":31}},{"start":{},"end":{}}],"line":130},"8":{"loc":{"start":{"line":135,"column":8},"end":{"line":140,"column":9}},"type":"if","locations":[{"start":{"line":135,"column":8},"end":{"line":140,"column":9}},{"start":{},"end":{}}],"line":135},"9":{"loc":{"start":{"line":135,"column":12},"end":{"line":135,"column":56}},"type":"binary-expr","locations":[{"start":{"line":135,"column":12},"end":{"line":135,"column":29}},{"start":{"line":135,"column":33},"end":{"line":135,"column":56}}],"line":135},"10":{"loc":{"start":{"line":138,"column":56},"end":{"line":138,"column":92}},"type":"cond-expr","locations":[{"start":{"line":138,"column":84},"end":{"line":138,"column":86}},{"start":{"line":138,"column":89},"end":{"line":138,"column":92}}],"line":138},"11":{"loc":{"start":{"line":142,"column":20},"end":{"line":142,"column":79}},"type":"cond-expr","locations":[{"start":{"line":142,"column":45},"end":{"line":142,"column":58}},{"start":{"line":142,"column":61},"end":{"line":142,"column":79}}],"line":142},"12":{"loc":{"start":{"line":156,"column":10},"end":{"line":158,"column":36}},"type":"cond-expr","locations":[{"start":{"line":157,"column":14},"end":{"line":157,"column":104}},{"start":{"line":158,"column":14},"end":{"line":158,"column":36}}],"line":156},"13":{"loc":{"start":{"line":156,"column":10},"end":{"line":156,"column":54}},"type":"binary-expr","locations":[{"start":{"line":156,"column":10},"end":{"line":156,"column":27}},{"start":{"line":156,"column":31},"end":{"line":156,"column":54}}],"line":156},"14":{"loc":{"start":{"line":157,"column":65},"end":{"line":157,"column":101}},"type":"cond-expr","locations":[{"start":{"line":157,"column":93},"end":{"line":157,"column":95}},{"start":{"line":157,"column":98},"end":{"line":157,"column":101}}],"line":157},"15":{"loc":{"start":{"line":163,"column":10},"end":{"line":165,"column":43}},"type":"cond-expr","locations":[{"start":{"line":164,"column":14},"end":{"line":164,"column":27}},{"start":{"line":165,"column":14},"end":{"line":165,"column":43}}],"line":163},"16":{"loc":{"start":{"line":174,"column":19},"end":{"line":174,"column":47}},"type":"binary-expr","locations":[{"start":{"line":174,"column":19},"end":{"line":174,"column":41}},{"start":{"line":174,"column":45},"end":{"line":174,"column":47}}],"line":174},"17":{"loc":{"start":{"line":175,"column":21},"end":{"line":175,"column":50}},"type":"binary-expr","locations":[{"start":{"line":175,"column":21},"end":{"line":175,"column":45}},{"start":{"line":175,"column":49},"end":{"line":175,"column":50}}],"line":175}},"s":{"0":57,"1":57,"2":57,"3":57,"4":57,"5":57,"6":57,"7":57,"8":57,"9":123,"10":123,"11":0,"12":57,"13":4,"14":4,"15":4,"16":57,"17":0,"18":0,"19":0,"20":0,"21":0,"22":0,"23":57,"24":4,"25":4,"26":4,"27":4,"28":4,"29":4,"30":57,"31":0,"32":0,"33":0,"34":57,"35":1,"36":0,"37":1,"38":1,"39":0,"40":0,"41":0,"42":0,"43":0,"44":0,"45":0,"46":1,"47":1,"48":57,"49":0,"50":0,"51":0,"52":0,"53":0,"54":0,"55":0,"56":57,"57":0,"58":0,"59":0,"60":0,"61":0,"62":0,"63":0,"64":0,"65":0,"66":0,"67":57,"68":0,"69":0,"70":0,"71":0,"72":0,"73":0,"74":0,"75":0,"76":0,"77":57,"78":1,"79":1,"80":1,"81":57},"f":{"0":57,"1":123,"2":4,"3":0,"4":4,"5":0,"6":1,"7":0,"8":0,"9":0,"10":1},"b":{"0":[123,0],"1":[123,27],"2":[0,0],"3":[0,0],"4":[0,1],"5":[1,0],"6":[0,1],"7":[0,0],"8":[0,0],"9":[0,0],"10":[0,0],"11":[0,0],"12":[0,0],"13":[0,0],"14":[0,0],"15":[0,0],"16":[1,1],"17":[1,1]},"_coverageSchema":"1a1c01bbd47fc00a2c39e90264f33305004495a9","hash":"1fbde300e9f7d8a794d176993ed50a87558cf38f"}
,"/Users/jeremiahstones/Documents/workspace/Personal Projects/ascent_beacon/ascent-beacon-mobile/src/components/assistant/ChatMessage.tsx": {"path":"/Users/jeremiahstones/Documents/workspace/Personal Projects/ascent_beacon/ascent-beacon-mobile/src/components/assistant/ChatMessage.tsx","statementMap":{"0":{"start":{"line":22,"column":17},"end":{"line":22,"column":41}},"1":{"start":{"line":24,"column":2},"end":{"line":32,"column":3}},"2":{"start":{"line":25,"column":4},"end":{"line":31,"column":6}},"3":{"start":{"line":34,"column":2},"end":{"line":56,"column":4}}},"fnMap":{"0":{"name":"ChatMessage","decl":{"start":{"line":18,"column":24},"end":{"line":18,"column":35}},"loc":{"start":{"line":21,"column":40},"end":{"line":57,"column":1}},"line":21}},"branchMap":{"0":{"loc":{"start":{"line":20,"column":2},"end":{"line":20,"column":19}},"type":"default-arg","locations":[{"start":{"line":20,"column":14},"end":{"line":20,"column":19}}],"line":20},"1":{"loc":{"start":{"line":24,"column":2},"end":{"line":32,"column":3}},"type":"if","locations":[{"start":{"line":24,"column":2},"end":{"line":32,"column":3}},{"start":{},"end":{}}],"line":24},"2":{"loc":{"start":{"line":36,"column":33},"end":{"line":36,"column":78}},"type":"cond-expr","locations":[{"start":{"line":36,"column":42},"end":{"line":36,"column":56}},{"start":{"line":36,"column":59},"end":{"line":36,"column":78}}],"line":36},"3":{"loc":{"start":{"line":38,"column":29},"end":{"line":38,"column":57}},"type":"cond-expr","locations":[{"start":{"line":38,"column":38},"end":{"line":38,"column":43}},{"start":{"line":38,"column":46},"end":{"line":38,"column":57}}],"line":38},"4":{"loc":{"start":{"line":38,"column":62},"end":{"line":38,"column":84}},"type":"binary-expr","locations":[{"start":{"line":38,"column":62},"end":{"line":38,"column":78}},{"start":{"line":38,"column":82},"end":{"line":38,"column":84}}],"line":38},"5":{"loc":{"start":{"line":43,"column":10},"end":{"line":43,"column":61}},"type":"cond-expr","locations":[{"start":{"line":43,"column":19},"end":{"line":43,"column":36}},{"start":{"line":43,"column":39},"end":{"line":43,"column":61}}],"line":43},"6":{"loc":{"start":{"line":49,"column":12},"end":{"line":49,"column":59}},"type":"cond-expr","locations":[{"start":{"line":49,"column":21},"end":{"line":49,"column":36}},{"start":{"line":49,"column":39},"end":{"line":49,"column":59}}],"line":49}},"s":{"0":6,"1":6,"2":1,"3":5},"f":{"0":6},"b":{"0":[4],"1":[1,5],"2":[3,2],"3":[3,2],"4":[5,0],"5":[3,2],"6":[3,2]},"_coverageSchema":"1a1c01bbd47fc00a2c39e90264f33305004495a9","hash":"9f112ce4aa63218b07f4daa84f51da0f7ef1d0eb"}
,"/Users/jeremiahstones/Documents/workspace/Personal Projects/ascent_beacon/ascent-beacon-mobile/src/components/assistant/InputBar.tsx": {"path":"/Users/jeremiahstones/Documents/workspace/Personal Projects/ascent_beacon/ascent-beacon-mobile/src/components/assistant/InputBar.tsx","statementMap":{"0":{"start":{"line":25,"column":18},"end":{"line":25,"column":48}},"1":{"start":{"line":27,"column":2},"end":{"line":62,"column":4}}},"fnMap":{"0":{"name":"InputBar","decl":{"start":{"line":17,"column":24},"end":{"line":17,"column":32}},"loc":{"start":{"line":24,"column":37},"end":{"line":63,"column":1}},"line":24}},"branchMap":{"0":{"loc":{"start":{"line":22,"column":2},"end":{"line":22,"column":19}},"type":"default-arg","locations":[{"start":{"line":22,"column":14},"end":{"line":22,"column":19}}],"line":22},"1":{"loc":{"start":{"line":23,"column":2},"end":{"line":23,"column":21}},"type":"default-arg","locations":[{"start":{"line":23,"column":16},"end":{"line":23,"column":21}}],"line":23},"2":{"loc":{"start":{"line":25,"column":18},"end":{"line":25,"column":48}},"type":"binary-expr","locations":[{"start":{"line":25,"column":18},"end":{"line":25,"column":34}},{"start":{"line":25,"column":38},"end":{"line":25,"column":48}}],"line":25},"3":{"loc":{"start":{"line":32,"column":18},"end":{"line":32,"column":42}},"type":"binary-expr","locations":[{"start":{"line":32,"column":18},"end":{"line":32,"column":29}},{"start":{"line":32,"column":33},"end":{"line":32,"column":42}}],"line":32},"4":{"loc":{"start":{"line":53,"column":35},"end":{"line":53,"column":72}},"type":"binary-expr","locations":[{"start":{"line":53,"column":35},"end":{"line":53,"column":43}},{"start":{"line":53,"column":47},"end":{"line":53,"column":72}}],"line":53}},"s":{"0":11,"1":11},"f":{"0":11},"b":{"0":[0],"1":[0],"2":[11,3],"3":[11,10],"4":[11,9]},"_coverageSchema":"1a1c01bbd47fc00a2c39e90264f33305004495a9","hash":"b3bc990444e48096818c0eb1322d5b28e5676e05"}
,"/Users/jeremiahstones/Documents/workspace/Personal Projects/ascent_beacon/ascent-beacon-mobile/src/components/assistant/ProposedValueCard.tsx": {"path":"/Users/jeremiahstones/Documents/workspace/Personal Projects/ascent_beacon/ascent-beacon-mobile/src/components/assistant/ProposedValueCard.tsx","statementMap":{"0":{"start":{"line":21,"column":18},"end":{"line":21,"column":66}},"1":{"start":{"line":22,"column":20},"end":{"line":22,"column":61}},"2":{"start":{"line":24,"column":2},"end":{"line":58,"column":4}},"3":{"start":{"line":42,"column":25},"end":{"line":42,"column":52}},"4":{"start":{"line":50,"column":25},"end":{"line":50,"column":52}}},"fnMap":{"0":{"name":"ProposedValueCard","decl":{"start":{"line":15,"column":24},"end":{"line":15,"column":41}},"loc":{"start":{"line":19,"column":46},"end":{"line":59,"column":1}},"line":19},"1":{"name":"(anonymous_1)","decl":{"start":{"line":42,"column":19},"end":{"line":42,"column":20}},"loc":{"start":{"line":42,"column":25},"end":{"line":42,"column":52}},"line":42},"2":{"name":"(anonymous_2)","decl":{"start":{"line":50,"column":19},"end":{"line":50,"column":20}},"loc":{"start":{"line":50,"column":25},"end":{"line":50,"column":52}},"line":50}},"branchMap":{"0":{"loc":{"start":{"line":22,"column":20},"end":{"line":22,"column":61}},"type":"binary-expr","locations":[{"start":{"line":22,"column":20},"end":{"line":22,"column":37}},{"start":{"line":22,"column":41},"end":{"line":22,"column":61}}],"line":22},"1":{"loc":{"start":{"line":34,"column":7},"end":{"line":38,"column":7}},"type":"binary-expr","locations":[{"start":{"line":34,"column":7},"end":{"line":34,"column":33}},{"start":{"line":35,"column":8},"end":{"line":37,"column":15}}],"line":34}},"s":{"0":10,"1":10,"2":10,"3":1,"4":2},"f":{"0":10,"1":1,"2":2},"b":{"0":[10,0],"1":[10,1]},"_coverageSchema":"1a1c01bbd47fc00a2c39e90264f33305004495a9","hash":"75a945f44e62ba590808a6ec5ac0abb9ef475e4e"}
,"/Users/jeremiahstones/Documents/workspace/Personal Projects/ascent_beacon/ascent-beacon-mobile/src/components/assistant/SymbolHeader.tsx": {"path":"/Users/jeremiahstones/Documents/workspace/Personal Projects/ascent_beacon/ascent-beacon-mobile/src/components/assistant/SymbolHeader.tsx","statementMap":{"0":{"start":{"line":17,"column":2},"end":{"line":35,"column":4}}},"fnMap":{"0":{"name":"SymbolHeader","decl":{"start":{"line":13,"column":24},"end":{"line":13,"column":36}},"loc":{"start":{"line":16,"column":41},"end":{"line":36,"column":1}},"line":16}},"branchMap":{},"s":{"0":5},"f":{"0":5},"b":{},"_coverageSchema":"1a1c01bbd47fc00a2c39e90264f33305004495a9","hash":"34075d0e393d6ad33aefc3ed8445bb7a1b7a7ed9"}
,"/Users/jeremiahstones/Documents/workspace/Personal Projects/ascent_beacon/ascent-beacon-mobile/src/components/assistant/ValueCard.tsx": {"path":"/Users/jeremiahstones/Documents/workspace/Personal Projects/ascent_beacon/ascent-beacon-mobile/src/components/assistant/ValueCard.tsx","statementMap":{"0":{"start":{"line":38,"column":2},"end":{"line":38,"column":45}},"1":{"start":{"line":38,"column":33},"end":{"line":38,"column":45}},"2":{"start":{"line":40,"column":2},"end":{"line":124,"column":4}},"3":{"start":{"line":56,"column":25},"end":{"line":56,"column":38}},"4":{"start":{"line":64,"column":25},"end":{"line":64,"column":40}},"5":{"start":{"line":78,"column":29},"end":{"line":78,"column":51}},"6":{"start":{"line":103,"column":31},"end":{"line":103,"column":56}},"7":{"start":{"line":113,"column":31},"end":{"line":113,"column":51}}},"fnMap":{"0":{"name":"ValueCard","decl":{"start":{"line":24,"column":24},"end":{"line":24,"column":33}},"loc":{"start":{"line":37,"column":45},"end":{"line":125,"column":1}},"line":37},"1":{"name":"(anonymous_1)","decl":{"start":{"line":56,"column":19},"end":{"line":56,"column":20}},"loc":{"start":{"line":56,"column":25},"end":{"line":56,"column":38}},"line":56},"2":{"name":"(anonymous_2)","decl":{"start":{"line":64,"column":19},"end":{"line":64,"column":20}},"loc":{"start":{"line":64,"column":25},"end":{"line":64,"column":40}},"line":64},"3":{"name":"(anonymous_3)","decl":{"start":{"line":78,"column":23},"end":{"line":78,"column":24}},"loc":{"start":{"line":78,"column":29},"end":{"line":78,"column":51}},"line":78},"4":{"name":"(anonymous_4)","decl":{"start":{"line":103,"column":25},"end":{"line":103,"column":26}},"loc":{"start":{"line":103,"column":31},"end":{"line":103,"column":56}},"line":103},"5":{"name":"(anonymous_5)","decl":{"start":{"line":113,"column":25},"end":{"line":113,"column":26}},"loc":{"start":{"line":113,"column":31},"end":{"line":113,"column":51}},"line":113}},"branchMap":{"0":{"loc":{"start":{"line":38,"column":2},"end":{"line":38,"column":45}},"type":"if","locations":[{"start":{"line":38,"column":2},"end":{"line":38,"column":45}},{"start":{},"end":{}}],"line":38},"1":{"loc":{"start":{"line":38,"column":6},"end":{"line":38,"column":31}},"type":"binary-expr","locations":[{"start":{"line":38,"column":6},"end":{"line":38,"column":21}},{"start":{"line":38,"column":25},"end":{"line":38,"column":31}}],"line":38},"2":{"loc":{"start":{"line":42,"column":32},"end":{"line":42,"column":72}},"type":"binary-expr","locations":[{"start":{"line":42,"column":32},"end":{"line":42,"column":45}},{"start":{"line":42,"column":49},"end":{"line":42,"column":72}}],"line":42},"3":{"loc":{"start":{"line":50,"column":11},"end":{"line":50,"column":77}},"type":"cond-expr","locations":[{"start":{"line":50,"column":52},"end":{"line":50,"column":64}},{"start":{"line":50,"column":67},"end":{"line":50,"column":77}}],"line":50},"4":{"loc":{"start":{"line":72,"column":7},"end":{"line":94,"column":7}},"type":"binary-expr","locations":[{"start":{"line":72,"column":7},"end":{"line":72,"column":17}},{"start":{"line":73,"column":8},"end":{"line":93,"column":15}}],"line":72},"5":{"loc":{"start":{"line":96,"column":7},"end":{"line":122,"column":7}},"type":"binary-expr","locations":[{"start":{"line":96,"column":7},"end":{"line":96,"column":14}},{"start":{"line":97,"column":8},"end":{"line":121,"column":15}}],"line":96},"6":{"loc":{"start":{"line":100,"column":13},"end":{"line":109,"column":13}},"type":"binary-expr","locations":[{"start":{"line":100,"column":13},"end":{"line":100,"column":37}},{"start":{"line":100,"column":41},"end":{"line":100,"column":56}},{"start":{"line":101,"column":14},"end":{"line":108,"column":33}}],"line":100},"7":{"loc":{"start":{"line":110,"column":13},"end":{"line":119,"column":13}},"type":"binary-expr","locations":[{"start":{"line":110,"column":13},"end":{"line":110,"column":23}},{"start":{"line":111,"column":14},"end":{"line":118,"column":33}}],"line":110}},"s":{"0":17,"1":1,"2":16,"3":1,"4":1,"5":1,"6":0,"7":0},"f":{"0":17,"1":1,"2":1,"3":1,"4":0,"5":0},"b":{"0":[1,16],"1":[17,16],"2":[16,0],"3":[1,15],"4":[16,5],"5":[16,3],"6":[3,3,3],"7":[3,3]},"_coverageSchema":"1a1c01bbd47fc00a2c39e90264f33305004495a9","hash":"15043a1eaa829b52cc1014ba0373033141ad8c82"}
,"/Users/jeremiahstones/Documents/workspace/Personal Projects/ascent_beacon/ascent-beacon-mobile/src/components/assistant/assistantStyles.ts": {"path":"/Users/jeremiahstones/Documents/workspace/Personal Projects/ascent_beacon/ascent-beacon-mobile/src/components/assistant/assistantStyles.ts","statementMap":{},"fnMap":{},"branchMap":{},"s":{},"f":{},"b":{}}
,"/Users/jeremiahstones/Documents/workspace/Personal Projects/ascent_beacon/ascent-beacon-mobile/src/components/discovery/BucketStep.tsx": {"path":"/Users/jeremiahstones/Documents/workspace/Personal Projects/ascent_beacon/ascent-beacon-mobile/src/components/discovery/BucketStep.tsx","statementMap":{"0":{"start":{"line":37,"column":50},"end":{"line":37,"column":65}},"1":{"start":{"line":38,"column":42},"end":{"line":38,"column":75}},"2":{"start":{"line":39,"column":25},"end":{"line":39,"column":43}},"3":{"start":{"line":41,"column":2},"end":{"line":47,"column":25}},"4":{"start":{"line":42,"column":4},"end":{"line":46,"column":5}},"5":{"start":{"line":43,"column":6},"end":{"line":45,"column":14}},"6":{"start":{"line":44,"column":8},"end":{"line":44,"column":70}},"7":{"start":{"line":49,"column":26},"end":{"line":49,"column":53}},"8":{"start":{"line":50,"column":28},"end":{"line":50,"column":64}},"9":{"start":{"line":52,"column":4},"end":{"line":54,"column":63}},"10":{"start":{"line":56,"column":26},"end":{"line":59,"column":3}},"11":{"start":{"line":57,"column":4},"end":{"line":57,"column":26}},"12":{"start":{"line":58,"column":4},"end":{"line":58,"column":30}},"13":{"start":{"line":61,"column":21},"end":{"line":67,"column":3}},"14":{"start":{"line":62,"column":4},"end":{"line":64,"column":5}},"15":{"start":{"line":63,"column":6},"end":{"line":63,"column":49}},"16":{"start":{"line":65,"column":4},"end":{"line":65,"column":31}},"17":{"start":{"line":66,"column":4},"end":{"line":66,"column":26}},"18":{"start":{"line":69,"column":25},"end":{"line":75,"column":3}},"19":{"start":{"line":70,"column":4},"end":{"line":74,"column":5}},"20":{"start":{"line":71,"column":6},"end":{"line":71,"column":26}},"21":{"start":{"line":73,"column":6},"end":{"line":73,"column":19}},"22":{"start":{"line":77,"column":30},"end":{"line":118,"column":3}},"23":{"start":{"line":83,"column":4},"end":{"line":117,"column":11}},"24":{"start":{"line":103,"column":12},"end":{"line":113,"column":31}},"25":{"start":{"line":106,"column":29},"end":{"line":106,"column":50}},"26":{"start":{"line":120,"column":2},"end":{"line":270,"column":4}},"27":{"start":{"line":179,"column":30},"end":{"line":179,"column":56}},"28":{"start":{"line":193,"column":35},"end":{"line":193,"column":58}},"29":{"start":{"line":203,"column":35},"end":{"line":203,"column":56}},"30":{"start":{"line":216,"column":35},"end":{"line":216,"column":53}},"31":{"start":{"line":224,"column":35},"end":{"line":224,"column":56}},"32":{"start":{"line":237,"column":35},"end":{"line":237,"column":53}},"33":{"start":{"line":245,"column":35},"end":{"line":245,"column":58}},"34":{"start":{"line":259,"column":31},"end":{"line":259,"column":57}}},"fnMap":{"0":{"name":"BucketStep","decl":{"start":{"line":28,"column":24},"end":{"line":28,"column":34}},"loc":{"start":{"line":36,"column":40},"end":{"line":271,"column":1}},"line":36},"1":{"name":"(anonymous_1)","decl":{"start":{"line":41,"column":12},"end":{"line":41,"column":13}},"loc":{"start":{"line":41,"column":18},"end":{"line":47,"column":3}},"line":41},"2":{"name":"(anonymous_2)","decl":{"start":{"line":43,"column":17},"end":{"line":43,"column":18}},"loc":{"start":{"line":43,"column":23},"end":{"line":45,"column":7}},"line":43},"3":{"name":"(anonymous_3)","decl":{"start":{"line":56,"column":26},"end":{"line":56,"column":27}},"loc":{"start":{"line":56,"column":48},"end":{"line":59,"column":3}},"line":56},"4":{"name":"(anonymous_4)","decl":{"start":{"line":61,"column":21},"end":{"line":61,"column":22}},"loc":{"start":{"line":61,"column":56},"end":{"line":67,"column":3}},"line":61},"5":{"name":"(anonymous_5)","decl":{"start":{"line":69,"column":25},"end":{"line":69,"column":26}},"loc":{"start":{"line":69,"column":31},"end":{"line":75,"column":3}},"line":69},"6":{"name":"(anonymous_6)","decl":{"start":{"line":77,"column":30},"end":{"line":77,"column":31}},"loc":{"start":{"line":83,"column":4},"end":{"line":117,"column":11}},"line":83},"7":{"name":"(anonymous_7)","decl":{"start":{"line":102,"column":21},"end":{"line":102,"column":22}},"loc":{"start":{"line":103,"column":12},"end":{"line":113,"column":31}},"line":103},"8":{"name":"(anonymous_8)","decl":{"start":{"line":106,"column":23},"end":{"line":106,"column":24}},"loc":{"start":{"line":106,"column":29},"end":{"line":106,"column":50}},"line":106},"9":{"name":"(anonymous_9)","decl":{"start":{"line":179,"column":24},"end":{"line":179,"column":25}},"loc":{"start":{"line":179,"column":30},"end":{"line":179,"column":56}},"line":179},"10":{"name":"(anonymous_10)","decl":{"start":{"line":193,"column":29},"end":{"line":193,"column":30}},"loc":{"start":{"line":193,"column":35},"end":{"line":193,"column":58}},"line":193},"11":{"name":"(anonymous_11)","decl":{"start":{"line":203,"column":29},"end":{"line":203,"column":30}},"loc":{"start":{"line":203,"column":35},"end":{"line":203,"column":56}},"line":203},"12":{"name":"(anonymous_12)","decl":{"start":{"line":216,"column":29},"end":{"line":216,"column":30}},"loc":{"start":{"line":216,"column":35},"end":{"line":216,"column":53}},"line":216},"13":{"name":"(anonymous_13)","decl":{"start":{"line":224,"column":29},"end":{"line":224,"column":30}},"loc":{"start":{"line":224,"column":35},"end":{"line":224,"column":56}},"line":224},"14":{"name":"(anonymous_14)","decl":{"start":{"line":237,"column":29},"end":{"line":237,"column":30}},"loc":{"start":{"line":237,"column":35},"end":{"line":237,"column":53}},"line":237},"15":{"name":"(anonymous_15)","decl":{"start":{"line":245,"column":29},"end":{"line":245,"column":30}},"loc":{"start":{"line":245,"column":35},"end":{"line":245,"column":58}},"line":245},"16":{"name":"(anonymous_16)","decl":{"start":{"line":259,"column":25},"end":{"line":259,"column":26}},"loc":{"start":{"line":259,"column":31},"end":{"line":259,"column":57}},"line":259}},"branch
[...]
},"end":{"line":1352,"column":38}},{"start":{"line":1352,"column":42},"end":{"line":1352,"column":53}}],"line":1352},"221":{"loc":{"start":{"line":1357,"column":10},"end":{"line":1359,"column":11}},"type":"if","locations":[{"start":{"line":1357,"column":10},"end":{"line":1359,"column":11}},{"start":{},"end":{}}],"line":1357},"222":{"loc":{"start":{"line":1357,"column":14},"end":{"line":1357,"column":56}},"type":"binary-expr","locations":[{"start":{"line":1357,"column":14},"end":{"line":1357,"column":25}},{"start":{"line":1357,"column":29},"end":{"line":1357,"column":56}}],"line":1357},"223":{"loc":{"start":{"line":1363,"column":26},"end":{"line":1363,"column":62}},"type":"binary-expr","locations":[{"start":{"line":1363,"column":26},"end":{"line":1363,"column":38}},{"start":{"line":1363,"column":42},"end":{"line":1363,"column":62}}],"line":1363},"224":{"loc":{"start":{"line":1367,"column":8},"end":{"line":1371,"column":9}},"type":"if","locations":[{"start":{"line":1367,"column":8},"end":{"line":1371,"column":9}},{"start":{"line":1369,"column":15},"end":{"line":1371,"column":9}}],"line":1367},"225":{"loc":{"start":{"line":1369,"column":15},"end":{"line":1371,"column":9}},"type":"if","locations":[{"start":{"line":1369,"column":15},"end":{"line":1371,"column":9}},{"start":{},"end":{}}],"line":1369},"226":{"loc":{"start":{"line":1381,"column":23},"end":{"line":1381,"column":58}},"type":"cond-expr","locations":[{"start":{"line":1381,"column":35},"end":{"line":1381,"column":51}},{"start":{"line":1381,"column":54},"end":{"line":1381,"column":58}}],"line":1381}},"s":{"0":662,"1":662,"2":662,"3":662,"4":0,"5":0,"6":0,"7":0,"8":0,"9":0,"10":0,"11":0,"12":96,"13":87,"14":9,"15":32,"16":32,"17":32,"18":32,"19":9,"20":9,"21":9,"22":9,"23":6,"24":3,"25":39,"26":3,"27":1,"28":2,"29":2,"30":1,"31":1,"32":1,"33":1,"34":1,"35":41,"36":1,"37":40,"38":0,"39":40,"40":40,"41":0,"42":0,"43":0,"44":40,"45":4,"46":4,"47":2,"48":2,"49":36,"50":1,"51":35,"52":62,"53":62,"54":38,"55":2,"56":36,"57":36,"58":62,"59":0,"60":0,"61":0,"62":0,"63":0,"64":0,"65":0,"66":0,"67":0,"68":0,"69":0,"70":0,"71":0,"72":0,"73":0,"74":0,"75":0,"76":0,"77":0,"78":0,"79":0,"80":0,"81":0,"82":62,"83":0,"84":0,"85":0,"86":0,"87":0,"88":62,"89":5,"90":5,"91":5,"92":62,"93":62,"94":62,"95":99,"96":1,"97":98,"98":98,"99":0,"100":98,"101":7,"102":7,"103":7,"104":7,"105":91,"106":137,"107":99,"108":210,"109":0,"110":210,"111":6,"112":6,"113":6,"114":6,"115":0,"116":0,"117":0,"118":0,"119":52,"120":49,"121":3,"122":0,"123":3,"124":3,"125":3,"126":3,"127":3,"128":3,"129":0,"130":3,"131":3,"132":3,"133":3,"134":3,"135":3,"136":0,"137":117,"138":0,"139":117,"140":23,"141":94,"142":0,"143":94,"144":94,"145":2,"146":92,"147":8,"148":8,"149":84,"150":7,"151":7,"152":8,"153":0,"154":8,"155":5,"156":5,"157":3,"158":2,"159":1,"160":8,"161":6,"162":8,"163":7,"164":6,"165":2,"166":4,"167":0,"168":4,"169":2,"170":2,"171":2,"172":2,"173":0,"174":2,"175":2,"176":2,"177":2,"178":0,"179":2,"180":0,"181":2,"182":1,"183":1,"184":1,"185":1,"186":7,"187":6,"188":1,"189":5,"190":5,"191":5,"192":5,"193":5,"194":5,"195":5,"196":5,"197":5,"198":1,"199":4,"200":3,"201":1,"202":1,"203":1,"204":10,"205":10,"206":8,"207":5,"208":5,"209":5,"210":3,"211":2,"212":1,"213":3,"214":3,"215":3,"216":6,"217":4,"218":4,"219":3,"220":4,"221":2,"222":3,"223":3,"224":3,"225":1,"226":1,"227":1,"228":3,"229":3,"230":34,"231":84,"232":84,"233":84,"234":84,"235":34,"236":39,"237":39,"238":17,"239":17,"240":17,"241":17,"242":17,"243":17,"244":111,"245":111,"246":97,"247":14,"248":14,"249":14,"250":14,"251":36,"252":0,"253":0,"254":0,"255":0,"256":111,"257":103,"258":111,"259":17,"260":0,"261":0,"262":0,"263":17,"264":0,"265":0,"266":0,"267":0,"268":0,"269":0,"270":0,"271":0,"272":0,"273":0,"274":0,"275":0,"276":0,"277":0,"278":0,"279":0,"280":0,"281":0,"282":0,"283":0,"284":0,"285":0,"286":0,"287":0,"288":0,"289":0,"290":2,"291":2,"292":2,"293":2,"294":2,"295":2,"296":2,"297":8,"298":1,"299":7,"300":7,"301":7,"302":7,"303":2,"304":17,"305":9,"306":4,"307":4,"308":10,"309":1,"310":0,"311":1,"312":3,"313":2,"314":2,"315":0,"316":2,"317":7,"318":1,"319":0,"320":93,"321":93,"322":93,"323":93,"324":93,"325":93,"326":93,"327":93,"328":93,"329":69,"330":52,"331":52,"332":17,"333":17,"334":17,"335":8,"336":8,"337":17,"338":17,"339":17,"340":17,"341":1,"342":1,"343":1,"344":1,"345":1,"346":1,"347":1,"348":17,"349":17,"350":17,"351":17,"352":17,"353":17,"354":0,"355":0,"356":17,"357":0,"358":0,"359":17,"360":17,"361":17,"362":17,"363":1,"364":1,"365":17,"366":17,"367":16,"368":7,"369":7,"370":7,"371":7,"372":20,"373":20,"374":10,"375":10,"376":10,"377":10,"378":20,"379":20,"380":20,"381":20,"382":0,"383":0,"384":0,"385":0,"386":0,"387":0,"388":0,"389":20,"390":20,"391":2,"392":20,"393":18,"394":0,"395":18,"396":18,"397":0,"398":20,"399":20,"400":2,"401":18,"402":0,"403":20,"404":20,"405":20,"406":7,"407":9,"408":9,"409":9,"410":9,"411":9,"412":9,"413":0,"414":9,"415":0,"416":9,"417":9,"418":9,"419":17,"420":0,"421":0,"422":0,"423":0,"424":0,"425":0,"426":0,"427":0,"428":0,"429":0,"430":0,"431":0,"432":0,"433":0,"434":0,"435":0,"436":0,"437":0,"438":0,"439":0,"440":0,"441":0,"442":0,"443":0,"444":0,"445":0,"446":0,"447":0,"448":0,"449":0,"450":0,"451":0,"452":0,"453":0,"454":0,"455":0,"456":0,"457":0,"458":0,"459":0,"460":0,"461":0,"462":0,"463":0,"464":0,"465":0,"466":0,"467":0,"468":0,"469":0,"470":0,"471":0,"472":0,"473":0,"474":0,"475":0,"476":0,"477":0,"478":0,"479":17,"480":0,"481":0,"482":17,"483":17,"484":17,"485":17,"486":91,"487":1,"488":90,"489":90,"490":0,"491":90,"492":90,"493":90,"494":90,"495":90,"496":90,"497":5,"498":5,"499":90,"500":90,"501":107,"502":107,"503":13,"504":13,"505":13,"506":13,"507":94,"508":72,"509":72,"510":72,"511":107,"512":107,"513":107,"514":0,"515":0,"516":0,"517":0,"518":0,"519":0,"520":0,"521":107,"522":107,"523":5,"524":107,"525":107,"526":107,"527":5,"528":102,"529":0,"530":107,"531":107,"532":107,"533":90,"534":93},"f":{"0":662,"1":0,"2":0,"3":0,"4":96,"5":32,"6":39,"7":3,"8":41,"9":62,"10":0,"11":0,"12":0,"13":5,"14":62,"15":99,"16":137,"17":99,"18":210,"19":6,"20":52,"21":117,"22":7,"23":2,"24":4,"25":6,"26":10,"27":8,"28":3,"29":1,"30":34,"31":84,"32":39,"33":17,"34":36,"35":0,"36":0,"37":0,"38":0,"39":2,"40":17,"41":10,"42":3,"43":7,"44":93,"45":0,"46":0,"47":0,"48":0,"49":0,"50":5,"51":0},"b":{"0":[0,0],"1":[0,0],"2":[0,0],"3":[87,9],"4":[32,0],"5":[32,32],"6":[6,3],"7":[9,6,6],"8":[39,3],"9":[0],"10":[1,2],"11":[1,1],"12":[0],"13":[1,40],"14":[0,40],"15":[0,40],"16":[0,0],"17":[4,36],"18":[2,2],"19":[1,35],"20":[0],"21":[2,36],"22":[0,0],"23":[0,0],"24":[0,0],"25":[0,0],"26":[0,0],"27":[0,0],"28":[0,0],"29":[0,0],"30":[0,0],"31":[0,0],"32":[0,0],"33":[0,0],"34":[0,0],"35":[0,0],"36":[0],"37":[0],"38":[1,98],"39":[99,2,1],"40":[0,98],"41":[7,91],"42":[0],"43":[0,210],"44":[210,0,0],"45":[0],"46":[6,0],"47":[0,0],"48":[52],"49":[49,3],"50":[0,3],"51":[0,3],"52":[3,3,0,0,0],"53":[0,3],"54":[0,3],"55":[0,3],"56":[3,0],"57":[0],"58":[0,117],"59":[23,94],"60":[0,94],"61":[94,0,0],"62":[2,92],"63":[8,84],"64":[0,8],"65":[5,3],"66":[2,1],"67":[6,2],"68":[0,4],"69":[2,2],"70":[2,0],"71":[0,2],"72":[2,0,0,0],"73":[0,2],"74":[2,1],"75":[0,2],"76":[2,1],"77":[1,1],"78":[2,1],"79":[0],"80":[1,5],"81":[1,4],"82":[5,5],"83":[3,1],"84":[4,4],"85":[0],"86":[5,3],"87":[2,1],"88":[4,2],"89":[4,0],"90":[3,1],"91":[1,0],"92":[1,0],"93":[84,0],"94":[84,84],"95":[34,0],"96":[34,34],"97":[2,32],"98":[2,32],"99":[34,32],"100":[34,18],"101":[2,32],"102":[34,30],"103":[34,28],"104":[34,28],"105":[10,24],"106":[39,0],"107":[128,118],"108":[97,14],"109":[14,0],"110":[14,0],"111":[14,14],"112":[0,0],"113":[0,0],"114":[0,0],"115":[103,8],"116":[0,17],"117":[17,16],"118":[0,0],"119":[0,0],"120":[0,0],"121":[0,0],"122":[0,0],"123":[0,0],"124":[0,0],"125":[0,0],"126":[0,0],"127":[0,0],"128":[0,0],"129":[1,7],"130":[8,4],"131":[9,4,1,2,1,0],"132":[4,0],"133":[0,1],"134":[1,1],"135":[0,2],"136":[0],"137":[0],"138":[0],"139":[52,17],"140":[69,18],"141":[8,9],"142":[1,16],"143":[1,0],"144":[17,1],"145":[17,16],"146":[17,14],"147":[17,14],"148":[17,17],"149":[1,16],"150":[17,1,1],"151":[17,8],"152":[16,1],"153":[17,17,17,16],"154":[7,9],"155":[16,9],"156":[10,10],"157":[0,20],"158":[20,10],"159":[0,0],"160":[0,0],"161":[0,0],"162":[2,18],"163":[2,2],"164":[18,2],"165":[0,18],"166":[18,10],"167":[0,18],"168":[2,18],"169":[0,18],"170":[0,20],"171":[0,0],"172":[9,9],"173":[9,9],"174":[9,9],"175":[0,9],"176":[0,9],"177":[0,9],"178":[0,0],"179":[0,17],"180":[0,0],"181":[0,0],"182":[0,0],"183":[0,0],"184":[0,0],"185":[0,0],"186":[0,0],"187":[0,0],"188":[0,0],"189":[0,0],"190":[0,0],"191":[0,0],"192":[0,0],"193":[0,0],"194":[0,0],"195":[0,0],"196":[0,0],"197":[0,0],"198":[0,0],"199":[0,0],"200":[0,0],"201":[0,0],"202":[0,0],"203":[0,0],"204":[0,0],"205":[0,17],"206":[17,8],"207":[1,90],"208":[91,2],"209":[0,90],"210":[90,72],"211":[90,85],"212":[90,90],"213":[90,90],"214":[13,94],"215":[72,22],"216":[94,72],"217":[0,107],"218":[107,13],"219":[0,0],"220":[0,0],"221":[5,102],"222":[107,5],"223":[107,102],"224":[5,102],"225":[0,102],"226":[0,107]},"_coverageSchema":"1a1c01bbd47fc00a2c39e90264f33305004495a9","hash":"2064743efa16d746d1515d54c6cfaa53b16a5e53"}
,"/Users/jeremiahstones/Documents/workspace/Personal Projects/ascent_beacon/ascent-beacon-mobile/src/utils/valueMatching.ts": {"path":"/Users/jeremiahstones/Documents/workspace/Personal Projects/ascent_beacon/ascent-beacon-mobile/src/utils/valueMatching.ts","statementMap":{"0":{"start":{"line":6,"column":19},"end":{"line":34,"column":2}},"1":{"start":{"line":39,"column":24},"end":{"line":44,"column":55}},"2":{"start":{"line":40,"column":2},"end":{"line":44,"column":55}},"3":{"start":{"line":44,"column":23},"end":{"line":44,"column":54}},"4":{"start":{"line":49,"column":29},"end":{"line":55,"column":1}},"5":{"start":{"line":50,"column":16},"end":{"line":50,"column":20}},"6":{"start":{"line":51,"column":2},"end":{"line":53,"column":5}},"7":{"start":{"line":52,"column":4},"end":{"line":52,"column":62}},"8":{"start":{"line":54,"column":2},"end":{"line":54,"column":17}},"9":{"start":{"line":60,"column":28},"end":{"line":67,"column":1}},"10":{"start":{"line":61,"column":2},"end":{"line":66,"column":12}},"11":{"start":{"line":72,"column":33},"end":{"line":77,"column":1}},"12":{"start":{"line":73,"column":2},"end":{"line":73,"column":66}},"13":{"start":{"line":73,"column":54},"end":{"line":73,"column":66}},"14":{"start":{"line":74,"column":2},"end":{"line":76,"column":4}},"15":{"start":{"line":75,"column":34},"end":{"line":75,"column":69}},"16":{"start":{"line":82,"column":34},"end":{"line":96,"column":1}},"17":{"start":{"line":86,"column":21},"end":{"line":86,"column":42}},"18":{"start":{"line":87,"column":2},"end":{"line":87,"column":31}},"19":{"start":{"line":87,"column":19},"end":{"line":87,"column":31}},"20":{"start":{"line":89,"column":2},"end":{"line":95,"column":4}},"21":{"start":{"line":91,"column":24},"end":{"line":91,"column":48}},"22":{"start":{"line":92,"column":24},"end":{"line":92,"column":65}},"23":{"start":{"line":93,"column":6},"end":{"line":93,"column":44}},"24":{"start":{"line":101,"column":34},"end":{"line":133,"column":1}},"25":{"start":{"line":105,"column":19},"end":{"line":105,"column":42}},"26":{"start":{"line":106,"column":2},"end":{"line":106,"column":39}},"27":{"start":{"line":106,"column":27},"end":{"line":106,"column":39}},"28":{"start":{"line":108,"column":27},"end":{"line":108,"column":31}},"29":{"start":{"line":109,"column":18},"end":{"line":109,"column":19}},"30":{"start":{"line":111,"column":2},"end":{"line":130,"column":5}},"31":{"start":{"line":112,"column":22},"end":{"line":112,"column":46}},"32":{"start":{"line":113,"column":4},"end":{"line":113,"column":38}},"33":{"start":{"line":113,"column":31},"end":{"line":113,"column":38}},"34":{"start":{"line":115,"column":22},"end":{"line":115,"column":55}},"35":{"start":{"line":116,"column":19},"end":{"line":116,"column":47}},"36":{"start":{"line":117,"column":18},"end":{"line":117,"column":19}},"37":{"start":{"line":119,"column":4},"end":{"line":123,"column":7}},"38":{"start":{"line":120,"column":6},"end":{"line":122,"column":7}},"39":{"start":{"line":121,"column":8},"end":{"line":121,"column":21}},"40":{"start":{"line":125,"column":18},"end":{"line":125,"column":52}},"41":{"start":{"line":126,"column":4},"end":{"line":129,"column":5}},"42":{"start":{"line":127,"column":6},"end":{"line":127,"column":24}},"43":{"start":{"line":128,"column":6},"end":{"line":128,"column":19}},"44":{"start":{"line":132,"column":2},"end":{"line":132,"column":41}},"45":{"start":{"line":138,"column":29},"end":{"line":150,"column":1}},"46":{"start":{"line":152,"column":31},"end":{"line":161,"column":1}},"47":{"start":{"line":166,"column":35},"end":{"line":170,"column":1}},"48":{"start":{"line":175,"column":37},"end":{"line":179,"column":1}},"49":{"start":{"line":184,"column":30},"end":{"line":185,"column":48}},"50":{"start":{"line":185,"column":2},"end":{"line":185,"column":48}},"51":{"start":{"line":185,"column":29},"end":{"line":185,"column":47}},"52":{"start":{"line":190,"column":31},"end":{"line":191,"column":52}},"53":{"start":{"line":191,"column":2},"end":{"line":191,"column":52}},"54":{"start":{"line":191,"column":29},"end":{"line":191,"column":51}}},"fnMap":{"0":{"name":"(anonymous_0)","decl":{"start":{"line":39,"column":24},"end":{"line":39,"column":25}},"loc":{"start":{"line":40,"column":2},"end":{"line":44,"column":55}},"line":40},"1":{"name":"(anonymous_1)","decl":{"start":{"line":44,"column":12},"end":{"line":44,"column":13}},"loc":{"start":{"line":44,"column":23},"end":{"line":44,"column":54}},"line":44},"2":{"name":"(anonymous_2)","decl":{"start":{"line":49,"column":29},"end":{"line":49,"column":30}},"loc":{"start":{"line":49,"column":75},"end":{"line":55,"column":1}},"line":49},"3":{"name":"(anonymous_3)","decl":{"start":{"line":51,"column":19},"end":{"line":51,"column":20}},"loc":{"start":{"line":51,"column":32},"end":{"line":53,"column":3}},"line":51},"4":{"name":"(anonymous_4)","decl":{"start":{"line":60,"column":28},"end":{"line":60,"column":29}},"loc":{"start":{"line":60,"column":54},"end":{"line":67,"column":1}},"line":60},"5":{"name":"(anonymous_5)","decl":{"start":{"line":72,"column":33},"end":{"line":72,"column":34}},"loc":{"start":{"line":72,"column":73},"end":{"line":77,"column":1}},"line":72},"6":{"name":"(anonymous_6)","decl":{"start":{"line":75,"column":25},"end":{"line":75,"column":26}},"loc":{"start":{"line":75,"column":34},"end":{"line":75,"column":69}},"line":75},"7":{"name":"(anonymous_7)","decl":{"start":{"line":82,"column":34},"end":{"line":82,"column":35}},"loc":{"start":{"line":85,"column":19},"end":{"line":96,"column":1}},"line":85},"8":{"name":"(anonymous_8)","decl":{"start":{"line":90,"column":16},"end":{"line":90,"column":17}},"loc":{"start":{"line":90,"column":27},"end":{"line":94,"column":5}},"line":90},"9":{"name":"(anonymous_9)","decl":{"start":{"line":101,"column":34},"end":{"line":101,"column":35}},"loc":{"start":{"line":104,"column":19},"end":{"line":133,"column":1}},"line":104},"10":{"name":"(anonymous_10)","decl":{"start":{"line":111,"column":17},"end":{"line":111,"column":18}},"loc":{"start":{"line":111,"column":28},"end":{"line":130,"column":3}},"line":111},"11":{"name":"(anonymous_11)","decl":{"start":{"line":119,"column":21},"end":{"line":119,"column":22}},"loc":{"start":{"line":119,"column":32},"end":{"line":123,"column":5}},"line":119},"12":{"name":"(anonymous_12)","decl":{"start":{"line":184,"column":30},"end":{"line":184,"column":31}},"loc":{"start":{"line":185,"column":2},"end":{"line":185,"column":48}},"line":185},"13":{"name":"(anonymous_13)","decl":{"start":{"line":185,"column":16},"end":{"line":185,"column":17}},"loc":{"start":{"line":185,"column":29},"end":{"line":185,"column":47}},"line":185},"14":{"name":"(anonymous_14)","decl":{"start":{"line":190,"column":31},"end":{"line":190,"column":32}},"loc":{"start":{"line":191,"column":2},"end":{"line":191,"column":52}},"line":191},"15":{"name":"(anonymous_15)","decl":{"start":{"line":191,"column":16},"end":{"line":191,"column":17}},"loc":{"start":{"line":191,"column":29},"end":{"line":191,"column":51}},"line":191}},"branchMap":{"0":{"loc":{"start":{"line":44,"column":23},"end":{"line":44,"column":54}},"type":"binary-expr","locations":[{"start":{"line":44,"column":23},"end":{"line":44,"column":28}},{"start":{"line":44,"column":32},"end":{"line":44,"column":54}}],"line":44},"1":{"loc":{"start":{"line":73,"column":2},"end":{"line":73,"column":66}},"type":"if","locations":[{"start":{"line":73,"column":2},"end":{"line":73,"column":66}},{"start":{},"end":{}}],"line":73},"2":{"loc":{"start":{"line":73,"column":6},"end":{"line":73,"column":52}},"type":"binary-expr","locations":[{"start":{"line":73,"column":6},"end":{"line":73,"column":32}},{"start":{"line":73,"column":36},"end":{"line":73,"column":52}}],"line":73},"3":{"loc":{"start":{"line":75,"column":4},"end":{"line":75,"column":78}},"type":"binary-expr","locations":[{"start":{"line":75,"column":4},"end":{"line":75,"column":70}},{"start":{"line":75,"column":74},"end":{"line":75,"column":78}}],"line":75},"4":{"loc":{"start":{"line":87,"column":2},"end":{"line":87,"column":31}},"type":"if","locations":[{"start":{"line":87,"column":2},"end":{"line":87,"column":31}},{"start":{},"end":{}}],"line":87},"5":{"loc":{"start":{"line":90,"column":4},"end":{"line":94,"column":14}},"type":"binary-expr","locations":[{"start":{"line":90,"column":4},"end":{"line":94,"column":6}},{"start":{"line":94,"column":10},"end":{"line":94,"column":14}}],"line":90},"6":{"loc":{"start":{"line":92,"column":24},"end":{"line":92,"column":65}},"type":"binary-expr","locations":[{"start":{"line":92,"column":24},"end":{"line":92,"column":59}},{"start":{"line":92,"column":63},"end":{"line":92,"column":65}}],"line":92},"7":{"loc":{"start":{"line":106,"column":2},"end":{"line":106,"column":39}},"type":"if","locations":[{"start":{"line":106,"column":2},"end":{"line":106,"column":39}},{"start":{},"end":{}}],"line":106},"8":{"loc":{"start":{"line":113,"column":4},"end":{"line":113,"column":38}},"type":"if","locations":[{"start":{"line":113,"column":4},"end":{"line":113,"column":38}},{"start":{},"end":{}}],"line":113},"9":{"loc":{"start":{"line":120,"column":6},"end":{"line":122,"column":7}},"type":"if","locations":[{"start":{"line":120,"column":6},"end":{"line":122,"column":7}},{"start":{},"end":{}}],"line":120},"10":{"loc":{"start":{"line":120,"column":10},"end":{"line":120,"column":56}},"type":"binary-expr","locations":[{"start":{"line":120,"column":10},"end":{"line":120,"column":27}},{"start":{"line":120,"column":31},"end":{"line":120,"column":56}}],"line":120},"11":{"loc":{"start":{"line":126,"column":4},"end":{"line":129,"column":5}},"type":"if","locations":[{"start":{"line":126,"column":4},"end":{"line":129,"column":5}},{"start":{},"end":{}}],"line":126},"12":{"loc":{"start":{"line":132,"column":9},"end":{"line":132,"column":40}},"type":"cond-expr","locations":[{"start":{"line":132,"column":29},"end":{"line":132,"column":33}},{"start":{"line":132,"column":36},"end":{"line":132,"column":40}}],"line":132}},"s":{"0":4,"1":4,"2":42,"3":140,"4":4,"5":10,"6":10,"7":75,"8":10,"9":4,"10":20,"11":4,"12":66,"13":3,"14":63,"15":62,"16":4,"17":11,"18":11,"19":1,"20":10,"21":17,"22":17,"23":17,"24":4,"25":14,"26":14,"27":2,"28":12,"29":12,"30":12,"31":24,"32":24,"33":0,"34":24,"35":24,"36":24,"37":24,"38":40,"39":6,"40":24,"41":24,"42":5,"43":5,"44":12,"45":4,"46":4,"47":4,"48":4,"49":4,"50":14,"51":28,"52":4,"53":21,"54":113},"f":{"0":42,"1":140,"2":10,"3":75,"4":20,"5":66,"6":62,"7":11,"8":17,"9":14,"10":24,"11":40,"12":14,"13":28,"14":21,"15":113},"b":{"0":[140,129],"1":[3,63],"2":[66,64],"3":[63,1],"4":[1,10],"5":[10,4],"6":[17,0],"7":[2,12],"8":[0,24],"9":[6,34],"10":[40,34],"11":[5,19],"12":[5,7]},"_coverageSchema":"1a1c01bbd47fc00a2c39e90264f33305004495a9","hash":"519caaae521934a51ad4b4abc7d3b9e2abbb1025"}
}
