{"total": {"lines":{"total":2094,"covered":1415,"skipped":0,"pct":67.57},"statements":{"total":2224,"covered":1483,"skipped":0,"pct":66.68},"functions":{"total":607,"covered":385,"skipped":0,"pct":63.42},"branches":{"total":1279,"covered":824,"skipped":0,"pct":64.42},"branchesTrue":{"total":0,"covered":0,"skipped":0,"pct":100}}
,"/Users/jeremiahstones/Documents/workspace/Personal Projects/ascent_beacon/ascent-beacon-mobile/src/config.ts": {"lines":{"total":3,"covered":3,"skipped":0,"pct":100},"functions":{"total":0,"covered":0,"skipped":0,"pct":100},"statements":{"total":3,"covered":3,"skipped":0,"pct":100},"branches":{"total":4,"covered":3,"skipped":0,"pct":75}}
,"/Users/jeremiahstones/Documents/workspace/Personal Projects/ascent_beacon/ascent-beacon-mobile/src/testHelpers.ts": {"lines":{"total":32,"covered":0,"skipped":0,"pct":0},"functions":{"total":30,"covered":0,"skipped":0,"pct":0},"statements":{"total":34,"covered":0,"skipped":0,"pct":0},"branches":{"total":3,"covered":0,"skipped":0,"pct":0}}
,"/Users/jeremiahstones/Documents/workspace/Personal Projects/ascent_beacon/ascent-beacon-mobile/src/components/AffectedPrioritiesModal.tsx": {"lines":{"total":9,"covered":7,"skipped":0,"pct":77.77},"functions":{"total":4,"covered":3,"skipped":0,"pct":75},"statements":{"total":10,"covered":8,"skipped":0,"pct":80},"branches":{"total":15,"covered":13,"skipped":0,"pct":86.66}}
,"/Users/jeremiahstones/Documents/workspace/Personal Projects/ascent_beacon/ascent-beacon-mobile/src/components/ErrorBoundary.tsx": {"lines":{"total":17,"covered":17,"skipped":0,"pct":100},"functions":{"total":5,"covered":5,"skipped":0,"pct":100},"statements":{"total":17,"covered":17,"skipped":0,"pct":100},"branches":{"total":11,"covered":10,"skipped":0,"pct":90.9}}
,"/Users/jeremiahstones/Documents/workspace/Personal Projects/ascent_beacon/ascent-beacon-mobile/src/components/TermsModal.tsx": {"lines":{"total":7,"covered":5,"skipped":0,"pct":71.42},"functions":{"total":3,"covered":2,"skipped":0,"pct":66.66},"statements":{"total":7,"covered":5,"skipped":0,"pct":71.42},"branches":{"total":4,"covered":3,"skipped":0,"pct":75}}
,"/Users/jeremiahstones/Documents/workspace/Personal Projects/ascent_beacon/ascent-beacon-mobile/src/components/WeightAdjustmentModal.tsx": {"lines":{"total":4,"covered":3,"skipped":0,"pct":75},"functions":{"total":3,"covered":2,"skipped":0,"pct":66.66},"statements":{"total":4,"covered":3,"skipped":0,"pct":75},"branches":{"total":13,"covered":9,"skipped":0,"pct":69.23}}
,"/Users/jeremiahstones/Documents/workspace/Personal Projects/ascent_beacon/ascent-beacon-mobile/src/components/assistant/ChatMessage.tsx": {"lines":{"total":4,"covered":4,"skipped":0,"pct":100},"functions":{"total":1,"covered":1,"skipped":0,"pct":100},"statements":{"total":4,"covered":4,"skipped":0,"pct":100},"branches":{"total":13,"covered":12,"skipped":0,"pct":92.3}}
,"/Users/jeremiahstones/Documents/workspace/Personal Projects/ascent_beacon/ascent-beacon-mobile/src/components/assistant/InputBar.tsx": {"lines":{"total":2,"covered":2,"skipped":0,"pct":100},"functions":{"total":1,"covered":1,"skipped":0,"pct":100},"statements":{"total":2,"covered":2,"skipped":0,"pct":100},"branches":{"total":8,"covered":6,"skipped":0,"pct":75}}
,"/Users/jeremiahstones/Documents/workspace/Personal Projects/ascent_beacon/ascent-beacon-mobile/src/components/assistant/ProposedValueCard.tsx": {"lines":{"total":5,"covered":5,"skipped":0,"pct":100},"functions":{"total":3,"covered":3,"skipped":0,"pct":100},"statements":{"total":5,"covered":5,"skipped":0,"pct":100},"branches":{"total":4,"covered":3,"skipped":0,"pct":75}}
,"/Users/jeremiahstones/Documents/workspace/Personal Projects/ascent_beacon/ascent-beacon-mobile/src/components/assistant/SymbolHeader.tsx": {"lines":{"total":1,"covered":1,"skipped":0,"pct":100},"functions":{"total":1,"covered":1,"skipped":0,"pct":100},"statements":{"total":1,"covered":1,"skipped":0,"pct":100},"branches":{"total":0,"covered":0,"skipped":0,"pct":100}}
,"/Users/jeremiahstones/Documents/workspace/Personal Projects/ascent_beacon/ascent-beacon-mobile/src/components/assistant/ValueCard.tsx": {"lines":{"total":7,"covered":5,"skipped":0,"pct":71.42},"functions":{"total":6,"covered":4,"skipped":0,"pct":66.66},"statements":{"total":8,"covered":6,"skipped":0,"pct":75},"branches":{"total":17,"covered":16,"skipped":0,"pct":94.11}}
,"/Users/jeremiahstones/Documents/workspace/Personal Projects/ascent_beacon/ascent-beacon-mobile/src/components/assistant/assistantStyles.ts": {"lines":{"total":0,"covered":0,"skipped":0,"pct":100},"functions":{"total":0,"covered":0,"skipped":0,"pct":100},"statements":{"total":0,"covered":0,"skipped":0,"pct":100},"branches":{"total":0,"covered":0,"skipped":0,"pct":100}}
,"/Users/jeremiahstones/Documents/workspace/Personal Projects/ascent_beacon/ascent-beacon-mobile/src/components/discovery/BucketStep.tsx": {"lines":{"total":35,"covered":27,"skipped":0,"pct":77.14},"functions":{"total":17,"covered":10,"skipped":0,"pct":58.82},"statements":{"total":35,"covered":27,"skipped":0,"pct":77.14},"branches":{"total":25,"covered":23,"skipped":0,"pct":92}}
,"/Users/jeremiahstones/Documents/workspace/Personal Projects/ascent_beacon/ascent-beacon-mobile/src/components/discovery/CreateStatementStep.tsx": {"lines":{"total":6,"covered":6,"skipped":0,"pct":100},"functions":{"total":3,"covered":3,"skipped":0,"pct":100},"statements":{"total":6,"covered":6,"skipped":0,"pct":100},"branches":{"total":18,"covered":18,"skipped":0,"pct":100}}
,"/Users/jeremiahstones/Documents/workspace/Personal Projects/ascent_beacon/ascent-beacon-mobile/src/components/discovery/DoneStep.tsx": {"lines":{"total":1,"covered":1,"skipped":0,"pct":100},"functions":{"total":1,"covered":1,"skipped":0,"pct":100},"statements":{"total":1,"covered":1,"skipped":0,"pct":100},"branches":{"total":0,"covered":0,"skipped":0,"pct":100}}
,"/Users/jeremiahstones/Documents/workspace/Personal Projects/ascent_beacon/ascent-beacon-mobile/src/components/discovery/NarrowStep.tsx": {"lines":{"total":6,"covered":6,"skipped":0,"pct":100},"functions":{"total":3,"covered":3,"skipped":0,"pct":100},"statements":{"total":6,"covered":6,"skipped":0,"pct":100},"branches":{"total":8,"covered":8,"skipped":0,"pct":100}}
,"/Users/jeremiahstones/Documents/workspace/Personal Projects/ascent_beacon/ascent-beacon-mobile/src/components/discovery/ReviewStep.tsx": {"lines":{"total":2,"covered":2,"skipped":0,"pct":100},"functions":{"total":2,"covered":2,"skipped":0,"pct":100},"statements":{"total":2,"covered":2,"skipped":0,"pct":100},"branches":{"total":4,"covered":4,"skipped":0,"pct":100}}
,"/Users/jeremiahstones/Documents/workspace/Personal Projects/ascent_beacon/ascent-beacon-mobile/src/components/discovery/SelectStep.tsx": {"lines":{"total":6,"covered":6,"skipped":0,"pct":100},"functions":{"total":4,"covered":4,"skipped":0,"pct":100},"statements":{"total":6,"covered":6,"skipped":0,"pct":100},"branches":{"total":14,"covered":14,"skipped":0,"pct":100}}
,"/Users/jeremiahstones/Documents/workspace/Personal Projects/ascent_beacon/ascent-beacon-mobile/src/components/discovery/ViewValuesStep.tsx": {"lines":{"total":4,"covered":4,"skipped":0,"pct":100},"functions":{"total":3,"covered":3,"skipped":0,"pct":100},"statements":{"total":4,"covered":4,"skipped":0,"pct":100},"branches":{"total":4,"covered":4,"skipped":0,"pct":100}}
,"/Users/jeremiahstones/Documents/workspace/Personal Projects/ascent_beacon/ascent-beacon-mobile/src/components/discovery/index.ts": {"lines":{"total":0,"covered":0,"skipped":0,"pct":100},"functions":{"total":0,"covered":0,"skipped":0,"pct":100},"statements":{"total":0,"covered":0,"skipped":0,"pct":100},"branches":{"total":0,"covered":0,"skipped":0,"pct":100}}
,"/Users/jeremiahstones/Documents/workspace/Personal Projects/ascent_beacon/ascent-beacon-mobile/src/components/goals/GoalCard.tsx": {"lines":{"total":3,"covered":3,"skipped":0,"pct":100},"functions":{"total":3,"covered":3,"skipped":0,"pct":100},"statements":{"total":3,"covered":3,"skipped":0,"pct":100},"branches":{"total":9,"covered":9,"skipped":0,"pct":100}}
,"/Users/jeremiahstones/Documents/workspace/Personal Projects/ascent_beacon/ascent-beacon-mobile/src/components/goals/GoalDetailView.tsx": {"lines":{"total":6,"covered":6,"skipped":0,"pct":100},"functions":{"total":5,"covered":5,"skipped":0,"pct":100},"statements":{"total":6,"covered":6,"skipped":0,"pct":100},"branches":{"total":12,"covered":12,"skipped":0,"pct":100}}
,"/Users/jeremiahstones/Documents/workspace/Personal Projects/ascent_beacon/ascent-beacon-mobile/src/components/goals/index.ts": {"lines":{"total":0,"covered":0,"skipped":0,"pct":100},"functions":{"total":0,"covered":0,"skipped":0,"pct":100},"statements":{"total":0,"covered":0,"skipped":0,"pct":100},"branches":{"total":0,"covered":0,"skipped":0,"pct":100}}
,"/Users/jeremiahstones/Documents/workspace/Personal Projects/ascent_beacon/ascent-beacon-mobile/src/components/login/AuthOptions.tsx": {"lines":{"total":1,"covered":1,"skipped":0,"pct":100},"functions":{"total":1,"covered":1,"skipped":0,"pct":100},"statements":{"total":1,"covered":1,"skipped":0,"pct":100},"branches":{"total":12,"covered":12,"skipped":0,"pct":100}}
,"/Users/jeremiahstones/Documents/workspace/Personal Projects/ascent_beacon/ascent-beacon-mobile/src/components/login/VerifyCodeScreen.tsx": {"lines":{"total":1,"covered":1,"skipped":0,"pct":100},"functions":{"total":1,"covered":1,"skipped":0,"pct":100},"statements":{"total":1,"covered":1,"skipped":0,"pct":100},"branches":{"total":10,"covered":8,"skipped":0,"pct":80}}
,"/Users/jeremiahstones/Documents/workspace/Personal Projects/ascent_beacon/ascent-beacon-mobile/src/components/priorities/CreatePriorityReview.tsx": {"lines":{"total":6,"covered":6,"skipped":0,"pct":100},"functions":{"total":6,"covered":6,"skipped":0,"pct":100},"statements":{"total":6,"covered":6,"skipped":0,"pct":100},"branches":{"total":28,"covered":25,"skipped":0,"pct":89.28}}
,"/Users/jeremiahstones/Documents/workspace/Personal Projects/ascent_beacon/ascent-beacon-mobile/src/components/priorities/CreatePriorityStep1.tsx": {"lines":{"total":3,"covered":3,"skipped":0,"pct":100},"functions":{"total":2,"covered":2,"skipped":0,"pct":100},"statements":{"total":3,"covered":3,"skipped":0,"pct":100},"branches":{"total":9,"covered":8,"skipped":0,"pct":88.88}}
,"/Users/jeremiahstones/Documents/workspace/Personal Projects/ascent_beacon/ascent-beacon-mobile/src/components/priorities/CreatePriorityStep2.tsx": {"lines":{"total":3,"covered":3,"skipped":0,"pct":100},"functions":{"total":2,"covered":2,"skipped":0,"pct":100},"statements":{"total":3,"covered":3,"skipped":0,"pct":100},"branches":{"total":29,"covered":23,"skipped":0,"pct":79.31}}
,"/Users/jeremiahstones/Documents/workspace/Personal Projects/ascent_beacon/ascent-beacon-mobile/src/components/priorities/CreatePriorityStep3.tsx": {"lines":{"total":6,"covered":6,"skipped":0,"pct":100},"functions":{"total":3,"covered":3,"skipped":0,"pct":100},"statements":{"total":6,"covered":6,"skipped":0,"pct":100},"branches":{"total":16,"covered":14,"skipped":0,"pct":87.5}}
,"/Users/jeremiahstones/Documents/workspace/Personal Projects/ascent_beacon/ascent-beacon-mobile/src/components/priorities/CreatePriorityStep4.tsx": {"lines":{"total":38,"covered":20,"skipped":0,"pct":52.63},"functions":{"total":24,"covered":13,"skipped":0,"pct":54.16},"statements":{"total":43,"covered":20,"skipped":0,"pct":46.51},"branches":{"total":20,"covered":10,"skipped":0,"pct":50}}
,"/Users/jeremiahstones/Documents/workspace/Personal Projects/ascent_beacon/ascent-beacon-mobile/src/components/priorities/ExamplesModal.tsx": {"lines":{"total":9,"covered":7,"skipped":0,"pct":77.77},"functions":{"total":6,"covered":5,"skipped":0,"pct":83.33},"statements":{"total":9,"covered":7,"skipped":0,"pct":77.77},"branches":{"total":10,"covered":9,"skipped":0,"pct":90}}
,"/Users/jeremiahstones/Documents/workspace/Personal Projects/ascent_beacon/ascent-beacon-mobile/src/components/priorities/PriorityCard.tsx": {"lines":{"total":6,"covered":6,"skipped":0,"pct":100},"functions":{"total":1,"covered":1,"skipped":0,"pct":100},"statements":{"total":7,"covered":7,"skipped":0,"pct":100},"branches":{"total":27,"covered":26,"skipped":0,"pct":96.29}}
,"/Users/jeremiahstones/Documents/workspace/Personal Projects/ascent_beacon/ascent-beacon-mobile/src/components/priorities/PriorityDetailView.tsx": {"lines":{"total":9,"covered":0,"skipped":0,"pct":0},"functions":{"total":3,"covered":0,"skipped":0,"pct":0},"statements":{"total":11,"covered":0,"skipped":0,"pct":0},"branches":{"total":28,"covered":0,"skipped":0,"pct":0}}
,"/Users/jeremiahstones/Documents/workspace/Personal Projects/ascent_beacon/ascent-beacon-mobile/src/components/priorities/PriorityHeader.tsx": {"lines":{"total":1,"covered":1,"skipped":0,"pct":100},"functions":{"total":1,"covered":1,"skipped":0,"pct":100},"statements":{"total":1,"covered":1,"skipped":0,"pct":100},"branches":{"total":5,"covered":5,"skipped":0,"pct":100}}
,"/Users/jeremiahstones/Documents/workspace/Personal Projects/ascent_beacon/ascent-beacon-mobile/src/components/priorities/PriorityListView.tsx": {"lines":{"total":6,"covered":5,"skipped":0,"pct":83.33},"functions":{"total":6,"covered":5,"skipped":0,"pct":83.33},"statements":{"total":6,"covered":5,"skipped":0,"pct":83.33},"branches":{"total":10,"covered":9,"skipped":0,"pct":90}}
,"/Users/jeremiahstones/Documents/workspace/Personal Projects/ascent_beacon/ascent-beacon-mobile/src/components/styles/weightAdjustmentStyles.ts": {"lines":{"total":1,"covered":0,"skipped":0,"pct":0},"functions":{"total":0,"covered":0,"skipped":0,"pct":100},"statements":{"total":1,"covered":0,"skipped":0,"pct":0},"branches":{"total":0,"covered":0,"skipped":0,"pct":100}}
,"/Users/jeremiahstones/Documents/workspace/Personal Projects/ascent_beacon/ascent-beacon-mobile/src/components/values/CreateValueForm.tsx": {"lines":{"total":5,"covered":5,"skipped":0,"pct":100},"functions":{"total":1,"covered":1,"skipped":0,"pct":100},"statements":{"total":5,"covered":5,"skipped":0,"pct":100},"branches":{"total":16,"covered":16,"skipped":0,"pct":100}}
,"/Users/jeremiahstones/Documents/workspace/Personal Projects/ascent_beacon/ascent-beacon-mobile/src/components/values/EditValueModal.tsx": {"lines":{"total":6,"covered":4,"skipped":0,"pct":66.66},"functions":{"total":3,"covered":2,"skipped":0,"pct":66.66},"statements":{"total":6,"covered":4,"skipped":0,"pct":66.66},"branches":{"total":11,"covered":9,"skipped":0,"pct":81.81}}
,"/Users/jeremiahstones/Documents/workspace/Personal Projects/ascent_beacon/ascent-beacon-mobile/src/components/values/ExamplesModal.tsx": {"lines":{"total":9,"covered":0,"skipped":0,"pct":0},"functions":{"total":5,"covered":0,"skipped":0,"pct":0},"statements":{"total":9,"covered":0,"skipped":0,"pct":0},"branches":{"total":4,"covered":0,"skipped":0,"pct":0}}
,"/Users/jeremiahstones/Documents/workspace/Personal Projects/ascent_beacon/ascent-beacon-mobile/src/components/values/ValueListCard.tsx": {"lines":{"total":6,"covered":4,"skipped":0,"pct":66.66},"functions":{"total":5,"covered":3,"skipped":0,"pct":60},"statements":{"total":7,"covered":5,"skipped":0,"pct":71.42},"branches":{"total":15,"covered":8,"skipped":0,"pct":53.33}}
,"/Users/jeremiahstones/Documents/workspace/Personal Projects/ascent_beacon/ascent-beacon-mobile/src/context/AuthContext.tsx": {"lines":{"total":42,"covered":37,"skipped":0,"pct":88.09},"functions":{"total":8,"covered":8,"skipped":0,"pct":100},"statements":{"total":43,"covered":38,"skipped":0,"pct":88.37},"branches":{"total":11,"covered":9,"skipped":0,"pct":81.81}}
,"/Users/jeremiahstones/Documents/workspace/Personal Projects/ascent_beacon/ascent-beacon-mobile/src/hooks/index.ts": {"lines":{"total":0,"covered":0,"skipped":0,"pct":100},"functions":{"total":0,"covered":0,"skipped":0,"pct":100},"statements":{"total":0,"covered":0,"skipped":0,"pct":100},"branches":{"total":0,"covered":0,"skipped":0,"pct":100}}
,"/Users/jeremiahstones/Documents/workspace/Personal Projects/ascent_beacon/ascent-beacon-mobile/src/hooks/useAssistantChat.ts": {"lines":{"total":117,"covered":99,"skipped":0,"pct":84.61},"functions":{"total":27,"covered":19,"skipped":0,"pct":70.37},"statements":{"total":137,"covered":105,"skipped":0,"pct":76.64},"branches":{"total":49,"covered":25,"skipped":0,"pct":51.02}}
,"/Users/jeremiahstones/Documents/workspace/Personal Projects/ascent_beacon/ascent-beacon-mobile/src/hooks/useAsync.ts": {"lines":{"total":30,"covered":30,"skipped":0,"pct":100},"functions":{"total":5,"covered":5,"skipped":0,"pct":100},"statements":{"total":30,"covered":30,"skipped":0,"pct":100},"branches":{"total":8,"covered":7,"skipped":0,"pct":87.5}}
,"/Users/jeremiahstones/Documents/workspace/Personal Projects/ascent_beacon/ascent-beacon-mobile/src/hooks/useFetchOnFocus.ts": {"lines":{"total":29,"covered":27,"skipped":0,"pct":93.1},"functions":{"total":7,"covered":6,"skipped":0,"pct":85.71},"statements":{"total":29,"covered":27,"skipped":0,"pct":93.1},"branches":{"total":14,"covered":10,"skipped":0,"pct":71.42}}
,"/Users/jeremiahstones/Documents/workspace/Personal Projects/ascent_beacon/ascent-beacon-mobile/src/hooks/useGoals.ts": {"lines":{"total":46,"covered":46,"skipped":0,"pct":100},"functions":{"total":14,"covered":14,"skipped":0,"pct":100},"statements":{"total":53,"covered":53,"skipped":0,"pct":100},"branches":{"total":15,"covered":10,"skipped":0,"pct":66.66}}
,"/Users/jeremiahstones/Documents/workspace/Personal Projects/ascent_beacon/ascent-beacon-mobile/src/hooks/useKiteAnimation.ts": {"lines":{"total":73,"covered":0,"skipped":0,"pct":0},"functions":{"total":11,"covered":0,"skipped":0,"pct":0},"statements":{"total":84,"covered":0,"skipped":0,"pct":0},"branches":{"total":28,"covered":0,"skipped":0,"pct":0}}
,"/Users/jeremiahstones/Documents/workspace/Personal Projects/ascent_beacon/ascent-beacon-mobile/src/hooks/useLoginAuth.ts": {"lines":{"total":88,"covered":79,"skipped":0,"pct":89.77},"functions":{"total":14,"covered":13,"skipped":0,"pct":92.85},"statements":{"total":91,"covered":82,"skipped":0,"pct":90.1},"branches":{"total":16,"covered":15,"skipped":0,"pct":93.75}}
,"/Users/jeremiahstones/Documents/workspace/Personal Projects/ascent_beacon/ascent-beacon-mobile/src/hooks/useOnboarding.ts": {"lines":{"total":85,"covered":60,"skipped":0,"pct":70.58},"functions":{"total":14,"covered":9,"skipped":0,"pct":64.28},"statements":{"total":89,"covered":62,"skipped":0,"pct":69.66},"branches":{"total":34,"covered":20,"skipped":0,"pct":58.82}}
,"/Users/jeremiahstones/Documents/workspace/Personal Projects/ascent_beacon/ascent-beacon-mobile/src/hooks/usePriorityForm.ts": {"lines":{"total":77,"covered":62,"skipped":0,"pct":80.51},"functions":{"total":18,"covered":17,"skipped":0,"pct":94.44},"statements":{"total":84,"covered":69,"skipped":0,"pct":82.14},"branches":{"total":57,"covered":38,"skipped":0,"pct":66.66}}
,"/Users/jeremiahstones/Documents/workspace/Personal Projects/ascent_beacon/ascent-beacon-mobile/src/hooks/useValueActions.ts": {"lines":{"total":40,"covered":40,"skipped":0,"pct":100},"functions":{"total":6,"covered":6,"skipped":0,"pct":100},"statements":{"total":41,"covered":41,"skipped":0,"pct":100},"branches":{"total":6,"covered":5,"skipped":0,"pct":83.33}}
,"/Users/jeremiahstones/Documents/workspace/Personal Projects/ascent_beacon/ascent-beacon-mobile/src/hooks/useValuePriorityLinks.ts": {"lines":{"total":52,"covered":50,"skipped":0,"pct":96.15},"functions":{"total":8,"covered":8,"skipped":0,"pct":100},"statements":{"total":57,"covered":54,"skipped":0,"pct":94.73},"branches":{"total":24,"covered":19,"skipped":0,"pct":79.16}}
,"/Users/jeremiahstones/Documents/workspace/Personal Projects/ascent_beacon/ascent-beacon-mobile/src/hooks/useValuesDiscovery.ts": {"lines":{"total":183,"covered":122,"skipped":0,"pct":66.66},"functions":{"total":36,"covered":20,"skipped":0,"pct":55.55},"statements":{"total":188,"covered":124,"skipped":0,"pct":65.95},"branches":{"total":64,"covered":29,"skipped":0,"pct":45.31}}
,"/Users/jeremiahstones/Documents/workspace/Personal Projects/ascent_beacon/ascent-beacon-mobile/src/hooks/useValuesManagement.ts": {"lines":{"total":168,"covered":113,"skipped":0,"pct":67.26},"functions":{"total":31,"covered":17,"skipped":0,"pct":54.83},"statements":{"total":182,"covered":117,"skipped":0,"pct":64.28},"branches":{"total":52,"covered":27,"skipped":0,"pct":51.92}}
,"/Users/jeremiahstones/Documents/workspace/Personal Projects/ascent_beacon/ascent-beacon-mobile/src/hooks/useWeightAdjustment.ts": {"lines":{"total":37,"covered":34,"skipped":0,"pct":91.89},"functions":{"total":15,"covered":14,"skipped":0,"pct":93.33},"statements":{"total":40,"covered":37,"skipped":0,"pct":92.5},"branches":{"total":6,"covered":4,"skipped":0,"pct":66.66}}
,"/Users/jeremiahstones/Documents/workspace/Personal Projects/ascent_beacon/ascent-beacon-mobile/src/screens/AssistantScreen.tsx": {"lines":{"total":12,"covered":8,"skipped":0,"pct":66.66},"functions":{"total":7,"covered":3,"skipped":0,"pct":42.85},"statements":{"total":12,"covered":8,"skipped":0,"pct":66.66},"branches":{"total":15,"covered":11,"skipped":0,"pct":73.33}}
,"/Users/jeremiahstones/Documents/workspace/Personal Projects/ascent_beacon/ascent-beacon-mobile/src/screens/DashboardScreen.tsx": {"lines":{"total":17,"covered":12,"skipped":0,"pct":70.58},"functions":{"total":5,"covered":5,"skipped":0,"pct":100},"statements":{"total":17,"covered":12,"skipped":0,"pct":70.58},"branches":{"total":23,"covered":15,"skipped":0,"pct":65.21}}
,"/Users/jeremiahstones/Documents/workspace/Personal Projects/ascent_beacon/ascent-beacon-mobile/src/screens/GoalsScreen.tsx": {"lines":{"total":49,"covered":46,"skipped":0,"pct":93.87},"functions":{"total":14,"covered":14,"skipped":0,"pct":100},"statements":{"total":49,"covered":46,"skipped":0,"pct":93.87},"branches":{"total":27,"covered":23,"skipped":0,"pct":85.18}}
,"/Users/jeremiahstones/Documents/workspace/Personal Projects/ascent_beacon/ascent-beacon-mobile/src/screens/HomeScreen.tsx": {"lines":{"total":2,"covered":2,"skipped":0,"pct":100},"functions":{"total":1,"covered":1,"skipped":0,"pct":100},"statements":{"total":2,"covered":2,"skipped":0,"pct":100},"branches":{"total":3,"covered":3,"skipped":0,"pct":100}}
,"/Users/jeremiahstones/Documents/workspace/Personal Projects/ascent_beacon/ascent-beacon-mobile/src/screens/LoginScreen.tsx": {"lines":{"total":9,"covered":6,"skipped":0,"pct":66.66},"functions":{"total":5,"covered":2,"skipped":0,"pct":40},"statements":{"total":9,"covered":6,"skipped":0,"pct":66.66},"branches":{"total":8,"covered":6,"skipped":0,"pct":75}}
,"/Users/jeremiahstones/Documents/workspace/Personal Projects/ascent_beacon/ascent-beacon-mobile/src/screens/OnboardingScreen.tsx": {"lines":{"total":3,"covered":3,"skipped":0,"pct":100},"functions":{"total":1,"covered":1,"skipped":0,"pct":100},"statements":{"total":3,"covered":3,"skipped":0,"pct":100},"branches":{"total":25,"covered":14,"skipped":0,"pct":56}}
,"/Users/jeremiahstones/Documents/workspace/Personal Projects/ascent_beacon/ascent-beacon-mobile/src/screens/PrioritiesScreen.tsx": {"lines":{"total":103,"covered":35,"skipped":0,"pct":33.98},"functions":{"total":32,"covered":5,"skipped":0,"pct":15.62},"statements":{"total":108,"covered":36,"skipped":0,"pct":33.33},"branches":{"total":53,"covered":8,"skipped":0,"pct":15.09}}
,"/Users/jeremiahstones/Documents/workspace/Personal Projects/ascent_beacon/ascent-beacon-mobile/src/screens/ValuePriorityLinksScreen.tsx": {"lines":{"total":12,"covered":12,"skipped":0,"pct":100},"functions":{"total":5,"covered":5,"skipped":0,"pct":100},"statements":{"total":12,"covered":12,"skipped":0,"pct":100},"branches":{"total":20,"covered":15,"skipped":0,"pct":75}}
,"/Users/jeremiahstones/Documents/workspace/Personal Projects/ascent_beacon/ascent-beacon-mobile/src/screens/ValuesDiscovery.tsx": {"lines":{"total":79,"covered":0,"skipped":0,"pct":0},"functions":{"total":28,"covered":0,"skipped":0,"pct":0},"statements":{"total":79,"covered":0,"skipped":0,"pct":0},"branches":{"total":45,"covered":0,"skipped":0,"pct":0}}
,"/Users/jeremiahstones/Documents/workspace/Personal Projects/ascent_beacon/ascent-beacon-mobile/src/screens/ValuesManagement.tsx": {"lines":{"total":20,"covered":10,"skipped":0,"pct":50},"functions":{"total":12,"covered":5,"skipped":0,"pct":41.66},"statements":{"total":20,"covered":10,"skipped":0,"pct":50},"branches":{"total":15,"covered":11,"skipped":0,"pct":73.33}}
,"/Users/jeremiahstones/Documents/workspace/Personal Projects/ascent_beacon/ascent-beacon-mobile/src/screens/styles/assistantBaseStyles.ts": {"lines":{"total":5,"covered":0,"skipped":0,"pct":0},"functions":{"total":0,"covered":0,"skipped":0,"pct":100},"statements":{"total":5,"covered":0,"skipped":0,"pct":0},"branches":{"total":0,"covered":0,"skipped":0,"pct":100}}
,"/Users/jeremiahstones/Documents/workspace/Personal Projects/ascent_beacon/ascent-beacon-mobile/src/screens/styles/assistantChatStyles.ts": {"lines":{"total":3,"covered":0,"skipped":0,"pct":0},"functions":{"total":0,"covered":0,"skipped":0,"pct":100},"statements":{"total":3,"covered":0,"skipped":0,"pct":0},"branches":{"total":0,"covered":0,"skipped":0,"pct":100}}
,"/Users/jeremiahstones/Documents/workspace/Personal Projects/ascent_beacon/ascent-beacon-mobile/src/screens/styles/assistantScreenStyles.ts": {"lines":{"total":1,"covered":0,"skipped":0,"pct":0},"functions":{"total":0,"covered":0,"skipped":0,"pct":100},"statements":{"total":1,"covered":0,"skipped":0,"pct":0},"branches":{"total":0,"covered":0,"skipped":0,"pct":100}}
,"/Users/jeremiahstones/Documents/workspace/Personal Projects/ascent_beacon/ascent-beacon-mobile/src/screens/styles/dashboardScreenStyles.ts": {"lines":{"total":1,"covered":1,"skipped":0,"pct":100},"functions":{"total":0,"covered":0,"skipped":0,"pct":100},"statements":{"total":1,"covered":1,"skipped":0,"pct":100},"branches":{"total":0,"covered":0,"skipped":0,"pct":100}}
,"/Users/jeremiahstones/Documents/workspace/Personal Projects/ascent_beacon/ascent-beacon-mobile/src/screens/styles/goalsScreenStyles.ts": {"lines":{"total":15,"covered":0,"skipped":0,"pct":0},"functions":{"total":2,"covered":0,"skipped":0,"pct":0},"statements":{"total":15,"covered":0,"skipped":0,"pct":0},"branches":{"total":10,"covered":0,"skipped":0,"pct":0}}
,"/Users/jeremiahstones/Documents/workspace/Personal Projects/ascent_beacon/ascent-beacon-mobile/src/screens/styles/loginScreenStyles.ts": {"lines":{"total":1,"covered":0,"skipped":0,"pct":0},"functions":{"total":0,"covered":0,"skipped":0,"pct":100},"statements":{"total":1,"covered":0,"skipped":0,"pct":0},"branches":{"total":0,"covered":0,"skipped":0,"pct":100}}
,"/Users/jeremiahstones/Documents/workspace/Personal Projects/ascent_beacon/ascent-beacon-mobile/src/screens/styles/onboardingScreenStyles.ts": {"lines":{"total":1,"covered":0,"skipped":0,"pct":0},"functions":{"total":0,"covered":0,"skipped":0,"pct":100},"statements":{"total":1,"covered":0,"skipped":0,"pct":0},"branches":{"total":0,"covered":0,"skipped":0,"pct":100}}
,"/Users/jeremiahstones/Documents/workspace/Personal Projects/ascent_beacon/ascent-beacon-mobile/src/screens/styles/prioritiesBaseStyles.ts": {"lines":{"total":4,"covered":0,"skipped":0,"pct":0},"functions":{"total":0,"covered":0,"skipped":0,"pct":100},"statements":{"total":4,"covered":0,"skipped":0,"pct":0},"branches":{"total":0,"covered":0,"skipped":0,"pct":100}}
,"/Users/jeremiahstones/Documents/workspace/Personal Projects/ascent_beacon/ascent-beacon-mobile/src/screens/styles/prioritiesFormStyles.ts": {"lines":{"total":6,"covered":0,"skipped":0,"pct":0},"functions":{"total":0,"covered":0,"skipped":0,"pct":100},"statements":{"total":6,"covered":0,"skipped":0,"pct":0},"branches":{"total":0,"covered":0,"skipped":0,"pct":100}}
,"/Users/jeremiahstones/Documents/workspace/Personal Projects/ascent_beacon/ascent-beacon-mobile/src/screens/styles/prioritiesScreenStyles.ts": {"lines":{"total":1,"covered":0,"skipped":0,"pct":0},"functions":{"total":0,"covered":0,"skipped":0,"pct":100},"statements":{"total":1,"covered":0,"skipped":0,"pct":0},"branches":{"total":0,"covered":0,"skipped":0,"pct":100}}
,"/Users/jeremiahstones/Documents/workspace/Personal Projects/ascent_beacon/ascent-beacon-mobile/src/screens/styles/valuePriorityLinksStyles.ts": {"lines":{"total":2,"covered":0,"skipped":0,"pct":0},"functions":{"total":0,"covered":0,"skipped":0,"pct":100},"statements":{"total":2,"covered":0,"skipped":0,"pct":0},"branches":{"total":0,"covered":0,"skipped":0,"pct":100}}
,"/Users/jeremiahstones/Documents/workspace/Personal Projects/ascent_beacon/ascent-beacon-mobile/src/screens/styles/valuesBaseStyles.ts": {"lines":{"total":8,"covered":0,"skipped":0,"pct":0},"functions":{"total":0,"covered":0,"skipped":0,"pct":100},"statements":{"total":8,"covered":0,"skipped":0,"pct":0},"branches":{"total":0,"covered":0,"skipped":0,"pct":100}}
,"/Users/jeremiahstones/Documents/workspace/Personal Projects/ascent_beacon/ascent-beacon-mobile/src/screens/styles/valuesDiscoveryStyles.ts": {"lines":{"total":1,"covered":0,"skipped":0,"pct":0},"functions":{"total":0,"covered":0,"skipped":0,"pct":100},"statements":{"total":1,"covered":0,"skipped":0,"pct":0},"branches":{"total":4,"covered":0,"skipped":0,"pct":0}}
,"/Users/jeremiahstones/Documents/workspace/Personal Projects/ascent_beacon/ascent-beacon-mobile/src/screens/styles/valuesFormStyles.ts": {"lines":{"total":3,"covered":0,"skipped":0,"pct":0},"functions":{"total":0,"covered":0,"skipped":0,"pct":100},"statements":{"total":3,"covered":0,"skipped":0,"pct":0},"branches":{"total":0,"covered":0,"skipped":0,"pct":100}}
,"/Users/jeremiahstones/Documents/workspace/Personal Projects/ascent_beacon/ascent-beacon-mobile/src/screens/styles/valuesManagementStyles.ts": {"lines":{"total":1,"covered":0,"skipped":0,"pct":0},"functions":{"total":0,"covered":0,"skipped":0,"pct":100},"statements":{"total":1,"covered":0,"skipped":0,"pct":0},"branches":{"total":0,"covered":0,"skipped":0,"pct":100}}
,"/Users/jeremiahstones/Documents/workspace/Personal Projects/ascent_beacon/ascent-beacon-mobile/src/services/api.ts": {"lines":{"total":1,"covered":1,"skipped":0,"pct":100},"functions":{"total":0,"covered":0,"skipped":0,"pct":100},"statements":{"total":1,"covered":1,"skipped":0,"pct":100},"branches":{"total":0,"covered":0,"skipped":0,"pct":100}}
,"/Users/jeremiahstones/Documents/workspace/Personal Projects/ascent_beacon/ascent-beacon-mobile/src/services/apiAuth.ts": {"lines":{"total":19,"covered":19,"skipped":0,"pct":100},"functions":{"total":7,"covered":7,"skipped":0,"pct":100},"statements":{"total":19,"covered":19,"skipped":0,"pct":100},"branches":{"total":6,"covered":6,"skipped":0,"pct":100}}
,"/Users/jeremiahstones/Documents/workspace/Personal Projects/ascent_beacon/ascent-beacon-mobile/src/services/apiBase.ts": {"lines":{"total":42,"covered":42,"skipped":0,"pct":100},"functions":{"total":2,"covered":2,"skipped":0,"pct":100},"statements":{"total":44,"covered":44,"skipped":0,"pct":100},"branches":{"total":29,"covered":28,"skipped":0,"pct":96.55}}
,"/Users/jeremiahstones/Documents/workspace/Personal Projects/ascent_beacon/ascent-beacon-mobile/src/services/apiGoals.ts": {"lines":{"total":28,"covered":2,"skipped":0,"pct":7.14},"functions":{"total":12,"covered":1,"skipped":0,"pct":8.33},"statements":{"total":28,"covered":2,"skipped":0,"pct":7.14},"branches":{"total":13,"covered":0,"skipped":0,"pct":0}}
,"/Users/jeremiahstones/Documents/workspace/Personal Projects/ascent_beacon/ascent-beacon-mobile/src/services/apiMixins.ts": {"lines":{"total":24,"covered":24,"skipped":0,"pct":100},"functions":{"total":17,"covered":17,"skipped":0,"pct":100},"statements":{"total":24,"covered":24,"skipped":0,"pct":100},"branches":{"total":7,"covered":6,"skipped":0,"pct":85.71}}
,"/Users/jeremiahstones/Documents/workspace/Personal Projects/ascent_beacon/ascent-beacon-mobile/src/services/apiPriorities.ts": {"lines":{"total":14,"covered":14,"skipped":0,"pct":100},"functions":{"total":13,"covered":13,"skipped":0,"pct":100},"statements":{"total":14,"covered":14,"skipped":0,"pct":100},"branches":{"total":0,"covered":0,"skipped":0,"pct":100}}
,"/Users/jeremiahstones/Documents/workspace/Personal Projects/ascent_beacon/ascent-beacon-mobile/src/services/apiValues.ts": {"lines":{"total":10,"covered":10,"skipped":0,"pct":100},"functions":{"total":9,"covered":9,"skipped":0,"pct":100},"statements":{"total":10,"covered":10,"skipped":0,"pct":100},"branches":{"total":1,"covered":1,"skipped":0,"pct":100}}
,"/Users/jeremiahstones/Documents/workspace/Personal Projects/ascent_beacon/ascent-beacon-mobile/src/types/index.ts": {"lines":{"total":0,"covered":0,"skipped":0,"pct":100},"functions":{"total":0,"covered":0,"skipped":0,"pct":100},"statements":{"total":0,"covered":0,"skipped":0,"pct":100},"branches":{"total":0,"covered":0,"skipped":0,"pct":100}}
,"/Users/jeremiahstones/Documents/workspace/Personal Projects/ascent_beacon/ascent-beacon-mobile/src/utils/auth.ts": {"lines":{"total":26,"covered":20,"skipped":0,"pct":76.92},"functions":{"total":5,"covered":5,"skipped":0,"pct":100},"statements":{"total":26,"covered":20,"skipped":0,"pct":76.92},"branches":{"total":8,"covered":4,"skipped":0,"pct":50}}
,"/Users/jeremiahstones/Documents/workspace/Personal Projects/ascent_beacon/ascent-beacon-mobile/src/utils/insightHandlers.ts": {"lines":{"total":14,"covered":0,"skipped":0,"pct":0},"functions":{"total":4,"covered":0,"skipped":0,"pct":0},"statements":{"total":16,"covered":0,"skipped":0,"pct":0},"branches":{"total":4,"covered":0,"skipped":0,"pct":0}}
,"/Users/jeremiahstones/Documents/workspace/Personal Projects/ascent_beacon/ascent-beacon-mobile/src/utils/logger.ts": {"lines":{"total":7,"covered":3,"skipped":0,"pct":42.85},"functions":{"total":3,"covered":1,"skipped":0,"pct":33.33},"statements":{"total":7,"covered":3,"skipped":0,"pct":42.85},"branches":{"total":6,"covered":1,"skipped":0,"pct":16.66}}
,"/Users/jeremiahstones/Documents/workspace/Personal Projects/ascent_beacon/ascent-beacon-mobile/src/utils/messageHandlers.ts": {"lines":{"total":111,"covered":107,"skipped":0,"pct":96.39},"functions":{"total":13,"covered":13,"skipped":0,"pct":100},"statements":{"total":126,"covered":122,"skipped":0,"pct":96.82},"branches":{"total":89,"covered":79,"skipped":0,"pct":88.76}}
,"/Users/jeremiahstones/Documents/workspace/Personal Projects/ascent_beacon/ascent-beacon-mobile/src/utils/priorityOrphanCheck.ts": {"lines":{"total":30,"covered":5,"skipped":0,"pct":16.66},"functions":{"total":7,"covered":2,"skipped":0,"pct":28.57},"statements":{"total":33,"covered":6,"skipped":0,"pct":18.18},"branches":{"total":12,"covered":2,"skipped":0,"pct":16.66}}
,"/Users/jeremiahstones/Documents/workspace/Personal Projects/ascent_beacon/ascent-beacon-mobile/src/utils/suppressWarnings.ts": {"lines":{"total":17,"covered":0,"skipped":0,"pct":0},"functions":{"total":5,"covered":0,"skipped":0,"pct":0},"statements":{"total":20,"covered":0,"skipped":0,"pct":0},"branches":{"total":10,"covered":0,"skipped":0,"pct":0}}
,"/Users/jeremiahstones/Documents/workspace/Personal Projects/ascent_beacon/ascent-beacon-mobile/src/utils/valueMatching.ts": {"lines":{"total":49,"covered":49,"skipped":0,"pct":100},"functions":{"total":16,"covered":16,"skipped":0,"pct":100},"statements":{"total":55,"covered":54,"skipped":0,"pct":98.18},"branches":{"total":26,"covered":24,"skipped":0,"pct":92.3}}
}
