{"/Users/jeremiahstones/Documents/workspace/Personal Projects/ascent_beacon/ascent-beacon-mobile/src/config.ts": {"path":"/Users/jeremiahstones/Documents/workspace/Personal Projects/ascent_beacon/ascent-beacon-mobile/src/config.ts","statementMap":{"0":{"start":{"line":8,"column":2},"end":{"line":8,"column":78}},"1":{"start":{"line":10,"column":23},"end":{"line":10,"column":77}},"2":{"start":{"line":15,"column":2},"end":{"line":15,"column":76}}},"fnMap":{},"branchMap":{"0":{"loc":{"start":{"line":8,"column":2},"end":{"line":8,"column":78}},"type":"cond-expr","locations":[{"start":{"line":8,"column":26},"end":{"line":8,"column":49}},{"start":{"line":8,"column":52},"end":{"line":8,"column":78}}],"line":8},"1":{"loc":{"start":{"line":10,"column":23},"end":{"line":10,"column":77}},"type":"cond-expr","locations":[{"start":{"line":10,"column":33},"end":{"line":10,"column":44}},{"start":{"line":10,"column":47},"end":{"line":10,"column":77}}],"line":10}},"s":{"0":12,"1":12,"2":12},"f":{},"b":{"0":[2,10],"1":[12,0]},"_coverageSchema":"1a1c01bbd47fc00a2c39e90264f33305004495a9","hash":"47791ee1ee924b84ebce3d0cb512a51f52e9941a"}
,"/Users/jeremiahstones/Documents/workspace/Personal Projects/ascent_beacon/ascent-beacon-mobile/src/testHelpers.ts": {"path":"/Users/jeremiahstones/Documents/workspace/Personal Projects/ascent_beacon/ascent-beacon-mobile/src/testHelpers.ts","statementMap":{"0":{"start":{"line":56,"column":29},"end":{"line":110,"column":2}},"1":{"start":{"line":56,"column":77},"end":{"line":110,"column":1}},"2":{"start":{"line":58,"column":31},"end":{"line":58,"column":65}},"3":{"start":{"line":60,"column":4},"end":{"line":60,"column":72}},"4":{"start":{"line":63,"column":4},"end":{"line":63,"column":72}},"5":{"start":{"line":65,"column":24},"end":{"line":65,"column":41}},"6":{"start":{"line":68,"column":27},"end":{"line":68,"column":46}},"7":{"start":{"line":69,"column":29},"end":{"line":69,"column":48}},"8":{"start":{"line":71,"column":4},"end":{"line":71,"column":49}},"9":{"start":{"line":73,"column":29},"end":{"line":73,"column":46}},"10":{"start":{"line":75,"column":4},"end":{"line":75,"column":38}},"11":{"start":{"line":77,"column":36},"end":{"line":77,"column":53}},"12":{"start":{"line":78,"column":36},"end":{"line":78,"column":53}},"13":{"start":{"line":79,"column":37},"end":{"line":79,"column":54}},"14":{"start":{"line":82,"column":31},"end":{"line":82,"column":50}},"15":{"start":{"line":84,"column":4},"end":{"line":84,"column":50}},"16":{"start":{"line":87,"column":4},"end":{"line":87,"column":36}},"17":{"start":{"line":89,"column":32},"end":{"line":89,"column":49}},"18":{"start":{"line":90,"column":31},"end":{"line":90,"column":48}},"19":{"start":{"line":91,"column":33},"end":{"line":91,"column":50}},"20":{"start":{"line":94,"column":39},"end":{"line":94,"column":58}},"21":{"start":{"line":95,"column":41},"end":{"line":95,"column":74}},"22":{"start":{"line":96,"column":41},"end":{"line":96,"column":58}},"23":{"start":{"line":100,"column":4},"end":{"line":100,"column":48}},"24":{"start":{"line":102,"column":38},"end":{"line":102,"column":76}},"25":{"start":{"line":105,"column":38},"end":{"line":105,"column":57}},"26":{"start":{"line":106,"column":43},"end":{"line":106,"column":60}},"27":{"start":{"line":107,"column":43},"end":{"line":107,"column":60}},"28":{"start":{"line":113,"column":31},"end":{"line":133,"column":2}},"29":{"start":{"line":113,"column":75},"end":{"line":133,"column":1}},"30":{"start":{"line":136,"column":34},"end":{"line":161,"column":2}},"31":{"start":{"line":138,"column":16},"end":{"line":161,"column":1}},"32":{"start":{"line":164,"column":28},"end":{"line":169,"column":1}},"33":{"start":{"line":168,"column":2},"end":{"line":168,"column":29}}},"fnMap":{"0":{"name":"(anonymous_0)","decl":{"start":{"line":56,"column":29},"end":{"line":56,"column":30}},"loc":{"start":{"line":56,"column":77},"end":{"line":110,"column":1}},"line":56},"1":{"name":"(anonymous_1)","decl":{"start":{"line":58,"column":25},"end":{"line":58,"column":26}},"loc":{"start":{"line":58,"column":31},"end":{"line":58,"column":65}},"line":58},"2":{"name":"(anonymous_2)","decl":{"start":{"line":59,"column":27},"end":{"line":59,"column":28}},"loc":{"start":{"line":60,"column":4},"end":{"line":60,"column":72}},"line":60},"3":{"name":"(anonymous_3)","decl":{"start":{"line":62,"column":29},"end":{"line":62,"column":30}},"loc":{"start":{"line":63,"column":4},"end":{"line":63,"column":72}},"line":63},"4":{"name":"(anonymous_4)","decl":{"start":{"line":65,"column":18},"end":{"line":65,"column":19}},"loc":{"start":{"line":65,"column":24},"end":{"line":65,"column":41}},"line":65},"5":{"name":"(anonymous_5)","decl":{"start":{"line":68,"column":21},"end":{"line":68,"column":22}},"loc":{"start":{"line":68,"column":27},"end":{"line":68,"column":46}},"line":68},"6":{"name":"(anonymous_6)","decl":{"start":{"line":69,"column":23},"end":{"line":69,"column":24}},"loc":{"start":{"line":69,"column":29},"end":{"line":69,"column":48}},"line":69},"7":{"name":"(anonymous_7)","decl":{"start":{"line":70,"column":23},"end":{"line":70,"column":24}},"loc":{"start":{"line":71,"column":4},"end":{"line":71,"column":49}},"line":71},"8":{"name":"(anonymous_8)","decl":{"start":{"line":73,"column":23},"end":{"line":73,"column":24}},"loc":{"start":{"line":73,"column":29},"end":{"line":73,"column":46}},"line":73},"9":{"name":"(anonymous_9)","decl":{"start":{"line":74,"column":23},"end":{"line":74,"column":24}},"loc":{"start":{"line":75,"column":4},"end":{"line":75,"column":38}},"line":75},"10":{"name":"(anonymous_10)","decl":{"start":{"line":77,"column":30},"end":{"line":77,"column":31}},"loc":{"start":{"line":77,"column":36},"end":{"line":77,"column":53}},"line":77},"11":{"name":"(anonymous_11)","decl":{"start":{"line":78,"column":30},"end":{"line":78,"column":31}},"loc":{"start":{"line":78,"column":36},"end":{"line":78,"column":53}},"line":78},"12":{"name":"(anonymous_12)","decl":{"start":{"line":79,"column":31},"end":{"line":79,"column":32}},"loc":{"start":{"line":79,"column":37},"end":{"line":79,"column":54}},"line":79},"13":{"name":"(anonymous_13)","decl":{"start":{"line":82,"column":25},"end":{"line":82,"column":26}},"loc":{"start":{"line":82,"column":31},"end":{"line":82,"column":50}},"line":82},"14":{"name":"(anonymous_14)","decl":{"start":{"line":83,"column":26},"end":{"line":83,"column":27}},"loc":{"start":{"line":84,"column":4},"end":{"line":84,"column":50}},"line":84},"15":{"name":"(anonymous_15)","decl":{"start":{"line":86,"column":26},"end":{"line":86,"column":27}},"loc":{"start":{"line":87,"column":4},"end":{"line":87,"column":36}},"line":87},"16":{"name":"(anonymous_16)","decl":{"start":{"line":89,"column":26},"end":{"line":89,"column":27}},"loc":{"start":{"line":89,"column":32},"end":{"line":89,"column":49}},"line":89},"17":{"name":"(anonymous_17)","decl":{"start":{"line":90,"column":25},"end":{"line":90,"column":26}},"loc":{"start":{"line":90,"column":31},"end":{"line":90,"column":48}},"line":90},"18":{"name":"(anonymous_18)","decl":{"start":{"line":91,"column":27},"end":{"line":91,"column":28}},"loc":{"start":{"line":91,"column":33},"end":{"line":91,"column":50}},"line":91},"19":{"name":"(anonymous_19)","decl":{"start":{"line":94,"column":33},"end":{"line":94,"column":34}},"loc":{"start":{"line":94,"column":39},"end":{"line":94,"column":58}},"line":94},"20":{"name":"(anonymous_20)","decl":{"start":{"line":95,"column":35},"end":{"line":95,"column":36}},"loc":{"start":{"line":95,"column":41},"end":{"line":95,"column":74}},"line":95},"21":{"name":"(anonymous_21)","decl":{"start":{"line":96,"column":35},"end":{"line":96,"column":36}},"loc":{"start":{"line":96,"column":41},"end":{"line":96,"column":58}},"line":96},"22":{"name":"(anonymous_22)","decl":{"start":{"line":99,"column":34},"end":{"line":99,"column":35}},"loc":{"start":{"line":100,"column":4},"end":{"line":100,"column":48}},"line":100},"23":{"name":"(anonymous_23)","decl":{"start":{"line":102,"column":32},"end":{"line":102,"column":33}},"loc":{"start":{"line":102,"column":38},"end":{"line":102,"column":76}},"line":102},"24":{"name":"(anonymous_24)","decl":{"start":{"line":105,"column":32},"end":{"line":105,"column":33}},"loc":{"start":{"line":105,"column":38},"end":{"line":105,"column":57}},"line":105},"25":{"name":"(anonymous_25)","decl":{"start":{"line":106,"column":37},"end":{"line":106,"column":38}},"loc":{"start":{"line":106,"column":43},"end":{"line":106,"column":60}},"line":106},"26":{"name":"(anonymous_26)","decl":{"start":{"line":107,"column":37},"end":{"line":107,"column":38}},"loc":{"start":{"line":107,"column":43},"end":{"line":107,"column":60}},"line":107},"27":{"name":"(anonymous_27)","decl":{"start":{"line":113,"column":31},"end":{"line":113,"column":32}},"loc":{"start":{"line":113,"column":75},"end":{"line":133,"column":1}},"line":113},"28":{"name":"(anonymous_28)","decl":{"start":{"line":136,"column":34},"end":{"line":136,"column":35}},"loc":{"start":{"line":138,"column":16},"end":{"line":161,"column":1}},"line":138},"29":{"name":"(anonymous_29)","decl":{"start":{"line":164,"column":28},"end":{"line":164,"column":29}},"loc":{"start":{"line":167,"column":19},"end":{"line":169,"column":1}},"line":167}},"branchMap":{"0":{"loc":{"start":{"line":56,"column":30},"end":{"line":56,"column":62}},"type":"default-arg","locations":[{"start":{"line":56,"column":60},"end":{"line":56,"column":62}}],"line":56},"1":{"loc":{"start":{"line":113,"column":32},"end":{"line":113,"column":62}},"type":"default-arg","locations":[{"start":{"line":113,"column":60},"end":{"line":113,"column":62}}],"line":113},"2":{"loc":{"start":{"line":137,"column":2},"end":{"line":137,"column":35}},"type":"default-arg","locations":[{"start":{"line":137,"column":33},"end":{"line":137,"column":35}}],"line":137}},"s":{"0":0,"1":0,"2":0,"3":0,"4":0,"5":0,"6":0,"7":0,"8":0,"9":0,"10":0,"11":0,"12":0,"13":0,"14":0,"15":0,"16":0,"17":0,"18":0,"19":0,"20":0,"21":0,"22":0,"23":0,"24":0,"25":0,"26":0,"27":0,"28":0,"29":0,"30":0,"31":0,"32":0,"33":0},"f":{"0":0,"1":0,"2":0,"3":0,"4":0,"5":0,"6":0,"7":0,"8":0,"9":0,"10":0,"11":0,"12":0,"13":0,"14":0,"15":0,"16":0,"17":0,"18":0,"19":0,"20":0,"21":0,"22":0,"23":0,"24":0,"25":0,"26":0,"27":0,"28":0,"29":0},"b":{"0":[0],"1":[0],"2":[0]}}
,"/Users/jeremiahstones/Documents/workspace/Personal Projects/ascent_beacon/ascent-beacon-mobile/src/components/AffectedPrioritiesModal.tsx": {"path":"/Users/jeremiahstones/Documents/workspace/Personal Projects/ascent_beacon/ascent-beacon-mobile/src/components/AffectedPrioritiesModal.tsx","statementMap":{"0":{"start":{"line":28,"column":25},"end":{"line":28,"column":43}},"1":{"start":{"line":30,"column":2},"end":{"line":36,"column":16}},"2":{"start":{"line":31,"column":4},"end":{"line":35,"column":5}},"3":{"start":{"line":32,"column":6},"end":{"line":34,"column":14}},"4":{"start":{"line":33,"column":8},"end":{"line":33,"column":70}},"5":{"start":{"line":38,"column":2},"end":{"line":38,"column":70}},"6":{"start":{"line":38,"column":58},"end":{"line":38,"column":70}},"7":{"start":{"line":40,"column":2},"end":{"line":107,"column":4}},"8":{"start":{"line":71,"column":14},"end":{"line":81,"column":21}},"9":{"start":{"line":110,"column":15},"end":{"line":205,"column":2}}},"fnMap":{"0":{"name":"AffectedPrioritiesModal","decl":{"start":{"line":21,"column":24},"end":{"line":21,"column":47}},"loc":{"start":{"line":27,"column":59},"end":{"line":108,"column":1}},"line":27},"1":{"name":"(anonymous_1)","decl":{"start":{"line":30,"column":12},"end":{"line":30,"column":13}},"loc":{"start":{"line":30,"column":18},"end":{"line":36,"column":3}},"line":30},"2":{"name":"(anonymous_2)","decl":{"start":{"line":32,"column":17},"end":{"line":32,"column":18}},"loc":{"start":{"line":32,"column":23},"end":{"line":34,"column":7}},"line":32},"3":{"name":"(anonymous_3)","decl":{"start":{"line":70,"column":28},"end":{"line":70,"column":29}},"loc":{"start":{"line":71,"column":14},"end":{"line":81,"column":21}},"line":71}},"branchMap":{"0":{"loc":{"start":{"line":31,"column":4},"end":{"line":35,"column":5}},"type":"if","locations":[{"start":{"line":31,"column":4},"end":{"line":35,"column":5}},{"start":{},"end":{}}],"line":31},"1":{"loc":{"start":{"line":31,"column":8},"end":{"line":31,"column":40}},"type":"binary-expr","locations":[{"start":{"line":31,"column":8},"end":{"line":31,"column":15}},{"start":{"line":31,"column":19},"end":{"line":31,"column":40}}],"line":31},"2":{"loc":{"start":{"line":38,"column":2},"end":{"line":38,"column":70}},"type":"if","locations":[{"start":{"line":38,"column":2},"end":{"line":38,"column":70}},{"start":{},"end":{}}],"line":38},"3":{"loc":{"start":{"line":38,"column":6},"end":{"line":38,"column":56}},"type":"binary-expr","locations":[{"start":{"line":38,"column":6},"end":{"line":38,"column":14}},{"start":{"line":38,"column":18},"end":{"line":38,"column":29}},{"start":{"line":38,"column":33},"end":{"line":38,"column":56}}],"line":38},"4":{"loc":{"start":{"line":72,"column":21},"end":{"line":72,"column":50}},"type":"binary-expr","locations":[{"start":{"line":72,"column":21},"end":{"line":72,"column":41}},{"start":{"line":72,"column":45},"end":{"line":72,"column":50}}],"line":72},"5":{"loc":{"start":{"line":76,"column":17},"end":{"line":80,"column":17}},"type":"binary-expr","locations":[{"start":{"line":76,"column":17},"end":{"line":76,"column":37}},{"start":{"line":77,"column":18},"end":{"line":79,"column":25}}],"line":76},"6":{"loc":{"start":{"line":182,"column":19},"end":{"line":182,"column":50}},"type":"cond-expr","locations":[{"start":{"line":182,"column":43},"end":{"line":182,"column":45}},{"start":{"line":182,"column":48},"end":{"line":182,"column":50}}],"line":182}},"s":{"0":13,"1":13,"2":13,"3":0,"4":0,"5":13,"6":3,"7":10,"8":19,"9":1},"f":{"0":13,"1":13,"2":0,"3":19},"b":{"0":[0,13],"1":[13,12],"2":[3,10],"3":[13,12,11],"4":[19,1],"5":[19,9],"6":[1,0]},"_coverageSchema":"1a1c01bbd47fc00a2c39e90264f33305004495a9","hash":"55546913276d3d38bada860dd821b5709afb4f7a"}
,"/Users/jeremiahstones/Documents/workspace/Personal Projects/ascent_beacon/ascent-beacon-mobile/src/components/ErrorBoundary.tsx": {"path":"/Users/jeremiahstones/Documents/workspace/Personal Projects/ascent_beacon/ascent-beacon-mobile/src/components/ErrorBoundary.tsx","statementMap":{"0":{"start":{"line":25,"column":4},"end":{"line":25,"column":17}},"1":{"start":{"line":26,"column":4},"end":{"line":30,"column":6}},"2":{"start":{"line":35,"column":4},"end":{"line":35,"column":37}},"3":{"start":{"line":40,"column":4},"end":{"line":43,"column":5}},"4":{"start":{"line":41,"column":6},"end":{"line":41,"column":56}},"5":{"start":{"line":42,"column":6},"end":{"line":42,"column":41}},"6":{"start":{"line":46,"column":4},"end":{"line":46,"column":33}},"7":{"start":{"line":49,"column":4},"end":{"line":51,"column":5}},"8":{"start":{"line":50,"column":6},"end":{"line":50,"column":43}},"9":{"start":{"line":54,"column":16},"end":{"line":60,"column":3}},"10":{"start":{"line":55,"column":4},"end":{"line":59,"column":7}},"11":{"start":{"line":63,"column":4},"end":{"line":100,"column":5}},"12":{"start":{"line":65,"column":6},"end":{"line":67,"column":7}},"13":{"start":{"line":66,"column":8},"end":{"line":66,"column":35}},"14":{"start":{"line":70,"column":6},"end":{"line":99,"column":8}},"15":{"start":{"line":102,"column":4},"end":{"line":102,"column":31}},"16":{"start":{"line":106,"column":15},"end":{"line":169,"column":2}}},"fnMap":{"0":{"name":"(anonymous_0)","decl":{"start":{"line":24,"column":2},"end":{"line":24,"column":3}},"loc":{"start":{"line":24,"column":41},"end":{"line":31,"column":3}},"line":24},"1":{"name":"(anonymous_1)","decl":{"start":{"line":33,"column":2},"end":{"line":33,"column":3}},"loc":{"start":{"line":33,"column":77},"end":{"line":36,"column":3}},"line":33},"2":{"name":"(anonymous_2)","decl":{"start":{"line":38,"column":2},"end":{"line":38,"column":3}},"loc":{"start":{"line":38,"column":62},"end":{"line":52,"column":3}},"line":38},"3":{"name":"(anonymous_3)","decl":{"start":{"line":54,"column":16},"end":{"line":54,"column":17}},"loc":{"start":{"line":54,"column":28},"end":{"line":60,"column":3}},"line":54},"4":{"name":"(anonymous_4)","decl":{"start":{"line":62,"column":2},"end":{"line":62,"column":3}},"loc":{"start":{"line":62,"column":22},"end":{"line":103,"column":3}},"line":62}},"branchMap":{"0":{"loc":{"start":{"line":40,"column":4},"end":{"line":43,"column":5}},"type":"if","locations":[{"start":{"line":40,"column":4},"end":{"line":43,"column":5}},{"start":{},"end":{}}],"line":40},"1":{"loc":{"start":{"line":49,"column":4},"end":{"line":51,"column":5}},"type":"if","locations":[{"start":{"line":49,"column":4},"end":{"line":51,"column":5}},{"start":{},"end":{}}],"line":49},"2":{"loc":{"start":{"line":63,"column":4},"end":{"line":100,"column":5}},"type":"if","locations":[{"start":{"line":63,"column":4},"end":{"line":100,"column":5}},{"start":{},"end":{}}],"line":63},"3":{"loc":{"start":{"line":65,"column":6},"end":{"line":67,"column":7}},"type":"if","locations":[{"start":{"line":65,"column":6},"end":{"line":67,"column":7}},{"start":{},"end":{}}],"line":65},"4":{"loc":{"start":{"line":80,"column":13},"end":{"line":87,"column":13}},"type":"binary-expr","locations":[{"start":{"line":80,"column":13},"end":{"line":80,"column":20}},{"start":{"line":80,"column":24},"end":{"line":80,"column":40}},{"start":{"line":81,"column":14},"end":{"line":86,"column":21}}],"line":80}},"s":{"0":9,"1":9,"2":8,"3":4,"4":4,"5":4,"6":4,"7":4,"8":1,"9":9,"10":1,"11":22,"12":12,"13":3,"14":9,"15":10,"16":1},"f":{"0":9,"1":8,"2":4,"3":1,"4":22},"b":{"0":[4,0],"1":[1,3],"2":[12,10],"3":[3,9],"4":[9,9,9]},"_coverageSchema":"1a1c01bbd47fc00a2c39e90264f33305004495a9","hash":"72c6d6fe9ce326d1b8386d820400177e205c5b49"}
,"/Users/jeremiahstones/Documents/workspace/Personal Projects/ascent_beacon/ascent-beacon-mobile/src/components/TermsModal.tsx": {"path":"/Users/jeremiahstones/Documents/workspace/Personal Projects/ascent_beacon/ascent-beacon-mobile/src/components/TermsModal.tsx","statementMap":{"0":{"start":{"line":21,"column":25},"end":{"line":21,"column":43}},"1":{"start":{"line":23,"column":2},"end":{"line":29,"column":16}},"2":{"start":{"line":24,"column":4},"end":{"line":28,"column":5}},"3":{"start":{"line":25,"column":6},"end":{"line":27,"column":14}},"4":{"start":{"line":26,"column":8},"end":{"line":26,"column":70}},"5":{"start":{"line":31,"column":2},"end":{"line":148,"column":4}},"6":{"start":{"line":151,"column":15},"end":{"line":206,"column":2}}},"fnMap":{"0":{"name":"TermsModal","decl":{"start":{"line":17,"column":24},"end":{"line":17,"column":34}},"loc":{"start":{"line":20,"column":39},"end":{"line":149,"column":1}},"line":20},"1":{"name":"(anonymous_1)","decl":{"start":{"line":23,"column":12},"end":{"line":23,"column":13}},"loc":{"start":{"line":23,"column":18},"end":{"line":29,"column":3}},"line":23},"2":{"name":"(anonymous_2)","decl":{"start":{"line":25,"column":17},"end":{"line":25,"column":18}},"loc":{"start":{"line":25,"column":23},"end":{"line":27,"column":7}},"line":25}},"branchMap":{"0":{"loc":{"start":{"line":24,"column":4},"end":{"line":28,"column":5}},"type":"if","locations":[{"start":{"line":24,"column":4},"end":{"line":28,"column":5}},{"start":{},"end":{}}],"line":24},"1":{"loc":{"start":{"line":24,"column":8},"end":{"line":24,"column":40}},"type":"binary-expr","locations":[{"start":{"line":24,"column":8},"end":{"line":24,"column":15}},{"start":{"line":24,"column":19},"end":{"line":24,"column":40}}],"line":24}},"s":{"0":3,"1":3,"2":3,"3":0,"4":0,"5":3,"6":1},"f":{"0":3,"1":3,"2":0},"b":{"0":[0,3],"1":[3,3]},"_coverageSchema":"1a1c01bbd47fc00a2c39e90264f33305004495a9","hash":"7f975018088377bd5c991be6cc60f1f176edb70f"}
,"/Users/jeremiahstones/Documents/workspace/Personal Projects/ascent_beacon/ascent-beacon-mobile/src/components/TimeMachineConfirmModals.tsx": {"path":"/Users/jeremiahstones/Documents/workspace/Personal Projects/ascent_beacon/ascent-beacon-mobile/src/components/TimeMachineConfirmModals.tsx","statementMap":{"0":{"start":{"line":20,"column":2},"end":{"line":53,"column":4}},"1":{"start":{"line":67,"column":2},"end":{"line":90,"column":4}}},"fnMap":{"0":{"name":"TravelConfirmModal","decl":{"start":{"line":13,"column":16},"end":{"line":13,"column":34}},"loc":{"start":{"line":19,"column":48},"end":{"line":54,"column":1}},"line":19},"1":{"name":"ReturnConfirmModal","decl":{"start":{"line":62,"column":16},"end":{"line":62,"column":34}},"loc":{"start":{"line":66,"column":48},"end":{"line":91,"column":1}},"line":66}},"branchMap":{"0":{"loc":{"start":{"line":25,"column":13},"end":{"line":25,"column":63}},"type":"cond-expr","locations":[{"start":{"line":25,"column":24},"end":{"line":25,"column":41}},{"start":{"line":25,"column":44},"end":{"line":25,"column":63}}],"line":25},"1":{"loc":{"start":{"line":28,"column":13},"end":{"line":30,"column":40}},"type":"cond-expr","locations":[{"start":{"line":29,"column":16},"end":{"line":29,"column":104}},{"start":{"line":30,"column":16},"end":{"line":30,"column":40}}],"line":28},"2":{"loc":{"start":{"line":32,"column":11},"end":{"line":36,"column":11}},"type":"binary-expr","locations":[{"start":{"line":32,"column":11},"end":{"line":32,"column":19}},{"start":{"line":33,"column":12},"end":{"line":35,"column":19}}],"line":32},"3":{"loc":{"start":{"line":42,"column":21},"end":{"line":42,"column":75}},"type":"cond-expr","locations":[{"start":{"line":42,"column":32},"end":{"line":42,"column":52}},{"start":{"line":42,"column":55},"end":{"line":42,"column":75}}],"line":42},"4":{"loc":{"start":{"line":46,"column":17},"end":{"line":46,"column":47}},"type":"cond-expr","locations":[{"start":{"line":46,"column":28},"end":{"line":46,"column":36}},{"start":{"line":46,"column":39},"end":{"line":46,"column":47}}],"line":46}},"s":{"0":38,"1":38},"f":{"0":38,"1":38},"b":{"0":[0,38],"1":[0,38],"2":[38,0],"3":[0,38],"4":[0,38]},"_coverageSchema":"1a1c01bbd47fc00a2c39e90264f33305004495a9","hash":"0ab699e2e008470267975ed8e8a55754876176aa"}
,"/Users/jeremiahstones/Documents/workspace/Personal Projects/ascent_beacon/ascent-beacon-mobile/src/components/TimeMachineModal.tsx": {"path":"/Users/jeremiahstones/Documents/workspace/Personal Projects/ascent_beacon/ascent-beacon-mobile/src/components/TimeMachineModal.tsx","statementMap":{"0":{"start":{"line":23,"column":19},"end":{"line":35,"column":1}},"1":{"start":{"line":24,"column":12},"end":{"line":24,"column":30}},"2":{"start":{"line":25,"column":18},"end":{"line":29,"column":4}},"3":{"start":{"line":30,"column":12},"end":{"line":30,"column":24}},"4":{"start":{"line":31,"column":14},"end":{"line":31,"column":28}},"5":{"start":{"line":32,"column":15},"end":{"line":32,"column":36}},"6":{"start":{"line":33,"column":14},"end":{"line":33,"column":26}},"7":{"start":{"line":34,"column":2},"end":{"line":34,"column":75}},"8":{"start":{"line":37,"column":29},"end":{"line":42,"column":1}},"9":{"start":{"line":48,"column":45},"end":{"line":48,"column":54}},"10":{"start":{"line":65,"column":6},"end":{"line":65,"column":36}},"11":{"start":{"line":67,"column":22},"end":{"line":69,"column":36}},"12":{"start":{"line":70,"column":24},"end":{"line":72,"column":37}},"13":{"start":{"line":74,"column":31},"end":{"line":77,"column":3}},"14":{"start":{"line":75,"column":17},"end":{"line":75,"column":56}},"15":{"start":{"line":76,"column":4},"end":{"line":76,"column":44}},"16":{"start":{"line":79,"column":22},"end":{"line":90,"column":6}},"17":{"start":{"line":81,"column":6},"end":{"line":81,"column":8}},"18":{"start":{"line":82,"column":17},"end":{"line":82,"column":42}},"19":{"start":{"line":83,"column":4},"end":{"line":88,"column":5}},"20":{"start":{"line":84,"column":6},"end":{"line":87,"column":8}},"21":{"start":{"line":89,"column":4},"end":{"line":89,"column":17}},"22":{"start":{"line":92,"column":2},"end":{"line":215,"column":4}},"23":{"start":{"line":122,"column":18},"end":{"line":129,"column":37}},"24":{"start":{"line":125,"column":35},"end":{"line":125,"column":58}},"25":{"start":{"line":143,"column":18},"end":{"line":149,"column":20}},"26":{"start":{"line":170,"column":35},"end":{"line":170,"column":55}},"27":{"start":{"line":191,"column":33},"end":{"line":191,"column":59}},"28":{"start":{"line":206,"column":24},"end":{"line":206,"column":45}},"29":{"start":{"line":211,"column":24},"end":{"line":211,"column":51}}},"fnMap":{"0":{"name":"(anonymous_0)","decl":{"start":{"line":23,"column":19},"end":{"line":23,"column":20}},"loc":{"start":{"line":23,"column":50},"end":{"line":35,"column":1}},"line":23},"1":{"name":"TimeMachineModal","decl":{"start":{"line":44,"column":16},"end":{"line":44,"column":32}},"loc":{"start":{"line":47,"column":46},"end":{"line":216,"column":1}},"line":47},"2":{"name":"(anonymous_2)","decl":{"start":{"line":74,"column":31},"end":{"line":74,"column":32}},"loc":{"start":{"line":74,"column":45},"end":{"line":77,"column":3}},"line":74},"3":{"name":"(anonymous_3)","decl":{"start":{"line":79,"column":23},"end":{"line":79,"column":24}},"loc":{"start":{"line":79,"column":29},"end":{"line":90,"column":3}},"line":79},"4":{"name":"(anonymous_4)","decl":{"start":{"line":121,"column":42},"end":{"line":121,"column":43}},"loc":{"start":{"line":122,"column":18},"end":{"line":129,"column":37}},"line":122},"5":{"name":"(anonymous_5)","decl":{"start":{"line":125,"column":29},"end":{"line":125,"column":30}},"loc":{"start":{"line":125,"column":35},"end":{"line":125,"column":58}},"line":125},"6":{"name":"(anonymous_6)","decl":{"start":{"line":142,"column":29},"end":{"line":142,"column":30}},"loc":{"start":{"line":143,"column":18},"end":{"line":149,"column":20}},"line":143},"7":{"name":"(anonymous_7)","decl":{"start":{"line":170,"column":29},"end":{"line":170,"column":30}},"loc":{"start":{"line":170,"column":35},"end":{"line":170,"column":55}},"line":170},"8":{"name":"(anonymous_8)","decl":{"start":{"line":191,"column":27},"end":{"line":191,"column":28}},"loc":{"start":{"line":191,"column":33},"end":{"line":191,"column":59}},"line":191},"9":{"name":"(anonymous_9)","decl":{"start":{"line":206,"column":18},"end":{"line":206,"column":19}},"loc":{"start":{"line":206,"column":24},"end":{"line":206,"column":45}},"line":206},"10":{"name":"(anonymous_10)","decl":{"start":{"line":211,"column":18},"end":{"line":211,"column":19}},"loc":{"start":{"line":211,"column":24},"end":{"line":211,"column":51}},"line":211}},"branchMap":{"0":{"loc":{"start":{"line":24,"column":12},"end":{"line":24,"column":30}},"type":"binary-expr","locations":[{"start":{"line":24,"column":12},"end":{"line":24,"column":16}},{"start":{"line":24,"column":20},"end":{"line":24,"column":30}}],"line":24},"1":{"loc":{"start":{"line":32,"column":15},"end":{"line":32,"column":36}},"type":"cond-expr","locations":[{"start":{"line":32,"column":25},"end":{"line":32,"column":29}},{"start":{"line":32,"column":32},"end":{"line":32,"column":36}}],"line":32},"2":{"loc":{"start":{"line":33,"column":14},"end":{"line":33,"column":26}},"type":"binary-expr","locations":[{"start":{"line":33,"column":14},"end":{"line":33,"column":20}},{"start":{"line":33,"column":24},"end":{"line":33,"column":26}}],"line":33},"3":{"loc":{"start":{"line":67,"column":22},"end":{"line":69,"column":36}},"type":"cond-expr","locations":[{"start":{"line":68,"column":6},"end":{"line":68,"column":17}},{"start":{"line":69,"column":7},"end":{"line":69,"column":35}}],"line":67},"4":{"loc":{"start":{"line":69,"column":7},"end":{"line":69,"column":35}},"type":"binary-expr","locations":[{"start":{"line":69,"column":7},"end":{"line":69,"column":29}},{"start":{"line":69,"column":33},"end":{"line":69,"column":35}}],"line":69},"5":{"loc":{"start":{"line":70,"column":24},"end":{"line":72,"column":37}},"type":"cond-expr","locations":[{"start":{"line":71,"column":6},"end":{"line":71,"column":19}},{"start":{"line":72,"column":7},"end":{"line":72,"column":36}}],"line":70},"6":{"loc":{"start":{"line":72,"column":7},"end":{"line":72,"column":36}},"type":"binary-expr","locations":[{"start":{"line":72,"column":7},"end":{"line":72,"column":31}},{"start":{"line":72,"column":35},"end":{"line":72,"column":36}}],"line":72},"7":{"loc":{"start":{"line":75,"column":17},"end":{"line":75,"column":56}},"type":"binary-expr","locations":[{"start":{"line":75,"column":17},"end":{"line":75,"column":28}},{"start":{"line":75,"column":32},"end":{"line":75,"column":42}},{"start":{"line":75,"column":46},"end":{"line":75,"column":56}}],"line":75},"8":{"loc":{"start":{"line":82,"column":17},"end":{"line":82,"column":42}},"type":"binary-expr","locations":[{"start":{"line":82,"column":17},"end":{"line":82,"column":28}},{"start":{"line":82,"column":32},"end":{"line":82,"column":42}}],"line":82},"9":{"loc":{"start":{"line":83,"column":4},"end":{"line":88,"column":5}},"type":"if","locations":[{"start":{"line":83,"column":4},"end":{"line":88,"column":5}},{"start":{},"end":{}}],"line":83},"10":{"loc":{"start":{"line":86,"column":23},"end":{"line":86,"column":58}},"type":"cond-expr","locations":[{"start":{"line":86,"column":37},"end":{"line":86,"column":46}},{"start":{"line":86,"column":49},"end":{"line":86,"column":58}}],"line":86},"11":{"loc":{"start":{"line":113,"column":16},"end":{"line":113,"column":65}},"type":"cond-expr","locations":[{"start":{"line":113,"column":35},"end":{"line":113,"column":58}},{"start":{"line":113,"column":61},"end":{"line":113,"column":65}}],"line":113},"12":{"loc":{"start":{"line":145,"column":22},"end":{"line":145,"column":79}},"type":"cond-expr","locations":[{"start":{"line":145,"column":45},"end":{"line":145,"column":59}},{"start":{"line":145,"column":62},"end":{"line":145,"column":79}}],"line":145},"13":{"loc":{"start":{"line":166,"column":15},"end":{"line":187,"column":15}},"type":"binary-expr","locations":[{"start":{"line":166,"column":15},"end":{"line":166,"column":31}},{"start":{"line":167,"column":16},"end":{"line":186,"column":19}}],"line":166},"14":{"loc":{"start":{"line":174,"column":23},"end":{"line":176,"column":47}},"type":"cond-expr","locations":[{"start":{"line":175,"column":26},"end":{"line":175,"column":47}},{"start":{"line":176,"column":26},"end":{"line":176,"column":47}}],"line":174},"15":{"loc":{"start":{"line":188,"column":15},"end":{"line":196,"column":15}},"type":"binary-expr","locations":[{"start":{"line":188,"column":15},"end":{"line":188,"column":33}},{"start":{"line":188,"column":37},"end":{"line":188,"column":54}},{"start":{"line":189,"column":16},"end":{"line":195,"column":35}}],"line":188}},"s":{"0":2,"1":123,"2":123,"3":123,"4":123,"5":123,"6":123,"7":123,"8":2,"9":57,"10":57,"11":57,"12":57,"13":57,"14":57,"15":57,"16":57,"17":57,"18":57,"19":57,"20":9,"21":57,"22":57,"23":228,"24":4,"25":0,"26":1,"27":0,"28":0,"29":0},"f":{"0":123,"1":57,"2":57,"3":57,"4":228,"5":4,"6":0,"7":1,"8":0,"9":0,"10":0},"b":{"0":[123,105],"1":[123,0],"2":[123,18],"3":[9,48],"4":[48,48],"5":[9,48],"6":[48,48],"7":[57,48,48],"8":[57,48],"9":[9,48],"10":[9,0],"11":[9,48],"12":[0,0],"13":[57,9],"14":[0,9],"15":[57,0,0]},"_coverageSchema":"1a1c01bbd47fc00a2c39e90264f33305004495a9","hash":"c3998df69adec7f44441273d08242b73f6527a43"}
,"/Users/jeremiahstones/Documents/workspace/Personal Projects/ascent_beacon/ascent-beacon-mobile/src/components/TimeMachineStatus.tsx": {"path":"/Users/jeremiahstones/Documents/workspace/Personal Projects/ascent_beacon/ascent-beacon-mobile/src/components/TimeMachineStatus.tsx","statementMap":{"0":{"start":{"line":18,"column":2},"end":{"line":44,"column":4}}},"fnMap":{"0":{"name":"TimeMachineStatus","decl":{"start":{"line":12,"column":16},"end":{"line":12,"column":33}},"loc":{"start":{"line":17,"column":47},"end":{"line":45,"column":1}},"line":17}},"branchMap":{"0":{"loc":{"start":{"line":23,"column":11},"end":{"line":23,"column":70}},"type":"cond-expr","locations":[{"start":{"line":23,"column":32},"end":{"line":23,"column":52}},{"start":{"line":23,"column":55},"end":{"line":23,"column":70}}],"line":23},"1":{"loc":{"start":{"line":26,"column":9},"end":{"line":28,"column":9}},"type":"binary-expr","locations":[{"start":{"line":26,"column":9},"end":{"line":26,"column":27}},{"start":{"line":27,"column":10},"end":{"line":27,"column":73}}],"line":26},"2":{"loc":{"start":{"line":32,"column":7},"end":{"line":42,"column":7}},"type":"binary-expr","locations":[{"start":{"line":32,"column":7},"end":{"line":32,"column":22}},{"start":{"line":33,"column":8},"end":{"line":41,"column":15}}],"line":32},"3":{"loc":{"start":{"line":36,"column":11},"end":{"line":40,"column":11}},"type":"binary-expr","locations":[{"start":{"line":36,"column":11},"end":{"line":36,"column":28}},{"start":{"line":37,"column":12},"end":{"line":39,"column":19}}],"line":36}},"s":{"0":38},"f":{"0":38},"b":{"0":[0,38],"1":[38,0],"2":[38,9],"3":[9,0]},"_coverageSchema":"1a1c01bbd47fc00a2c39e90264f33305004495a9","hash":"80269ae695420dc76f12227101ea0ac2ea197458"}
,"/Users/jeremiahstones/Documents/workspace/Personal Projects/ascent_beacon/ascent-beacon-mobile/src/components/TimePicker.tsx": {"path":"/Users/jeremiahstones/Documents/workspace/Personal Projects/ascent_beacon/ascent-beacon-mobile/src/components/TimePicker.tsx","statementMap":{"0":{"start":{"line":16,"column":27},"end":{"line":24,"column":3}},"1":{"start":{"line":18,"column":20},"end":{"line":18,"column":32}},"2":{"start":{"line":19,"column":6},"end":{"line":19,"column":39}},"3":{"start":{"line":19,"column":25},"end":{"line":19,"column":39}},"4":{"start":{"line":20,"column":6},"end":{"line":20,"column":37}},"5":{"start":{"line":20,"column":23},"end":{"line":20,"column":37}},"6":{"start":{"line":21,"column":6},"end":{"line":21,"column":36}},"7":{"start":{"line":26,"column":29},"end":{"line":42,"column":3}},"8":{"start":{"line":28,"column":22},"end":{"line":28,"column":36}},"9":{"start":{"line":29,"column":20},"end":{"line":29,"column":24}},"10":{"start":{"line":31,"column":6},"end":{"line":37,"column":7}},"11":{"start":{"line":32,"column":8},"end":{"line":32,"column":24}},"12":{"start":{"line":33,"column":8},"end":{"line":33,"column":37}},"13":{"start":{"line":34,"column":13},"end":{"line":37,"column":7}},"14":{"start":{"line":35,"column":8},"end":{"line":35,"column":24}},"15":{"start":{"line":36,"column":8},"end":{"line":36,"column":53}},"16":{"start":{"line":39,"column":6},"end":{"line":39,"column":39}},"17":{"start":{"line":44,"column":27},"end":{"line":47,"column":34}},"18":{"start":{"line":45,"column":20},"end":{"line":45,"column":54}},"19":{"start":{"line":46,"column":4},"end":{"line":46,"column":34}},"20":{"start":{"line":49,"column":26},"end":{"line":54,"column":3}},"21":{"start":{"line":51,"column":6},"end":{"line":51,"column":25}},"22":{"start":{"line":56,"column":22},"end":{"line":56,"column":37}},"23":{"start":{"line":57,"column":15},"end":{"line":57,"column":25}},"24":{"start":{"line":59,"column":2},"end":{"line":144,"column":4}},"25":{"start":{"line":68,"column":27},"end":{"line":68,"column":46}},"26":{"start":{"line":78,"column":27},"end":{"line":78,"column":47}},"27":{"start":{"line":91,"column":27},"end":{"line":91,"column":49}},"28":{"start":{"line":99,"column":27},"end":{"line":99,"column":50}},"29":{"start":{"line":120,"column":25},"end":{"line":120,"column":46}},"30":{"start":{"line":126,"column":25},"end":{"line":126,"column":47}},"31":{"start":{"line":132,"column":25},"end":{"line":132,"column":47}},"32":{"start":{"line":138,"column":25},"end":{"line":138,"column":47}},"33":{"start":{"line":147,"column":15},"end":{"line":212,"column":2}}},"fnMap":{"0":{"name":"TimePicker","decl":{"start":{"line":11,"column":16},"end":{"line":11,"column":26}},"loc":{"start":{"line":15,"column":40},"end":{"line":145,"column":1}},"line":15},"1":{"name":"(anonymous_1)","decl":{"start":{"line":17,"column":4},"end":{"line":17,"column":5}},"loc":{"start":{"line":17,"column":23},"end":{"line":22,"column":5}},"line":17},"2":{"name":"(anonymous_2)","decl":{"start":{"line":27,"column":4},"end":{"line":27,"column":5}},"loc":{"start":{"line":27,"column":23},"end":{"line":40,"column":5}},"line":27},"3":{"name":"(anonymous_3)","decl":{"start":{"line":44,"column":39},"end":{"line":44,"column":40}},"loc":{"start":{"line":44,"column":45},"end":{"line":47,"column":3}},"line":44},"4":{"name":"(anonymous_4)","decl":{"start":{"line":50,"column":4},"end":{"line":50,"column":5}},"loc":{"start":{"line":50,"column":30},"end":{"line":52,"column":5}},"line":50},"5":{"name":"(anonymous_5)","decl":{"start":{"line":68,"column":21},"end":{"line":68,"column":22}},"loc":{"start":{"line":68,"column":27},"end":{"line":68,"column":46}},"line":68},"6":{"name":"(anonymous_6)","decl":{"start":{"line":78,"column":21},"end":{"line":78,"column":22}},"loc":{"start":{"line":78,"column":27},"end":{"line":78,"column":47}},"line":78},"7":{"name":"(anonymous_7)","decl":{"start":{"line":91,"column":21},"end":{"line":91,"column":22}},"loc":{"start":{"line":91,"column":27},"end":{"line":91,"column":49}},"line":91},"8":{"name":"(anonymous_8)","decl":{"start":{"line":99,"column":21},"end":{"line":99,"column":22}},"loc":{"start":{"line":99,"column":27},"end":{"line":99,"column":50}},"line":99},"9":{"name":"(anonymous_9)","decl":{"start":{"line":120,"column":19},"end":{"line":120,"column":20}},"loc":{"start":{"line":120,"column":25},"end":{"line":120,"column":46}},"line":120},"10":{"name":"(anonymous_10)","decl":{"start":{"line":126,"column":19},"end":{"line":126,"column":20}},"loc":{"start":{"line":126,"column":25},"end":{"line":126,"column":47}},"line":126},"11":{"name":"(anonymous_11)","decl":{"start":{"line":132,"column":19},"end":{"line":132,"column":20}},"loc":{"start":{"line":132,"column":25},"end":{"line":132,"column":47}},"line":132},"12":{"name":"(anonymous_12)","decl":{"start":{"line":138,"column":19},"end":{"line":138,"column":20}},"loc":{"start":{"line":138,"column":25},"end":{"line":138,"column":47}},"line":138}},"branchMap":{"0":{"loc":{"start":{"line":19,"column":6},"end":{"line":19,"column":39}},"type":"if","locations":[{"start":{"line":19,"column":6},"end":{"line":19,"column":39}},{"start":{},"end":{}}],"line":19},"1":{"loc":{"start":{"line":20,"column":6},"end":{"line":20,"column":37}},"type":"if","locations":[{"start":{"line":20,"column":6},"end":{"line":20,"column":37}},{"start":{},"end":{}}],"line":20},"2":{"loc":{"start":{"line":31,"column":6},"end":{"line":37,"column":7}},"type":"if","locations":[{"start":{"line":31,"column":6},"end":{"line":37,"column":7}},{"start":{"line":34,"column":13},"end":{"line":37,"column":7}}],"line":31},"3":{"loc":{"start":{"line":34,"column":13},"end":{"line":37,"column":7}},"type":"if","locations":[{"start":{"line":34,"column":13},"end":{"line":37,"column":7}},{"start":{},"end":{}}],"line":34},"4":{"loc":{"start":{"line":36,"column":18},"end":{"line":36,"column":52}},"type":"cond-expr","locations":[{"start":{"line":36,"column":36},"end":{"line":36,"column":38}},{"start":{"line":36,"column":41},"end":{"line":36,"column":52}}],"line":36},"5":{"loc":{"start":{"line":45,"column":20},"end":{"line":45,"column":54}},"type":"cond-expr","locations":[{"start":{"line":45,"column":33},"end":{"line":45,"column":42}},{"start":{"line":45,"column":45},"end":{"line":45,"column":54}}],"line":45},"6":{"loc":{"start":{"line":56,"column":22},"end":{"line":56,"column":37}},"type":"binary-expr","locations":[{"start":{"line":56,"column":22},"end":{"line":56,"column":31}},{"start":{"line":56,"column":35},"end":{"line":56,"column":37}}],"line":56},"7":{"loc":{"start":{"line":112,"column":41},"end":{"line":112,"column":59}},"type":"cond-expr","locations":[{"start":{"line":112,"column":48},"end":{"line":112,"column":52}},{"start":{"line":112,"column":55},"end":{"line":112,"column":59}}],"line":112}},"s":{"0":56,"1":4,"2":4,"3":1,"4":4,"5":1,"6":4,"7":56,"8":4,"9":4,"10":4,"11":1,"12":1,"13":3,"14":1,"15":1,"16":4,"17":56,"18":2,"19":2,"20":56,"21":4,"22":56,"23":56,"24":56,"25":2,"26":2,"27":2,"28":2,"29":1,"30":1,"31":1,"32":1,"33":3},"f":{"0":56,"1":4,"2":4,"3":2,"4":4,"5":2,"6":2,"7":2,"8":2,"9":1,"10":1,"11":1,"12":1},"b":{"0":[1,3],"1":[1,3],"2":[1,3],"3":[1,2],"4":[0,1],"5":[1,1],"6":[56,42],"7":[43,13]},"_coverageSchema":"1a1c01bbd47fc00a2c39e90264f33305004495a9","hash":"0e14c152c0d92d8cec627fd0c8cb690eba43019e"}
,"/Users/jeremiahstones/Documents/workspace/Personal Projects/ascent_beacon/ascent-beacon-mobile/src/components/TimeTravelIndicator.tsx": {"path":"/Users/jeremiahstones/Documents/workspace/Personal Projects/ascent_beacon/ascent-beacon-mobile/src/components/TimeTravelIndicator.tsx","statementMap":{"0":{"start":{"line":9,"column":15},"end":{"line":22,"column":1}},"1":{"start":{"line":27,"column":45},"end":{"line":27,"column":54}},"2":{"start":{"line":29,"column":2},"end":{"line":31,"column":3}},"3":{"start":{"line":30,"column":4},"end":{"line":30,"column":16}},"4":{"start":{"line":33,"column":21},"end":{"line":42,"column":3}},"5":{"start":{"line":34,"column":14},"end":{"line":34,"column":29}},"6":{"start":{"line":35,"column":14},"end":{"line":35,"column":28}},"7":{"start":{"line":36,"column":14},"end":{"line":36,"column":32}},"8":{"start":{"line":37,"column":14},"end":{"line":37,"column":29}},"9":{"start":{"line":38,"column":16},"end":{"line":38,"column":33}},"10":{"start":{"line":39,"column":17},"end":{"line":39,"column":38}},"11":{"start":{"line":40,"column":16},"end":{"line":40,"column":28}},"12":{"start":{"line":41,"column":4},"end":{"line":41,"column":90}},"13":{"start":{"line":44,"column":2},"end":{"line":56,"column":4}},"14":{"start":{"line":59,"column":15},"end":{"line":79,"column":2}}},"fnMap":{"0":{"name":"TimeTravelIndicator","decl":{"start":{"line":24,"column":16},"end":{"line":24,"column":35}},"loc":{"start":{"line":26,"column":56},"end":{"line":57,"column":1}},"line":26},"1":{"name":"(anonymous_1)","decl":{"start":{"line":33,"column":21},"end":{"line":33,"column":22}},"loc":{"start":{"line":33,"column":45},"end":{"line":42,"column":3}},"line":33}},"branchMap":{"0":{"loc":{"start":{"line":29,"column":2},"end":{"line":31,"column":3}},"type":"if","locations":[{"start":{"line":29,"column":2},"end":{"line":31,"column":3}},{"start":{},"end":{}}],"line":29},"1":{"loc":{"start":{"line":29,"column":6},"end":{"line":29,"column":40}},"type":"binary-expr","locations":[{"start":{"line":29,"column":6},"end":{"line":29,"column":25}},{"start":{"line":29,"column":29},"end":{"line":29,"column":40}}],"line":29},"2":{"loc":{"start":{"line":39,"column":17},"end":{"line":39,"column":38}},"type":"cond-expr","locations":[{"start":{"line":39,"column":27},"end":{"line":39,"column":31}},{"start":{"line":39,"column":34},"end":{"line":39,"column":38}}],"line":39},"3":{"loc":{"start":{"line":40,"column":16},"end":{"line":40,"column":28}},"type":"binary-expr","locations":[{"start":{"line":40,"column":16},"end":{"line":40,"column":22}},{"start":{"line":40,"column":26},"end":{"line":40,"column":28}}],"line":40}},"s":{"0":2,"1":27,"2":27,"3":23,"4":4,"5":8,"6":8,"7":8,"8":8,"9":8,"10":8,"11":8,"12":8,"13":4,"14":2},"f":{"0":27,"1":8},"b":{"0":[23,4],"1":[27,4],"2":[0,8],"3":[8,0]},"_coverageSchema":"1a1c01bbd47fc00a2c39e90264f33305004495a9","hash":"2a37a1ab4f8b5555dcc399a21c2d58e4657f3001"}
,"/Users/jeremiahstones/Documents/workspace/Personal Projects/ascent_beacon/ascent-beacon-mobile/src/components/WeightAdjustmentModal.tsx": {"path":"/Users/jeremiahstones/Documents/workspace/Personal Projects/ascent_beacon/ascent-beacon-mobile/src/components/WeightAdjustmentModal.tsx","statementMap":{"0":{"start":{"line":27,"column":13},"end":{"line":27,"column":48}},"1":{"start":{"line":29,"column":2},"end":{"line":136,"column":4}},"2":{"start":{"line":67,"column":10},"end":{"line":95,"column":17}},"3":{"start":{"line":78,"column":18},"end":{"line":78,"column":53}}},"fnMap":{"0":{"name":"WeightAdjustmentModal","decl":{"start":{"line":22,"column":24},"end":{"line":22,"column":45}},"loc":{"start":{"line":26,"column":50},"end":{"line":137,"column":1}},"line":26},"1":{"name":"(anonymous_1)","decl":{"start":{"line":66,"column":24},"end":{"line":66,"column":25}},"loc":{"start":{"line":67,"column":10},"end":{"line":95,"column":17}},"line":67},"2":{"name":"(anonymous_2)","decl":{"start":{"line":77,"column":31},"end":{"line":77,"column":32}},"loc":{"start":{"line":78,"column":18},"end":{"line":78,"column":53}},"line":78}},"branchMap":{"0":{"loc":{"start":{"line":59,"column":14},"end":{"line":59,"column":76}},"type":"binary-expr","locations":[{"start":{"line":59,"column":14},"end":{"line":59,"column":50}},{"start":{"line":59,"column":54},"end":{"line":59,"column":76}}],"line":59},"1":{"loc":{"start":{"line":89,"column":18},"end":{"line":89,"column":61}},"type":"binary-expr","locations":[{"start":{"line":89,"column":18},"end":{"line":89,"column":35}},{"start":{"line":89,"column":39},"end":{"line":89,"column":61}}],"line":89},"2":{"loc":{"start":{"line":98,"column":9},"end":{"line":105,"column":9}},"type":"binary-expr","locations":[{"start":{"line":98,"column":9},"end":{"line":98,"column":25}},{"start":{"line":99,"column":10},"end":{"line":104,"column":17}}],"line":98},"3":{"loc":{"start":{"line":121,"column":12},"end":{"line":121,"column":72}},"type":"binary-expr","locations":[{"start":{"line":121,"column":13},"end":{"line":121,"column":22}},{"start":{"line":121,"column":26},"end":{"line":121,"column":42}},{"start":{"line":121,"column":47},"end":{"line":121,"column":72}}],"line":121},"4":{"loc":{"start":{"line":124,"column":20},"end":{"line":124,"column":49}},"type":"binary-expr","locations":[{"start":{"line":124,"column":20},"end":{"line":124,"column":29}},{"start":{"line":124,"column":33},"end":{"line":124,"column":49}}],"line":124},"5":{"loc":{"start":{"line":128,"column":11},"end":{"line":132,"column":11}},"type":"cond-expr","locations":[{"start":{"line":129,"column":12},"end":{"line":129,"column":46}},{"start":{"line":131,"column":12},"end":{"line":131,"column":67}}],"line":128}},"s":{"0":4,"1":4,"2":6,"3":0},"f":{"0":4,"1":6,"2":0},"b":{"0":[4,2],"1":[6,0],"2":[4,0],"3":[4,4,0],"4":[4,4],"5":[0,4]},"_coverageSchema":"1a1c01bbd47fc00a2c39e90264f33305004495a9","hash":"2718e726ab424f3b031cc1db0d2671c271af128b"}
,"/Users/jeremiahstones/Documents/workspace/Personal Projects/ascent_beacon/ascent-beacon-mobile/src/components/useTimeMachineActions.ts": {"path":"/Users/jeremiahstones/Documents/workspace/Personal Projects/ascent_beacon/ascent-beacon-mobile/src/components/useTimeMachineActions.ts","statementMap":{"0":{"start":{"line":27,"column":53},"end":{"line":27,"column":62}},"1":{"start":{"line":29,"column":40},"end":{"line":29,"column":67}},"2":{"start":{"line":30,"column":40},"end":{"line":30,"column":52}},"3":{"start":{"line":31,"column":44},"end":{"line":31,"column":55}},"4":{"start":{"line":32,"column":40},"end":{"line":32,"column":55}},"5":{"start":{"line":33,"column":52},"end":{"line":33,"column":67}},"6":{"start":{"line":35,"column":19},"end":{"line":38,"column":31}},"7":{"start":{"line":36,"column":4},"end":{"line":36,"column":50}},"8":{"start":{"line":36,"column":37},"end":{"line":36,"column":50}},"9":{"start":{"line":37,"column":4},"end":{"line":37,"column":56}},"10":{"start":{"line":40,"column":25},"end":{"line":47,"column":3}},"11":{"start":{"line":42,"column":22},"end":{"line":42,"column":60}},"12":{"start":{"line":43,"column":6},"end":{"line":43,"column":57}},"13":{"start":{"line":44,"column":6},"end":{"line":44,"column":30}},"14":{"start":{"line":49,"column":27},"end":{"line":60,"column":3}},"15":{"start":{"line":51,"column":6},"end":{"line":51,"column":27}},"16":{"start":{"line":52,"column":6},"end":{"line":52,"column":31}},"17":{"start":{"line":53,"column":6},"end":{"line":57,"column":7}},"18":{"start":{"line":54,"column":24},"end":{"line":54,"column":45}},"19":{"start":{"line":55,"column":8},"end":{"line":55,"column":45}},"20":{"start":{"line":56,"column":8},"end":{"line":56,"column":32}},"21":{"start":{"line":62,"column":28},"end":{"line":69,"column":8}},"22":{"start":{"line":63,"column":20},"end":{"line":63,"column":30}},"23":{"start":{"line":64,"column":4},"end":{"line":64,"column":46}},"24":{"start":{"line":65,"column":4},"end":{"line":65,"column":34}},"25":{"start":{"line":66,"column":4},"end":{"line":66,"column":28}},"26":{"start":{"line":67,"column":4},"end":{"line":67,"column":23}},"27":{"start":{"line":68,"column":4},"end":{"line":68,"column":24}},"28":{"start":{"line":71,"column":22},"end":{"line":77,"column":3}},"29":{"start":{"line":72,"column":4},"end":{"line":76,"column":5}},"30":{"start":{"line":73,"column":6},"end":{"line":73,"column":28}},"31":{"start":{"line":75,"column":6},"end":{"line":75,"column":34}},"32":{"start":{"line":79,"column":30},"end":{"line":95,"column":43}},"33":{"start":{"line":80,"column":4},"end":{"line":80,"column":29}},"34":{"start":{"line":80,"column":22},"end":{"line":80,"column":29}},"35":{"start":{"line":81,"column":4},"end":{"line":94,"column":5}},"36":{"start":{"line":82,"column":21},"end":{"line":82,"column":52}},"37":{"start":{"line":83,"column":6},"end":{"line":83,"column":28}},"38":{"start":{"line":84,"column":6},"end":{"line":84,"column":27}},"39":{"start":{"line":85,"column":6},"end":{"line":90,"column":7}},"40":{"start":{"line":86,"column":8},"end":{"line":89,"column":10}},"41":{"start":{"line":92,"column":18},"end":{"line":92,"column":77}},"42":{"start":{"line":93,"column":6},"end":{"line":93,"column":32}},"43":{"start":{"line":97,"column":32},"end":{"line":113,"column":29}},"44":{"start":{"line":98,"column":4},"end":{"line":112,"column":5}},"45":{"start":{"line":99,"column":21},"end":{"line":99,"column":41}},"46":{"start":{"line":100,"column":6},"end":{"line":100,"column":34}},"47":{"start":{"line":101,"column":6},"end":{"line":101,"column":27}},"48":{"start":{"line":103,"column":8},"end":{"line":105,"column":34}},"49":{"start":{"line":106,"column":6},"end":{"line":106,"column":50}},"50":{"start":{"line":107,"column":6},"end":{"line":107,"column":16}},"51":{"start":{"line":110,"column":8},"end":{"line":110,"column":78}},"52":{"start":{"line":111,"column":6},"end":{"line":111,"column":32}},"53":{"start":{"line":115,"column":30},"end":{"line":119,"column":18}},"54":{"start":{"line":116,"column":4},"end":{"line":116,"column":25}},"55":{"start":{"line":117,"column":4},"end":{"line":117,"column":49}},"56":{"start":{"line":118,"column":4},"end":{"line":118,"column":52}},"57":{"start":{"line":121,"column":2},"end":{"line":137,"column":4}}},"fnMap":{"0":{"name":"useTimeMachineActions","decl":{"start":{"line":24,"column":16},"end":{"line":24,"column":37}},"loc":{"start":{"line":26,"column":31},"end":{"line":138,"column":1}},"line":26},"1":{"name":"(anonymous_1)","decl":{"start":{"line":35,"column":31},"end":{"line":35,"column":32}},"loc":{"start":{"line":35,"column":46},"end":{"line":38,"column":3}},"line":35},"2":{"name":"(anonymous_2)","decl":{"start":{"line":41,"column":4},"end":{"line":41,"column":5}},"loc":{"start":{"line":41,"column":23},"end":{"line":45,"column":5}},"line":41},"3":{"name":"(anonymous_3)","decl":{"start":{"line":50,"column":4},"end":{"line":50,"column":5}},"loc":{"start":{"line":50,"column":38},"end":{"line":58,"column":5}},"line":50},"4":{"name":"(anonymous_4)","decl":{"start":{"line":62,"column":40},"end":{"line":62,"column":41}},"loc":{"start":{"line":62,"column":58},"end":{"line":69,"column":3}},"line":62},"5":{"name":"(anonymous_5)","decl":{"start":{"line":71,"column":22},"end":{"line":71,"column":23}},"loc":{"start":{"line":71,"column":58},"end":{"line":77,"column":3}},"line":71},"6":{"name":"(anonymous_6)","decl":{"start":{"line":79,"column":42},"end":{"line":79,"column":43}},"loc":{"start":{"line":79,"column":54},"end":{"line":95,"column":3}},"line":79},"7":{"name":"(anonymous_7)","decl":{"start":{"line":97,"column":44},"end":{"line":97,"column":45}},"loc":{"start":{"line":97,"column":56},"end":{"line":113,"column":3}},"line":97},"8":{"name":"(anonymous_8)","decl":{"start":{"line":115,"column":42},"end":{"line":115,"column":43}},"loc":{"start":{"line":115,"column":48},"end":{"line":119,"column":3}},"line":115}},"branchMap":{"0":{"loc":{"start":{"line":36,"column":4},"end":{"line":36,"column":50}},"type":"if","locations":[{"start":{"line":36,"column":4},"end":{"line":36,"column":50}},{"start":{},"end":{}}],"line":36},"1":{"loc":{"start":{"line":36,"column":8},"end":{"line":36,"column":35}},"type":"binary-expr","locations":[{"start":{"line":36,"column":8},"end":{"line":36,"column":20}},{"start":{"line":36,"column":24},"end":{"line":36,"column":35}}],"line":36},"2":{"loc":{"start":{"line":53,"column":6},"end":{"line":57,"column":7}},"type":"if","locations":[{"start":{"line":53,"column":6},"end":{"line":57,"column":7}},{"start":{},"end":{}}],"line":53},"3":{"loc":{"start":{"line":72,"column":4},"end":{"line":76,"column":5}},"type":"if","locations":[{"start":{"line":72,"column":4},"end":{"line":76,"column":5}},{"start":{"line":74,"column":11},"end":{"line":76,"column":5}}],"line":72},"4":{"loc":{"start":{"line":80,"column":4},"end":{"line":80,"column":29}},"type":"if","locations":[{"start":{"line":80,"column":4},"end":{"line":80,"column":29}},{"start":{},"end":{}}],"line":80},"5":{"loc":{"start":{"line":85,"column":6},"end":{"line":90,"column":7}},"type":"if","locations":[{"start":{"line":85,"column":6},"end":{"line":90,"column":7}},{"start":{},"end":{}}],"line":85},"6":{"loc":{"start":{"line":85,"column":10},"end":{"line":85,"column":47}},"type":"binary-expr","locations":[{"start":{"line":85,"column":10},"end":{"line":85,"column":20}},{"start":{"line":85,"column":24},"end":{"line":85,"column":47}}],"line":85},"7":{"loc":{"start":{"line":88,"column":54},"end":{"line":88,"column":90}},"type":"cond-expr","locations":[{"start":{"line":88,"column":82},"end":{"line":88,"column":84}},{"start":{"line":88,"column":87},"end":{"line":88,"column":90}}],"line":88},"8":{"loc":{"start":{"line":92,"column":18},"end":{"line":92,"column":77}},"type":"cond-expr","locations":[{"start":{"line":92,"column":43},"end":{"line":92,"column":56}},{"start":{"line":92,"column":59},"end":{"line":92,"column":77}}],"line":92},"9":{"loc":{"start":{"line":103,"column":8},"end":{"line":105,"column":34}},"type":"cond-expr","locations":[{"start":{"line":104,"column":12},"end":{"line":104,"column":102}},{"start":{"line":105,"column":12},"end":{"line":105,"column":34}}],"line":103},"10":{"loc":{"start":{"line":104,"column":63},"end":{"line":104,"column":99}},"type":"cond-expr","locations":[{"start":{"line":104,"column":91},"end":{"line":104,"column":93}},{"start":{"line":104,"column":96},"end":{"line":104,"column":99}}],"line":104},"11":{"loc":{"start":{"line":110,"column":8},"end":{"line":110,"column":78}},"type":"cond-expr","locations":[{"start":{"line":110,"column":33},"end":{"line":110,"column":46}},{"start":{"line":110,"column":49},"end":{"line":110,"column":78}}],"line":110},"12":{"loc":{"start":{"line":117,"column":19},"end":{"line":117,"column":47}},"type":"binary-expr","locations":[{"start":{"line":117,"column":19},"end":{"line":117,"column":41}},{"start":{"line":117,"column":45},"end":{"line":117,"column":47}}],"line":117},"13":{"loc":{"start":{"line":118,"column":21},"end":{"line":118,"column":50}},"type":"binary-expr","locations":[{"start":{"line":118,"column":21},"end":{"line":118,"column":45}},{"start":{"line":118,"column":49},"end":{"line":118,"column":50}}],"line":118}},"s":{"0":57,"1":57,"2":57,"3":57,"4":57,"5":57,"6":57,"7":123,"8":123,"9":0,"10":57,"11":4,"12":4,"13":4,"14":57,"15":0,"16":0,"17":0,"18":0,"19":0,"20":0,"21":57,"22":4,"23":4,"24":4,"25":4,"26":4,"27":4,"28":57,"29":0,"30":0,"31":0,"32":57,"33":0,"34":0,"35":0,"36":0,"37":0,"38":0,"39":0,"40":0,"41":0,"42":0,"43":57,"44":0,"45":0,"46":0,"47":0,"48":0,"49":0,"50":0,"51":0,"52":0,"53":57,"54":1,"55":1,"56":1,"57":57},"f":{"0":57,"1":123,"2":4,"3":0,"4":4,"5":0,"6":0,"7":0,"8":1},"b":{"0":[123,0],"1":[123,27],"2":[0,0],"3":[0,0],"4":[0,0],"5":[0,0],"6":[0,0],"7":[0,0],"8":[0,0],"9":[0,0],"10":[0,0],"11":[0,0],"12":[1,1],"13":[1,1]},"_coverageSchema":"1a1c01bbd47fc00a2c39e90264f33305004495a9","hash":"333bf951ab95c38be404ecb6682660a2ecc1726a"}
,"/Users/jeremiahstones/Documents/workspace/Personal Projects/ascent_beacon/ascent-beacon-mobile/src/components/assistant/ChatMessage.tsx": {"path":"/Users/jeremiahstones/Documents/workspace/Personal Projects/ascent_beacon/ascent-beacon-mobile/src/components/assistant/ChatMessage.tsx","statementMap":{"0":{"start":{"line":22,"column":17},"end":{"line":22,"column":41}},"1":{"start":{"line":24,"column":2},"end":{"line":32,"column":3}},"2":{"start":{"line":25,"column":4},"end":{"line":31,"column":6}},"3":{"start":{"line":34,"column":2},"end":{"line":56,"column":4}}},"fnMap":{"0":{"name":"ChatMessage","decl":{"start":{"line":18,"column":24},"end":{"line":18,"column":35}},"loc":{"start":{"line":21,"column":40},"end":{"line":57,"column":1}},"line":21}},"branchMap":{"0":{"loc":{"start":{"line":20,"column":2},"end":{"line":20,"column":19}},"type":"default-arg","locations":[{"start":{"line":20,"column":14},"end":{"line":20,"column":19}}],"line":20},"1":{"loc":{"start":{"line":24,"column":2},"end":{"line":32,"column":3}},"type":"if","locations":[{"start":{"line":24,"column":2},"end":{"line":32,"column":3}},{"start":{},"end":{}}],"line":24},"2":{"loc":{"start":{"line":36,"column":33},"end":{"line":36,"column":78}},"type":"cond-expr","locations":[{"start":{"line":36,"column":42},"end":{"line":36,"column":56}},{"start":{"line":36,"column":59},"end":{"line":36,"column":78}}],"line":36},"3":{"loc":{"start":{"line":38,"column":29},"end":{"line":38,"column":57}},"type":"cond-expr","locations":[{"start":{"line":38,"column":38},"end":{"line":38,"column":43}},{"start":{"line":38,"column":46},"end":{"line":38,"column":57}}],"line":38},"4":{"loc":{"start":{"line":38,"column":62},"end":{"line":38,"column":84}},"type":"binary-expr","locations":[{"start":{"line":38,"column":62},"end":{"line":38,"column":78}},{"start":{"line":38,"column":82},"end":{"line":38,"column":84}}],"line":38},"5":{"loc":{"start":{"line":43,"column":10},"end":{"line":43,"column":61}},"type":"cond-expr","locations":[{"start":{"line":43,"column":19},"end":{"line":43,"column":36}},{"start":{"line":43,"column":39},"end":{"line":43,"column":61}}],"line":43},"6":{"loc":{"start":{"line":49,"column":12},"end":{"line":49,"column":59}},"type":"cond-expr","locations":[{"start":{"line":49,"column":21},"end":{"line":49,"column":36}},{"start":{"line":49,"column":39},"end":{"line":49,"column":59}}],"line":49}},"s":{"0":6,"1":6,"2":1,"3":5},"f":{"0":6},"b":{"0":[4],"1":[1,5],"2":[3,2],"3":[3,2],"4":[5,0],"5":[3,2],"6":[3,2]},"_coverageSchema":"1a1c01bbd47fc00a2c39e90264f33305004495a9","hash":"9f112ce4aa63218b07f4daa84f51da0f7ef1d0eb"}
,"/Users/jeremiahstones/Documents/workspace/Personal Projects/ascent_beacon/ascent-beacon-mobile/src/components/assistant/InputBar.tsx": {"path":"/Users/jeremiahstones/Documents/workspace/Personal Projects/ascent_beacon/ascent-beacon-mobile/src/components/assistant/InputBar.tsx","statementMap":{"0":{"start":{"line":25,"column":18},"end":{"line":25,"column":48}},"1":{"start":{"line":27,"column":2},"end":{"line":62,"column":4}}},"fnMap":{"0":{"name":"InputBar","decl":{"start":{"line":17,"column":24},"end":{"line":17,"column":32}},"loc":{"start":{"line":24,"column":37},"end":{"line":63,"column":1}},"line":24}},"branchMap":{"0":{"loc":{"start":{"line":22,"column":2},"end":{"line":22,"column":19}},"type":"default-arg","locations":[{"start":{"line":22,"column":14},"end":{"line":22,"column":19}}],"line":22},"1":{"loc":{"start":{"line":23,"column":2},"end":{"line":23,"column":21}},"type":"default-arg","locations":[{"start":{"line":23,"column":16},"end":{"line":23,"column":21}}],"line":23},"2":{"loc":{"start":{"line":25,"column":18},"end":{"line":25,"column":48}},"type":"binary-expr","locations":[{"start":{"line":25,"column":18},"end":{"line":25,"column":34}},{"start":{"line":25,"column":38},"end":{"line":25,"column":48}}],"line":25},"3":{"loc":{"start":{"line":32,"column":18},"end":{"line":32,"column":42}},"type":"binary-expr","locations":[{"start":{"line":32,"column":18},"end":{"line":32,"column":29}},{"start":{"line":32,"column":33},"end":{"line":32,"column":42}}],"line":32},"4":{"loc":{"start":{"line":53,"column":35},"end":{"line":53,"column":72}},"type":"binary-expr","locations":[{"start":{"line":53,"column":35},"end":{"line":53,"column":43}},{"start":{"line":53,"column":47},"end":{"line":53,"column":72}}],"line":53}},"s":{"0":11,"1":11},"f":{"0":11},"b":{"0":[0],"1":[0],"2":[11,3],"3":[11,10],"4":[11,9]},"_coverageSchema":"1a1c01bbd47fc00a2c39e90264f33305004495a9","hash":"b3bc990444e48096818c0eb1322d5b28e5676e05"}
,"/Users/jeremiahstones/Documents/workspace/Personal Projects/ascent_beacon/ascent-beacon-mobile/src/components/assistant/ProposedValueCard.tsx": {"path":"/Users/jeremiahstones/Documents/workspace/Personal Projects/ascent_beacon/ascent-beacon-mobile/src/components/assistant/ProposedValueCard.tsx","statementMap":{"0":{"start":{"line":21,"column":18},"end":{"line":21,"column":66}},"1":{"start":{"line":22,"column":20},"end":{"line":22,"column":61}},"2":{"start":{"line":24,"column":2},"end":{"line":58,"column":4}},"3":{"start":{"line":42,"column":25},"end":{"line":42,"column":52}},"4":{"start":{"line":50,"column":25},"end":{"line":50,"column":52}}},"fnMap":{"0":{"name":"ProposedValueCard","decl":{"start":{"line":15,"column":24},"end":{"line":15,"column":41}},"loc":{"start":{"line":19,"column":46},"end":{"line":59,"column":1}},"line":19},"1":{"name":"(anonymous_1)","decl":{"start":{"line":42,"column":19},"end":{"line":42,"column":20}},"loc":{"start":{"line":42,"column":25},"end":{"line":42,"column":52}},"line":42},"2":{"name":"(anonymous_2)","decl":{"start":{"line":50,"column":19},"end":{"line":50,"column":20}},"loc":{"start":{"line":50,"column":25},"end":{"line":50,"column":52}},"line":50}},"branchMap":{"0":{"loc":{"start":{"line":22,"column":20},"end":{"line":22,"column":61}},"type":"binary-expr","locations":[{"start":{"line":22,"column":20},"end":{"line":22,"column":37}},{"start":{"line":22,"column":41},"end":{"line":22,"column":61}}],"line":22},"1":{"loc":{"start":{"line":34,"column":7},"end":{"line":38,"column":7}},"type":"binary-expr","locations":[{"start":{"line":34,"column":7},"end":{"line":34,"column":33}},{"start":{"line":35,"column":8},"end":{"line":37,"column":15}}],"line":34}},"s":{"0":10,"1":10,"2":10,"3":1,"4":2},"f":{"0":10,"1":1,"2":2},"b":{"0":[10,0],"1":[10,1]},"_coverageSchema":"1a1c01bbd47fc00a2c39e90264f33305004495a9","hash":"75a945f44e62ba590808a6ec5ac0abb9ef475e4e"}
,"/Users/jeremiahstones/Documents/workspace/Personal Projects/ascent_beacon/ascent-beacon-mobile/src/components/assistant/SymbolHeader.tsx": {"path":"/Users/jeremiahstones/Documents/workspace/Personal Projects/ascent_beacon/ascent-beacon-mobile/src/components/assistant/SymbolHeader.tsx","statementMap":{"0":{"start":{"line":17,"column":2},"end":{"line":35,"column":4}}},"fnMap":{"0":{"name":"SymbolHeader","decl":{"start":{"line":13,"column":24},"end":{"line":13,"column":36}},"loc":{"start":{"line":16,"column":41},"end":{"line":36,"column":1}},"line":16}},"branchMap":{},"s":{"0":5},"f":{"0":5},"b":{},"_coverageSchema":"1a1c01bbd47fc00a2c39e90264f33305004495a9","hash":"34075d0e393d6ad33aefc3ed8445bb7a1b7a7ed9"}
,"/Users/jeremiahstones/Documents/workspace/Personal Projects/ascent_beacon/ascent-beacon-mobile/src/components/assistant/ValueCard.tsx": {"path":"/Users/jeremiahstones/Documents/workspace/Personal Projects/ascent_beacon/ascent-beacon-mobile/src/components/assistant/ValueCard.tsx","statementMap":{"0":{"start":{"line":38,"column":2},"end":{"line":38,"column":45}},"1":{"start":{"line":38,"column":33},"end":{"line":38,"column":45}},"2":{"start":{"line":40,"column":2},"end":{"line":124,"column":4}},"3":{"start":{"line":56,"column":25},"end":{"line":56,"column":38}},"4":{"start":{"line":64,"column":25},"end":{"line":64,"column":40}},"5":{"start":{"line":78,"column":29},"end":{"line":78,"column":51}},"6":{"start":{"line":103,"column":31},"end":{"line":103,"column":56}},"7":{"start":{"line":113,"column":31},"end":{"line":113,"column":51}}},"fnMap":{"0":{"name":"ValueCard","decl":{"start":{"line":24,"column":24},"end":{"line":24,"column":33}},"loc":{"start":{"line":37,"column":45},"end":{"line":125,"column":1}},"line":37},"1":{"name":"(anonymous_1)","decl":{"start":{"line":56,"column":19},"end":{"line":56,"column":20}},"loc":{"start":{"line":56,"column":25},"end":{"line":56,"column":38}},"line":56},"2":{"name":"(anonymous_2)","decl":{"start":{"line":64,"column":19},"end":{"line":64,"column":20}},"loc":{"start":{"line":64,"column":25},"end":{"line":64,"column":40}},"line":64},"3":{"name":"(anonymous_3)","decl":{"start":{"line":78,"column":23},"end":{"line":78,"column":24}},"loc":{"start":{"line":78,"column":29},"end":{"line":78,"column":51}},"line":78},"4":{"name":"(anonymous_4)","decl":{"start":{"line":103,"column":25},"end":{"line":103,"column":26}},"loc":{"start":{"line":103,"column":31},"end":{"line":103,"column":56}},"line":103},"5":{"name":"(anonymous_5)","decl":{"start":{"line":113,"column":25},"end":{"line":113,"column":26}},"loc":{"start":{"line":113,"column":31},"end":{"line":113,"column":51}},"line":113}},"branchMap":{"0":{"loc":{"start":{"line":38,"column":2},"end":{"line":38,"column":45}},"type":"if","locations":[{"start":{"line":38,"column":2},"end":{"line":38,"column":45}},{"start":{},"end":{}}],"line":38},"1":{"loc":{"start":{"line":38,"column":6},"end":{"line":38,"column":31}},"type":"binary-expr","locations":[{"start":{"line":38,"column":6},"end":{"line":38,"column":21}},{"start":{"line":38,"column":25},"end":{"line":38,"column":31}}],"line":38},"2":{"loc":{"start":{"line":42,"column":32},"end":{"line":42,"column":72}},"type":"binary-expr","locations":[{"start":{"line":42,"column":32},"end":{"line":42,"column":45}},{"start":{"line":42,"column":49},"end":{"line":42,"column":72}}],"line":42},"3":{"loc":{"start":{"line":50,"column":11},"end":{"line":50,"column":77}},"type":"cond-expr","locations":[{"start":{"line":50,"column":52},"end":{"line":50,"column":64}},{"start":{"line":50,"column":67},"end":{"line":50,"column":77}}],"line":50},"4":{"loc":{"start":{"line":72,"column":7},"end":{"line":94,"column":7}},"type":"binary-expr","locations":[{"start":{"line":72,"column":7},"end":{"line":72,"column":17}},{"start":{"line":73,"column":8},"end":{"line":93,"column":15}}],"line":72},"5":{"loc":{"start":{"line":96,"column":7},"end":{"line":122,"column":7}},"type":"binary-expr","locations":[{"start":{"line":96,"column":7},"end":{"line":96,"column":14}},{"start":{"line":97,"column":8},"end":{"line":121,"column":15}}],"line":96},"6":{"loc":{"start":{"line":100,"column":13},"end":{"line":109,"column":13}},"type":"binary-expr","locations":[{"start":{"line":100,"column":13},"end":{"line":100,"column":37}},{"start":{"line":100,"column":41},"end":{"line":100,"column":56}},{"start":{"line":101,"column":14},"end":{"line":108,"column":33}}],"line":100},"7":{"loc":{"start":{"line":110,"column":13},"end":{"line":119,"column":13}},"type":"binary-expr","locations":[{"start":{"line":110,"column":13},"end":{"line":110,"column":23}},{"start":{"line":111,"column":14},"end":{"line":118,"column":33}}],"line":110}},"s":{"0":17,"1":1,"2":16,"3":1,"4":1,"5":1,"6":0,"7":0},"f":{"0":17,"1":1,"2":1,"3":1,"4":0,"5":0},"b":{"0":[1,16],"1":[17,16],"2":[16,0],"3":[1,15],"4":[16,5],"5":[16,3],"6":[3,3,3],"7":[3,3]},"_coverageSchema":"1a1c01bbd47fc00a2c39e90264f33305004495a9","hash":"15043a1eaa829b52cc1014ba0373033141ad8c82"}
,"/Users/jeremiahstones/Documents/workspace/Personal Projects/ascent_beacon/ascent-beacon-mobile/src/components/assistant/assistantStyles.ts": {"path":"/Users/jeremiahstones/Documents/workspace/Personal Projects/ascent_beacon/ascent-beacon-mobile/src/components/assistant/assistantStyles.ts","statementMap":{},"fnMap":{},"branchMap":{},"s":{},"f":{},"b":{}}
,"/Users/jeremiahstones/Documents/workspace/Personal Projects/ascent_beacon/ascent-beacon-mobile/src/components/discovery/BucketStep.tsx": {"path":"/Users/jeremiahstones/Documents/workspace/Personal Projects/ascent_beacon/ascent-beacon-mobile/src/components/discovery/BucketStep.tsx","statementMap":{"0":{"start":{"line":37,"column":50},"end":{"line":37,"column":65}},"1":{"start":{"line":38,"column":42},"end":{"line":38,"column":75}},"2":{"start":{"line":39,"column":25},"end":{"line":39,"column":43}},"3":{"start":{"line":41,"column":2},"end":{"line":47,"column":25}},"4":{"start":{"line":42,"column":4},"end":{"line":46,"column":5}},"5":{"start":{"line":43,"column":6},"end":{"line":45,"column":14}},"6":{"start":{"line":44,"column":8},"end":{"line":44,"column":70}},"7":{"start":{"line":49,"column":26},"end":{"line":49,"column":53}},"8":{"start":{"line":50,"column":28},"end":{"line":50,"column":64}},"9":{"start":{"line":52,"column":4},"end":{"line":54,"column":63}},"10":{"start":{"line":56,"column":26},"end":{"line":59,"column":3}},"11":{"start":{"line":57,"column":4},"end":{"line":57,"column":26}},"12":{"start":{"line":58,"column":4},"end":{"line":58,"column":30}},"13":{"start":{"line":61,"column":21},"end":{"line":67,"column":3}},"14":{"start":{"line":62,"column":4},"end":{"line":64,"column":5}},"15":{"start":{"line":63,"column":6},"end":{"line":63,"column":49}},"16":{"start":{"line":65,"column":4},"end":{"line":65,"column":31}},"17":{"start":{"line":66,"column":4},"end":{"line":66,"column":26}},"18":{"start":{"line":69,"column":25},"end":{"line":75,"column":3}},"19":{"start":{"line":70,"column":4},"end":{"line":74,"column":5}},"20":{"start":{"line":71,"column":6},"end":{"line":71,"column":26}},"21":{"start":{"line":73,"column":6},"end":{"line":73,"column":19}},"22":{"start":{"line":77,"column":30},"end":{"line":118,"column":3}},"23":{"start":{"line":83,"column":4},"end":{"line":117,"column":11}},"24":{"start":{"line":103,"column":12},"end":{"line":113,"column":31}},"25":{"start":{"line":106,"column":29},"end":{"line":106,"column":50}},"26":{"start":{"line":120,"column":2},"end":{"line":270,"column":4}},"27":{"start":{"line":179,"column":30},"end":{"line":179,"column":56}},"28":{"start":{"line":193,"column":35},"end":{"line":193,"column":58}},"29":{"start":{"line":203,"column":35},"end":{"line":203,"column":56}},"30":{"start":{"line":216,"column":35},"end":{"line":216,"column":53}},"31":{"start":{"line":224,"column":35},"end":{"line":224,"column":56}},"32":{"start":{"line":237,"column":35},"end":{"line":237,"column":53}},"33":{"start":{"line":245,"column":35},"end":{"line":245,"column":58}},"34":{"start":{"line":259,"column":31},"end":{"line":259,"column":57}}},"fnMap":{"0":{"name":"BucketStep","decl":{"start":{"line":28,"column":24},"end":{"line":28,"column":34}},"loc":{"start":{"line":36,"column":40},"end":{"line":271,"column":1}},"line":36},"1":{"name":"(anonymous_1)","decl":{"start":{"line":41,"column":12},"end":{"line":41,"column":13}},"loc":{"start":{"line":41,"column":18},"end":{"line":47,"column":3}},"line":41},"2":{"name":"(anonymous_2)","decl":{"start":{"line":43,"column":17},"end":{"line":43,"column":18}},"loc":{"start":{"line":43,"column":23},"end":{"line":45,"column":7}},"line":43},"3":{"name":"(anonymous_3)","decl":{"start":{"line":56,"column":26},"end":{"line":56,"column":27}},"loc":{"start":{"line":56,"column":48},"end":{"line":59,"column":3}},"line":56},"4":{"name":"(anonymous_4)","decl":{"start":{"line":61,"column":21},"end":{"line":61,"column":22}},"loc":{"start":{"line":61,"column":56},"end":{"line":67,"column":3}},"line":61},"5":{"name":"(anonymous_5)","decl":{"start":{"line":69,"column":25},"end":{"line":69,"column":26}},"loc":{"start":{"line":69,"column":31},"end":{"line":75,"column":3}},"line":69},"6":{"name":"(anonymous_6)","decl":{"start":{"line":77,"column":30},"end":{"line":77,"column":31}},"loc":{"start":{"line":83,"column":4},"end":{"line":117,"column":11}},"line":83},"7":{"name":"(anonymous_7)","decl":{"start":{"line":102,"column":21},"end":{"line":102,"column":22}},"loc":{"start":{"line":103,"column":12},"end":{"line":113,"column":31}},"line":103},"8":{"name":"(anonymous_8)","decl":{"start":{"line":106,"column":23},"end":{"line":106,"column":24}},"loc":{"start":{"line":106,"column":29},"end":{"line":106,"column":50}},"line":106},"9":{"name":"(anonymous_9)","decl":{"start":{"line":179,"column":24},"end":{"line":179,"column":25}},"loc":{"start":{"line":179,"column":30},"end":{"line":179,"column":56}},"line":179},"10":{"name":"(anonymous_10)","decl":{"start":{"line":193,"column":29},"end":{"line":193,"column":30}},"loc":{"start":{"line":193,"column":35},"end":{"line":193,"column":58}},"line":193},"11":{"name":"(anonymous_11)","decl":{"start":{"line":203,"column":29},"end":{"line":203,"column":30}},"loc":{"start":{"line":203,"column":35},"end":{"line":203,"column":56}},"line":203},"12":{"name":"(anonymous_12)","decl":{"start":{"line":216,"column":29},"end":{"line":216,"column":30}},"loc":{"start":{"line":216,"column":35},"end":{"line":216,"column":53}},"line":216},"13":{"name":"(anonymous_13)","decl":{"start":{"line":224,"column":29},"end":{"line":224,"column":30}},"loc":{"start":{"line":224,"column":35},"end":{"line":224,"column":56}},"line":224},"14":{"name":"(anonymous_14)","decl":{"start":{"line":237,"column":29},"end":{"line":237,"column":30}},"loc":{"start":{"line":237,"column":35},"end":{"line":237,"column":53}},"line":237},"15":{"name":"(anonymous_15)","decl":{"start":{"line":245,"column":29},"end":{"line":245,"column":30}},"loc":{"start":{"line":245,"column":35},"end":{"line":245,"column":58}},"line":245},"16":{"name":"(anonymous_16)","decl":{"start":{"line":259,"column":25},"end":{"line":259,"column":26}},"loc":{"start":{"line":259,"column":31},"end":{"line":259,"column":57}},"line":259}},"branchMap":{"0":{"loc":{"start":{"line":42,"column":4},"end":{"line":46,"column":5}},"type":"if","locations":[{"start":{"line":42,"column":4},"end":{"line":46,"column":5}},{"start":{},"end":{}}],"line":42},"1":{"loc":{"start":{"line":42,"column":8},"end":{"line":42,"column":49}},"type":"binary-expr","locations":[{"start":{"line":42,"column":8},"end":{"line":42,"column":24}},{"start":{"line":42,"column":28},"end":{"line":42,"column":49}}],"line":42},"2":{"loc":{"start":{"line":52,"column":4},"end":{"line":54,"column":63}},"type":"cond-expr","locations":[{"start":{"line":53,"column":8},"end":{"line":53,"column":78}},{"start":{"line":54,"column":8},"end":{"line":54,"column":63}}],"line":52},"3":{"loc":{"start":{"line":62,"column":4},"end":{"line":64,"column":5}},"type":"if","locations":[{"start":{"line":62,"column":4},"end":{"line":64,"column":5}},{"start":{},"end":{}}],"line":62},"4":{"loc":{"start":{"line":70,"column":4},"end":{"line":74,"column":5}},"type":"if","locations":[{"start":{"line":70,"column":4},"end":{"line":74,"column":5}},{"start":{"line":72,"column":11},"end":{"line":74,"column":5}}],"line":70},"5":{"loc":{"start":{"line":86,"column":7},"end":{"line":90,"column":7}},"type":"binary-expr","locations":[{"start":{"line":86,"column":7},"end":{"line":86,"column":24}},{"start":{"line":86,"column":28},"end":{"line":86,"column":43}},{"start":{"line":87,"column":8},"end":{"line":89,"column":15}}],"line":86},"6":{"loc":{"start":{"line":91,"column":7},"end":{"line":116,"column":7}},"type":"cond-expr","locations":[{"start":{"line":92,"column":8},"end":{"line":96,"column":15}},{"start":{"line":98,"column":8},"end":{"line":115,"column":21}}],"line":91},"7":{"loc":{"start":{"line":94,"column":13},"end":{"line":94,"column":75}},"type":"cond-expr","locations":[{"start":{"line":94,"column":33},"end":{"line":94,"column":65}},{"start":{"line":94,"column":68},"end":{"line":94,"column":75}}],"line":94},"8":{"loc":{"start":{"line":189,"column":15},"end":{"line":254,"column":15}},"type":"cond-expr","locations":[{"start":{"line":190,"column":16},"end":{"line":211,"column":19}},{"start":{"line":212,"column":18},"end":{"line":254,"column":15}}],"line":189},"9":{"loc":{"start":{"line":189,"column":15},"end":{"line":189,"column":61}},"type":"binary-expr","locations":[{"start":{"line":189,"column":15},"end":{"line":189,"column":27}},{"start":{"line":189,"column":31},"end":{"line":189,"column":61}}],"line":189},"10":{"loc":{"start":{"line":212,"column":18},"end":{"line":254,"column":15}},"type":"cond-expr","locations":[{"start":{"line":213,"column":16},"end":{"line":232,"column":19}},{"start":{"line":234,"column":16},"end":{"line":253,"column":19}}],"line":212},"11":{"loc":{"start":{"line":212,"column":18},"end":{"line":212,"column":69}},"type":"binary-expr","locations":[{"start":{"line":212,"column":18},"end":{"line":212,"column":30}},{"start":{"line":212,"column":34},"end":{"line":212,"column":69}}],"line":212}},"s":{"0":25,"1":25,"2":25,"3":25,"4":25,"5":0,"6":0,"7":25,"8":25,"9":25,"10":25,"11":6,"12":6,"13":25,"14":1,"15":1,"16":1,"17":1,"18":25,"19":2,"20":1,"21":1,"22":25,"23":75,"24":73,"25":6,"26":25,"27":0,"28":1,"29":0,"30":0,"31":0,"32":0,"33":0,"34":1},"f":{"0":25,"1":25,"2":0,"3":6,"4":1,"5":2,"6":75,"7":73,"8":6,"9":0,"10":1,"11":0,"12":0,"13":0,"14":0,"15":0,"16":1},"b":{"0":[0,25],"1":[25,6],"2":[1,24],"3":[1,0],"4":[1,1],"5":[75,25,1],"6":[2,73],"7":[1,1],"8":[5,20],"9":[25,7],"10":[1,19],"11":[20,2]},"_coverageSchema":"1a1c01bbd47fc00a2c39e90264f33305004495a9","hash":"78e06634434d73889c09d3b2f6de9d9cb80251c4"}
,"/Users/jeremiahstones/Documents/workspace/Personal Projects/ascent_beacon/ascent-beacon-mobile/src/components/discovery/CreateStatementStep.tsx": {"path":"/Users/jeremiahstones/Documents/workspace/Personal Projects/ascent_beacon/ascent-beacon-mobile/src/components/discovery/CreateStatementStep.tsx","statementMap":{"0":{"start":{"line":44,"column":18},"end":{"line":44,"column":60}},"1":{"start":{"line":45,"column":21},"end":{"line":45,"column":52}},"2":{"start":{"line":47,"column":2},"end":{"line":176,"column":4}},"3":{"start":{"line":79,"column":31},"end":{"line":79,"column":59}},"4":{"start":{"line":80,"column":12},"end":{"line":101,"column":14}},"5":{"start":{"line":87,"column":31},"end":{"line":87,"column":52}}},"fnMap":{"0":{"name":"CreateStatementStep","decl":{"start":{"line":31,"column":24},"end":{"line":31,"column":43}},"loc":{"start":{"line":43,"column":49},"end":{"line":177,"column":1}},"line":43},"1":{"name":"(anonymous_1)","decl":{"start":{"line":78,"column":33},"end":{"line":78,"column":34}},"loc":{"start":{"line":78,"column":46},"end":{"line":102,"column":11}},"line":78},"2":{"name":"(anonymous_2)","decl":{"start":{"line":87,"column":25},"end":{"line":87,"column":26}},"loc":{"start":{"line":87,"column":31},"end":{"line":87,"column":52}},"line":87}},"branchMap":{"0":{"loc":{"start":{"line":44,"column":18},"end":{"line":44,"column":60}},"type":"binary-expr","locations":[{"start":{"line":44,"column":18},"end":{"line":44,"column":49}},{"start":{"line":44,"column":53},"end":{"line":44,"column":60}}],"line":44},"1":{"loc":{"start":{"line":85,"column":18},"end":{"line":85,"column":60}},"type":"binary-expr","locations":[{"start":{"line":85,"column":18},"end":{"line":85,"column":28}},{"start":{"line":85,"column":32},"end":{"line":85,"column":60}}],"line":85},"2":{"loc":{"start":{"line":95,"column":20},"end":{"line":95,"column":66}},"type":"binary-expr","locations":[{"start":{"line":95,"column":20},"end":{"line":95,"column":30}},{"start":{"line":95,"column":34},"end":{"line":95,"column":66}}],"line":95},"3":{"loc":{"start":{"line":131,"column":9},"end":{"line":138,"column":9}},"type":"binary-expr","locations":[{"start":{"line":131,"column":9},"end":{"line":131,"column":33}},{"start":{"line":132,"column":10},"end":{"line":137,"column":17}}],"line":131},"4":{"loc":{"start":{"line":142,"column":9},"end":{"line":152,"column":9}},"type":"binary-expr","locations":[{"start":{"line":142,"column":9},"end":{"line":142,"column":18}},{"start":{"line":143,"column":10},"end":{"line":151,"column":29}}],"line":142},"5":{"loc":{"start":{"line":156,"column":12},"end":{"line":156,"column":53}},"type":"binary-expr","locations":[{"start":{"line":156,"column":12},"end":{"line":156,"column":20}},{"start":{"line":156,"col
[...]
"column":6},"end":{"line":696,"column":7}},{"start":{},"end":{}}],"line":694},"95":{"loc":{"start":{"line":705,"column":29},"end":{"line":705,"column":72}},"type":"binary-expr","locations":[{"start":{"line":705,"column":29},"end":{"line":705,"column":45}},{"start":{"line":705,"column":49},"end":{"line":705,"column":72}}],"line":705},"96":{"loc":{"start":{"line":710,"column":29},"end":{"line":710,"column":56}},"type":"binary-expr","locations":[{"start":{"line":710,"column":29},"end":{"line":710,"column":51}},{"start":{"line":710,"column":55},"end":{"line":710,"column":56}}],"line":710},"97":{"loc":{"start":{"line":713,"column":7},"end":{"line":713,"column":39}},"type":"binary-expr","locations":[{"start":{"line":713,"column":7},"end":{"line":713,"column":33}},{"start":{"line":713,"column":37},"end":{"line":713,"column":39}}],"line":713},"98":{"loc":{"start":{"line":722,"column":4},"end":{"line":779,"column":5}},"type":"if","locations":[{"start":{"line":722,"column":4},"end":{"line":779,"column":5}},{"start":{},"end":{}}],"line":722},"99":{"loc":{"start":{"line":722,"column":8},"end":{"line":722,"column":44}},"type":"binary-expr","locations":[{"start":{"line":722,"column":8},"end":{"line":722,"column":24}},{"start":{"line":722,"column":28},"end":{"line":722,"column":44}}],"line":722},"100":{"loc":{"start":{"line":723,"column":6},"end":{"line":778,"column":7}},"type":"if","locations":[{"start":{"line":723,"column":6},"end":{"line":778,"column":7}},{"start":{"line":774,"column":13},"end":{"line":778,"column":7}}],"line":723},"101":{"loc":{"start":{"line":723,"column":10},"end":{"line":723,"column":66}},"type":"binary-expr","locations":[{"start":{"line":723,"column":10},"end":{"line":723,"column":33}},{"start":{"line":723,"column":37},"end":{"line":723,"column":66}}],"line":723},"102":{"loc":{"start":{"line":729,"column":10},"end":{"line":734,"column":11}},"type":"if","locations":[{"start":{"line":729,"column":10},"end":{"line":734,"column":11}},{"start":{},"end":{}}],"line":729},"103":{"loc":{"start":{"line":739,"column":10},"end":{"line":758,"column":11}},"type":"if","locations":[{"start":{"line":739,"column":10},"end":{"line":758,"column":11}},{"start":{"line":751,"column":17},"end":{"line":758,"column":11}}],"line":739},"104":{"loc":{"start":{"line":739,"column":14},"end":{"line":739,"column":52}},"type":"binary-expr","locations":[{"start":{"line":739,"column":14},"end":{"line":739,"column":22}},{"start":{"line":739,"column":26},"end":{"line":739,"column":52}}],"line":739},"105":{"loc":{"start":{"line":743,"column":12},"end":{"line":750,"column":13}},"type":"if","locations":[{"start":{"line":743,"column":12},"end":{"line":750,"column":13}},{"start":{},"end":{}}],"line":743},"106":{"loc":{"start":{"line":743,"column":16},"end":{"line":743,"column":57}},"type":"binary-expr","locations":[{"start":{"line":743,"column":16},"end":{"line":743,"column":27}},{"start":{"line":743,"column":31},"end":{"line":743,"column":57}}],"line":743},"107":{"loc":{"start":{"line":749,"column":28},"end":{"line":749,"column":55}},"type":"binary-expr","locations":[{"start":{"line":749,"column":28},"end":{"line":749,"column":40}},{"start":{"line":749,"column":44},"end":{"line":749,"column":55}}],"line":749},"108":{"loc":{"start":{"line":755,"column":12},"end":{"line":757,"column":13}},"type":"if","locations":[{"start":{"line":755,"column":12},"end":{"line":757,"column":13}},{"start":{},"end":{}}],"line":755},"109":{"loc":{"start":{"line":756,"column":28},"end":{"line":756,"column":66}},"type":"binary-expr","locations":[{"start":{"line":756,"column":28},"end":{"line":756,"column":39}},{"start":{"line":756,"column":43},"end":{"line":756,"column":66}}],"line":756},"110":{"loc":{"start":{"line":763,"column":20},"end":{"line":763,"column":57}},"type":"cond-expr","locations":[{"start":{"line":763,"column":34},"end":{"line":763,"column":45}},{"start":{"line":763,"column":48},"end":{"line":763,"column":57}}],"line":763},"111":{"loc":{"start":{"line":795,"column":6},"end":{"line":797,"column":7}},"type":"if","locations":[{"start":{"line":795,"column":6},"end":{"line":797,"column":7}},{"start":{},"end":{}}],"line":795},"112":{"loc":{"start":{"line":795,"column":10},"end":{"line":795,"column":54}},"type":"binary-expr","locations":[{"start":{"line":795,"column":10},"end":{"line":795,"column":26}},{"start":{"line":795,"column":30},"end":{"line":795,"column":54}}],"line":795},"113":{"loc":{"start":{"line":804,"column":8},"end":{"line":819,"column":9}},"type":"if","locations":[{"start":{"line":804,"column":8},"end":{"line":819,"column":9}},{"start":{"line":809,"column":15},"end":{"line":819,"column":9}}],"line":804},"114":{"loc":{"start":{"line":809,"column":15},"end":{"line":819,"column":9}},"type":"if","locations":[{"start":{"line":809,"column":15},"end":{"line":819,"column":9}},{"start":{},"end":{}}],"line":809},"115":{"loc":{"start":{"line":809,"column":19},"end":{"line":809,"column":72}},"type":"binary-expr","locations":[{"start":{"line":809,"column":19},"end":{"line":809,"column":36}},{"start":{"line":809,"column":40},"end":{"line":809,"column":72}}],"line":809}},"s":{"0":79,"1":70,"2":9,"3":32,"4":32,"5":32,"6":32,"7":9,"8":9,"9":9,"10":9,"11":6,"12":3,"13":33,"14":3,"15":1,"16":2,"17":2,"18":1,"19":1,"20":1,"21":1,"22":1,"23":35,"24":1,"25":34,"26":4,"27":4,"28":2,"29":2,"30":30,"31":1,"32":29,"33":60,"34":60,"35":32,"36":2,"37":30,"38":30,"39":60,"40":0,"41":0,"42":0,"43":60,"44":0,"45":0,"46":0,"47":0,"48":0,"49":60,"50":1,"51":1,"52":1,"53":60,"54":60,"55":60,"56":66,"57":1,"58":65,"59":58,"60":7,"61":7,"62":7,"63":7,"64":7,"65":7,"66":128,"67":66,"68":125,"69":0,"70":125,"71":6,"72":6,"73":6,"74":6,"75":0,"76":0,"77":0,"78":0,"79":41,"80":38,"81":3,"82":3,"83":3,"84":3,"85":3,"86":3,"87":3,"88":3,"89":3,"90":0,"91":83,"92":77,"93":6,"94":5,"95":5,"96":7,"97":4,"98":4,"99":3,"100":2,"101":1,"102":7,"103":5,"104":7,"105":5,"106":5,"107":1,"108":4,"109":4,"110":4,"111":4,"112":4,"113":4,"114":4,"115":4,"116":4,"117":1,"118":3,"119":2,"120":1,"121":1,"122":1,"123":8,"124":8,"125":8,"126":8,"127":7,"128":4,"129":3,"130":2,"131":1,"132":3,"133":3,"134":3,"135":6,"136":4,"137":4,"138":3,"139":4,"140":2,"141":3,"142":3,"143":3,"144":1,"145":1,"146":1,"147":3,"148":3,"149":28,"150":78,"151":78,"152":78,"153":78,"154":28,"155":36,"156":36,"157":14,"158":14,"159":14,"160":14,"161":14,"162":14,"163":69,"164":69,"165":55,"166":14,"167":14,"168":14,"169":14,"170":36,"171":0,"172":0,"173":0,"174":0,"175":69,"176":61,"177":69,"178":14,"179":0,"180":0,"181":0,"182":14,"183":2,"184":2,"185":2,"186":2,"187":2,"188":2,"189":2,"190":8,"191":1,"192":7,"193":7,"194":7,"195":7,"196":2,"197":14,"198":6,"199":4,"200":4,"201":10,"202":1,"203":0,"204":1,"205":3,"206":2,"207":2,"208":0,"209":2,"210":7,"211":1,"212":0,"213":82,"214":82,"215":82,"216":82,"217":82,"218":48,"219":34,"220":34,"221":14,"222":14,"223":14,"224":14,"225":1,"226":1,"227":1,"228":1,"229":1,"230":1,"231":1,"232":14,"233":14,"234":14,"235":14,"236":14,"237":14,"238":0,"239":0,"240":14,"241":14,"242":7,"243":7,"244":7,"245":20,"246":20,"247":10,"248":10,"249":10,"250":10,"251":20,"252":20,"253":20,"254":0,"255":0,"256":0,"257":0,"258":0,"259":0,"260":0,"261":20,"262":20,"263":2,"264":20,"265":20,"266":20,"267":7,"268":7,"269":7,"270":14,"271":14,"272":14,"273":14,"274":49,"275":1,"276":48,"277":48,"278":65,"279":65,"280":13,"281":13,"282":13,"283":13,"284":52,"285":30,"286":30,"287":30,"288":65,"289":65,"290":48,"291":82},"f":{"0":79,"1":32,"2":33,"3":3,"4":35,"5":60,"6":0,"7":0,"8":1,"9":60,"10":66,"11":128,"12":66,"13":125,"14":6,"15":41,"16":83,"17":5,"18":5,"19":8,"20":7,"21":3,"22":1,"23":28,"24":78,"25":36,"26":14,"27":36,"28":0,"29":2,"30":14,"31":10,"32":3,"33":7,"34":82,"35":0,"36":0},"b":{"0":[70,9],"1":[32,0],"2":[32,32],"3":[6,3],"4":[9,6,6],"5":[33,3],"6":[0],"7":[1,2],"8":[1,1],"9":[0],"10":[1,34],"11":[4,30],"12":[2,2],"13":[1,29],"14":[0],"15":[2,30],"16":[0,0],"17":[0,0],"18":[0,0],"19":[0,0],"20":[0],"21":[0],"22":[1,65],"23":[66,2,1],"24":[58,7],"25":[0],"26":[0,125],"27":[125,0,0],"28":[0],"29":[6,0],"30":[0,0],"31":[41],"32":[38,3],"33":[0,3],"34":[0,3],"35":[0,3],"36":[3,0],"37":[39],"38":[77,6],"39":[83,71],"40":[4,3],"41":[2,1],"42":[5,2],"43":[0],"44":[1,4],"45":[1,3],"46":[4,4],"47":[2,1],"48":[3,3],"49":[0],"50":[4,3],"51":[2,1],"52":[4,2],"53":[4,0],"54":[3,1],"55":[1,0],"56":[1,0],"57":[78,0],"58":[78,78],"59":[28,0],"60":[28,28],"61":[2,26],"62":[2,26],"63":[28,26],"64":[28,12],"65":[2,26],"66":[28,24],"67":[28,22],"68":[28,22],"69":[10,18],"70":[36,0],"71":[83,76],"72":[55,14],"73":[14,0],"74":[14,0],"75":[14,14],"76":[0,0],"77":[0,0],"78":[0,0],"79":[61,8],"80":[0,14],"81":[14,13],"82":[1,7],"83":[8,4],"84":[6,4,1,2,1,0],"85":[4,0],"86":[0,1],"87":[1,1],"88":[0,2],"89":[0],"90":[0],"91":[34,14],"92":[48,15],"93":[1,13],"94":[1,0],"95":[14,1],"96":[14,13],"97":[14,14],"98":[14,0],"99":[14,14],"100":[7,7],"101":[14,7],"102":[10,10],"103":[0,20],"104":[20,10],"105":[0,0],"106":[0,0],"107":[0,0],"108":[2,18],"109":[2,2],"110":[2,18],"111":[1,48],"112":[49,2],"113":[13,52],"114":[30,22],"115":[52,30]},"_coverageSchema":"1a1c01bbd47fc00a2c39e90264f33305004495a9","hash":"74ec5e936a861966b12d5c69522c69a579779f33"}
,"/Users/jeremiahstones/Documents/workspace/Personal Projects/ascent_beacon/ascent-beacon-mobile/src/utils/valueMatching.ts": {"path":"/Users/jeremiahstones/Documents/workspace/Personal Projects/ascent_beacon/ascent-beacon-mobile/src/utils/valueMatching.ts","statementMap":{"0":{"start":{"line":6,"column":19},"end":{"line":34,"column":2}},"1":{"start":{"line":39,"column":24},"end":{"line":44,"column":55}},"2":{"start":{"line":40,"column":2},"end":{"line":44,"column":55}},"3":{"start":{"line":44,"column":23},"end":{"line":44,"column":54}},"4":{"start":{"line":49,"column":29},"end":{"line":55,"column":1}},"5":{"start":{"line":50,"column":16},"end":{"line":50,"column":20}},"6":{"start":{"line":51,"column":2},"end":{"line":53,"column":5}},"7":{"start":{"line":52,"column":4},"end":{"line":52,"column":62}},"8":{"start":{"line":54,"column":2},"end":{"line":54,"column":17}},"9":{"start":{"line":60,"column":28},"end":{"line":67,"column":1}},"10":{"start":{"line":61,"column":2},"end":{"line":66,"column":12}},"11":{"start":{"line":72,"column":33},"end":{"line":77,"column":1}},"12":{"start":{"line":73,"column":2},"end":{"line":73,"column":66}},"13":{"start":{"line":73,"column":54},"end":{"line":73,"column":66}},"14":{"start":{"line":74,"column":2},"end":{"line":76,"column":4}},"15":{"start":{"line":75,"column":34},"end":{"line":75,"column":69}},"16":{"start":{"line":82,"column":34},"end":{"line":96,"column":1}},"17":{"start":{"line":86,"column":21},"end":{"line":86,"column":42}},"18":{"start":{"line":87,"column":2},"end":{"line":87,"column":31}},"19":{"start":{"line":87,"column":19},"end":{"line":87,"column":31}},"20":{"start":{"line":89,"column":2},"end":{"line":95,"column":4}},"21":{"start":{"line":91,"column":24},"end":{"line":91,"column":48}},"22":{"start":{"line":92,"column":24},"end":{"line":92,"column":65}},"23":{"start":{"line":93,"column":6},"end":{"line":93,"column":44}},"24":{"start":{"line":101,"column":34},"end":{"line":133,"column":1}},"25":{"start":{"line":105,"column":19},"end":{"line":105,"column":42}},"26":{"start":{"line":106,"column":2},"end":{"line":106,"column":39}},"27":{"start":{"line":106,"column":27},"end":{"line":106,"column":39}},"28":{"start":{"line":108,"column":27},"end":{"line":108,"column":31}},"29":{"start":{"line":109,"column":18},"end":{"line":109,"column":19}},"30":{"start":{"line":111,"column":2},"end":{"line":130,"column":5}},"31":{"start":{"line":112,"column":22},"end":{"line":112,"column":46}},"32":{"start":{"line":113,"column":4},"end":{"line":113,"column":38}},"33":{"start":{"line":113,"column":31},"end":{"line":113,"column":38}},"34":{"start":{"line":115,"column":22},"end":{"line":115,"column":55}},"35":{"start":{"line":116,"column":19},"end":{"line":116,"column":47}},"36":{"start":{"line":117,"column":18},"end":{"line":117,"column":19}},"37":{"start":{"line":119,"column":4},"end":{"line":123,"column":7}},"38":{"start":{"line":120,"column":6},"end":{"line":122,"column":7}},"39":{"start":{"line":121,"column":8},"end":{"line":121,"column":21}},"40":{"start":{"line":125,"column":18},"end":{"line":125,"column":52}},"41":{"start":{"line":126,"column":4},"end":{"line":129,"column":5}},"42":{"start":{"line":127,"column":6},"end":{"line":127,"column":24}},"43":{"start":{"line":128,"column":6},"end":{"line":128,"column":19}},"44":{"start":{"line":132,"column":2},"end":{"line":132,"column":41}},"45":{"start":{"line":138,"column":29},"end":{"line":150,"column":1}},"46":{"start":{"line":152,"column":31},"end":{"line":161,"column":1}},"47":{"start":{"line":166,"column":35},"end":{"line":170,"column":1}},"48":{"start":{"line":175,"column":37},"end":{"line":179,"column":1}},"49":{"start":{"line":184,"column":30},"end":{"line":185,"column":48}},"50":{"start":{"line":185,"column":2},"end":{"line":185,"column":48}},"51":{"start":{"line":185,"column":29},"end":{"line":185,"column":47}},"52":{"start":{"line":190,"column":31},"end":{"line":191,"column":52}},"53":{"start":{"line":191,"column":2},"end":{"line":191,"column":52}},"54":{"start":{"line":191,"column":29},"end":{"line":191,"column":51}}},"fnMap":{"0":{"name":"(anonymous_0)","decl":{"start":{"line":39,"column":24},"end":{"line":39,"column":25}},"loc":{"start":{"line":40,"column":2},"end":{"line":44,"column":55}},"line":40},"1":{"name":"(anonymous_1)","decl":{"start":{"line":44,"column":12},"end":{"line":44,"column":13}},"loc":{"start":{"line":44,"column":23},"end":{"line":44,"column":54}},"line":44},"2":{"name":"(anonymous_2)","decl":{"start":{"line":49,"column":29},"end":{"line":49,"column":30}},"loc":{"start":{"line":49,"column":75},"end":{"line":55,"column":1}},"line":49},"3":{"name":"(anonymous_3)","decl":{"start":{"line":51,"column":19},"end":{"line":51,"column":20}},"loc":{"start":{"line":51,"column":32},"end":{"line":53,"column":3}},"line":51},"4":{"name":"(anonymous_4)","decl":{"start":{"line":60,"column":28},"end":{"line":60,"column":29}},"loc":{"start":{"line":60,"column":54},"end":{"line":67,"column":1}},"line":60},"5":{"name":"(anonymous_5)","decl":{"start":{"line":72,"column":33},"end":{"line":72,"column":34}},"loc":{"start":{"line":72,"column":73},"end":{"line":77,"column":1}},"line":72},"6":{"name":"(anonymous_6)","decl":{"start":{"line":75,"column":25},"end":{"line":75,"column":26}},"loc":{"start":{"line":75,"column":34},"end":{"line":75,"column":69}},"line":75},"7":{"name":"(anonymous_7)","decl":{"start":{"line":82,"column":34},"end":{"line":82,"column":35}},"loc":{"start":{"line":85,"column":19},"end":{"line":96,"column":1}},"line":85},"8":{"name":"(anonymous_8)","decl":{"start":{"line":90,"column":16},"end":{"line":90,"column":17}},"loc":{"start":{"line":90,"column":27},"end":{"line":94,"column":5}},"line":90},"9":{"name":"(anonymous_9)","decl":{"start":{"line":101,"column":34},"end":{"line":101,"column":35}},"loc":{"start":{"line":104,"column":19},"end":{"line":133,"column":1}},"line":104},"10":{"name":"(anonymous_10)","decl":{"start":{"line":111,"column":17},"end":{"line":111,"column":18}},"loc":{"start":{"line":111,"column":28},"end":{"line":130,"column":3}},"line":111},"11":{"name":"(anonymous_11)","decl":{"start":{"line":119,"column":21},"end":{"line":119,"column":22}},"loc":{"start":{"line":119,"column":32},"end":{"line":123,"column":5}},"line":119},"12":{"name":"(anonymous_12)","decl":{"start":{"line":184,"column":30},"end":{"line":184,"column":31}},"loc":{"start":{"line":185,"column":2},"end":{"line":185,"column":48}},"line":185},"13":{"name":"(anonymous_13)","decl":{"start":{"line":185,"column":16},"end":{"line":185,"column":17}},"loc":{"start":{"line":185,"column":29},"end":{"line":185,"column":47}},"line":185},"14":{"name":"(anonymous_14)","decl":{"start":{"line":190,"column":31},"end":{"line":190,"column":32}},"loc":{"start":{"line":191,"column":2},"end":{"line":191,"column":52}},"line":191},"15":{"name":"(anonymous_15)","decl":{"start":{"line":191,"column":16},"end":{"line":191,"column":17}},"loc":{"start":{"line":191,"column":29},"end":{"line":191,"column":51}},"line":191}},"branchMap":{"0":{"loc":{"start":{"line":44,"column":23},"end":{"line":44,"column":54}},"type":"binary-expr","locations":[{"start":{"line":44,"column":23},"end":{"line":44,"column":28}},{"start":{"line":44,"column":32},"end":{"line":44,"column":54}}],"line":44},"1":{"loc":{"start":{"line":73,"column":2},"end":{"line":73,"column":66}},"type":"if","locations":[{"start":{"line":73,"column":2},"end":{"line":73,"column":66}},{"start":{},"end":{}}],"line":73},"2":{"loc":{"start":{"line":73,"column":6},"end":{"line":73,"column":52}},"type":"binary-expr","locations":[{"start":{"line":73,"column":6},"end":{"line":73,"column":32}},{"start":{"line":73,"column":36},"end":{"line":73,"column":52}}],"line":73},"3":{"loc":{"start":{"line":75,"column":4},"end":{"line":75,"column":78}},"type":"binary-expr","locations":[{"start":{"line":75,"column":4},"end":{"line":75,"column":70}},{"start":{"line":75,"column":74},"end":{"line":75,"column":78}}],"line":75},"4":{"loc":{"start":{"line":87,"column":2},"end":{"line":87,"column":31}},"type":"if","locations":[{"start":{"line":87,"column":2},"end":{"line":87,"column":31}},{"start":{},"end":{}}],"line":87},"5":{"loc":{"start":{"line":90,"column":4},"end":{"line":94,"column":14}},"type":"binary-expr","locations":[{"start":{"line":90,"column":4},"end":{"line":94,"column":6}},{"start":{"line":94,"column":10},"end":{"line":94,"column":14}}],"line":90},"6":{"loc":{"start":{"line":92,"column":24},"end":{"line":92,"column":65}},"type":"binary-expr","locations":[{"start":{"line":92,"column":24},"end":{"line":92,"column":59}},{"start":{"line":92,"column":63},"end":{"line":92,"column":65}}],"line":92},"7":{"loc":{"start":{"line":106,"column":2},"end":{"line":106,"column":39}},"type":"if","locations":[{"start":{"line":106,"column":2},"end":{"line":106,"column":39}},{"start":{},"end":{}}],"line":106},"8":{"loc":{"start":{"line":113,"column":4},"end":{"line":113,"column":38}},"type":"if","locations":[{"start":{"line":113,"column":4},"end":{"line":113,"column":38}},{"start":{},"end":{}}],"line":113},"9":{"loc":{"start":{"line":120,"column":6},"end":{"line":122,"column":7}},"type":"if","locations":[{"start":{"line":120,"column":6},"end":{"line":122,"column":7}},{"start":{},"end":{}}],"line":120},"10":{"loc":{"start":{"line":120,"column":10},"end":{"line":120,"column":56}},"type":"binary-expr","locations":[{"start":{"line":120,"column":10},"end":{"line":120,"column":27}},{"start":{"line":120,"column":31},"end":{"line":120,"column":56}}],"line":120},"11":{"loc":{"start":{"line":126,"column":4},"end":{"line":129,"column":5}},"type":"if","locations":[{"start":{"line":126,"column":4},"end":{"line":129,"column":5}},{"start":{},"end":{}}],"line":126},"12":{"loc":{"start":{"line":132,"column":9},"end":{"line":132,"column":40}},"type":"cond-expr","locations":[{"start":{"line":132,"column":29},"end":{"line":132,"column":33}},{"start":{"line":132,"column":36},"end":{"line":132,"column":40}}],"line":132}},"s":{"0":4,"1":4,"2":42,"3":140,"4":4,"5":10,"6":10,"7":75,"8":10,"9":4,"10":20,"11":4,"12":66,"13":3,"14":63,"15":62,"16":4,"17":11,"18":11,"19":1,"20":10,"21":17,"22":17,"23":17,"24":4,"25":14,"26":14,"27":2,"28":12,"29":12,"30":12,"31":24,"32":24,"33":0,"34":24,"35":24,"36":24,"37":24,"38":40,"39":6,"40":24,"41":24,"42":5,"43":5,"44":12,"45":4,"46":4,"47":4,"48":4,"49":4,"50":14,"51":28,"52":4,"53":21,"54":113},"f":{"0":42,"1":140,"2":10,"3":75,"4":20,"5":66,"6":62,"7":11,"8":17,"9":14,"10":24,"11":40,"12":14,"13":28,"14":21,"15":113},"b":{"0":[140,129],"1":[3,63],"2":[66,64],"3":[63,1],"4":[1,10],"5":[10,4],"6":[17,0],"7":[2,12],"8":[0,24],"9":[6,34],"10":[40,34],"11":[5,19],"12":[5,7]},"_coverageSchema":"1a1c01bbd47fc00a2c39e90264f33305004495a9","hash":"519caaae521934a51ad4b4abc7d3b9e2abbb1025"}
}
