TN:
SF:src/config.ts
FNF:0
FNH:0
DA:8,8
DA:10,8
DA:15,8
LF:3
LH:3
BRDA:8,0,0,2
BRDA:8,0,1,6
BRDA:10,1,0,8
BRDA:10,1,1,0
BRF:4
BRH:3
end_of_record
TN:
SF:src/testHelpers.ts
FN:56,(anonymous_0)
FN:58,(anonymous_1)
FN:59,(anonymous_2)
FN:62,(anonymous_3)
FN:65,(anonymous_4)
FN:68,(anonymous_5)
FN:69,(anonymous_6)
FN:70,(anonymous_7)
FN:73,(anonymous_8)
FN:74,(anonymous_9)
FN:77,(anonymous_10)
FN:78,(anonymous_11)
FN:79,(anonymous_12)
FN:82,(anonymous_13)
FN:83,(anonymous_14)
FN:86,(anonymous_15)
FN:89,(anonymous_16)
FN:90,(anonymous_17)
FN:91,(anonymous_18)
FN:94,(anonymous_19)
FN:95,(anonymous_20)
FN:96,(anonymous_21)
FN:99,(anonymous_22)
FN:102,(anonymous_23)
FN:105,(anonymous_24)
FN:106,(anonymous_25)
FN:107,(anonymous_26)
FN:113,(anonymous_27)
FN:136,(anonymous_28)
FN:164,(anonymous_29)
FNF:30
FNH:0
FNDA:0,(anonymous_0)
FNDA:0,(anonymous_1)
FNDA:0,(anonymous_2)
FNDA:0,(anonymous_3)
FNDA:0,(anonymous_4)
FNDA:0,(anonymous_5)
FNDA:0,(anonymous_6)
FNDA:0,(anonymous_7)
FNDA:0,(anonymous_8)
FNDA:0,(anonymous_9)
FNDA:0,(anonymous_10)
FNDA:0,(anonymous_11)
FNDA:0,(anonymous_12)
FNDA:0,(anonymous_13)
FNDA:0,(anonymous_14)
FNDA:0,(anonymous_15)
FNDA:0,(anonymous_16)
FNDA:0,(anonymous_17)
FNDA:0,(anonymous_18)
FNDA:0,(anonymous_19)
FNDA:0,(anonymous_20)
FNDA:0,(anonymous_21)
FNDA:0,(anonymous_22)
FNDA:0,(anonymous_23)
FNDA:0,(anonymous_24)
FNDA:0,(anonymous_25)
FNDA:0,(anonymous_26)
FNDA:0,(anonymous_27)
FNDA:0,(anonymous_28)
FNDA:0,(anonymous_29)
DA:56,0
DA:58,0
DA:60,0
DA:63,0
DA:65,0
DA:68,0
DA:69,0
DA:71,0
DA:73,0
DA:75,0
DA:77,0
DA:78,0
DA:79,0
DA:82,0
DA:84,0
DA:87,0
DA:89,0
DA:90,0
DA:91,0
DA:94,0
DA:95,0
DA:96,0
DA:100,0
DA:102,0
DA:105,0
DA:106,0
DA:107,0
DA:113,0
DA:136,0
DA:138,0
DA:164,0
DA:168,0
LF:32
LH:0
BRDA:56,0,0,0
BRDA:113,1,0,0
BRDA:137,2,0,0
BRF:3
BRH:0
end_of_record
TN:
SF:src/components/AffectedPrioritiesModal.tsx
FN:21,AffectedPrioritiesModal
FN:30,(anonymous_1)
FN:32,(anonymous_2)
FN:70,(anonymous_3)
FNF:4
FNH:3
FNDA:13,AffectedPrioritiesModal
FNDA:13,(anonymous_1)
FNDA:0,(anonymous_2)
FNDA:19,(anonymous_3)
DA:28,13
DA:30,13
DA:31,13
DA:32,0
DA:33,0
DA:38,13
DA:40,10
DA:71,19
DA:110,1
LF:9
LH:7
BRDA:31,0,0,0
BRDA:31,0,1,13
BRDA:31,1,0,13
BRDA:31,1,1,12
BRDA:38,2,0,3
BRDA:38,2,1,10
BRDA:38,3,0,13
BRDA:38,3,1,12
BRDA:38,3,2,11
BRDA:72,4,0,19
BRDA:72,4,1,1
BRDA:76,5,0,19
BRDA:76,5,1,9
BRDA:182,6,0,1
BRDA:182,6,1,0
BRF:15
BRH:13
end_of_record
TN:
SF:src/components/ErrorBoundary.tsx
FN:24,(anonymous_0)
FN:33,(anonymous_1)
FN:38,(anonymous_2)
FN:54,(anonymous_3)
FN:62,(anonymous_4)
FNF:5
FNH:5
FNDA:9,(anonymous_0)
FNDA:8,(anonymous_1)
FNDA:4,(anonymous_2)
FNDA:1,(anonymous_3)
FNDA:22,(anonymous_4)
DA:25,9
DA:26,9
DA:35,8
DA:40,4
DA:41,4
DA:42,4
DA:46,4
DA:49,4
DA:50,1
DA:54,9
DA:55,1
DA:63,22
DA:65,12
DA:66,3
DA:70,9
DA:102,10
DA:106,1
LF:17
LH:17
BRDA:40,0,0,4
BRDA:40,0,1,0
BRDA:49,1,0,1
BRDA:49,1,1,3
BRDA:63,2,0,12
BRDA:63,2,1,10
BRDA:65,3,0,3
BRDA:65,3,1,9
BRDA:80,4,0,9
BRDA:80,4,1,9
BRDA:80,4,2,9
BRF:11
BRH:10
end_of_record
TN:
SF:src/components/TermsModal.tsx
FN:17,TermsModal
FN:23,(anonymous_1)
FN:25,(anonymous_2)
FNF:3
FNH:2
FNDA:3,TermsModal
FNDA:3,(anonymous_1)
FNDA:0,(anonymous_2)
DA:21,3
DA:23,3
DA:24,3
DA:25,0
DA:26,0
DA:31,3
DA:151,1
LF:7
LH:5
BRDA:24,0,0,0
BRDA:24,0,1,3
BRDA:24,1,0,3
BRDA:24,1,1,3
BRF:4
BRH:3
end_of_record
TN:
SF:src/components/WeightAdjustmentModal.tsx
FN:22,WeightAdjustmentModal
FN:66,(anonymous_1)
FN:77,(anonymous_2)
FNF:3
FNH:2
FNDA:4,WeightAdjustmentModal
FNDA:6,(anonymous_1)
FNDA:0,(anonymous_2)
DA:27,4
DA:29,4
DA:67,6
DA:78,0
LF:4
LH:3
BRDA:59,0,0,4
BRDA:59,0,1,2
BRDA:89,1,0,6
BRDA:89,1,1,0
BRDA:98,2,0,4
BRDA:98,2,1,0
BRDA:121,3,0,4
BRDA:121,3,1,4
BRDA:121,3,2,0
BRDA:124,4,0,4
BRDA:124,4,1,4
BRDA:128,5,0,0
BRDA:128,5,1,4
BRF:13
BRH:9
end_of_record
TN:
SF:src/components/assistant/ChatMessage.tsx
FN:18,ChatMessage
FNF:1
FNH:1
FNDA:6,ChatMessage
DA:22,6
DA:24,6
DA:25,1
DA:34,5
LF:4
LH:4
BRDA:20,0,0,4
BRDA:24,1,0,1
BRDA:24,1,1,5
BRDA:36,2,0,3
BRDA:36,2,1,2
BRDA:38,3,0,3
BRDA:38,3,1,2
BRDA:38,4,0,5
BRDA:38,4,1,0
BRDA:43,5,0,3
BRDA:43,5,1,2
BRDA:49,6,0,3
BRDA:49,6,1,2
BRF:13
BRH:12
end_of_record
TN:
SF:src/components/assistant/InputBar.tsx
FN:17,InputBar
FNF:1
FNH:1
FNDA:11,InputBar
DA:25,11
DA:27,11
LF:2
LH:2
BRDA:22,0,0,0
BRDA:23,1,0,0
BRDA:25,2,0,11
BRDA:25,2,1,3
BRDA:32,3,0,11
BRDA:32,3,1,10
BRDA:53,4,0,11
BRDA:53,4,1,9
BRF:8
BRH:6
end_of_record
TN:
SF:src/components/assistant/ProposedValueCard.tsx
FN:15,ProposedValueCard
FN:42,(anonymous_1)
FN:50,(anonymous_2)
FNF:3
FNH:3
FNDA:10,ProposedValueCard
FNDA:1,(anonymous_1)
FNDA:2,(anonymous_2)
DA:21,10
DA:22,10
DA:24,10
DA:42,1
DA:50,2
LF:5
LH:5
BRDA:22,0,0,10
BRDA:22,0,1,0
BRDA:34,1,0,10
BRDA:34,1,1,1
BRF:4
BRH:3
end_of_record
TN:
SF:src/components/assistant/SymbolHeader.tsx
FN:13,SymbolHeader
FNF:1
FNH:1
FNDA:5,SymbolHeader
DA:17,5
LF:1
LH:1
BRF:0
BRH:0
end_of_record
TN:
SF:src/components/assistant/ValueCard.tsx
FN:24,ValueCard
FN:56,(anonymous_1)
FN:64,(anonymous_2)
FN:78,(anonymous_3)
FN:103,(anonymous_4)
FN:113,(anonymous_5)
FNF:6
FNH:4
FNDA:17,ValueCard
FNDA:1,(anonymous_1)
FNDA:1,(anonymous_2)
FNDA:1,(anonymous_3)
FNDA:0,(anonymous_4)
FNDA:0,(anonymous_5)
DA:38,17
DA:40,16
DA:56,1
DA:64,1
DA:78,1
DA:103,0
DA:113,0
LF:7
LH:5
BRDA:38,0,0,1
BRDA:38,0,1,16
BRDA:38,1,0,17
BRDA:38,1,1,16
BRDA:42,2,0,16
BRDA:42,2,1,0
BRDA:50,3,0,1
BRDA:50,3,1,15
BRDA:72,4,0,16
BRDA:72,4,1,5
BRDA:96,5,0,16
BRDA:96,5,1,3
BRDA:100,6,0,3
BRDA:100,6,1,3
BRDA:100,6,2,3
BRDA:110,7,0,3
BRDA:110,7,1,3
BRF:17
BRH:16
end_of_record
TN:
SF:src/components/assistant/assistantStyles.ts
FNF:0
FNH:0
LF:0
LH:0
BRF:0
BRH:0
end_of_record
TN:
SF:src/components/discovery/BucketStep.tsx
FN:28,BucketStep
FN:41,(anonymous_1)
FN:43,(anonymous_2)
FN:56,(anonymous_3)
FN:61,(anonymous_4)
FN:69,(anonymous_5)
FN:77,(anonymous_6)
FN:102,(anonymous_7)
FN:106,(anonymous_8)
FN:179,(anonymous_9)
FN:193,(anonymous_10)
FN:203,(anonymous_11)
FN:216,(anonymous_12)
FN:224,(anonymous_13)
FN:237,(anonymous_14)
FN:245,(anonymous_15)
FN:259,(anonymous_16)
FNF:17
FNH:10
FNDA:25,BucketStep
FNDA:25,(anonymous_1)
FNDA:0,(anonymous_2)
FNDA:6,(anonymous_3)
FNDA:1,(anonymous_4)
FNDA:2,(anonymous_5)
FNDA:75,(anonymous_6)
FNDA:73,(anonymous_7)
FNDA:6,(anonymous_8)
FNDA:0,(anonymous_9)
FNDA:1,(anonymous_10)
FNDA:0,(anonymous_11)
FNDA:0,(anonymous_12)
FNDA:0,(anonymous_13)
FNDA:0,(anonymous_14)
FNDA:0,(anonymous_15)
FNDA:1,(anonymous_16)
DA:37,25
DA:38,25
DA:39,25
DA:41,25
DA:42,25
DA:43,0
DA:44,0
DA:49,25
DA:50,25
DA:52,25
DA:56,25
DA:57,6
DA:58,6
DA:61,25
DA:62,1
DA:63,1
DA:65,1
DA:66,1
DA:69,25
DA:70,2
DA:71,1
DA:73,1
DA:77,25
DA:83,75
DA:103,73
DA:106,6
DA:120,25
DA:179,0
DA:193,1
DA:203,0
DA:216,0
DA:224,0
DA:237,0
DA:245,0
DA:259,1
LF:35
LH:27
BRDA:42,0,0,0
BRDA:42,0,1,25
BRDA:42,1,0,25
BRDA:42,1,1,6
BRDA:52,2,0,1
BRDA:52,2,1,24
BRDA:62,3,0,1
BRDA:62,3,1,0
BRDA:70,4,0,1
BRDA:70,4,1,1
BRDA:86,5,0,75
BRDA:86,5,1,25
BRDA:86,5,2,1
BRDA:91,6,0,2
BRDA:91,6,1,73
BRDA:94,7,0,1
BRDA:94,7,1,1
BRDA:189,8,0,5
BRDA:189,8,1,20
BRDA:189,9,0,25
BRDA:189,9,1,7
BRDA:212,10,0,1
BRDA:212,10,1,19
BRDA:212,11,0,20
BRDA:212,11,1,2
BRF:25
BRH:23
end_of_record
TN:
SF:src/components/discovery/CreateStatementStep.tsx
FN:31,CreateStatementStep
FN:78,(anonymous_1)
FN:87,(anonymous_2)
FNF:3
FNH:3
FNDA:20,CreateStatementStep
FNDA:60,(anonymous_1)
FNDA:1,(anonymous_2)
DA:44,20
DA:45,20
DA:47,20
DA:79,60
DA:80,60
DA:87,1
LF:6
LH:6
BRDA:44,0,0,20
BRDA:44,0,1,7
BRDA:85,1,0,60
BRDA:85,1,1,20
BRDA:95,2,0,60
BRDA:95,2,1,20
BRDA:131,3,0,20
BRDA:131,3,1,7
BRDA:142,4,0,20
BRDA:142,4,1,3
BRDA:156,5,0,20
BRDA:156,5,1,15
BRDA:162,6,0,1
BRDA:162,6,1,19
BRDA:166,7,0,2
BRDA:166,7,1,18
BRDA:170,8,0,1
BRDA:170,8,1,17
BRF:18
BRH:18
end_of_record
TN:
SF:src/components/discovery/DoneStep.tsx
FN:12,DoneStep
FNF:1
FNH:1
FNDA:4,DoneStep
DA:15,4
LF:1
LH:1
BRF:0
BRH:0
end_of_record
TN:
SF:src/components/discovery/NarrowStep.tsx
FN:19,NarrowStep
FN:47,(anonymous_1)
FN:53,(anonymous_2)
FNF:3
FNH:3
FNDA:11,NarrowStep
FNDA:77,(anonymous_1)
FNDA:1,(anonymous_2)
DA:27,11
DA:29,11
DA:31,11
DA:48,77
DA:49,77
DA:53,1
LF:6
LH:6
BRDA:29,0,0,11
BRDA:29,0,1,3
BRDA:52,1,0,77
BRDA:52,1,1,12
BRDA:61,2,0,77
BRDA:61,2,1,12
BRDA:88,3,0,11
BRDA:88,3,1,8
BRF:8
BRH:8
end_of_record
TN:
SF:src/components/discovery/ReviewStep.tsx
FN:22,ReviewStep
FN:43,(anonymous_1)
FNF:2
FNH:2
FNDA:11,ReviewStep
FNDA:33,(anonymous_1)
DA:28,11
DA:44,33
LF:2
LH:2
BRDA:68,0,0,11
BRDA:68,0,1,3
BRDA:76,1,0,3
BRDA:76,1,1,8
BRF:4
BRH:4
end_of_record
TN:
SF:src/components/discovery/SelectStep.tsx
FN:24,SelectStep
FN:66,(anonymous_1)
FN:84,(anonymous_2)
FN:90,(anonymous_3)
FNF:4
FNH:4
FNDA:15,SelectStep
FNDA:60,(anonymous_1)
FNDA:30,(anonymous_2)
FNDA:1,(anonymous_3)
DA:37,15
DA:39,15
DA:67,60
DA:85,30
DA:86,30
DA:90,1
LF:6
LH:6
BRDA:42,0,0,15
BRDA:42,0,1,0
BRDA:71,1,0,60
BRDA:71,1,1,15
BRDA:72,2,0,60
BRDA:72,2,1,2
BRDA:89,3,0,30
BRDA:89,3,1,3
BRDA:98,4,0,30
BRDA:98,4,1,3
BRDA:110,5,0,15
BRDA:110,5,1,2
BRDA:127,6,0,1
BRDA:127,6,1,14
BRDA:131,7,0,1
BRDA:131,7,1,14
BRF:16
BRH:15
end_of_record
TN:
SF:src/components/discovery/ViewValuesStep.tsx
FN:14,ViewValuesStep
FN:18,(anonymous_1)
FN:38,(anonymous_2)
FNF:3
FNH:3
FNDA:8,ViewValuesStep
FNDA:16,(anonymous_1)
FNDA:8,(anonymous_2)
DA:18,8
DA:19,16
DA:22,8
DA:39,8
LF:4
LH:4
BRDA:19,0,0,16
BRDA:19,0,1,2
BRDA:29,1,0,2
BRDA:29,1,1,6
BRF:4
BRH:4
end_of_record
TN:
SF:src/components/discovery/index.ts
FNF:0
FNH:0
LF:0
LH:0
BRF:0
BRH:0
end_of_record
TN:
SF:src/components/goals/GoalCard.tsx
FN:15,GoalCard
FN:19,(anonymous_1)
FN:51,(anonymous_2)
FNF:3
FNH:3
FNDA:26,GoalCard
FNDA:7,(anonymous_1)
FNDA:2,(anonymous_2)
DA:16,26
DA:19,7
DA:51,2
LF:3
LH:3
BRDA:36,0,0,26
BRDA:36,0,1,1
BRDA:41,1,0,26
BRDA:41,1,1,1
BRDA:44,2,0,26
BRDA:44,2,1,2
BRDA:44,2,2,1
BRDA:47,3,0,26
BRDA:47,3,1,1
BRF:9
BRH:9
end_of_record
TN:
SF:src/components/goals/GoalDetailView.tsx
FN:24,GoalDetailView
FN:43,(anonymous_1)
FN:82,(anonymous_2)
FN:93,(anonymous_3)
FN:101,(anonymous_4)
FNF:5
FNH:5
FNDA:21,GoalDetailView
FNDA:3,(anonymous_1)
FNDA:2,(anonymous_2)
FNDA:84,(anonymous_3)
FNDA:2,(anonymous_4)
DA:17,2
DA:30,21
DA:43,3
DA:83,2
DA:94,84
DA:101,2
LF:6
LH:6
BRDA:65,0,0,21
BRDA:65,0,1,1
BRDA:72,1,0,21
BRDA:72,1,1,1
BRDA:79,2,0,21
BRDA:79,2,1,1
BRDA:98,3,0,84
BRDA:98,3,1,21
BRDA:108,4,0,84
BRDA:108,4,1,21
BRDA:118,5,0,21
BRDA:118,5,1,1
BRF:12
BRH:12
end_of_record
TN:
SF:src/components/goals/index.ts
FNF:0
FNH:0
LF:0
LH:0
BRF:0
BRH:0
end_of_record
TN:
SF:src/components/login/AuthOptions.tsx
FN:25,AuthOptions
FNF:1
FNH:1
FNDA:15,AuthOptions
DA:35,15
LF:1
LH:1
BRDA:41,0,0,15
BRDA:41,0,1,14
BRDA:45,1,0,2
BRDA:45,1,1,13
BRDA:61,2,0,15
BRDA:61,2,1,4
BRDA:83,3,0,4
BRDA:83,3,1,11
BRDA:87,4,0,2
BRDA:87,4,1,13
BRDA:91,5,0,4
BRDA:91,5,1,9
BRF:12
BRH:12
end_of_record
TN:
SF:src/components/login/VerifyCodeScreen.tsx
FN:26,VerifyCodeScreen
FNF:1
FNH:1
FNDA:9,VerifyCodeScreen
DA:37,9
LF:1
LH:1
BRDA:64,0,0,9
BRDA:64,0,1,9
BRDA:68,1,0,0
BRDA:68,1,1,9
BRDA:78,2,0,9
BRDA:78,2,1,9
BRDA:82,3,0,0
BRDA:82,3,1,9
BRDA:86,4,0,9
BRDA:86,4,1,9
BRF:10
BRH:8
end_of_record
TN:
SF:src/components/priorities/CreatePriorityReview.tsx
FN:28,CreatePriorityReview
FN:65,(anonymous_1)
FN:67,(anonymous_2)
FN:104,(anonymous_3)
FN:105,(anonymous_4)
FN:106,(anonymous_5)
FNF:6
FNH:6
FNDA:21,CreatePriorityReview
FNDA:23,(anonymous_1)
FNDA:20,(anonymous_2)
FNDA:40,(anonymous_3)
FNDA:20,(anonymous_4)
FNDA:20,(anonymous_5)
DA:37,21
DA:65,23
DA:67,20
DA:104,40
DA:105,20
DA:107,20
LF:6
LH:6
BRDA:32,0,0,0
BRDA:33,1,0,0
BRDA:47,2,0,20
BRDA:47,2,1,1
BRDA:56,3,0,20
BRDA:56,3,1,1
BRDA:65,4,0,20
BRDA:65,4,1,1
BRDA:69,5,0,1
BRDA:69,5,1,0
BRDA:78,6,0,20
BRDA:78,6,1,1
BRDA:85,7,0,20
BRDA:85,7,1,1
BRDA:92,8,0,20
BRDA:92,8,1,1
BRDA:102,9,0,20
BRDA:102,9,1,1
BRDA:130,10,0,21
BRDA:130,10,1,2
BRDA:134,11,0,2
BRDA:134,11,1,19
BRDA:140,12,0,2
BRDA:140,12,1,19
BRDA:141,13,0,1
BRDA:141,13,1,1
BRDA:144,14,0,1
BRDA:144,14,1,18
BRF:28
BRH:25
end_of_record
TN:
SF:src/components/priorities/CreatePriorityStep1.tsx
FN:29,CreatePriorityStep1
FN:88,(anonymous_1)
FNF:2
FNH:2
FNDA:16,CreatePriorityStep1
FNDA:3,(anonymous_1)
DA:38,16
DA:40,16
DA:89,3
LF:3
LH:3
BRDA:32,0,0,0
BRDA:38,1,0,16
BRDA:38,1,1,4
BRDA:78,2,0,16
BRDA:78,2,1,1
BRDA:86,3,0,16
BRDA:86,3,1,2
BRDA:110,4,0,16
BRDA:110,4,1,13
BRF:9
BRH:8
end_of_record
TN:
SF:src/components/priorities/CreatePriorityStep2.tsx
FN:39,CreatePriorityStep2
FN:144,(anonymous_1)
FNF:2
FNH:2
FNDA:16,CreatePriorityStep2
FNDA:4,(anonymous_1)
DA:51,16
DA:53,16
DA:145,4
LF:3
LH:3
BRDA:42,0,0,0
BRDA:51,1,0,16
BRDA:51,1,1,1
BRDA:72,2,0,16
BRDA:72,2,1,1
BRDA:76,3,0,1
BRDA:76,3,1,15
BRDA:85,4,0,16
BRDA:85,4,1,1
BRDA:89,5,0,1
BRDA:89,5,1,15
BRDA:98,6,0,16
BRDA:98,6,1,0
BRDA:102,7,0,0
BRDA:102,7,1,16
BRDA:111,8,0,16
BRDA:111,8,1,0
BRDA:115,9,0,0
BRDA:115,9,1,16
BRDA:134,10,0,16
BRDA:134,10,1,1
BRDA:142,11,0,16
BRDA:142,11,1,3
BRDA:149,12,0,3
BRDA:149,12,1,2
BRDA:149,13,0,3
BRDA:149,13,1,0
BRDA:176,14,0,16
BRDA:176,14,1,15
BRF:29
BRH:23
end_of_record
TN:
SF:src/components/priorities/CreatePriorityStep3.tsx
FN:25,CreatePriorityStep3
FN:64,(anonymous_1)
FN:75,(anonymous_2)
FNF:3
FNH:3
FNDA:18,CreatePriorityStep3
FNDA:51,(anonymous_1)
FNDA:1,(anonymous_2)
DA:32,18
DA:34,18
DA:65,51
DA:66,51
DA:68,51
DA:75,1
LF:6
LH:6
BRDA:58,0,0,1
BRDA:58,0,1,17
BRDA:73,1,0,51
BRDA:73,1,1,5
BRDA:76,2,0,51
BRDA:76,2,1,0
BRDA:76,3,0,5
BRDA:76,3,1,46
BRDA:81,4,0,51
BRDA:81,4,1,5
BRDA:87,5,0,34
BRDA:87,5,1,17
BRDA:90,6,0,34
BRDA:90,6,1,0
BRDA:121,7,0,18
BRDA:121,7,1,14
BRF:16
BRH:14
end_of_record
TN:
SF:src/components/priorities/CreatePriorityStep4.tsx
FN:30,CreatePriorityStep4
FN:41,(anonymous_1)
FN:43,(anonymous_2)
FN:49,(anonymous_3)
FN:51,(anonymous_4)
FN:57,(anonymous_5)
FN:80,(anonymous_6)
FN:81,(anonymous_7)
FN:85,(anonymous_8)
FN:94,(anonymous_9)
FN:95,(anonymous_10)
FN:99,(anonymous_11)
FN:110,(anonymous_12)
FN:111,(anonymous_13)
FN:125,(anonymous_14)
FN:126,(anonymous_15)
FN:160,(anonymous_16)
FN:164,(anonymous_17)
FN:165,(anonymous_18)
FN:181,(anonymous_19)
FN:199,(anonymous_20)
FN:203,(anonymous_21)
FN:204,(anonymous_22)
FN:220,(anonymous_23)
FNF:24
FNH:13
FNDA:21,CreatePriorityStep4
FNDA:20,(anonymous_1)
FNDA:0,(anonymous_2)
FNDA:19,(anonymous_3)
FNDA:0,(anonymous_4)
FNDA:0,(anonymous_5)
FNDA:2,(anonymous_6)
FNDA:21,(anonymous_7)
FNDA:21,(anonymous_8)
FNDA:1,(anonymous_9)
FNDA:105,(anonymous_10)
FNDA:105,(anonymous_11)
FNDA:1,(anonymous_12)
FNDA:0,(anonymous_13)
FNDA:1,(anonymous_14)
FNDA:0,(anonymous_15)
FNDA:84,(anonymous_16)
FNDA:0,(anonymous_17)
FNDA:0,(anonymous_18)
FNDA:0,(anonymous_19)
FNDA:105,(anonymous_20)
FNDA:0,(anonymous_21)
FNDA:0,(anonymous_22)
FNDA:0,(anonymous_23)
DA:36,21
DA:37,21
DA:38,21
DA:39,21
DA:41,21
DA:42,20
DA:43,0
DA:44,0
DA:49,21
DA:50,19
DA:51,0
DA:52,0
DA:57,21
DA:58,0
DA:59,0
DA:60,0
DA:61,0
DA:65,21
DA:80,2
DA:81,21
DA:85,21
DA:94,1
DA:95,105
DA:99,105
DA:111,1
DA:126,1
DA:161,84
DA:165,0
DA:169,0
DA:170,0
DA:182,0
DA:183,0
DA:200,105
DA:204,0
DA:208,0
DA:209,0
DA:221,0
DA:222,0
LF:38
LH:20
BRDA:42,0,0,0
BRDA:42,0,1,20
BRDA:42,1,0,20
BRDA:42,1,1,2
BRDA:50,2,0,0
BRDA:50,2,1,19
BRDA:50,3,0,19
BRDA:50,3,1,1
BRDA:58,4,0,0
BRDA:58,4,1,0
BRDA:58,5,0,0
BRDA:58,5,1,0
BRDA:60,6,0,0
BRDA:60,6,1,0
BRDA:60,7,0,0
BRDA:60,7,1,0
BRDA:109,8,0,21
BRDA:109,8,1,20
BRDA:124,9,0,21
BRDA:124,9,1,20
BRF:20
BRH:10
end_of_record
TN:
SF:src/components/priorities/ExamplesModal.tsx
FN:27,ExamplesModal
FN:34,(anonymous_1)
FN:37,(anonymous_2)
FN:65,(anonymous_3)
FN:75,(anonymous_4)
FN:87,(anonymous_5)
FNF:6
FNH:5
FNDA:9,ExamplesModal
FNDA:9,(anonymous_1)
FNDA:0,(anonymous_2)
FNDA:17,(anonymous_3)
FNDA:24,(anonymous_4)
FNDA:16,(anonymous_5)
DA:32,9
DA:34,9
DA:35,9
DA:37,0
DA:38,0
DA:43,9
DA:66,17
DA:76,24
DA:88,16
LF:9
LH:7
BRDA:35,0,0,0
BRDA:35,0,1,9
BRDA:35,1,0,9
BRDA:35,1,1,9
BRDA:71,2,0,17
BRDA:71,2,1,17
BRDA:71,2,2,16
BRDA:83,3,0,17
BRDA:83,3,1,17
BRDA:83,3,2,16
BRF:10
BRH:9
end_of_record
TN:
SF:src/components/priorities/PriorityCard.tsx
FN:15,PriorityCard
FNF:1
FNH:1
FNDA:12,PriorityCard
DA:20,12
DA:21,12
DA:23,11
DA:25,11
DA:29,11
DA:35,11
LF:6
LH:6
BRDA:18,0,0,10
BRDA:21,1,0,1
BRDA:21,1,1,11
BRDA:25,2,0,10
BRDA:25,2,1,1
BRDA:25,3,0,11
BRDA:25,3,1,1
BRDA:31,4,0,1
BRDA:31,4,1,10
BRDA:31,5,0,11
BRDA:31,5,1,1
BRDA:32,6,0,2
BRDA:32,6,1,9
BRDA:39,7,0,11
BRDA:39,7,1,1
BRDA:45,8,0,11
BRDA:45,8,1,1
BRDA:47,9,0,2
BRDA:47,9,1,9
BRDA:56,10,0,1
BRDA:56,10,1,8
BRDA:61,11,0,10
BRDA:61,11,1,1
BRDA:65,12,0,11
BRDA:65,12,1,9
BRDA:68,13,0,9
BRDA:68,13,1,0
BRF:27
BRH:26
end_of_record
TN:
SF:src/components/priorities/PriorityDetailView.tsx
FN:18,PriorityDetailView
FN:85,(anonymous_1)
FN:86,(anonymous_2)
FNF:3
FNH:0
FNDA:0,PriorityDetailView
FNDA:0,(anonymous_1)
FNDA:0,(anonymous_2)
DA:26,0
DA:27,0
DA:29,0
DA:30,0
DA:32,0
DA:36,0
DA:86,0
DA:87,0
DA:88,0
LF:9
LH:0
BRDA:27,0,0,0
BRDA:27,0,1,0
BRDA:32,1,0,0
BRDA:32,1,1,0
BRDA:32,2,0,0
BRDA:32,2,1,0
BRDA:51,3,0,0
BRDA:51,3,1,0
BRDA:67,4,0,0
BRDA:67,4,1,0
BRDA:67,5,0,0
BRDA:67,5,1,0
BRDA:74,6,0,0
BRDA:74,6,1,0
BRDA:74,7,0,0
BRDA:74,7,1,0
BRDA:81,8,0,0
BRDA:81,8,1,0
BRDA:91,9,0,0
BRDA:91,9,1,0
BRDA:100,10,0,0
BRDA:100,10,1,0
BRDA:113,11,0,0
BRDA:113,11,1,0
BRDA:116,12,0,0
BRDA:116,12,1,0
BRDA:120,13,0,0
BRDA:120,13,1,0
BRF:28
BRH:0
end_of_record
TN:
SF:src/components/priorities/PriorityHeader.tsx
FN:21,PriorityHeader
FNF:1
FNH:1
FNDA:8,PriorityHeader
DA:27,8
LF:1
LH:1
BRDA:22,0,0,6
BRDA:23,1,0,6
BRDA:24,2,0,5
BRDA:29,3,0,8
BRDA:29,3,1,0
BRDA:39,4,0,3
BRDA:39,4,1,5
BRF:7
BRH:6
end_of_record
TN:
SF:src/components/priorities/PriorityListView.tsx
FN:21,PriorityListView
FN:45,(anonymous_1)
FN:46,(anonymous_2)
FN:50,(anonymous_3)
FN:86,(anonymous_4)
FN:90,(anonymous_5)
FNF:6
FNH:5
FNDA:14,PriorityListView
FNDA:6,(anonymous_1)
FNDA:5,(anonymous_2)
FNDA:1,(anonymous_3)
FNDA:2,(anonymous_4)
FNDA:0,(anonymous_5)
DA:30,14
DA:45,6
DA:47,5
DA:50,1
DA:87,2
DA:90,0
LF:6
LH:5
BRDA:24,0,0,0
BRDA:35,1,0,11
BRDA:35,1,1,3
BRDA:61,2,0,2
BRDA:61,2,1,12
BRDA:68,3,0,2
BRDA:68,3,1,12
BRDA:74,4,0,14
BRDA:74,4,1,2
BRDA:74,4,2,2
BRF:10
BRH:9
end_of_record
TN:
SF:src/components/styles/weightAdjustmentStyles.ts
FNF:0
FNH:0
DA:3,0
LF:1
LH:0
BRF:0
BRH:0
end_of_record
TN:
SF:src/components/tasks/CreateTaskForm.tsx
FN:39,(anonymous_0)
FN:43,(anonymous_1)
FN:65,CreateTaskForm
FN:117,(anonymous_3)
FN:130,(anonymous_4)
FN:137,(anonymous_5)
FN:235,(anonymous_6)
FN:284,(anonymous_7)
FNF:8
FNH:4
FNDA:0,(anonymous_0)
FNDA:0,(anonymous_1)
FNDA:35,CreateTaskForm
FNDA:1,(anonymous_3)
FNDA:34,(anonymous_4)
FNDA:2,(anonymous_5)
FNDA:0,(anonymous_6)
FNDA:0,(anonymous_7)
DA:39,2
DA:40,0
DA:42,0
DA:44,0
DA:45,0
DA:46,0
DA:51,0
DA:52,0
DA:54,0
DA:61,0
DA:62,0
DA:88,35
DA:89,35
DA:91,35
DA:117,1
DA:131,34
DA:137,2
DA:235,0
DA:284,0
LF:19
LH:7
BRDA:40,0,0,0
BRDA:40,0,1,0
BRDA:45,1,0,0
BRDA:45,1,1,0
BRDA:45,2,0,0
BRDA:45,2,1,0
BRDA:51,3,0,0
BRDA:51,3,1,0
BRDA:52,4,0,0
BRDA:52,4,1,0
BRDA:61,5,0,0
BRDA:61,5,1,0
BRDA:62,6,0,0
BRDA:62,6,1,0
BRDA:108,7,0,1
BRDA:108,7,1,34
BRDA:115,8,0,34
BRDA:115,8,1,28
BRDA:124,9,0,34
BRDA:124,9,1,28
BRDA:135,10,0,34
BRDA:135,10,1,5
BRDA:144,11,0,34
BRDA:144,11,1,5
BRDA:181,12,0,1
BRDA:181,12,1,34
BRDA:186,13,0,35
BRDA:186,13,1,1
BRDA:188,14,0,35
BRDA:188,14,1,1
BRDA:196,15,0,35
BRDA:196,15,1,34
BRDA:216,16,0,0
BRDA:216,16,1,35
BRDA:221,17,0,35
BRDA:221,17,1,0
BRDA:223,18,0,35
BRDA:223,18,1,0
BRDA:232,19,0,35
BRDA:232,19,1,0
BRDA:246,20,0,35
BRDA:246,20,1,0
BRDA:246,20,2,0
BRDA:249,21,0,0
BRDA:249,21,1,0
BRDA:260,22,0,0
BRDA:260,22,1,35
BRDA:262,23,0,35
BRDA:262,23,1,0
BRDA:262,23,2,0
BRDA:271,24,0,35
BRDA:271,24,1,29
BRF:52
BRH:27
end_of_record
TN:
SF:src/components/tasks/RecurrencePicker.tsx
FN:30,RecurrencePicker
FN:37,(anonymous_1)
FN:44,(anonymous_2)
FN:49,(anonymous_3)
FN:50,(anonymous_4)
FN:53,(anonymous_5)
FN:76,(anonymous_6)
FN:84,(anonymous_7)
FN:85,(anonymous_8)
FN:109,(anonymous_9)
FN:110,(anonymous_10)
FN:118,(anonymous_11)
FN:120,(anonymous_12)
FN:129,(anonymous_13)
FN:137,(anonymous_14)
FN:163,(anonymous_15)
FN:176,(anonymous_16)
FN:192,(anonymous_17)
FN:192,(anonymous_18)
FN:202,(anonymous_19)
FN:202,(anonymous_20)
FN:213,(anonymous_21)
FN:214,(anonymous_22)
FNF:23
FNH:16
FNDA:71,RecurrencePicker
FNDA:57,(anonymous_1)
FNDA:4,(anonymous_2)
FNDA:2,(anonymous_3)
FNDA:2,(anonymous_4)
FNDA:0,(anonymous_5)
FNDA:284,(anonymous_6)
FNDA:5,(anonymous_7)
FNDA:5,(anonymous_8)
FNDA:3,(anonymous_9)
FNDA:3,(anonymous_10)
FNDA:74,(anonymous_11)
FNDA:4,(anonymous_12)
FNDA:49,(anonymous_13)
FNDA:2,(anonymous_14)
FNDA:0,(anonymous_15)
FNDA:0,(anonymous_16)
FNDA:0,(anonymous_17)
FNDA:0,(anonymous_18)
FNDA:1,(anonymous_19)
FNDA:1,(anonymous_20)
FNDA:0,(anonymous_21)
FNDA:0,(anonymous_22)
DA:37,71
DA:38,57
DA:40,71
DA:44,71
DA:45,4
DA:46,4
DA:49,71
DA:50,2
DA:53,0
DA:58,71
DA:77,284
DA:85,5
DA:110,3
DA:118,74
DA:120,4
DA:130,49
DA:137,2
DA:163,0
DA:176,0
DA:192,0
DA:202,1
DA:214,0
LF:22
LH:17
BRDA:41,0,0,71
BRDA:41,0,1,71
BRDA:52,1,0,0
BRDA:52,1,1,2
BRDA:81,2,0,284
BRDA:81,2,1,71
BRDA:93,3,0,284
BRDA:93,3,1,71
BRDA:110,4,0,3
BRDA:110,4,1,0
BRDA:116,5,0,67
BRDA:116,5,1,4
BRDA:125,6,0,71
BRDA:125,6,1,7
BRDA:134,7,0,49
BRDA:134,7,1,6
BRDA:144,8,0,49
BRDA:144,8,1,6
BRDA:161,9,0,71
BRDA:161,9,1,71
BRDA:174,10,0,71
BRDA:174,10,1,0
BRDA:190,11,0,71
BRDA:190,11,1,69
BRDA:200,12,0,71
BRDA:200,12,1,2
BRDA:209,13,0,71
BRDA:209,13,1,2
BRDA:214,14,0,0
BRDA:214,14,1,0
BRF:30
BRH:25
end_of_record
TN:
SF:src/components/tasks/SkipReasonModal.tsx
FN:18,SkipReasonModal
FN:26,(anonymous_1)
FN:31,(anonymous_2)
FNF:3
FNH:3
FNDA:70,SkipReasonModal
FNDA:4,(anonymous_1)
FNDA:2,(anonymous_2)
DA:24,70
DA:26,70
DA:27,4
DA:28,4
DA:31,70
DA:32,2
DA:33,2
DA:36,70
DA:90,2
LF:9
LH:9
BRDA:27,0,0,4
BRDA:27,0,1,1
BRF:2
BRH:2
end_of_record
TN:
SF:src/components/tasks/TaskCard.tsx
FN:12,(anonymous_0)
FN:25,(anonymous_1)
FN:33,TaskCard
FN:44,(anonymous_3)
FN:82,(anonymous_4)
FNF:5
FNH:5
FNDA:35,(anonymous_0)
FNDA:33,(anonymous_1)
FNDA:35,TaskCard
FNDA:9,(anonymous_3)
FNDA:2,(anonymous_4)
DA:12,2
DA:13,35
DA:15,30
DA:17,4
DA:19,1
DA:21,0
DA:25,2
DA:26,33
DA:27,33
DA:28,2
DA:29,2
DA:30,2
DA:38,35
DA:39,35
DA:41,35
DA:44,9
DA:82,2
LF:17
LH:16
BRDA:13,0,0,30
BRDA:13,0,1,4
BRDA:13,0,2,1
BRDA:13,0,3,0
BRDA:26,1,0,0
BRDA:26,1,1,33
BRDA:27,2,0,31
BRDA:27,2,1,2
BRDA:30,3,0,1
BRDA:30,3,1,1
BRDA:51,4,0,35
BRDA:51,4,1,4
BRDA:56,5,0,35
BRDA:56,5,1,34
BRDA:61,6,0,35
BRDA:61,6,1,1
BRDA:79,7,0,35
BRDA:79,7,1,30
BRDA:92,8,0,35
BRDA:92,8,1,4
BRDA:100,9,0,35
BRDA:100,9,1,1
BRDA:105,10,0,35
BRDA:105,10,1,0
BRDA:110,11,0,35
BRDA:110,11,1,34
BRDA:110,11,2,33
BRDA:115,12,0,35
BRDA:115,12,1,1
BRF:29
BRH:26
end_of_record
TN:
SF:src/components/tasks/TaskDetailView.tsx
FN:15,(anonymous_0)
FN:28,(anonymous_1)
FN:41,(anonymous_2)
FN:50,(anonymous_3)
FN:59,(anonymous_4)
FN:69,(anonymous_5)
FN:73,(anonymous_6)
FN:106,(anonymous_7)
FN:114,TaskDetailView
FN:235,(anonymous_9)
FN:244,(anonymous_10)
FN:256,(anonymous_11)
FN:266,(anonymous_12)
FNF:13
FNH:10
FNDA:48,(anonymous_0)
FNDA:48,(anonymous_1)
FNDA:48,(anonymous_2)
FNDA:48,(anonymous_3)
FNDA:2,(anonymous_4)
FNDA:0,(anonymous_5)
FNDA:0,(anonymous_6)
FNDA:0,(anonymous_7)
FNDA:48,TaskDetailView
FNDA:2,(anonymous_9)
FNDA:4,(anonymous_10)
FNDA:2,(anonymous_11)
FNDA:2,(anonymous_12)
DA:15,2
DA:16,48
DA:18,37
DA:20,7
DA:22,4
DA:24,0
DA:28,2
DA:29,48
DA:31,37
DA:33,7
DA:35,4
DA:37,0
DA:41,2
DA:42,48
DA:43,47
DA:44,2
DA:45,2
DA:46,2
DA:47,1
DA:50,2
DA:51,48
DA:59,2
DA:60,2
DA:69,2
DA:70,0
DA:72,0
DA:74,0
DA:75,0
DA:76,0
DA:81,0
DA:82,0
DA:84,0
DA:91,0
DA:93,0
DA:95,0
DA:96,0
DA:105,0
DA:106,0
DA:108,0
DA:111,0
DA:122,48
DA:123,48
DA:124,48
DA:126,48
DA:235,2
DA:244,4
DA:256,2
DA:266,2
LF:48
LH:30
BRDA:16,0,0,37
BRDA:16,0,1,7
BRDA:16,0,2,4
BRDA:16,0,3,0
BRDA:29,1,0,37
BRDA:29,1,1,7
BRDA:29,1,2,4
BRDA:29,1,3,0
BRDA:42,2,0,1
BRDA:42,2,1,47
BRDA:43,3,0,45
BRDA:43,3,1,2
BRDA:46,4,0,1
BRDA:46,4,1,1
BRDA:46,5,0,1
BRDA:46,5,1,0
BRDA:70,6,0,0
BRDA:70,6,1,0
BRDA:75,7,0,0
BRDA:75,7,1,0
BRDA:75,8,0,0
BRDA:75,8,1,0
BRDA:81,9,0,0
BRDA:81,9,1,0
BRDA:82,10,0,0
BRDA:82,10,1,0
BRDA:91,11,0,0
BRDA:91,11,1,0
BRDA:93,12,0,0
BRDA:93,12,1,0
BRDA:95,13,0,0
BRDA:95,13,1,0
BRDA:106,14,0,0
BRDA:106,14,1,0
BRDA:144,15,0,48
BRDA:144,15,1,47
BRDA:170,16,0,48
BRDA:170,16,1,47
BRDA:177,17,0,48
BRDA:177,17,1,0
BRDA:186,18,0,48
BRDA:186,18,1,0
BRDA:186,18,2,0
BRDA:190,19,0,0
BRDA:190,19,1,0
BRDA:197,20,0,48
BRDA:197,20,1,1
BRDA:206,21,0,48
BRDA:206,21,1,1
BRDA:215,22,0,48
BRDA:215,22,1,4
BRDA:215,22,2,0
BRDA:231,23,0,48
BRDA:231,23,1,37
BRDA:253,24,0,48
BRDA:253,24,1,41
BRDA:253,24,2,11
BRF:57
BRH:30
end_of_record
TN:
SF:src/components/tasks/TimePicker.tsx
FN:18,(anonymous_0)
FN:23,TimePicker
FN:36,(anonymous_2)
FN:41,(anonymous_3)
FN:46,(anonymous_4)
FN:60,(anonymous_5)
FN:74,(anonymous_6)
FN:91,(anonymous_7)
FN:98,(anonymous_8)
FN:125,(anonymous_9)
FN:132,(anonymous_10)
FNF:11
FNH:5
FNDA:48,(anonymous_0)
FNDA:35,TimePicker
FNDA:0,(anonymous_2)
FNDA:0,(anonymous_3)
FNDA:70,(anonymous_4)
FNDA:0,(anonymous_5)
FNDA:0,(anonymous_6)
FNDA:840,(anonymous_7)
FNDA:0,(anonymous_8)
FNDA:140,(anonymous_9)
FNDA:0,(anonymous_10)
DA:18,2
DA:19,48
DA:21,2
DA:28,35
DA:29,35
DA:32,35
DA:36,35
DA:37,0
DA:38,0
DA:41,35
DA:42,0
DA:43,0
DA:46,35
DA:47,70
DA:48,35
DA:49,35
DA:50,35
DA:51,35
DA:52,35
DA:55,35
DA:60,0
DA:74,0
DA:92,840
DA:98,0
DA:126,140
DA:132,0
DA:175,2
LF:27
LH:19
BRDA:26,0,0,0
BRDA:30,1,0,0
BRDA:30,1,1,35
BRDA:33,2,0,0
BRDA:33,2,1,35
BRDA:47,3,0,35
BRDA:47,3,1,35
BRDA:50,4,0,0
BRDA:50,4,1,35
BRDA:51,5,0,0
BRDA:51,5,1,35
BRDA:51,6,0,0
BRDA:51,6,1,35
BRDA:65,7,0,0
BRDA:65,7,1,35
BRDA:96,8,0,840
BRDA:96,8,1,35
BRDA:105,9,0,840
BRDA:105,9,1,35
BRDA:130,10,0,140
BRDA:130,10,1,35
BRDA:139,11,0,140
BRDA:139,11,1,35
BRF:23
BRH:16
end_of_record
TN:
SF:src/components/tasks/index.ts
FNF:0
FNH:0
LF:0
LH:0
BRF:0
BRH:0
end_of_record
TN:
SF:src/components/tasks/recurrencePickerStyles.ts
FNF:0
FNH:0
DA:3,3
LF:1
LH:1
BRF:0
BRH:0
end_of_record
TN:
SF:src/components/tasks/rruleUtils.ts
FN:32,(anonymous_0)
FN:45,(anonymous_1)
FN:63,(anonymous_2)
FN:83,(anonymous_3)
FN:84,(anonymous_4)
FN:94,(anonymous_5)
FN:94,(anonymous_6)
FNF:7
FNH:7
FNDA:57,(anonymous_0)
FNDA:6,(anonymous_1)
FNDA:4,(anonymous_2)
FNDA:71,(anonymous_3)
FNDA:78,(anonymous_4)
FNDA:6,(anonymous_5)
FNDA:14,(anonymous_6)
DA:14,3
DA:25,3
DA:32,3
DA:33,57
DA:42,57
DA:44,3
DA:46,6
DA:47,6
DA:48,6
DA:53,3
DA:63,3
DA:64,4
DA:66,4
DA:67,2
DA:70,4
DA:71,1
DA:74,4
DA:75,0
DA:76,4
DA:77,0
DA:80,4
DA:83,3
DA:84,78
DA:85,71
DA:88,71
DA:92,71
DA:93,3
DA:94,14
DA:96,3
DA:99,71
DA:100,2
DA:101,69
DA:102,0
DA:105,71
LF:34
LH:31
BRDA:42,0,0,54
BRDA:42,0,1,3
BRDA:47,1,0,6
BRDA:47,1,1,0
BRDA:47,2,0,6
BRDA:47,2,1,6
BRDA:54,3,0,3
BRDA:54,3,1,0
BRDA:55,4,0,3
BRDA:55,4,1,2
BRDA:56,5,0,1
BRDA:56,5,1,2
BRDA:57,6,0,1
BRDA:57,6,1,2
BRDA:57,7,0,0
BRDA:57,7,1,2
BRDA:58,8,0,3
BRDA:58,8,1,2
BRDA:59,9,0,3
BRDA:59,9,1,3
BRDA:66,10,0,2
BRDA:66,10,1,2
BRDA:70,11,0,1
BRDA:70,11,1,3
BRDA:70,12,0,4
BRDA:70,12,1,1
BRDA:74,13,0,0
BRDA:74,13,1,4
BRDA:76,14,0,0
BRDA:76,14,1,4
BRDA:76,15,0,4
BRDA:76,15,1,0
BRDA:85,16,0,0
BRDA:85,16,1,71
BRDA:88,17,0,67
BRDA:88,17,1,4
BRDA:92,18,0,3
BRDA:92,18,1,68
BRDA:92,19,0,71
BRDA:92,19,1,7
BRDA:99,20,0,2
BRDA:99,20,1,69
BRDA:101,21,0,0
BRDA:101,21,1,69
BRDA:101,22,0,69
BRDA:101,22,1,0
BRF:46
BRH:37
end_of_record
TN:
SF:src/components/values/CreateValueForm.tsx
FN:23,CreateValueForm
FNF:1
FNH:1
FNDA:16,CreateValueForm
DA:31,16
DA:32,16
DA:33,16
DA:34,16
DA:36,16
LF:5
LH:5
BRDA:39,0,0,12
BRDA:39,0,1,4
BRDA:67,1,0,16
BRDA:67,1,1,5
BRDA:67,1,2,13
BRDA:70,2,0,16
BRDA:70,2,1,5
BRDA:72,3,0,12
BRDA:72,3,1,4
BRDA:74,4,0,2
BRDA:74,4,1,14
BRDA:78,5,0,10
BRDA:78,5,1,4
BRDA:83,6,0,16
BRDA:83,6,1,1
BRDA:83,6,2,1
BRF:16
BRH:16
end_of_record
TN:
SF:src/components/values/EditValueModal.tsx
FN:26,EditValueModal
FN:36,(anonymous_1)
FN:38,(anonymous_2)
FNF:3
FNH:2
FNDA:11,EditValueModal
FNDA:11,(anonymous_1)
FNDA:0,(anonymous_2)
DA:34,11
DA:36,11
DA:37,11
DA:38,0
DA:39,0
DA:44,11
LF:6
LH:4
BRDA:32,0,0,0
BRDA:37,1,0,0
BRDA:37,1,1,11
BRDA:37,2,0,11
BRDA:37,2,1,11
BRDA:80,3,0,11
BRDA:80,3,1,2
BRDA:83,4,0,11
BRDA:83,4,1,9
BRDA:87,5,0,2
BRDA:87,5,1,9
BRF:11
BRH:9
end_of_record
TN:
SF:src/components/values/ExamplesModal.tsx
FN:30,ExamplesModal
FN:37,(anonymous_1)
FN:39,(anonymous_2)
FN:70,(anonymous_3)
FN:74,(anonymous_4)
FNF:5
FNH:0
FNDA:0,ExamplesModal
FNDA:0,(anonymous_1)
FNDA:0,(anonymous_2)
FNDA:0,(anonymous_3)
FNDA:0,(anonymous_4)
DA:12,0
DA:35,0
DA:37,0
DA:38,0
DA:39,0
DA:40,0
DA:45,0
DA:71,0
DA:74,0
LF:9
LH:0
BRDA:38,0,0,0
BRDA:38,0,1,0
BRDA:38,1,0,0
BRDA:38,1,1,0
BRF:4
BRH:0
end_of_record
TN:
SF:src/components/values/ValueListCard.tsx
FN:22,ValueListCard
FN:53,(anonymous_1)
FN:63,(anonymous_2)
FN:81,(anonymous_3)
FN:90,(anonymous_4)
FNF:5
FNH:3
FNDA:5,ValueListCard
FNDA:0,(anonymous_1)
FNDA:0,(anonymous_2)
FNDA:1,(anonymous_3)
FNDA:1,(anonymous_4)
DA:34,5
DA:36,4
DA:53,0
DA:63,0
DA:81,1
DA:90,1
LF:6
LH:4
BRDA:34,0,0,1
BRDA:34,0,1,4
BRDA:38,1,0,4
BRDA:38,1,1,0
BRDA:46,2,0,4
BRDA:46,2,1,0
BRDA:50,3,0,0
BRDA:50,3,1,0
BRDA:50,3,2,0
BRDA:60,4,0,0
BRDA:60,4,1,0
BRDA:73,5,0,4
BRDA:73,5,1,4
BRDA:88,6,0,4
BRDA:88,6,1,4
BRF:15
BRH:8
end_of_record
TN:
SF:src/context/AuthContext.tsx
FN:44,useAuth
FN:55,AuthProvider
FN:64,(anonymous_2)
FN:99,(anonymous_3)
FN:107,(anonymous_4)
FN:114,(anonymous_5)
FN:128,(anonymous_6)
FN:129,(anonymous_7)
FNF:8
FNH:8
FNDA:27,useAuth
FNDA:24,AuthProvider
FNDA:10,(anonymous_2)
FNDA:10,(anonymous_3)
FNDA:1,(anonymous_4)
FNDA:2,(anonymous_5)
FNDA:1,(anonymous_6)
FNDA:1,(anonymous_7)
DA:38,1
DA:45,27
DA:46,26
DA:47,2
DA:49,24
DA:58,24
DA:59,24
DA:64,24
DA:65,10
DA:66,10
DA:67,10
DA:69,10
DA:70,7
DA:71,7
DA:72,6
DA:73,6
DA:74,6
DA:76,0
DA:77,0
DA:81,1
DA:82,1
DA:83,1
DA:86,3
DA:87,3
DA:90,0
DA:91,0
DA:92,0
DA:94,10
DA:99,24
DA:100,10
DA:107,24
DA:108,1
DA:114,24
DA:115,2
DA:116,2
DA:118,1
DA:120,2
DA:128,24
DA:129,1
DA:135,24
DA:139,24
DA:150,24
LF:42
LH:37
BRDA:46,0,0,2
BRDA:46,0,1,24
BRDA:69,1,0,7
BRDA:69,1,1,3
BRDA:72,2,0,6
BRDA:72,2,1,0
BRDA:129,3,0,1
BRDA:129,3,1,0
BRDA:136,4,0,24
BRDA:136,4,1,8
BRDA:136,4,2,4
BRF:11
BRH:9
end_of_record
TN:
SF:src/hooks/index.ts
FNF:0
FNH:0
LF:0
LH:0
BRF:0
BRH:0
end_of_record
TN:
SF:src/hooks/useAssistantChat.ts
FN:32,(anonymous_0)
FN:71,useAssistantChat
FN:97,(anonymous_2)
FN:98,(anonymous_3)
FN:111,(anonymous_4)
FN:117,(anonymous_5)
FN:128,(anonymous_6)
FN:134,(anonymous_7)
FN:155,(anonymous_8)
FN:159,(anonymous_9)
FN:177,(anonymous_10)
FN:187,(anonymous_11)
FN:214,(anonymous_12)
FN:218,(anonymous_13)
FN:224,(anonymous_14)
FN:226,(anonymous_15)
FN:234,(anonymous_16)
FN:234,(anonymous_17)
FN:241,(anonymous_18)
FN:259,(anonymous_19)
FN:262,(anonymous_20)
FN:262,(anonymous_21)
FN:269,(anonymous_22)
FN:272,(anonymous_23)
FN:278,(anonymous_24)
FN:285,(anonymous_25)
FN:297,(anonymous_26)
FNF:27
FNH:19
FNDA:14,(anonymous_0)
FNDA:37,useAssistantChat
FNDA:0,(anonymous_2)
FNDA:0,(anonymous_3)
FNDA:16,(anonymous_4)
FNDA:4,(anonymous_5)
FNDA:15,(anonymous_6)
FNDA:15,(anonymous_7)
FNDA:2,(anonymous_8)
FNDA:2,(anonymous_9)
FNDA:3,(anonymous_10)
FNDA:2,(anonymous_11)
FNDA:2,(anonymous_12)
FNDA:0,(anonymous_13)
FNDA:1,(anonymous_14)
FNDA:0,(anonymous_15)
FNDA:1,(anonymous_16)
FNDA:0,(anonymous_17)
FNDA:1,(anonymous_18)
FNDA:2,(anonymous_19)
FNDA:1,(anonymous_20)
FNDA:0,(anonymous_21)
FNDA:1,(anonymous_22)
FNDA:1,(anonymous_23)
FNDA:1,(anonymous_24)
FNDA:0,(anonymous_25)
FNDA:0,(anonymous_26)
DA:32,1
DA:33,14
DA:74,37
DA:75,37
DA:76,37
DA:77,37
DA:78,37
DA:79,37
DA:80,37
DA:83,37
DA:84,37
DA:87,37
DA:88,37
DA:92,37
DA:93,37
DA:94,37
DA:96,37
DA:98,0
DA:111,37
DA:112,16
DA:113,16
DA:114,16
DA:115,16
DA:116,16
DA:117,16
DA:118,4
DA:120,16
DA:122,0
DA:126,37
DA:128,37
DA:129,15
DA:130,15
DA:134,37
DA:135,15
DA:136,15
DA:137,15
DA:138,14
DA:139,14
DA:148,1
DA:149,1
DA:151,15
DA:155,37
DA:156,2
DA:157,2
DA:158,2
DA:159,2
DA:168,2
DA:170,0
DA:171,0
DA:173,2
DA:177,37
DA:178,3
DA:179,2
DA:180,2
DA:181,2
DA:187,2
DA:188,2
DA:190,2
DA:206,2
DA:207,2
DA:208,2
DA:209,2
DA:210,2
DA:211,2
DA:214,37
DA:215,2
DA:216,2
DA:217,2
DA:218,2
DA:220,0
DA:224,37
DA:225,1
DA:226,1
DA:227,1
DA:228,1
DA:229,1
DA:232,1
DA:233,1
DA:234,1
DA:235,1
DA:237,1
DA:238,1
DA:239,1
DA:240,1
DA:241,1
DA:243,1
DA:244,0
DA:246,1
DA:247,0
DA:251,0
DA:254,0
DA:255,0
DA:259,37
DA:260,2
DA:261,2
DA:262,1
DA:264,1
DA:265,1
DA:269,37
DA:270,1
DA:272,37
DA:273,1
DA:274,1
DA:276,0
DA:278,1
DA:279,1
DA:280,1
DA:281,1
DA:285,37
DA:286,0
DA:287,0
DA:288,0
DA:289,0
DA:290,0
DA:296,0
DA:297,0
DA:300,37
LF:117
LH:99
BRDA:33,0,0,14
BRDA:33,0,1,0
BRDA:72,1,0,35
BRDA:97,2,0,0
BRDA:114,3,0,16
BRDA:114,3,1,0
BRDA:118,4,0,1
BRDA:118,4,1,3
BRDA:162,5,0,2
BRDA:162,5,1,0
BRDA:178,6,0,1
BRDA:178,6,1,2
BRDA:178,7,0,3
BRDA:178,7,1,2
BRDA:178,7,2,2
BRDA:206,8,0,0
BRDA:206,8,1,2
BRDA:206,9,0,2
BRDA:206,9,1,0
BRDA:207,10,0,0
BRDA:207,10,1,2
BRDA:207,11,0,2
BRDA:207,11,1,0
BRDA:208,12,0,0
BRDA:208,12,1,2
BRDA:209,13,0,0
BRDA:209,13,1,2
BRDA:210,14,0,0
BRDA:210,14,1,2
BRDA:215,15,0,0
BRDA:215,15,1,2
BRDA:232,16,0,1
BRDA:232,16,1,0
BRDA:238,17,0,1
BRDA:238,17,1,0
BRDA:243,18,0,0
BRDA:243,18,1,1
BRDA:246,19,0,0
BRDA:246,19,1,1
BRDA:251,20,0,0
BRDA:251,20,1,0
BRDA:255,21,0,0
BRDA:255,21,1,0
BRDA:287,22,0,0
BRDA:287,22,1,0
BRDA:289,23,0,0
BRDA:289,23,1,0
BRDA:303,24,0,37
BRDA:303,24,1,37
BRF:49
BRH:25
end_of_record
TN:
SF:src/hooks/useAsync.ts
FN:41,useAsync
FN:57,(anonymous_1)
FN:83,(anonymous_2)
FN:121,useLoadData
FN:131,(anonymous_4)
FNF:5
FNH:5
FNDA:24,useAsync
FNDA:10,(anonymous_1)
FNDA:1,(anonymous_2)
FNDA:3,useLoadData
FNDA:1,(anonymous_4)
DA:50,24
DA:52,24
DA:53,24
DA:54,24
DA:56,24
DA:58,10
DA:59,10
DA:60,10
DA:61,10
DA:62,6
DA:63,6
DA:64,6
DA:66,4
DA:67,4
DA:68,4
DA:70,4
DA:71,1
DA:74,4
DA:75,4
DA:77,10
DA:83,24
DA:84,1
DA:85,1
DA:86,1
DA:89,24
DA:125,3
DA:131,3
DA:132,1
DA:133,1
DA:139,3
LF:30
LH:30
BRDA:43,0,0,11
BRDA:46,1,0,13
BRDA:47,2,0,19
BRDA:67,3,0,4
BRDA:67,3,1,0
BRDA:70,4,0,1
BRDA:70,4,1,3
BRDA:123,5,0,3
BRF:8
BRH:7
end_of_record
TN:
SF:src/hooks/useFetchOnFocus.ts
FN:43,useFetchOnFocus
FN:59,(anonymous_1)
FN:82,(anonymous_2)
FN:84,(anonymous_3)
FN:92,(anonymous_4)
FN:94,(anonymous_5)
FN:101,(anonymous_6)
FNF:7
FNH:6
FNDA:18,useFetchOnFocus
FNDA:8,(anonymous_1)
FNDA:10,(anonymous_2)
FNDA:3,(anonymous_3)
FNDA:18,(anonymous_4)
FNDA:0,(anonymous_5)
FNDA:1,(anonymous_6)
DA:53,18
DA:55,18
DA:56,18
DA:57,18
DA:59,18
DA:60,8
DA:61,8
DA:62,8
DA:63,8
DA:64,5
DA:65,5
DA:67,3
DA:68,3
DA:69,3
DA:71,3
DA:72,1
DA:75,3
DA:77,8
DA:82,18
DA:83,10
DA:84,7
DA:91,18
DA:93,18
DA:94,0
DA:101,18
DA:102,1
DA:103,1
DA:106,0
DA:110,18
LF:29
LH:27
BRDA:45,0,0,0
BRDA:48,1,0,15
BRDA:49,2,0,0
BRDA:50,3,0,12
BRDA:51,4,0,16
BRDA:52,5,0,17
BRDA:68,6,0,3
BRDA:68,6,1,0
BRDA:71,7,0,1
BRDA:71,7,1,2
BRDA:83,8,0,7
BRDA:83,8,1,3
BRDA:93,9,0,0
BRDA:93,9,1,18
BRF:14
BRH:10
end_of_record
TN:
SF:src/hooks/useGoals.ts
FN:21,useGoals
FN:26,(anonymous_1)
FN:45,(anonymous_2)
FN:50,(anonymous_3)
FN:53,(anonymous_4)
FN:65,(anonymous_5)
FN:68,(anonymous_6)
FN:68,(anonymous_7)
FN:80,(anonymous_8)
FN:83,(anonymous_9)
FN:83,(anonymous_10)
FN:94,(anonymous_11)
FN:97,(anonymous_12)
FN:97,(anonymous_13)
FNF:14
FNH:14
FNDA:33,useGoals
FNDA:15,(anonymous_1)
FNDA:14,(anonymous_2)
FNDA:2,(anonymous_3)
FNDA:1,(anonymous_4)
FNDA:2,(anonymous_5)
FNDA:1,(anonymous_6)
FNDA:2,(anonymous_7)
FNDA:2,(anonymous_8)
FNDA:1,(anonymous_9)
FNDA:2,(anonymous_10)
FNDA:2,(anonymous_11)
FNDA:1,(anonymous_12)
FNDA:2,(anonymous_13)
DA:22,33
DA:23,33
DA:24,33
DA:26,33
DA:27,15
DA:28,15
DA:29,15
DA:30,15
DA:35,14
DA:37,1
DA:38,1
DA:39,1
DA:41,15
DA:45,33
DA:46,14
DA:49,33
DA:51,2
DA:52,2
DA:53,1
DA:54,1
DA:56,1
DA:57,1
DA:58,1
DA:64,33
DA:66,2
DA:67,2
DA:68,2
DA:69,1
DA:71,1
DA:72,1
DA:73,1
DA:79,33
DA:81,2
DA:82,2
DA:83,2
DA:84,1
DA:86,1
DA:87,1
DA:88,1
DA:94,33
DA:95,2
DA:96,2
DA:97,2
DA:99,1
DA:100,1
DA:104,33
LF:46
LH:46
BRDA:21,0,0,31
BRDA:37,1,0,1
BRDA:37,1,1,0
BRDA:56,2,0,1
BRDA:56,2,1,0
BRDA:68,3,0,1
BRDA:68,3,1,1
BRDA:71,4,0,1
BRDA:71,4,1,0
BRDA:83,5,0,1
BRDA:83,5,1,1
BRDA:86,6,0,1
BRDA:86,6,1,0
BRDA:100,7,0,1
BRDA:100,7,1,0
BRF:15
BRH:10
end_of_record
TN:
SF:src/hooks/useKiteAnimation.ts
FN:20,(anonymous_0)
FN:57,useKiteAnimation
FN:66,(anonymous_2)
FN:95,(anonymous_3)
FN:105,(anonymous_4)
FN:113,(anonymous_5)
FN:120,(anonymous_6)
FN:154,(anonymous_7)
FN:164,(anonymous_8)
FN:174,(anonymous_9)
FN:176,(anonymous_10)
FNF:11
FNH:0
FNDA:0,(anonymous_0)
FNDA:0,useKiteAnimation
FNDA:0,(anonymous_2)
FNDA:0,(anonymous_3)
FNDA:0,(anonymous_4)
FNDA:0,(anonymous_5)
FNDA:0,(anonymous_6)
FNDA:0,(anonymous_7)
FNDA:0,(anonymous_8)
FNDA:0,(anonymous_9)
FNDA:0,(anonymous_10)
DA:4,0
DA:5,0
DA:6,0
DA:20,0
DA:26,0
DA:27,0
DA:28,0
DA:29,0
DA:30,0
DA:31,0
DA:33,0
DA:34,0
DA:36,0
DA:37,0
DA:38,0
DA:39,0
DA:40,0
DA:58,0
DA:59,0
DA:60,0
DA:61,0
DA:62,0
DA:63,0
DA:64,0
DA:66,0
DA:67,0
DA:69,0
DA:73,0
DA:78,0
DA:79,0
DA:85,0
DA:87,0
DA:89,0
DA:95,0
DA:96,0
DA:97,0
DA:98,0
DA:99,0
DA:105,0
DA:106,0
DA:107,0
DA:108,0
DA:109,0
DA:110,0
DA:111,0
DA:113,0
DA:114,0
DA:115,0
DA:120,0
DA:121,0
DA:122,0
DA:126,0
DA:131,0
DA:132,0
DA:138,0
DA:140,0
DA:142,0
DA:146,0
DA:148,0
DA:154,0
DA:155,0
DA:158,0
DA:164,0
DA:165,0
DA:166,0
DA:167,0
DA:168,0
DA:170,0
DA:171,0
DA:174,0
DA:175,0
DA:176,0
DA:179,0
LF:73
LH:0
BRDA:36,0,0,0
BRDA:36,0,1,0
BRDA:38,1,0,0
BRDA:38,1,1,0
BRDA:39,2,0,0
BRDA:39,2,1,0
BRDA:40,3,0,0
BRDA:40,3,1,0
BRDA:67,4,0,0
BRDA:67,4,1,0
BRDA:87,5,0,0
BRDA:87,5,1,0
BRDA:96,6,0,0
BRDA:96,6,1,0
BRDA:98,7,0,0
BRDA:98,7,1,0
BRDA:114,8,0,0
BRDA:114,8,1,0
BRDA:115,9,0,0
BRDA:115,9,1,0
BRDA:140,10,0,0
BRDA:140,10,1,0
BRDA:155,11,0,0
BRDA:155,11,1,0
BRDA:166,12,0,0
BRDA:166,12,1,0
BRDA:170,13,0,0
BRDA:170,13,1,0
BRF:28
BRH:0
end_of_record
TN:
SF:src/hooks/useLoginAuth.ts
FN:39,useLoginAuth
FN:58,(anonymous_1)
FN:60,(anonymous_2)
FN:60,(anonymous_3)
FN:61,(anonymous_4)
FN:66,(anonymous_5)
FN:74,(anonymous_6)
FN:86,(anonymous_7)
FN:98,(anonymous_8)
FN:120,(anonymous_9)
FN:133,(anonymous_10)
FN:141,(anonymous_11)
FN:157,(anonymous_12)
FN:163,(anonymous_13)
FNF:14
FNH:13
FNDA:56,useLoginAuth
FNDA:28,(anonymous_1)
FNDA:1,(anonymous_2)
FNDA:1,(anonymous_3)
FNDA:4,(anonymous_4)
FNDA:23,(anonymous_5)
FNDA:0,(anonymous_6)
FNDA:1,(anonymous_7)
FNDA:11,(anonymous_8)
FNDA:2,(anonymous_9)
FNDA:1,(anonymous_10)
FNDA:3,(anonymous_11)
FNDA:4,(anonymous_12)
FNDA:6,(anonymous_13)
DA:10,1
DA:42,56
DA:43,56
DA:44,56
DA:45,56
DA:46,56
DA:47,56
DA:48,56
DA:49,56
DA:50,56
DA:51,56
DA:53,56
DA:58,56
DA:59,28
DA:60,4
DA:61,4
DA:66,56
DA:67,23
DA:68,0
DA:69,0
DA:74,56
DA:75,0
DA:76,0
DA:77,0
DA:78,0
DA:80,0
DA:82,0
DA:86,56
DA:87,1
DA:88,1
DA:89,1
DA:90,1
DA:92,0
DA:94,1
DA:98,56
DA:99,11
DA:100,6
DA:101,6
DA:103,5
DA:104,1
DA:105,1
DA:107,4
DA:108,4
DA:109,4
DA:110,3
DA:111,3
DA:112,3
DA:114,1
DA:116,4
DA:120,56
DA:121,2
DA:122,2
DA:123,2
DA:124,1
DA:125,1
DA:127,1
DA:129,2
DA:133,56
DA:134,1
DA:135,1
DA:136,1
DA:137,1
DA:138,1
DA:141,56
DA:142,3
DA:143,1
DA:144,1
DA:146,2
DA:147,2
DA:148,2
DA:149,1
DA:151,1
DA:153,2
DA:157,56
DA:158,4
DA:159,4
DA:160,4
DA:163,56
DA:164,6
DA:165,6
DA:166,3
DA:168,3
DA:169,3
DA:170,1
DA:171,1
DA:172,1
DA:175,5
DA:178,56
LF:88
LH:79
BRDA:59,0,0,4
BRDA:59,0,1,24
BRDA:59,1,0,28
BRDA:59,1,1,4
BRDA:67,2,0,0
BRDA:67,2,1,23
BRDA:99,3,0,6
BRDA:99,3,1,5
BRDA:103,4,0,1
BRDA:103,4,1,4
BRDA:142,5,0,1
BRDA:142,5,1,2
BRDA:165,6,0,3
BRDA:165,6,1,3
BRDA:169,7,0,1
BRDA:169,7,1,2
BRF:16
BRH:15
end_of_record
TN:
SF:src/hooks/useOnboarding.ts
FN:37,useOnboarding
FN:53,(anonymous_1)
FN:54,(anonymous_2)
FN:59,(anonymous_3)
FN:85,(anonymous_4)
FN:87,(anonymous_5)
FN:88,(anonymous_6)
FN:104,(anonymous_7)
FN:140,(anonymous_8)
FN:145,(anonymous_9)
FN:151,(anonymous_10)
FN:155,(anonymous_11)
FN:180,(anonymous_12)
FN:196,(anonymous_13)
FNF:14
FNH:9
FNDA:38,useOnboarding
FNDA:19,(anonymous_1)
FNDA:19,(anonymous_2)
FNDA:5,(anonymous_3)
FNDA:0,(anonymous_4)
FNDA:0,(anonymous_5)
FNDA:0,(anonymous_6)
FNDA:2,(anonymous_7)
FNDA:2,(anonymous_8)
FNDA:1,(anonymous_9)
FNDA:1,(anonymous_10)
FNDA:3,(anonymous_11)
FNDA:0,(anonymous_12)
FNDA:0,(anonymous_13)
DA:41,38
DA:42,38
DA:43,38
DA:44,38
DA:45,38
DA:46,38
DA:47,38
DA:48,38
DA:49,38
DA:53,38
DA:54,19
DA:55,19
DA:59,38
DA:60,5
DA:61,1
DA:62,1
DA:64,4
DA:65,4
DA:66,4
DA:73,3
DA:74,1
DA:76,1
DA:81,4
DA:85,38
DA:86,0
DA:87,0
DA:88,0
DA:89,0
DA:90,0
DA:91,0
DA:95,0
DA:96,0
DA:98,0
DA:101,0
DA:104,38
DA:105,2
DA:106,2
DA:107,1
DA:108,1
DA:110,1
DA:111,1
DA:112,1
DA:113,1
DA:120,1
DA:122,0
DA:129,0
DA:130,0
DA:131,0
DA:134,0
DA:136,1
DA:140,38
DA:141,2
DA:142,2
DA:145,38
DA:146,1
DA:147,1
DA:148,1
DA:151,38
DA:152,1
DA:155,38
DA:156,3
DA:157,1
DA:158,1
DA:160,2
DA:161,2
DA:162,2
DA:169,1
DA:170,1
DA:171,1
DA:173,1
DA:174,1
DA:176,2
DA:180,38
DA:181,0
DA:182,0
DA:183,0
DA:187,0
DA:188,0
DA:190,0
DA:192,0
DA:196,38
DA:197,0
DA:198,0
DA:199,0
DA:202,38
LF:85
LH:60
BRDA:42,0,0,38
BRDA:42,0,1,1
BRDA:55,1,0,0
BRDA:55,1,1,19
BRDA:60,2,0,1
BRDA:60,2,1,4
BRDA:73,3,0,2
BRDA:73,3,1,1
BRDA:78,4,0,1
BRDA:78,4,1,0
BRDA:89,5,0,0
BRDA:89,5,1,0
BRDA:105,6,0,0
BRDA:105,6,1,2
BRDA:106,7,0,1
BRDA:106,7,1,1
BRDA:112,8,0,1
BRDA:112,8,1,0
BRDA:112,9,0,1
BRDA:112,9,1,1
BRDA:134,10,0,0
BRDA:134,10,1,0
BRDA:148,11,0,1
BRDA:148,11,1,0
BRDA:152,12,0,1
BRDA:152,12,1,0
BRDA:156,13,0,1
BRDA:156,13,1,2
BRDA:169,14,0,0
BRDA:169,14,1,1
BRDA:174,15,0,1
BRDA:174,15,1,0
BRDA:190,16,0,0
BRDA:190,16,1,0
BRF:34
BRH:20
end_of_record
TN:
SF:src/hooks/usePriorityForm.ts
FN:80,usePriorityForm
FN:100,(anonymous_1)
FN:108,(anonymous_2)
FN:117,(anonymous_3)
FN:162,(anonymous_4)
FN:163,(anonymous_5)
FN:168,(anonymous_6)
FN:172,(anonymous_7)
FN:179,(anonymous_8)
FN:186,(anonymous_9)
FN:187,(anonymous_10)
FN:192,(anonymous_11)
FN:196,(anonymous_12)
FN:207,(anonymous_13)
FN:221,(anonymous_14)
FN:230,(anonymous_15)
FN:238,(anonymous_16)
FN:260,(anonymous_17)
FNF:18
FNH:17
FNDA:38,usePriorityForm
FNDA:10,(anonymous_1)
FNDA:1,(anonymous_2)
FNDA:1,(anonymous_3)
FNDA:7,(anonymous_4)
FNDA:7,(anonymous_5)
FNDA:1,(anonymous_6)
FNDA:2,(anonymous_7)
FNDA:1,(anonymous_8)
FNDA:3,(anonymous_9)
FNDA:3,(anonymous_10)
FNDA:0,(anonymous_11)
FNDA:2,(anonymous_12)
FNDA:8,(anonymous_13)
FNDA:7,(anonymous_14)
FNDA:1,(anonymous_15)
FNDA:3,(anonymous_16)
FNDA:2,(anonymous_17)
DA:36,1
DA:70,1
DA:81,38
DA:83,38
DA:87,38
DA:90,38
DA:93,38
DA:94,38
DA:96,38
DA:100,38
DA:101,10
DA:102,1
DA:103,1
DA:107,38
DA:109,1
DA:110,1
DA:111,1
DA:112,1
DA:117,1
DA:121,1
DA:123,0
DA:124,0
DA:126,1
DA:130,0
DA:131,0
DA:132,0
DA:133,0
DA:137,0
DA:141,0
DA:142,0
DA:148,0
DA:149,0
DA:151,0
DA:153,0
DA:156,0
DA:161,38
DA:163,7
DA:164,7
DA:166,7
DA:167,4
DA:168,1
DA:171,3
DA:172,2
DA:179,1
DA:185,38
DA:187,3
DA:188,3
DA:190,3
DA:191,1
DA:192,0
DA:196,2
DA:200,2
DA:206,38
DA:212,8
DA:217,1
DA:218,1
DA:221,7
DA:222,7
DA:223,7
DA:224,7
DA:230,38
DA:231,1
DA:232,1
DA:233,1
DA:234,1
DA:235,1
DA:238,38
DA:239,3
DA:240,3
DA:242,2
DA:258,2
DA:259,1
DA:260,2
DA:263,1
DA:266,2
DA:267,2
DA:275,38
LF:77
LH:62
BRDA:101,0,0,1
BRDA:101,0,1,9
BRDA:109,1,0,1
BRDA:109,1,1,0
BRDA:109,2,0,1
BRDA:109,2,1,1
BRDA:115,3,0,1
BRDA:115,3,1,1
BRDA:119,4,0,1
BRDA:119,4,1,0
BRDA:130,5,0,0
BRDA:130,5,1,0
BRDA:130,6,0,0
BRDA:130,6,1,0
BRDA:130,6,2,0
BRDA:138,7,0,0
BRDA:138,7,1,0
BRDA:139,8,0,0
BRDA:139,8,1,0
BRDA:141,9,0,0
BRDA:141,9,1,0
BRDA:148,10,0,0
BRDA:148,10,1,0
BRDA:166,11,0,4
BRDA:166,11,1,3
BRDA:171,12,0,2
BRDA:171,12,1,1
BRDA:190,13,0,1
BRDA:190,13,1,2
BRDA:209,14,0,7
BRDA:212,15,0,1
BRDA:212,15,1,7
BRDA:213,16,0,8
BRDA:213,16,1,1
BRDA:213,16,2,1
BRDA:223,17,0,1
BRDA:223,17,1,6
BRDA:240,18,0,1
BRDA:240,18,1,2
BRDA:243,19,0,2
BRDA:243,19,1,0
BRDA:244,20,0,2
BRDA:244,20,1,0
BRDA:245,21,0,2
BRDA:245,21,1,0
BRDA:246,22,0,2
BRDA:246,22,1,0
BRDA:248,23,0,1
BRDA:248,23,1,1
BRDA:248,24,0,2
BRDA:248,24,1,1
BRDA:252,25,0,1
BRDA:252,25,1,1
BRDA:252,26,0,2
BRDA:252,26,1,1
BRDA:258,27,0,1
BRDA:258,27,1,1
BRF:57
BRH:38
end_of_record
TN:
SF:src/hooks/useTasks.ts
FN:19,useTasks
FN:26,(anonymous_1)
FN:46,(anonymous_2)
FN:51,(anonymous_3)
FN:54,(anonymous_4)
FN:55,(anonymous_5)
FN:67,(anonymous_6)
FN:70,(anonymous_7)
FN:70,(anonymous_8)
FN:82,(anonymous_9)
FN:87,(anonymous_10)
FN:87,(anonymous_11)
FN:89,(anonymous_12)
FN:91,(anonymous_13)
FN:92,(anonymous_14)
FN:105,(anonymous_15)
FN:115,(anonymous_16)
FN:115,(anonymous_17)
FN:117,(anonymous_18)
FN:119,(anonymous_19)
FN:132,(anonymous_20)
FN:134,(anonymous_21)
FN:138,(anonymous_22)
FN:138,(anonymous_23)
FN:139,(anonymous_24)
FN:141,(anonymous_25)
FN:154,(anonymous_26)
FN:156,(anonymous_27)
FN:158,(anonymous_28)
FN:158,(anonymous_29)
FN:160,(anonymous_30)
FN:162,(anonymous_31)
FNF:32
FNH:28
FNDA:30,useTasks
FNDA:13,(anonymous_1)
FNDA:12,(anonymous_2)
FNDA:1,(anonymous_3)
FNDA:1,(anonymous_4)
FNDA:1,(anonymous_5)
FNDA:0,(anonymous_6)
FNDA:0,(anonymous_7)
FNDA:0,(anonymous_8)
FNDA:1,(anonymous_9)
FNDA:1,(anonymous_10)
FNDA:2,(anonymous_11)
FNDA:1,(anonymous_12)
FNDA:1,(anonymous_13)
FNDA:1,(anonymous_14)
FNDA:1,(anonymous_15)
FNDA:1,(anonymous_16)
FNDA:2,(anonymous_17)
FNDA:1,(anonymous_18)
FNDA:1,(anonymous_19)
FNDA:1,(anonymous_20)
FNDA:1,(anonymous_21)
FNDA:1,(anonymous_22)
FNDA:1,(anonymous_23)
FNDA:1,(anonymous_24)
FNDA:1,(anonymous_25)
FNDA:1,(anonymous_26)
FNDA:1,(anonymous_27)
FNDA:1,(anonymous_28)
FNDA:2,(anonymous_29)
FNDA:1,(anonymous_30)
FNDA:0,(anonymous_31)
DA:20,30
DA:21,30
DA:22,30
DA:23,30
DA:24,30
DA:26,30
DA:27,13
DA:28,13
DA:29,13
DA:30,13
DA:34,12
DA:35,12
DA:36,12
DA:38,1
DA:39,1
DA:40,1
DA:42,13
DA:46,30
DA:47,12
DA:50,30
DA:52,1
DA:53,1
DA:54,1
DA:55,1
DA:56,1
DA:58,0
DA:59,0
DA:60,0
DA:66,30
DA:68,0
DA:69,0
DA:70,0
DA:71,0
DA:73,0
DA:74,0
DA:75,0
DA:81,30
DA:83,1
DA:84,1
DA:87,2
DA:89,1
DA:90,1
DA:91,1
DA:92,1
DA:94,1
DA:96,0
DA:97,0
DA:98,0
DA:104,30
DA:110,1
DA:111,1
DA:115,2
DA:117,1
DA:118,1
DA:119,1
DA:121,1
DA:123,0
DA:124,0
DA:125,0
DA:131,30
DA:133,1
DA:134,1
DA:135,1
DA:137,1
DA:138,1
DA:139,1
DA:140,1
DA:141,1
DA:143,1
DA:145,0
DA:146,0
DA:147,0
DA:153,30
DA:155,1
DA:156,1
DA:157,1
DA:158,2
DA:159,1
DA:160,1
DA:161,0
DA:162,0
DA:165,0
DA:166,0
DA:172,30
LF:84
LH:61
BRDA:19,0,0,28
BRDA:38,1,0,1
BRDA:38,1,1,0
BRDA:58,2,0,0
BRDA:58,2,1,0
BRDA:70,3,0,0
BRDA:70,3,1,0
BRDA:73,4,0,0
BRDA:73,4,1,0
BRDA:87,5,0,1
BRDA:87,5,1,1
BRDA:90,6,0,1
BRDA:90,6,1,0
BRDA:96,7,0,0
BRDA:96,7,1,0
BRDA:115,8,0,1
BRDA:115,8,1,1
BRDA:118,9,0,1
BRDA:118,9,1,0
BRDA:123,10,0,0
BRDA:123,10,1,0
BRDA:138,11,0,1
BRDA:138,11,1,0
BRDA:140,12,0,1
BRDA:140,12,1,0
BRDA:145,13,0,0
BRDA:145,13,1,0
BRDA:159,14,0,1
BRDA:159,14,1,0
BRDA:161,15,0,0
BRDA:161,15,1,0
BRDA:166,16,0,0
BRDA:166,16,1,0
BRF:33
BRH:11
end_of_record
TN:
SF:src/hooks/useValueActions.ts
FN:29,useValueActions
FN:40,(anonymous_1)
FN:50,(anonymous_2)
FN:54,(anonymous_3)
FN:58,(anonymous_4)
FN:78,(anonymous_5)
FNF:6
FNH:6
FNDA:33,useValueActions
FNDA:2,(anonymous_1)
FNDA:2,(anonymous_2)
FNDA:1,(anonymous_3)
FNDA:3,(anonymous_4)
FNDA:4,(anonymous_5)
DA:33,33
DA:34,33
DA:35,33
DA:38,33
DA:40,33
DA:41,2
DA:42,2
DA:43,2
DA:44,2
DA:50,33
DA:51,2
DA:54,33
DA:55,1
DA:58,33
DA:59,3
DA:60,3
DA:61,3
DA:62,2
DA:63,2
DA:64,2
DA:65,2
DA:70,1
DA:71,1
DA:73,3
DA:74,3
DA:78,33
DA:82,4
DA:83,4
DA:85,3
DA:86,3
DA:87,3
DA:92,2
DA:93,2
DA:97,2
DA:99,1
DA:100,1
DA:101,1
DA:103,3
DA:104,3
DA:108,33
LF:40
LH:40
BRDA:43,0,0,2
BRDA:43,0,1,1
BRDA:64,1,0,2
BRDA:64,1,1,0
BRDA:83,2,0,1
BRDA:83,2,1,3
BRF:6
BRH:5
end_of_record
TN:
SF:src/hooks/useValuePriorityLinks.ts
FN:27,useValuePriorityLinks
FN:41,(anonymous_1)
FN:46,(anonymous_2)
FN:54,(anonymous_3)
FN:64,(anonymous_4)
FN:74,(anonymous_5)
FN:82,(anonymous_6)
FN:86,(anonymous_7)
FNF:8
FNH:8
FNDA:27,useValuePriorityLinks
FNDA:8,(anonymous_1)
FNDA:8,(anonymous_2)
FNDA:7,(anonymous_3)
FNDA:6,(anonymous_4)
FNDA:5,(anonymous_5)
FNDA:7,(anonymous_6)
FNDA:4,(anonymous_7)
DA:31,27
DA:32,27
DA:33,27
DA:34,27
DA:37,27
DA:41,27
DA:42,8
DA:46,27
DA:47,8
DA:48,8
DA:49,8
DA:53,7
DA:54,7
DA:55,7
DA:57,1
DA:58,1
DA:60,8
DA:64,27
DA:65,6
DA:66,6
DA:67,6
DA:68,4
DA:69,6
DA:70,6
DA:71,6
DA:74,27
DA:75,5
DA:76,1
DA:77,1
DA:79,4
DA:80,4
DA:81,4
DA:82,7
DA:83,4
DA:84,4
DA:85,4
DA:86,4
DA:89,4
DA:90,1
DA:92,4
DA:93,0
DA:98,0
DA:101,4
DA:111,2
DA:112,2
DA:114,2
DA:115,2
DA:116,2
DA:117,1
DA:122,1
DA:124,4
DA:128,27
LF:52
LH:50
BRDA:53,0,0,7
BRDA:53,0,1,0
BRDA:54,1,0,7
BRDA:54,1,1,0
BRDA:67,2,0,2
BRDA:67,2,1,4
BRDA:75,3,0,1
BRDA:75,3,1,4
BRDA:83,4,0,0
BRDA:83,4,1,4
BRDA:86,5,0,4
BRDA:86,5,1,0
BRDA:89,6,0,3
BRDA:89,6,1,1
BRDA:92,7,0,0
BRDA:92,7,1,4
BRDA:92,8,0,4
BRDA:92,8,1,1
BRDA:106,9,0,4
BRDA:106,9,1,4
BRDA:107,10,0,4
BRDA:107,10,1,4
BRDA:116,11,0,1
BRDA:116,11,1,1
BRF:24
BRH:19
end_of_record
TN:
SF:src/hooks/useValuesDiscovery.ts
FN:133,useValuesDiscovery
FN:166,(anonymous_1)
FN:168,(anonymous_2)
FN:201,(anonymous_3)
FN:221,(anonymous_4)
FN:231,(anonymous_5)
FN:260,(anonymous_6)
FN:268,(anonymous_7)
FN:269,(anonymous_8)
FN:280,(anonymous_9)
FN:281,(anonymous_10)
FN:296,(anonymous_11)
FN:305,(anonymous_12)
FN:320,(anonymous_13)
FN:338,(anonymous_14)
FN:345,(anonymous_15)
FN:346,(anonymous_16)
FN:359,(anonymous_17)
FN:360,(anonymous_18)
FN:361,(anonymous_19)
FN:376,(anonymous_20)
FN:394,(anonymous_21)
FN:402,(anonymous_22)
FN:406,(anonymous_23)
FN:424,(anonymous_24)
FN:425,(anonymous_25)
FN:429,(anonymous_26)
FN:431,(anonymous_27)
FN:449,(anonymous_28)
FN:454,(anonymous_29)
FN:460,(anonymous_30)
FN:466,(anonymous_31)
FN:488,(anonymous_32)
FN:519,(anonymous_33)
FN:548,(anonymous_34)
FN:555,(anonymous_35)
FN:564,(anonymous_36)
FNF:37
FNH:21
FNDA:39,useValuesDiscovery
FNDA:39,(anonymous_1)
FNDA:108,(anonymous_2)
FNDA:12,(anonymous_3)
FNDA:7,(anonymous_4)
FNDA:7,(anonymous_5)
FNDA:12,(anonymous_6)
FNDA:4,(anonymous_7)
FNDA:4,(anonymous_8)
FNDA:0,(anonymous_9)
FNDA:0,(anonymous_10)
FNDA:1,(anonymous_11)
FNDA:1,(anonymous_12)
FNDA:0,(anonymous_13)
FNDA:0,(anonymous_14)
FNDA:0,(anonymous_15)
FNDA:0,(anonymous_16)
FNDA:0,(anonymous_17)
FNDA:0,(anonymous_18)
FNDA:0,(anonymous_19)
FNDA:1,(anonymous_20)
FNDA:0,(anonymous_21)
FNDA:0,(anonymous_22)
FNDA:0,(anonymous_23)
FNDA:1,(anonymous_24)
FNDA:1,(anonymous_25)
FNDA:3,(anonymous_26)
FNDA:1,(anonymous_27)
FNDA:2,(anonymous_28)
FNDA:4,(anonymous_29)
FNDA:0,(anonymous_30)
FNDA:0,(anonymous_31)
FNDA:1,(anonymous_32)
FNDA:1,(anonymous_33)
FNDA:0,(anonymous_34)
FNDA:0,(anonymous_35)
FNDA:1,(anonymous_36)
DA:16,1
DA:25,1
DA:31,1
DA:32,1
DA:33,1
DA:135,39
DA:136,39
DA:137,39
DA:138,39
DA:143,39
DA:144,39
DA:145,39
DA:146,39
DA:149,39
DA:150,39
DA:153,39
DA:154,39
DA:157,39
DA:158,39
DA:166,39
DA:167,39
DA:168,39
DA:169,108
DA:170,54
DA:172,108
DA:174,39
DA:177,39
DA:178,39
DA:179,39
DA:180,39
DA:181,39
DA:182,39
DA:183,39
DA:185,39
DA:187,39
DA:188,39
DA:191,39
DA:194,39
DA:195,39
DA:201,39
DA:202,12
DA:203,12
DA:204,12
DA:210,12
DA:213,12
DA:214,2
DA:215,2
DA:216,2
DA:220,10
DA:221,7
DA:222,5
DA:225,5
DA:231,5
DA:232,7
DA:239,7
DA:242,5
DA:245,5
DA:246,5
DA:247,5
DA:251,5
DA:253,0
DA:254,0
DA:256,12
DA:260,39
DA:261,12
DA:268,39
DA:269,4
DA:270,4
DA:271,4
DA:272,1
DA:274,3
DA:276,4
DA:280,39
DA:281,0
DA:282,0
DA:283,0
DA:284,0
DA:286,0
DA:288,0
DA:296,39
DA:297,1
DA:298,0
DA:299,1
DA:300,1
DA:301,1
DA:305,39
DA:306,1
DA:307,0
DA:308,1
DA:309,1
DA:310,1
DA:311,1
DA:312,1
DA:315,1
DA:316,1
DA:320,39
DA:323,0
DA:325,0
DA:326,0
DA:327,0
DA:331,0
DA:332,0
DA:336,0
DA:337,0
DA:339,0
DA:343,0
DA:344,0
DA:346,0
DA:347,0
DA:348,0
DA:358,0
DA:359,0
DA:360,0
DA:361,0
DA:364,0
DA:365,0
DA:376,39
DA:378,1
DA:379,1
DA:382,0
DA:384,0
DA:385,0
DA:386,0
DA:390,0
DA:391,0
DA:394,39
DA:395,0
DA:397,0
DA:398,0
DA:402,0
DA:403,0
DA:405,0
DA:406,0
DA:409,0
DA:415,0
DA:416,0
DA:423,39
DA:425,1
DA:426,1
DA:429,1
DA:430,3
DA:431,1
DA:436,1
DA:437,1
DA:439,1
DA:449,39
DA:450,2
DA:451,2
DA:453,2
DA:454,4
DA:460,0
DA:466,0
DA:474,2
DA:475,2
DA:477,0
DA:478,0
DA:480,2
DA:488,39
DA:489,1
DA:491,1
DA:492,1
DA:493,1
DA:495,1
DA:496,1
DA:500,1
DA:501,1
DA:504,1
DA:512,1
DA:519,1
DA:522,1
DA:523,1
DA:524,1
DA:525,1
DA:528,0
DA:529,0
DA:530,0
DA:533,1
DA:535,0
DA:536,0
DA:538,1
DA:548,39
DA:549,0
DA:550,0
DA:551,0
DA:552,0
DA:555,0
DA:556,0
DA:564,39
DA:565,1
DA:567,1
DA:568,1
DA:569,1
DA:570,1
DA:571,1
DA:572,1
DA:573,1
DA:574,1
DA:575,1
DA:576,1
DA:579,1
DA:580,1
DA:581,1
DA:582,1
DA:583,1
DA:584,1
DA:586,0
DA:587,0
DA:588,0
DA:596,39
LF:209
LH:145
BRDA:169,0,0,54
BRDA:169,0,1,54
BRDA:179,1,0,39
BRDA:179,1,1,12
BRDA:191,2,0,3
BRDA:191,2,1,36
BRDA:195,3,0,39
BRDA:195,3,1,27
BRDA:213,4,0,2
BRDA:213,4,1,10
BRDA:213,5,0,12
BRDA:213,5,1,12
BRDA:220,6,0,5
BRDA:220,6,1,5
BRDA:220,7,0,10
BRDA:220,7,1,10
BRDA:245,8,0,5
BRDA:245,8,1,0
BRDA:271,9,0,1
BRDA:271,9,1,3
BRDA:283,10,0,0
BRDA:283,10,1,0
BRDA:297,11,0,0
BRDA:297,11,1,1
BRDA:299,12,0,1
BRDA:299,12,1,0
BRDA:306,13,0,0
BRDA:306,13,1,1
BRDA:308,14,0,1
BRDA:308,14,1,0
BRDA:311,15,0,1
BRDA:311,15,1,0
BRDA:323,16,0,0
BRDA:323,16,1,0
BRDA:325,17,0,0
BRDA:325,17,1,0
BRDA:331,18,0,0
BRDA:331,18,1,0
BRDA:347,19,0,0
BRDA:347,19,1,0
BRDA:378,20,0,1
BRDA:378,20,1,0
BRDA:382,21,0,0
BRDA:382,21,1,0
BRDA:397,22,0,0
BRDA:397,22,1,0
BRDA:397,23,0,0
BRDA:397,23,1,0
BRDA:458,24,0,4
BRDA:458,24,1,4
BRDA:464,25,0,0
BRDA:464,25,1,0
BRDA:470,26,0,0
BRDA:470,26,1,0
BRDA:489,27,0,0
BRDA:489,27,1,1
BRDA:489,28,0,1
BRDA:489,28,1,1
BRDA:522,29,0,1
BRDA:522,29,1,0
BRDA:529,30,0,0
BRDA:529,30,1,0
BRDA:549,31,0,0
BRDA:549,31,1,0
BRDA:549,32,0,0
BRDA:549,32,1,0
BRF:66
BRH:31
end_of_record
TN:
SF:src/hooks/useValuesManagement.ts
FN:19,(anonymous_0)
FN:21,(anonymous_1)
FN:73,useValuesManagement
FN:103,(anonymous_3)
FN:110,(anonymous_4)
FN:122,(anonymous_5)
FN:126,(anonymous_6)
FN:143,(anonymous_7)
FN:159,(anonymous_8)
FN:171,(anonymous_9)
FN:187,(anonymous_10)
FN:198,(anonymous_11)
FN:225,(anonymous_12)
FN:233,(anonymous_13)
FN:240,(anonymous_14)
FN:252,(anonymous_15)
FN:282,(anonymous_16)
FN:289,(anonymous_17)
FN:311,(anonymous_18)
FN:316,(anonymous_19)
FN:327,(anonymous_20)
FN:334,(anonymous_21)
FN:348,(anonymous_22)
FN:355,(anonymous_23)
FN:370,(anonymous_24)
FN:375,(anonymous_25)
FN:378,(anonymous_26)
FN:397,(anonymous_27)
FN:403,(anonymous_28)
FN:410,(anonymous_29)
FN:421,(anonymous_30)
FN:459,(anonymous_31)
FN:460,(anonymous_32)
FNF:33
FNH:18
FNDA:14,(anonymous_0)
FNDA:13,(anonymous_1)
FNDA:77,useValuesManagement
FNDA:30,(anonymous_3)
FNDA:89,(anonymous_4)
FNDA:27,(anonymous_5)
FNDA:4,(anonymous_6)
FNDA:0,(anonymous_7)
FNDA:0,(anonymous_8)
FNDA:3,(anonymous_9)
FNDA:1,(anonymous_10)
FNDA:0,(anonymous_11)
FNDA:6,(anonymous_12)
FNDA:3,(anonymous_13)
FNDA:2,(anonymous_14)
FNDA:0,(anonymous_15)
FNDA:0,(anonymous_16)
FNDA:0,(anonymous_17)
FNDA:1,(anonymous_18)
FNDA:0,(anonymous_19)
FNDA:0,(anonymous_20)
FNDA:0,(anonymous_21)
FNDA:0,(anonymous_22)
FNDA:0,(anonymous_23)
FNDA:1,(anonymous_24)
FNDA:2,(anonymous_25)
FNDA:7,(anonymous_26)
FNDA:1,(anonymous_27)
FNDA:1,(anonymous_28)
FNDA:0,(anonymous_29)
FNDA:0,(anonymous_30)
FNDA:0,(anonymous_31)
FNDA:0,(anonymous_32)
DA:19,1
DA:20,14
DA:21,14
DA:76,77
DA:77,77
DA:78,77
DA:79,77
DA:80,77
DA:81,77
DA:82,77
DA:83,77
DA:84,77
DA:85,77
DA:88,77
DA:90,77
DA:91,77
DA:95,77
DA:96,77
DA:100,77
DA:101,77
DA:103,77
DA:104,30
DA:105,30
DA:106,30
DA:107,28
DA:108,28
DA:109,28
DA:110,28
DA:111,89
DA:113,28
DA:115,1
DA:116,1
DA:118,29
DA:122,77
DA:123,27
DA:126,77
DA:127,4
DA:128,1
DA:129,1
DA:131,3
DA:132,1
DA:133,1
DA:135,2
DA:136,2
DA:137,2
DA:142,1
DA:143,0
DA:148,1
DA:149,1
DA:152,1
DA:159,0
DA:164,1
DA:165,1
DA:167,2
DA:171,77
DA:172,3
DA:173,1
DA:174,1
DA:178,2
DA:179,2
DA:180,2
DA:185,2
DA:186,2
DA:187,1
DA:190,2
DA:194,2
DA:198,2
DA:199,0
DA:200,0
DA:201,0
DA:203,0
DA:204,0
DA:208,2
DA:210,0
DA:211,0
DA:214,2
DA:225,77
DA:226,6
DA:227,6
DA:228,5
DA:229,5
DA:233,77
DA:234,3
DA:235,1
DA:236,1
DA:238,2
DA:239,2
DA:240,2
DA:241,2
DA:242,2
DA:243,2
DA:245,2
DA:251,1
DA:252,0
DA:258,1
DA:262,0
DA:263,0
DA:264,0
DA:265,0
DA:266,0
DA:267,0
DA:268,0
DA:271,1
DA:273,1
DA:274,0
DA:275,0
DA:276,0
DA:283,0
DA:284,0
DA:290,0
DA:291,0
DA:296,0
DA:299,1
DA:300,1
DA:301,1
DA:302,1
DA:304,1
DA:305,1
DA:307,2
DA:311,77
DA:312,1
DA:313,1
DA:316,77
DA:317,0
DA:318,0
DA:319,0
DA:320,0
DA:321,0
DA:328,0
DA:329,0
DA:335,0
DA:336,0
DA:342,0
DA:343,0
DA:345,0
DA:348,77
DA:349,0
DA:350,0
DA:351,0
DA:352,0
DA:353,0
DA:354,0
DA:355,0
DA:356,0
DA:357,0
DA:361,0
DA:363,0
DA:370,77
DA:371,1
DA:372,1
DA:375,77
DA:376,2
DA:377,2
DA:378,7
DA:379,4
DA:380,4
DA:381,4
DA:382,4
DA:388,1
DA:389,1
DA:390,1
DA:392,1
DA:393,1
DA:397,77
DA:398,1
DA:399,1
DA:401,0
DA:403,1
DA:404,1
DA:405,1
DA:406,1
DA:410,77
DA:411,0
DA:412,0
DA:413,0
DA:414,0
DA:415,0
DA:420,0
DA:421,0
DA:424,77
DA:459,0
DA:460,0
LF:182
LH:124
BRDA:20,0,0,0
BRDA:20,0,1,14
BRDA:20,1,0,14
BRDA:20,1,1,14
BRDA:21,2,0,14
BRDA:21,2,1,2
BRDA:107,3,0,28
BRDA:107,3,1,0
BRDA:111,4,0,1
BRDA:111,4,1,88
BRDA:127,5,0,1
BRDA:127,5,1,3
BRDA:131,6,0,1
BRDA:131,6,1,2
BRDA:142,7,0,0
BRDA:142,7,1,1
BRDA:172,8,0,1
BRDA:172,8,1,2
BRDA:190,9,0,1
BRDA:190,9,1,1
BRDA:194,10,0,1
BRDA:194,10,1,1
BRDA:208,11,0,0
BRDA:208,11,1,2
BRDA:210,12,0,0
BRDA:210,12,1,0
BRDA:217,13,0,1
BRDA:217,13,1,1
BRDA:227,14,0,5
BRDA:227,14,1,1
BRDA:234,15,0,1
BRDA:234,15,1,2
BRDA:241,16,0,0
BRDA:241,16,1,2
BRDA:243,17,0,0
BRDA:243,17,1,2
BRDA:251,18,0,0
BRDA:251,18,1,1
BRDA:258,19,0,0
BRDA:258,19,1,1
BRDA:259,20,0,1
BRDA:259,20,1,0
BRDA:273,21,0,0
BRDA:273,21,1,1
BRDA:320,22,0,0
BRDA:320,22,1,0
BRDA:354,23,0,0
BRDA:354,23,1,0
BRDA:354,24,0,0
BRDA:354,24,1,0
BRDA:356,25,0,0
BRDA:356,25,1,0
BRDA:359,26,0,0
BRDA:359,26,1,0
BRDA:379,27,0,0
BRDA:379,27,1,4
BRDA:381,28,0,0
BRDA:381,28,1,4
BRDA:412,29,0,0
BRDA:412,29,1,0
BRDA:414,30,0,0
BRDA:414,30,1,0
BRF:62
BRH:34
end_of_record
TN:
SF:src/hooks/useWeightAdjustment.ts
FN:30,useWeightAdjustment
FN:37,(anonymous_1)
FN:38,(anonymous_2)
FN:40,(anonymous_3)
FN:51,(anonymous_4)
FN:56,(anonymous_5)
FN:57,(anonymous_6)
FN:59,(anonymous_7)
FN:64,(anonymous_8)
FN:70,(anonymous_9)
FN:77,(anonymous_10)
FN:79,(anonymous_11)
FN:82,(anonymous_12)
FN:93,(anonymous_13)
FN:94,(anonymous_14)
FNF:15
FNH:14
FNDA:32,useWeightAdjustment
FNDA:13,(anonymous_1)
FNDA:33,(anonymous_2)
FNDA:33,(anonymous_3)
FNDA:1,(anonymous_4)
FNDA:3,(anonymous_5)
FNDA:3,(anonymous_6)
FNDA:2,(anonymous_7)
FNDA:2,(anonymous_8)
FNDA:0,(anonymous_9)
FNDA:1,(anonymous_10)
FNDA:3,(anonymous_11)
FNDA:3,(anonymous_12)
FNDA:54,(anonymous_13)
FNDA:53,(anonymous_14)
DA:34,32
DA:35,32
DA:37,32
DA:38,13
DA:39,33
DA:40,33
DA:42,33
DA:48,13
DA:51,32
DA:52,1
DA:53,1
DA:54,1
DA:55,1
DA:56,3
DA:57,3
DA:58,1
DA:59,2
DA:63,1
DA:64,1
DA:65,2
DA:66,2
DA:69,0
DA:70,0
DA:71,0
DA:74,1
DA:77,32
DA:78,1
DA:79,3
DA:82,32
DA:83,3
DA:84,3
DA:85,3
DA:87,1
DA:89,3
DA:93,54
DA:94,53
DA:96,32
LF:37
LH:34
BRDA:44,0,0,33
BRDA:44,0,1,0
BRDA:45,1,0,33
BRDA:45,1,1,1
BRDA:63,2,0,1
BRDA:63,2,1,0
BRF:6
BRH:4
end_of_record
TN:
SF:src/screens/AssistantScreen.tsx
FN:27,AssistantScreen
FN:74,(anonymous_1)
FN:91,(anonymous_2)
FN:107,(anonymous_3)
FN:114,(anonymous_4)
FN:133,(anonymous_5)
FN:138,(anonymous_6)
FNF:7
FNH:3
FNDA:7,AssistantScreen
FNDA:1,(anonymous_1)
FNDA:2,(anonymous_2)
FNDA:0,(anonymous_3)
FNDA:0,(anonymous_4)
FNDA:0,(anonymous_5)
FNDA:0,(anonymous_6)
DA:32,7
DA:59,7
DA:61,7
DA:62,1
DA:72,6
DA:74,1
DA:92,2
DA:93,2
DA:108,0
DA:115,0
DA:134,0
DA:139,0
LF:12
LH:8
BRDA:32,0,0,7
BRDA:32,0,1,1
BRDA:61,1,0,1
BRDA:61,1,1,6
BRDA:83,2,0,6
BRDA:83,2,1,5
BRDA:83,2,2,5
BRDA:92,3,0,2
BRDA:92,3,1,0
BRDA:126,4,0,6
BRDA:126,4,1,0
BRDA:127,5,0,6
BRDA:127,5,1,0
BRDA:141,6,0,6
BRDA:141,6,1,0
BRF:15
BRH:11
end_of_record
TN:
SF:src/screens/DashboardScreen.tsx
FN:32,DashboardScreen
FN:37,(anonymous_1)
FN:103,(anonymous_2)
FN:127,(anonymous_3)
FN:134,(anonymous_4)
FNF:5
FNH:5
FNDA:14,DashboardScreen
FNDA:3,(anonymous_1)
FNDA:1,(anonymous_2)
FNDA:70,(anonymous_3)
FNDA:2,(anonymous_4)
DA:37,14
DA:38,3
DA:39,3
DA:42,0
DA:43,0
DA:44,0
DA:48,14
DA:92,14
DA:104,1
DA:105,1
DA:128,70
DA:135,2
DA:136,0
DA:139,2
DA:141,2
DA:143,0
DA:146,2
LF:17
LH:12
BRDA:38,0,0,3
BRDA:38,0,1,0
BRDA:38,1,0,3
BRDA:38,1,1,0
BRDA:43,2,0,0
BRDA:43,2,1,0
BRDA:43,3,0,0
BRDA:43,3,1,0
BRDA:99,4,0,14
BRDA:99,4,1,2
BRDA:99,4,2,1
BRDA:132,5,0,70
BRDA:132,5,1,14
BRDA:135,6,0,0
BRDA:135,6,1,2
BRDA:141,7,0,0
BRDA:141,7,1,2
BRDA:152,8,0,14
BRDA:152,8,1,56
BRDA:174,9,0,14
BRDA:174,9,1,56
BRDA:177,10,0,70
BRDA:177,10,1,56
BRF:23
BRH:15
end_of_record
TN:
SF:src/screens/GoalsScreen.tsx
FN:26,GoalsScreen
FN:49,(anonymous_1)
FN:69,(anonymous_2)
FN:83,(anonymous_3)
FN:101,(anonymous_4)
FN:106,(anonymous_5)
FN:111,(anonymous_6)
FN:117,(anonymous_7)
FN:121,(anonymous_8)
FN:125,(anonymous_9)
FN:138,(anonymous_10)
FN:152,(anonymous_11)
FN:182,(anonymous_12)
FN:191,(anonymous_13)
FN:196,(anonymous_14)
FNF:15
FNH:13
FNDA:40,GoalsScreen
FNDA:2,(anonymous_1)
FNDA:1,(anonymous_2)
FNDA:2,(anonymous_3)
FNDA:6,(anonymous_4)
FNDA:1,(anonymous_5)
FNDA:0,(anonymous_6)
FNDA:10,(anonymous_7)
FNDA:25,(anonymous_8)
FNDA:0,(anonymous_9)
FNDA:6,(anonymous_10)
FNDA:1,(anonymous_11)
FNDA:19,(anonymous_12)
FNDA:9,(anonymous_13)
FNDA:1,(anonymous_14)
DA:30,40
DA:31,40
DA:32,40
DA:33,40
DA:34,40
DA:44,40
DA:49,40
DA:50,2
DA:51,0
DA:52,0
DA:55,2
DA:56,2
DA:60,2
DA:61,2
DA:62,2
DA:68,40
DA:70,1
DA:71,1
DA:72,1
DA:82,40
DA:84,2
DA:88,1
DA:89,1
DA:90,1
DA:91,1
DA:92,1
DA:101,40
DA:102,6
DA:103,6
DA:106,40
DA:107,1
DA:108,1
DA:111,40
DA:112,0
DA:113,0
DA:117,40
DA:118,10
DA:121,40
DA:122,25
DA:126,0
DA:127,0
DA:138,6
DA:152,1
DA:182,19
DA:191,40
DA:192,9
DA:197,1
DA:198,1
DA:199,1
DA:249,40
DA:251,9
DA:253,6
DA:254,0
DA:256,6
DA:265,25
LF:55
LH:48
BRDA:50,0,0,0
BRDA:50,0,1,2
BRDA:58,1,0,2
BRDA:58,1,1,1
BRDA:72,2,0,0
BRDA:72,2,1,1
BRDA:72,3,0,1
BRDA:72,3,1,0
BRDA:88,4,0,1
BRDA:88,4,1,0
BRDA:112,5,0,0
BRDA:112,5,1,0
BRDA:112,6,0,0
BRDA:112,6,1,0
BRDA:150,7,0,25
BRDA:150,7,1,1
BRDA:154,8,0,1
BRDA:154,8,1,24
BRDA:161,9,0,25
BRDA:161,9,1,1
BRDA:164,10,0,1
BRDA:164,10,1,24
BRDA:169,11,0,1
BRDA:169,11,1,24
BRDA:171,12,0,15
BRDA:171,12,1,9
BRDA:236,13,0,9
BRDA:236,13,1,6
BRDA:249,14,0,9
BRDA:249,14,1,6
BRDA:249,14,2,25
BRDA:253,15,0,0
BRDA:253,15,1,6
BRF:33
BRH:24
end_of_record
TN:
SF:src/screens/HomeScreen.tsx
FN:17,HomeScreen
FNF:1
FNH:1
FNDA:6,HomeScreen
DA:21,6
DA:48,1
LF:2
LH:2
BRDA:25,0,0,6
BRDA:25,0,1,5
BRDA:25,0,2,4
BRF:3
BRH:3
end_of_record
TN:
SF:src/screens/LoginScreen.tsx
FN:45,LoginScreen
FN:64,(anonymous_1)
FN:122,(anonymous_2)
FN:123,(anonymous_3)
FN:133,(anonymous_4)
FNF:5
FNH:2
FNDA:8,LoginScreen
FNDA:0,(anonymous_1)
FNDA:1,(anonymous_2)
FNDA:0,(anonymous_3)
FNDA:0,(anonymous_4)
DA:21,1
DA:31,1
DA:48,8
DA:49,8
DA:51,8
DA:64,0
DA:122,1
DA:123,0
DA:133,0
LF:9
LH:6
BRDA:74,0,0,0
BRDA:74,0,1,8
BRDA:74,1,0,8
BRDA:74,1,1,8
BRDA:85,2,0,8
BRDA:85,2,1,0
BRDA:104,3,0,1
BRDA:104,3,1,7
BRF:8
BRH:6
end_of_record
TN:
SF:src/screens/OnboardingScreen.tsx
FN:20,(anonymous_0)
FNF:1
FNH:1
FNDA:11,(anonymous_0)
DA:20,1
DA:25,11
DA:27,11
LF:3
LH:3
BRDA:29,0,0,11
BRDA:29,0,1,5
BRDA:48,1,0,5
BRDA:48,1,1,0
BRDA:55,2,0,0
BRDA:55,2,1,5
BRDA:64,3,0,11
BRDA:64,3,1,6
BRDA:70,4,0,4
BRDA:70,4,1,2
BRDA:84,5,0,0
BRDA:84,5,1,4
BRDA:120,6,0,2
BRDA:120,6,1,0
BRDA:120,6,2,2
BRDA:124,7,0,2
BRDA:124,7,1,0
BRDA:128,8,0,0
BRDA:128,8,1,2
BRDA:149,9,0,11
BRDA:149,9,1,0
BRDA:173,10,0,0
BRDA:173,10,1,0
BRDA:180,11,0,0
BRDA:180,11,1,0
BRF:25
BRH:14
end_of_record
TN:
SF:src/screens/PrioritiesScreen.tsx
FN:34,PrioritiesScreen
FN:67,(anonymous_1)
FN:73,(anonymous_2)
FN:85,(anonymous_3)
FN:87,(anonymous_4)
FN:90,(anonymous_5)
FN:96,(anonymous_6)
FN:97,(anonymous_7)
FN:97,(anonymous_8)
FN:102,(anonymous_9)
FN:110,(anonymous_10)
FN:128,(anonymous_11)
FN:132,(anonymous_12)
FN:140,(anonymous_13)
FN:180,(anonymous_14)
FN:198,(anonymous_15)
FN:206,(anonymous_16)
FN:206,(anonymous_17)
FN:208,(anonymous_18)
FN:209,(anonymous_19)
FN:223,(anonymous_20)
FN:234,(anonymous_21)
FN:235,(anonymous_22)
FN:247,(anonymous_23)
FN:248,(anonymous_24)
FN:249,(anonymous_25)
FN:258,(anonymous_26)
FN:259,(anonymous_27)
FN:267,(anonymous_28)
FN:268,(anonymous_29)
FN:279,(anonymous_30)
FN:294,(anonymous_31)
FNF:32
FNH:15
FNDA:31,PrioritiesScreen
FNDA:11,(anonymous_1)
FNDA:0,(anonymous_2)
FNDA:10,(anonymous_3)
FNDA:10,(anonymous_4)
FNDA:4,(anonymous_5)
FNDA:0,(anonymous_6)
FNDA:0,(anonymous_7)
FNDA:0,(anonymous_8)
FNDA:1,(anonymous_9)
FNDA:1,(anonymous_10)
FNDA:0,(anonymous_11)
FNDA:0,(anonymous_12)
FNDA:0,(anonymous_13)
FNDA:1,(anonymous_14)
FNDA:21,(anonymous_15)
FNDA:0,(anonymous_16)
FNDA:0,(anonymous_17)
FNDA:2,(anonymous_18)
FNDA:1,(anonymous_19)
FNDA:1,(anonymous_20)
FNDA:1,(anonymous_21)
FNDA:1,(anonymous_22)
FNDA:0,(anonymous_23)
FNDA:1,(anonymous_24)
FNDA:0,(anonymous_25)
FNDA:0,(anonymous_26)
FNDA:0,(anonymous_27)
FNDA:0,(anonymous_28)
FNDA:0,(anonymous_29)
FNDA:0,(anonymous_30)
FNDA:0,(anonymous_31)
DA:38,31
DA:39,31
DA:40,31
DA:41,31
DA:42,31
DA:43,31
DA:44,31
DA:45,31
DA:46,31
DA:49,31
DA:65,31
DA:67,31
DA:68,11
DA:69,11
DA:70,11
DA:73,0
DA:75,9
DA:76,9
DA:77,9
DA:79,1
DA:81,10
DA:85,31
DA:86,10
DA:87,10
DA:90,31
DA:91,4
DA:92,4
DA:93,4
DA:94,4
DA:96,0
DA:97,0
DA:99,4
DA:102,31
DA:103,1
DA:104,1
DA:105,1
DA:106,1
DA:110,31
DA:111,1
DA:112,1
DA:113,1
DA:114,1
DA:115,1
DA:116,1
DA:117,1
DA:124,0
DA:128,31
DA:129,0
DA:133,0
DA:140,31
DA:141,0
DA:146,0
DA:147,0
DA:149,0
DA:150,0
DA:151,0
DA:160,0
DA:161,0
DA:162,0
DA:164,0
DA:165,0
DA:167,0
DA:168,0
DA:169,0
DA:170,0
DA:171,0
DA:173,0
DA:174,0
DA:176,0
DA:180,31
DA:181,1
DA:182,0
DA:186,31
DA:187,10
DA:198,21
DA:199,21
DA:201,12
DA:206,0
DA:208,2
DA:210,1
DA:211,1
DA:216,4
DA:217,4
DA:223,1
DA:228,4
DA:234,1
DA:235,1
DA:239,1
DA:247,0
DA:248,1
DA:249,0
DA:253,0
DA:258,0
DA:259,0
DA:263,0
DA:267,0
DA:268,0
DA:272,0
DA:279,0
DA:284,0
DA:288,21
DA:295,0
DA:296,0
LF:103
LH:63
BRDA:75,0,0,9
BRDA:75,0,1,0
BRDA:76,1,0,9
BRDA:76,1,1,0
BRDA:77,2,0,9
BRDA:77,2,1,0
BRDA:95,3,0,4
BRDA:95,3,1,0
BRDA:103,4,0,1
BRDA:103,4,1,0
BRDA:111,5,0,0
BRDA:111,5,1,1
BRDA:118,6,0,0
BRDA:118,6,1,1
BRDA:119,7,0,0
BRDA:119,7,1,1
BRDA:131,8,0,0
BRDA:131,8,1,0
BRDA:141,9,0,0
BRDA:141,9,1,0
BRDA:142,10,0,0
BRDA:142,10,1,0
BRDA:142,10,2,0
BRDA:156,11,0,0
BRDA:156,11,1,0
BRDA:157,12,0,0
BRDA:157,12,1,0
BRDA:160,13,0,0
BRDA:160,13,1,0
BRDA:160,14,0,0
BRDA:160,14,1,0
BRDA:174,15,0,0
BRDA:174,15,1,0
BRDA:181,16,0,0
BRDA:181,16,1,1
BRDA:181,17,0,1
BRDA:181,17,1,0
BRDA:186,18,0,10
BRDA:186,18,1,21
BRDA:186,19,0,31
BRDA:186,19,1,10
BRDA:199,20,0,12
BRDA:199,20,1,4
BRDA:199,20,2,4
BRDA:199,20,3,1
BRDA:199,20,4,0
BRDA:199,20,5,0
BRDA:199,20,6,0
BRDA:199,20,7,0
BRDA:216,21,0,0
BRDA:216,21,1,4
BRDA:279,22,0,0
BRDA:279,22,1,0
BRF:53
BRH:19
end_of_record
TN:
SF:src/screens/TasksScreen.tsx
FN:31,TasksScreen
FN:70,(anonymous_1)
FN:83,(anonymous_2)
FN:91,(anonymous_3)
FN:126,(anonymous_4)
FN:134,(anonymous_5)
FN:145,(anonymous_6)
FN:161,(anonymous_7)
FN:167,(anonymous_8)
FN:178,(anonymous_9)
FN:192,(anonymous_10)
FN:210,(anonymous_11)
FN:214,(anonymous_12)
FN:221,(anonymous_13)
FN:234,(anonymous_14)
FN:246,(anonymous_15)
FN:257,(anonymous_16)
FN:270,(anonymous_17)
FN:290,(anonymous_18)
FN:297,(anonymous_19)
FN:332,(anonymous_20)
FN:335,(anonymous_21)
FN:342,(anonymous_22)
FN:352,(anonymous_23)
FNF:24
FNH:20
FNDA:59,TasksScreen
FNDA:3,(anonymous_1)
FNDA:2,(anonymous_2)
FNDA:2,(anonymous_3)
FNDA:0,(anonymous_4)
FNDA:2,(anonymous_5)
FNDA:2,(anonymous_6)
FNDA:3,(anonymous_7)
FNDA:1,(anonymous_8)
FNDA:1,(anonymous_9)
FNDA:1,(anonymous_10)
FNDA:0,(anonymous_11)
FNDA:0,(anonymous_12)
FNDA:1,(anonymous_13)
FNDA:1,(anonymous_14)
FNDA:1,(anonymous_15)
FNDA:1,(anonymous_16)
FNDA:6,(anonymous_17)
FNDA:111,(anonymous_18)
FNDA:3,(anonymous_19)
FNDA:15,(anonymous_20)
FNDA:8,(anonymous_21)
FNDA:29,(anonymous_22)
FNDA:0,(anonymous_23)
DA:35,59
DA:36,59
DA:37,59
DA:38,59
DA:41,59
DA:42,59
DA:43,59
DA:44,59
DA:45,59
DA:46,59
DA:47,59
DA:48,59
DA:51,59
DA:64,59
DA:66,59
DA:70,59
DA:71,3
DA:72,3
DA:73,3
DA:74,3
DA:75,3
DA:76,3
DA:77,3
DA:78,3
DA:79,3
DA:83,59
DA:84,2
DA:85,0
DA:86,0
DA:87,0
DA:88,0
DA:91,59
DA:92,2
DA:93,0
DA:94,0
DA:96,2
DA:97,2
DA:107,2
DA:108,2
DA:125,59
DA:127,0
DA:128,0
DA:133,59
DA:135,2
DA:136,2
DA:144,59
DA:146,2
DA:147,2
DA:148,2
DA:149,2
DA:150,2
DA:151,2
DA:152,2
DA:161,59
DA:163,3
DA:166,59
DA:168,1
DA:169,1
DA:177,59
DA:179,1
DA:180,1
DA:181,1
DA:182,1
DA:183,1
DA:192,59
DA:193,1
DA:194,0
DA:198,59
DA:199,9
DA:210,0
DA:214,0
DA:222,1
DA:223,1
DA:229,50
DA:230,13
DA:235,1
DA:236,1
DA:246,1
DA:253,37
DA:258,1
DA:259,1
DA:270,6
DA:291,111
DA:297,3
DA:333,15
DA:336,8
DA:337,8
DA:342,29
DA:352,0
LF:89
LH:77
BRDA:64,0,0,1
BRDA:64,0,1,58
BRDA:84,1,0,2
BRDA:84,1,1,0
BRDA:92,2,0,0
BRDA:92,2,1,2
BRDA:98,3,0,2
BRDA:98,3,1,1
BRDA:100,4,0,2
BRDA:100,4,1,2
BRDA:101,5,0,0
BRDA:101,5,1,2
BRDA:101,6,0,2
BRDA:101,6,1,0
BRDA:104,7,0,0
BRDA:104,7,1,2
BRDA:104,8,0,0
BRDA:104,8,1,0
BRDA:105,9,0,0
BRDA:105,9,1,2
BRDA:105,10,0,2
BRDA:105,10,1,0
BRDA:146,11,0,0
BRDA:146,11,1,2
BRDA:150,12,0,2
BRDA:150,12,1,0
BRDA:179,13,0,1
BRDA:179,13,1,0
BRDA:193,14,0,0
BRDA:193,14,1,1
BRDA:193,15,0,1
BRDA:193,15,1,0
BRDA:198,16,0,9
BRDA:198,16,1,50
BRDA:229,17,0,13
BRDA:229,17,1,37
BRDA:229,18,0,50
BRDA:229,18,1,13
BRDA:245,19,0,13
BRDA:245,19,1,10
BRDA:295,20,0,111
BRDA:295,20,1,37
BRDA:303,21,0,111
BRDA:303,21,1,37
BRDA:312,22,0,1
BRDA:312,22,1,36
BRDA:314,23,0,22
BRDA:314,23,1,14
BRDA:317,24,0,19
BRDA:317,24,1,3
BRDA:319,25,0,2
BRDA:319,25,1,1
BRDA:324,26,0,19
BRDA:324,26,1,3
BRDA:350,27,0,37
BRDA:350,27,1,0
BRDA:351,28,0,37
BRDA:351,28,1,37
BRF:58
BRH:43
end_of_record
TN:
SF:src/screens/ValuePriorityLinksScreen.tsx
FN:21,ValuePriorityLinksScreen
FN:45,(anonymous_1)
FN:74,(anonymous_2)
FN:75,(anonymous_3)
FN:103,(anonymous_4)
FNF:5
FNH:5
FNDA:9,ValuePriorityLinksScreen
FNDA:1,(anonymous_1)
FNDA:6,(anonymous_2)
FNDA:5,(anonymous_3)
FNDA:1,(anonymous_4)
DA:25,9
DA:26,9
DA:28,9
DA:29,1
DA:39,8
DA:45,1
DA:74,6
DA:76,5
DA:77,5
DA:78,5
DA:79,5
DA:103,1
LF:12
LH:12
BRDA:28,0,0,1
BRDA:28,0,1,8
BRDA:65,1,0,4
BRDA:65,1,1,4
BRDA:84,2,0,5
BRDA:84,2,1,0
BRDA:86,3,0,1
BRDA:86,3,1,4
BRDA:93,4,0,5
BRDA:93,4,1,2
BRDA:105,5,0,1
BRDA:105,5,1,4
BRDA:117,6,0,8
BRDA:117,6,1,0
BRDA:122,7,0,0
BRDA:122,7,1,8
BRDA:125,8,0,0
BRDA:125,8,1,8
BRDA:129,9,0,0
BRDA:129,9,1,8
BRF:20
BRH:15
end_of_record
TN:
SF:src/screens/ValuesDiscovery.tsx
FN:28,ValuesDiscovery
FN:45,(anonymous_1)
FN:53,(anonymous_2)
FN:69,(anonymous_3)
FN:83,(anonymous_4)
FN:90,(anonymous_5)
FN:97,(anonymous_6)
FN:106,(anonymous_7)
FN:111,(anonymous_8)
FN:118,(anonymous_9)
FN:124,(anonymous_10)
FN:129,(anonymous_11)
FN:186,(anonymous_12)
FN:201,(anonymous_13)
FN:216,(anonymous_14)
FN:272,renderNoSelectionModal
FN:278,(anonymous_16)
FN:288,(anonymous_17)
FN:300,renderCoreWarningModal
FN:306,(anonymous_19)
FN:318,(anonymous_20)
FN:326,(anonymous_21)
FN:342,renderNarrowingErrorModal
FN:348,(anonymous_23)
FN:358,(anonymous_24)
FN:370,renderSuccessModal
FN:399,renderErrorModal
FN:405,(anonymous_27)
FN:415,(anonymous_28)
FNF:29
FNH:0
FNDA:0,ValuesDiscovery
FNDA:0,(anonymous_1)
FNDA:0,(anonymous_2)
FNDA:0,(anonymous_3)
FNDA:0,(anonymous_4)
FNDA:0,(anonymous_5)
FNDA:0,(anonymous_6)
FNDA:0,(anonymous_7)
FNDA:0,(anonymous_8)
FNDA:0,(anonymous_9)
FNDA:0,(anonymous_10)
FNDA:0,(anonymous_11)
FNDA:0,(anonymous_12)
FNDA:0,(anonymous_13)
FNDA:0,(anonymous_14)
FNDA:0,renderNoSelectionModal
FNDA:0,(anonymous_16)
FNDA:0,(anonymous_17)
FNDA:0,renderCoreWarningModal
FNDA:0,(anonymous_19)
FNDA:0,(anonymous_20)
FNDA:0,(anonymous_21)
FNDA:0,renderNarrowingErrorModal
FNDA:0,(anonymous_23)
FNDA:0,(anonymous_24)
FNDA:0,renderSuccessModal
FNDA:0,renderErrorModal
FNDA:0,(anonymous_27)
FNDA:0,(anonymous_28)
DA:33,0
DA:36,0
DA:37,0
DA:39,0
DA:40,0
DA:41,0
DA:43,0
DA:45,0
DA:47,0
DA:52,0
DA:53,0
DA:54,0
DA:69,0
DA:72,0
DA:75,0
DA:76,0
DA:77,0
DA:80,0
DA:83,0
DA:84,0
DA:85,0
DA:86,0
DA:90,0
DA:91,0
DA:92,0
DA:93,0
DA:97,0
DA:98,0
DA:99,0
DA:100,0
DA:102,0
DA:106,0
DA:107,0
DA:108,0
DA:111,0
DA:112,0
DA:113,0
DA:114,0
DA:118,0
DA:119,0
DA:120,0
DA:124,0
DA:125,0
DA:126,0
DA:129,0
DA:131,0
DA:139,0
DA:140,0
DA:148,0
DA:150,0
DA:153,0
DA:155,0
DA:176,0
DA:177,0
DA:186,0
DA:194,0
DA:195,0
DA:201,0
DA:211,0
DA:212,0
DA:216,0
DA:227,0
DA:228,0
DA:230,0
DA:233,0
DA:254,0
DA:255,0
DA:266,0
DA:273,0
DA:278,0
DA:288,0
DA:301,0
DA:306,0
DA:318,0
DA:327,0
DA:328,0
DA:343,0
DA:348,0
DA:358,0
DA:371,0
DA:400,0
DA:405,0
DA:415,0
LF:83
LH:0
BRDA:47,0,0,0
BRDA:47,0,1,0
BRDA:47,0,2,0
BRDA:47,0,3,0
BRDA:47,0,4,0
BRDA:52,1,0,0
BRDA:52,1,1,0
BRDA:52,2,0,0
BRDA:52,2,1,0
BRDA:72,3,0,0
BRDA:72,3,1,0
BRDA:75,4,0,0
BRDA:75,4,1,0
BRDA:75,5,0,0
BRDA:75,5,1,0
BRDA:85,6,0,0
BRDA:85,6,1,0
BRDA:92,7,0,0
BRDA:92,7,1,0
BRDA:99,8,0,0
BRDA:99,8,1,0
BRDA:113,9,0,0
BRDA:113,9,1,0
BRDA:119,10,0,0
BRDA:119,10,1,0
BRDA:119,11,0,0
BRDA:119,11,1,0
BRDA:139,12,0,0
BRDA:139,12,1,0
BRDA:139,13,0,0
BRDA:139,13,1,0
BRDA:148,14,0,0
BRDA:148,14,1,0
BRDA:150,15,0,0
BRDA:150,15,1,0
BRDA:153,16,0,0
BRDA:153,16,1,0
BRDA:176,17,0,0
BRDA:176,17,1,0
BRDA:194,18,0,0
BRDA:194,18,1,0
BRDA:211,19,0,0
BRDA:211,19,1,0
BRDA:227,20,0,0
BRDA:227,20,1,0
BRDA:228,21,0,0
BRDA:228,21,1,0
BRDA:254,22,0,0
BRDA:254,22,1,0
BRF:49
BRH:0
end_of_record
TN:
SF:src/screens/ValuesManagement.tsx
FN:32,ValuesManagement
FN:40,(anonymous_1)
FN:46,(anonymous_2)
FN:52,(anonymous_3)
FN:99,(anonymous_4)
FN:132,(anonymous_5)
FN:144,(anonymous_6)
FN:159,(anonymous_7)
FN:210,(anonymous_8)
FN:219,(anonymous_9)
FN:224,(anonymous_10)
FN:234,(anonymous_11)
FNF:12
FNH:6
FNDA:9,ValuesManagement
FNDA:1,(anonymous_1)
FNDA:1,(anonymous_2)
FNDA:9,(anonymous_3)
FNDA:1,(anonymous_4)
FNDA:24,(anonymous_5)
FNDA:0,(anonymous_6)
FNDA:0,(anonymous_7)
FNDA:0,(anonymous_8)
FNDA:0,(anonymous_9)
FNDA:0,(anonymous_10)
FNDA:0,(anonymous_11)
DA:38,9
DA:40,9
DA:41,1
DA:42,0
DA:46,9
DA:47,1
DA:48,1
DA:51,9
DA:53,9
DA:57,9
DA:59,9
DA:60,1
DA:67,8
DA:99,1
DA:133,24
DA:145,0
DA:159,0
DA:210,0
DA:219,0
DA:224,0
DA:235,0
DA:236,0
DA:237,0
DA:238,0
LF:24
LH:14
BRDA:41,0,0,0
BRDA:41,0,1,1
BRDA:41,1,0,1
BRDA:41,1,1,0
BRDA:59,2,0,1
BRDA:59,2,1,8
BRDA:95,3,0,8
BRDA:95,3,1,8
BRDA:111,4,0,8
BRDA:111,4,1,0
BRDA:127,5,0,8
BRDA:127,5,1,8
BRDA:153,6,0,8
BRDA:153,6,1,8
BRDA:165,7,0,8
BRDA:165,7,1,8
BRDA:165,7,2,0
BRDA:185,8,0,8
BRDA:185,8,1,0
BRDA:197,9,0,8
BRDA:197,9,1,8
BRDA:197,9,2,0
BRDA:201,10,0,0
BRDA:201,10,1,0
BRF:24
BRH:16
end_of_record
TN:
SF:src/screens/styles/assistantBaseStyles.ts
FNF:0
FNH:0
DA:4,0
DA:15,0
DA:38,0
DA:52,0
DA:87,0
LF:5
LH:0
BRF:0
BRH:0
end_of_record
TN:
SF:src/screens/styles/assistantChatStyles.ts
FNF:0
FNH:0
DA:4,0
DA:43,0
DA:63,0
LF:3
LH:0
BRF:0
BRH:0
end_of_record
TN:
SF:src/screens/styles/assistantScreenStyles.ts
FNF:0
FNH:0
DA:12,0
LF:1
LH:0
BRF:0
BRH:0
end_of_record
TN:
SF:src/screens/styles/dashboardScreenStyles.ts
FNF:0
FNH:0
DA:29,1
LF:1
LH:1
BRF:0
BRH:0
end_of_record
TN:
SF:src/screens/styles/goalsScreenStyles.ts
FN:260,(anonymous_0)
FN:275,(anonymous_1)
FNF:2
FNH:0
FNDA:0,(anonymous_0)
FNDA:0,(anonymous_1)
DA:3,0
DA:260,0
DA:261,0
DA:263,0
DA:265,0
DA:267,0
DA:269,0
DA:271,0
DA:275,0
DA:276,0
DA:278,0
DA:280,0
DA:282,0
DA:284,0
DA:286,0
LF:15
LH:0
BRDA:261,0,0,0
BRDA:261,0,1,0
BRDA:261,0,2,0
BRDA:261,0,3,0
BRDA:261,0,4,0
BRDA:276,1,0,0
BRDA:276,1,1,0
BRDA:276,1,2,0
BRDA:276,1,3,0
BRDA:276,1,4,0
BRF:10
BRH:0
end_of_record
TN:
SF:src/screens/styles/loginScreenStyles.ts
FNF:0
FNH:0
DA:3,0
LF:1
LH:0
BRF:0
BRH:0
end_of_record
TN:
SF:src/screens/styles/onboardingScreenStyles.ts
FNF:0
FNH:0
DA:3,0
LF:1
LH:0
BRF:0
BRH:0
end_of_record
TN:
SF:src/screens/styles/prioritiesBaseStyles.ts
FNF:0
FNH:0
DA:4,0
DA:18,0
DA:41,0
DA:87,0
LF:4
LH:0
BRF:0
BRH:0
end_of_record
TN:
SF:src/screens/styles/prioritiesFormStyles.ts
FNF:0
FNH:0
DA:4,0
DA:85,0
DA:129,0
DA:213,0
DA:258,0
DA:265,0
LF:6
LH:0
BRF:0
BRH:0
end_of_record
TN:
SF:src/screens/styles/prioritiesScreenStyles.ts
FNF:0
FNH:0
DA:18,0
LF:1
LH:0
BRF:0
BRH:0
end_of_record
TN:
SF:src/screens/styles/tasksScreenStyles.ts
FNF:0
FNH:0
DA:3,4
LF:1
LH:1
BRF:0
BRH:0
end_of_record
TN:
SF:src/screens/styles/valuePriorityLinksStyles.ts
FNF:0
FNH:0
DA:4,0
DA:15,0
LF:2
LH:0
BRF:0
BRH:0
end_of_record
TN:
SF:src/screens/styles/valuesBaseStyles.ts
FNF:0
FNH:0
DA:4,0
DA:15,0
DA:26,0
DA:38,0
DA:76,0
DA:120,0
DA:168,0
DA:207,0
LF:8
LH:0
BRF:0
BRH:0
end_of_record
TN:
SF:src/screens/styles/valuesDiscoveryStyles.ts
FNF:0
FNH:0
DA:3,0
LF:1
LH:0
BRDA:29,0,0,0
BRDA:29,0,1,0
BRDA:376,1,0,0
BRDA:376,1,1,0
BRF:4
BRH:0
end_of_record
TN:
SF:src/screens/styles/valuesFormStyles.ts
FNF:0
FNH:0
DA:4,0
DA:29,0
DA:56,0
LF:3
LH:0
BRF:0
BRH:0
end_of_record
TN:
SF:src/screens/styles/valuesManagementStyles.ts
FNF:0
FNH:0
DA:12,0
LF:1
LH:0
BRF:0
BRH:0
end_of_record
TN:
SF:src/services/api.ts
FNF:0
FNH:0
DA:47,3
LF:1
LH:1
BRF:0
BRH:0
end_of_record
TN:
SF:src/services/apiAuth.ts
FN:33,(anonymous_0)
FN:37,(anonymous_1)
FN:55,(anonymous_2)
FN:65,(anonymous_3)
FN:73,(anonymous_4)
FN:93,(anonymous_5)
FN:108,(anonymous_6)
FNF:7
FNH:7
FNDA:4,(anonymous_0)
FNDA:2,(anonymous_1)
FNDA:1,(anonymous_2)
FNDA:1,(anonymous_3)
FNDA:1,(anonymous_4)
FNDA:3,(anonymous_5)
FNDA:2,(anonymous_6)
DA:33,4
DA:36,4
DA:42,2
DA:51,2
DA:52,2
DA:56,1
DA:61,1
DA:62,1
DA:66,1
DA:79,1
DA:89,1
DA:90,1
DA:94,3
DA:95,3
DA:96,2
DA:97,2
DA:102,1
DA:105,3
DA:109,2
LF:19
LH:19
BRDA:39,0,0,1
BRDA:40,1,0,1
BRDA:76,2,0,1
BRDA:77,3,0,1
BRDA:95,4,0,2
BRDA:95,4,1,1
BRF:6
BRH:6
end_of_record
TN:
SF:src/services/apiBase.ts
FN:31,(anonymous_0)
FN:100,(anonymous_1)
FNF:2
FNH:2
FNDA:25,(anonymous_0)
FNDA:7,(anonymous_1)
DA:35,25
DA:36,25
DA:37,25
DA:42,25
DA:43,14
DA:46,25
DA:47,25
DA:49,23
DA:50,4
DA:51,4
DA:52,1
DA:53,1
DA:54,1
DA:56,3
DA:57,3
DA:58,1
DA:63,20
DA:64,20
DA:65,20
DA:67,1
DA:70,19
DA:71,5
DA:72,5
DA:74,5
DA:75,2
DA:79,3
DA:80,1
DA:83,5
DA:84,1
DA:87,1
DA:88,1
DA:90,4
DA:93,14
DA:95,9
DA:96,9
DA:101,7
DA:102,7
DA:103,7
DA:105,5
DA:111,2
DA:112,2
DA:114,3
LF:42
LH:42
BRDA:33,0,0,8
BRDA:42,1,0,14
BRDA:42,1,1,11
BRDA:42,2,0,25
BRDA:42,2,1,25
BRDA:49,3,0,4
BRDA:49,3,1,19
BRDA:49,4,0,23
BRDA:49,4,1,6
BRDA:51,5,0,1
BRDA:51,5,1,3
BRDA:57,6,0,2
BRDA:57,6,1,1
BRDA:65,7,0,19
BRDA:65,7,1,1
BRDA:70,8,0,5
BRDA:70,8,1,14
BRDA:74,9,0,2
BRDA:74,9,1,3
BRDA:76,10,0,2
BRDA:76,10,1,0
BRDA:79,11,0,1
BRDA:79,11,1,2
BRDA:83,12,0,1
BRDA:83,12,1,4
BRDA:83,13,0,5
BRDA:83,13,1,4
BRDA:103,14,0,2
BRDA:103,14,1,5
BRF:29
BRH:28
end_of_record
TN:
SF:src/services/apiGoals.ts
FN:49,(anonymous_0)
FN:53,(anonymous_1)
FN:83,(anonymous_2)
FN:87,(anonymous_3)
FN:91,(anonymous_4)
FN:98,(anonymous_5)
FN:105,(anonymous_6)
FN:115,(anonymous_7)
FN:121,(anonymous_8)
FN:132,(anonymous_9)
FN:141,(anonymous_10)
FN:153,(anonymous_11)
FNF:12
FNH:12
FNDA:4,(anonymous_0)
FNDA:7,(anonymous_1)
FNDA:1,(anonymous_2)
FNDA:1,(anonymous_3)
FNDA:1,(anonymous_4)
FNDA:1,(anonymous_5)
FNDA:1,(anonymous_6)
FNDA:1,(anonymous_7)
FNDA:1,(anonymous_8)
FNDA:1,(anonymous_9)
FNDA:1,(anonymous_10)
FNDA:1,(anonymous_11)
DA:49,4
DA:52,4
DA:54,7
DA:56,7
DA:57,1
DA:59,7
DA:60,2
DA:62,7
DA:63,2
DA:68,7
DA:69,2
DA:71,7
DA:72,1
DA:78,7
DA:79,7
DA:80,7
DA:84,1
DA:88,1
DA:92,1
DA:99,1
DA:106,1
DA:109,1
DA:116,1
DA:125,1
DA:126,1
DA:133,1
DA:145,1
DA:156,1
LF:28
LH:28
BRDA:53,0,0,1
BRDA:56,1,0,1
BRDA:56,1,1,6
BRDA:59,2,0,2
BRDA:59,2,1,5
BRDA:62,3,0,2
BRDA:62,3,1,5
BRDA:68,4,0,2
BRDA:68,4,1,5
BRDA:71,5,0,1
BRDA:71,5,1,6
BRDA:79,6,0,6
BRDA:79,6,1,1
BRF:13
BRH:13
end_of_record
TN:
SF:src/services/apiMixins.ts
FN:43,(anonymous_0)
FN:47,(anonymous_1)
FN:56,(anonymous_2)
FN:62,(anonymous_3)
FN:76,(anonymous_4)
FN:114,(anonymous_5)
FN:120,(anonymous_6)
FN:126,(anonymous_7)
FN:134,(anonymous_8)
FN:146,(anonymous_9)
FN:199,(anonymous_10)
FN:203,(anonymous_11)
FN:209,(anonymous_12)
FN:216,(anonymous_13)
FN:233,(anonymous_14)
FN:247,(anonymous_15)
FN:253,(anonymous_16)
FNF:17
FNH:17
FNDA:4,(anonymous_0)
FNDA:2,(anonymous_1)
FNDA:1,(anonymous_2)
FNDA:2,(anonymous_3)
FNDA:1,(anonymous_4)
FNDA:4,(anonymous_5)
FNDA:1,(anonymous_6)
FNDA:1,(anonymous_7)
FNDA:1,(anonymous_8)
FNDA:2,(anonymous_9)
FNDA:4,(anonymous_10)
FNDA:1,(anonymous_11)
FNDA:1,(anonymous_12)
FNDA:2,(anonymous_13)
FNDA:1,(anonymous_14)
FNDA:1,(anonymous_15)
FNDA:1,(anonymous_16)
DA:43,4
DA:46,4
DA:50,2
DA:57,1
DA:67,2
DA:80,1
DA:81,1
DA:82,1
DA:114,4
DA:119,4
DA:121,1
DA:129,1
DA:137,1
DA:150,2
DA:199,4
DA:202,4
DA:205,1
DA:206,1
DA:210,1
DA:213,1
DA:222,2
DA:238,1
DA:248,1
DA:256,1
LF:24
LH:24
BRDA:48,0,0,1
BRDA:65,1,0,1
BRDA:78,2,0,0
BRDA:148,3,0,1
BRDA:218,4,0,1
BRDA:219,5,0,1
BRDA:220,6,0,1
BRF:7
BRH:6
end_of_record
TN:
SF:src/services/apiPriorities.ts
FN:44,(anonymous_0)
FN:48,(anonymous_1)
FN:52,(anonymous_2)
FN:61,(anonymous_3)
FN:73,(anonymous_4)
FN:77,(anonymous_5)
FN:90,(anonymous_6)
FN:97,(anonymous_7)
FN:107,(anonymous_8)
FN:115,(anonymous_9)
FN:121,(anonymous_10)
FN:129,(anonymous_11)
FN:139,(anonymous_12)
FNF:13
FNH:13
FNDA:4,(anonymous_0)
FNDA:1,(anonymous_1)
FNDA:1,(anonymous_2)
FNDA:1,(anonymous_3)
FNDA:1,(anonymous_4)
FNDA:1,(anonymous_5)
FNDA:1,(anonymous_6)
FNDA:1,(anonymous_7)
FNDA:1,(anonymous_8)
FNDA:1,(anonymous_9)
FNDA:1,(anonymous_10)
FNDA:2,(anonymous_11)
FNDA:1,(anonymous_12)
DA:44,4
DA:47,4
DA:49,1
DA:55,1
DA:64,1
DA:74,1
DA:81,1
DA:91,1
DA:98,1
DA:110,1
DA:116,1
DA:124,1
DA:133,2
DA:140,1
LF:14
LH:14
BRF:0
BRH:0
end_of_record
TN:
SF:src/services/apiTasks.ts
FN:55,(anonymous_0)
FN:59,(anonymous_1)
FN:74,(anonymous_2)
FN:78,(anonymous_3)
FN:85,(anonymous_4)
FN:92,(anonymous_5)
FN:98,(anonymous_6)
FN:108,(anonymous_7)
FN:115,(anonymous_8)
FN:123,(anonymous_9)
FN:137,(anonymous_10)
FN:146,(anonymous_11)
FNF:12
FNH:9
FNDA:4,(anonymous_0)
FNDA:4,(anonymous_1)
FNDA:1,(anonymous_2)
FNDA:1,(anonymous_3)
FNDA:1,(anonymous_4)
FNDA:1,(anonymous_5)
FNDA:2,(anonymous_6)
FNDA:2,(anonymous_7)
FNDA:1,(anonymous_8)
FNDA:0,(anonymous_9)
FNDA:0,(anonymous_10)
FNDA:0,(anonymous_11)
DA:55,4
DA:58,4
DA:60,4
DA:62,4
DA:63,2
DA:65,4
DA:66,2
DA:69,4
DA:70,4
DA:71,4
DA:75,1
DA:79,1
DA:86,1
DA:93,1
DA:102,2
DA:109,2
DA:116,1
DA:127,0
DA:128,0
DA:129,0
DA:130,0
DA:132,0
DA:140,0
DA:151,0
DA:152,0
DA:153,0
DA:154,0
LF:27
LH:17
BRDA:59,0,0,1
BRDA:62,1,0,2
BRDA:62,1,1,2
BRDA:65,2,0,2
BRDA:65,2,1,2
BRDA:70,3,0,3
BRDA:70,3,1,1
BRDA:100,4,0,1
BRDA:108,5,0,1
BRDA:124,6,0,0
BRDA:125,7,0,0
BRDA:129,8,0,0
BRDA:129,8,1,0
BRDA:148,9,0,0
BRDA:149,10,0,0
BRF:15
BRH:9
end_of_record
TN:
SF:src/services/apiValues.ts
FN:38,(anonymous_0)
FN:42,(anonymous_1)
FN:46,(anonymous_2)
FN:53,(anonymous_3)
FN:63,(anonymous_4)
FN:70,(anonymous_5)
FN:74,(anonymous_6)
FN:81,(anonymous_7)
FN:94,(anonymous_8)
FNF:9
FNH:9
FNDA:4,(anonymous_0)
FNDA:2,(anonymous_1)
FNDA:2,(anonymous_2)
FNDA:1,(anonymous_3)
FNDA:1,(anonymous_4)
FNDA:1,(anonymous_5)
FNDA:1,(anonymous_6)
FNDA:2,(anonymous_7)
FNDA:1,(anonymous_8)
DA:38,4
DA:41,4
DA:43,2
DA:47,2
DA:57,1
DA:64,1
DA:67,1
DA:71,1
DA:75,1
DA:85,2
DA:97,1
LF:11
LH:11
BRDA:63,0,0,1
BRDA:64,1,0,0
BRDA:64,1,1,1
BRDA:83,2,0,1
BRF:4
BRH:3
end_of_record
TN:
SF:src/types/index.ts
FNF:0
FNH:0
LF:0
LH:0
BRF:0
BRH:0
end_of_record
TN:
SF:src/utils/alert.ts
FN:19,showAlert
FN:32,showConfirm
FN:33,(anonymous_2)
FN:39,(anonymous_3)
FN:40,(anonymous_4)
FN:51,showAlertWithButtons
FN:63,(anonymous_6)
FN:65,(anonymous_7)
FN:75,(anonymous_8)
FNF:9
FNH:5
FNDA:41,showAlert
FNDA:2,showConfirm
FNDA:2,(anonymous_2)
FNDA:0,(anonymous_3)
FNDA:1,(anonymous_4)
FNDA:4,showAlertWithButtons
FNDA:0,(anonymous_6)
FNDA:0,(anonymous_7)
FNDA:0,(anonymous_8)
DA:20,41
DA:21,0
DA:23,41
DA:33,2
DA:34,2
DA:35,0
DA:36,0
DA:38,2
DA:39,0
DA:40,1
DA:56,4
DA:58,0
DA:59,0
DA:60,0
DA:61,0
DA:63,0
DA:65,0
DA:66,0
DA:67,0
DA:68,0
DA:70,0
DA:74,0
DA:75,0
DA:76,0
DA:79,4
LF:25
LH:8
BRDA:20,0,0,0
BRDA:20,0,1,41
BRDA:21,1,0,0
BRDA:21,1,1,0
BRDA:34,2,0,0
BRDA:34,2,1,2
BRDA:35,3,0,0
BRDA:35,3,1,0
BRDA:56,4,0,0
BRDA:56,4,1,4
BRDA:58,5,0,0
BRDA:58,5,1,0
BRDA:59,6,0,0
BRDA:59,6,1,0
BRDA:61,7,0,0
BRDA:61,7,1,0
BRDA:63,8,0,0
BRDA:63,8,1,0
BRDA:65,9,0,0
BRDA:65,9,1,0
BRDA:66,10,0,0
BRDA:66,10,1,0
BRDA:67,11,0,0
BRDA:67,11,1,0
BRDA:74,12,0,0
BRDA:74,12,1,0
BRF:26
BRH:3
end_of_record
TN:
SF:src/utils/auth.ts
FN:12,(anonymous_0)
FN:28,(anonymous_1)
FN:38,(anonymous_2)
FN:48,(anonymous_3)
FN:61,(anonymous_4)
FNF:5
FNH:5
FNDA:1,(anonymous_0)
FNDA:5,(anonymous_1)
FNDA:1,(anonymous_2)
FNDA:1,(anonymous_3)
FNDA:3,(anonymous_4)
DA:4,4
DA:5,4
DA:7,4
DA:12,4
DA:16,1
DA:17,0
DA:18,0
DA:20,1
DA:21,1
DA:28,4
DA:29,5
DA:30,0
DA:32,5
DA:38,4
DA:39,1
DA:40,0
DA:42,1
DA:48,4
DA:49,1
DA:50,0
DA:51,0
DA:53,1
DA:54,1
DA:61,4
DA:62,3
DA:63,3
LF:26
LH:20
BRDA:16,0,0,0
BRDA:16,0,1,1
BRDA:29,1,0,0
BRDA:29,1,1,5
BRDA:39,2,0,0
BRDA:39,2,1,1
BRDA:49,3,0,0
BRDA:49,3,1,1
BRF:8
BRH:4
end_of_record
TN:
SF:src/utils/insightHandlers.ts
FN:11,handleKeepBoth
FN:22,(anonymous_1)
FN:33,handleReviewInsight
FN:52,(anonymous_3)
FNF:4
FNH:0
FNDA:0,handleKeepBoth
FNDA:0,(anonymous_1)
FNDA:0,handleReviewInsight
FNDA:0,(anonymous_3)
DA:17,0
DA:18,0
DA:20,0
DA:22,0
DA:23,0
DA:24,0
DA:25,0
DA:40,0
DA:41,0
DA:43,0
DA:44,0
DA:45,0
DA:51,0
DA:52,0
LF:14
LH:0
BRDA:41,0,0,0
BRDA:41,0,1,0
BRDA:44,1,0,0
BRDA:44,1,1,0
BRF:4
BRH:0
end_of_record
TN:
SF:src/utils/logger.ts
FN:13,logError
FN:23,logWarn
FN:32,logInfo
FNF:3
FNH:1
FNDA:33,logError
FNDA:0,logWarn
FNDA:0,logInfo
DA:8,12
DA:14,33
DA:15,33
DA:24,0
DA:25,0
DA:33,0
DA:34,0
LF:7
LH:3
BRDA:14,0,0,33
BRDA:14,0,1,0
BRDA:24,1,0,0
BRDA:24,1,1,0
BRDA:33,2,0,0
BRDA:33,2,1,0
BRF:6
BRH:1
end_of_record
TN:
SF:src/utils/messageHandlers.ts
FN:42,(anonymous_0)
FN:55,(anonymous_1)
FN:83,(anonymous_2)
FN:113,(anonymous_3)
FN:137,(anonymous_4)
FN:149,(anonymous_5)
FN:174,(anonymous_6)
FN:193,(anonymous_7)
FN:221,(anonymous_8)
FN:222,(anonymous_9)
FN:235,(anonymous_10)
FN:268,(anonymous_11)
FN:304,(anonymous_12)
FNF:13
FNH:13
FNDA:6,(anonymous_0)
FNDA:7,(anonymous_1)
FNDA:3,(anonymous_2)
FNDA:3,(anonymous_3)
FNDA:1,(anonymous_4)
FNDA:5,(anonymous_5)
FNDA:5,(anonymous_6)
FNDA:8,(anonymous_7)
FNDA:12,(anonymous_8)
FNDA:27,(anonymous_9)
FNDA:3,(anonymous_10)
FNDA:8,(anonymous_11)
FNDA:4,(anonymous_12)
DA:42,1
DA:46,6
DA:48,6
DA:49,6
DA:55,1
DA:66,7
DA:68,7
DA:70,6
DA:72,6
DA:73,2
DA:74,2
DA:78,2
DA:81,4
DA:83,3
DA:84,3
DA:85,0
DA:86,0
DA:89,3
DA:90,2
DA:91,2
DA:92,2
DA:95,1
DA:96,1
DA:97,1
DA:98,1
DA:99,1
DA:103,1
DA:104,1
DA:107,0
DA:113,1
DA:124,3
DA:126,3
DA:128,2
DA:129,1
DA:130,1
DA:134,1
DA:137,1
DA:138,1
DA:139,1
DA:140,1
DA:143,0
DA:149,1
DA:166,5
DA:168,5
DA:169,5
DA:171,5
DA:172,4
DA:174,5
DA:175,3
DA:177,2
DA:178,2
DA:179,2
DA:180,2
DA:182,2
DA:183,2
DA:187,2
DA:193,1
DA:211,8
DA:213,8
DA:214,8
DA:221,12
DA:222,27
DA:224,8
DA:227,7
DA:228,7
DA:230,7
DA:231,3
DA:232,3
DA:233,3
DA:234,3
DA:235,3
DA:237,1
DA:239,3
DA:243,7
DA:244,5
DA:245,5
DA:246,5
DA:247,5
DA:248,5
DA:250,5
DA:251,5
DA:255,5
DA:258,2
DA:262,2
DA:268,1
DA:286,8
DA:288,8
DA:289,8
DA:291,8
DA:293,7
DA:294,7
DA:296,7
DA:299,7
DA:300,3
DA:301,3
DA:302,3
DA:303,3
DA:304,4
DA:306,1
DA:308,3
DA:312,7
DA:313,5
DA:314,5
DA:315,5
DA:316,5
DA:317,5
DA:319,5
DA:320,5
DA:324,5
DA:327,2
DA:331,2
LF:111
LH:107
BRDA:46,0,0,6
BRDA:46,0,1,4
BRDA:46,0,2,4
BRDA:48,1,0,6
BRDA:48,1,1,5
BRDA:48,1,2,5
BRDA:68,2,0,1
BRDA:68,2,1,6
BRDA:72,3,0,2
BRDA:72,3,1,4
BRDA:81,4,0,1
BRDA:81,4,1,3
BRDA:84,5,0,0
BRDA:84,5,1,3
BRDA:89,6,0,2
BRDA:89,6,1,1
BRDA:95,7,0,1
BRDA:95,7,1,0
BRDA:98,8,0,1
BRDA:98,8,1,0
BRDA:126,9,0,1
BRDA:126,9,1,2
BRDA:128,10,0,1
BRDA:128,10,1,1
BRDA:138,11,0,1
BRDA:138,11,1,0
BRDA:171,12,0,1
BRDA:171,12,1,4
BRDA:171,13,0,5
BRDA:171,13,1,2
BRDA:172,14,0,1
BRDA:172,14,1,3
BRDA:175,15,0,1
BRDA:175,15,1,2
BRDA:177,16,0,1
BRDA:177,16,1,1
BRDA:179,17,0,2
BRDA:179,17,1,0
BRDA:182,18,0,1
BRDA:182,18,1,1
BRDA:184,19,0,1
BRDA:184,19,1,1
BRDA:224,20,0,1
BRDA:224,20,1,7
BRDA:224,21,0,8
BRDA:224,21,1,3
BRDA:227,22,0,7
BRDA:227,22,1,1
BRDA:227,22,2,0
BRDA:230,23,0,3
BRDA:230,23,1,4
BRDA:234,24,0,3
BRDA:234,24,1,0
BRDA:235,25,0,2
BRDA:235,25,1,1
BRDA:243,26,0,5
BRDA:243,26,1,2
BRDA:244,27,0,2
BRDA:244,27,1,3
BRDA:246,28,0,5
BRDA:246,28,1,0
BRDA:250,29,0,2
BRDA:250,29,1,3
BRDA:252,30,0,2
BRDA:252,30,1,3
BRDA:291,31,0,1
BRDA:291,31,1,7
BRDA:291,32,0,8
BRDA:291,32,1,6
BRDA:293,33,0,2
BRDA:293,33,1,5
BRDA:296,34,0,7
BRDA:296,34,1,3
BRDA:299,35,0,3
BRDA:299,35,1,4
BRDA:300,36,0,3
BRDA:300,36,1,0
BRDA:304,37,0,2
BRDA:304,37,1,1
BRDA:312,38,0,5
BRDA:312,38,1,2
BRDA:313,39,0,2
BRDA:313,39,1,3
BRDA:315,40,0,5
BRDA:315,40,1,0
BRDA:319,41,0,2
BRDA:319,41,1,3
BRDA:321,42,0,2
BRDA:321,42,1,3
BRF:89
BRH:79
end_of_record
TN:
SF:src/utils/priorityOrphanCheck.ts
FN:11,checkOrphanedPriorities
FN:14,(anonymous_1)
FN:31,(anonymous_2)
FN:38,(anonymous_3)
FN:46,(anonymous_4)
FN:58,(anonymous_5)
FN:67,(anonymous_6)
FNF:7
FNH:2
FNDA:1,checkOrphanedPriorities
FNDA:1,(anonymous_1)
FNDA:0,(anonymous_2)
FNDA:0,(anonymous_3)
FNDA:0,(anonymous_4)
FNDA:0,(anonymous_5)
FNDA:0,(anonymous_6)
DA:14,1
DA:16,1
DA:17,1
DA:19,1
DA:20,0
DA:21,0
DA:22,0
DA:23,0
DA:24,0
DA:25,0
DA:26,0
DA:31,0
DA:36,1
DA:37,0
DA:38,0
DA:39,0
DA:40,0
DA:47,0
DA:48,0
DA:50,0
DA:52,0
DA:59,0
DA:60,0
DA:62,0
DA:64,0
DA:67,0
DA:73,0
DA:74,0
DA:76,0
DA:77,0
LF:30
LH:5
BRDA:19,0,0,1
BRDA:19,0,1,0
BRDA:20,1,0,0
BRDA:20,1,1,0
BRDA:24,2,0,0
BRDA:24,2,1,0
BRDA:36,3,0,0
BRDA:36,3,1,1
BRDA:39,4,0,0
BRDA:39,4,1,0
BRDA:73,5,0,0
BRDA:73,5,1,0
BRF:12
BRH:2
end_of_record
TN:
SF:src/utils/suppressWarnings.ts
FN:21,(anonymous_0)
FN:23,(anonymous_1)
FN:25,(anonymous_2)
FN:30,(anonymous_3)
FN:35,(anonymous_4)
FNF:5
FNH:0
FNDA:0,(anonymous_0)
FNDA:0,(anonymous_1)
FNDA:0,(anonymous_2)
FNDA:0,(anonymous_3)
FNDA:0,(anonymous_4)
DA:7,0
DA:8,0
DA:9,0
DA:10,0
DA:12,0
DA:21,0
DA:22,0
DA:23,0
DA:25,0
DA:26,0
DA:27,0
DA:30,0
DA:31,0
DA:32,0
DA:35,0
DA:36,0
DA:37,0
LF:17
LH:0
BRDA:7,0,0,0
BRDA:7,0,1,0
BRDA:22,1,0,0
BRDA:22,1,1,0
BRDA:26,2,0,0
BRDA:26,2,1,0
BRDA:31,3,0,0
BRDA:31,3,1,0
BRDA:36,4,0,0
BRDA:36,4,1,0
BRF:10
BRH:0
end_of_record
TN:
SF:src/utils/valueMatching.ts
FN:39,(anonymous_0)
FN:44,(anonymous_1)
FN:49,(anonymous_2)
FN:51,(anonymous_3)
FN:60,(anonymous_4)
FN:72,(anonymous_5)
FN:75,(anonymous_6)
FN:82,(anonymous_7)
FN:90,(anonymous_8)
FN:101,(anonymous_9)
FN:111,(anonymous_10)
FN:119,(anonymous_11)
FN:184,(anonymous_12)
FN:185,(anonymous_13)
FN:190,(anonymous_14)
FN:191,(anonymous_15)
FNF:16
FNH:16
FNDA:42,(anonymous_0)
FNDA:140,(anonymous_1)
FNDA:10,(anonymous_2)
FNDA:75,(anonymous_3)
FNDA:20,(anonymous_4)
FNDA:66,(anonymous_5)
FNDA:62,(anonymous_6)
FNDA:11,(anonymous_7)
FNDA:17,(anonymous_8)
FNDA:14,(anonymous_9)
FNDA:24,(anonymous_10)
FNDA:40,(anonymous_11)
FNDA:14,(anonymous_12)
FNDA:28,(anonymous_13)
FNDA:21,(anonymous_14)
FNDA:113,(anonymous_15)
DA:6,4
DA:39,4
DA:40,42
DA:44,140
DA:49,4
DA:50,10
DA:51,10
DA:52,75
DA:54,10
DA:60,4
DA:61,20
DA:72,4
DA:73,66
DA:74,63
DA:75,62
DA:82,4
DA:86,11
DA:87,11
DA:89,10
DA:91,17
DA:92,17
DA:93,17
DA:101,4
DA:105,14
DA:106,14
DA:108,12
DA:109,12
DA:111,12
DA:112,24
DA:113,24
DA:115,24
DA:116,24
DA:117,24
DA:119,24
DA:120,40
DA:121,6
DA:125,24
DA:126,24
DA:127,5
DA:128,5
DA:132,12
DA:138,4
DA:152,4
DA:166,4
DA:175,4
DA:184,4
DA:185,28
DA:190,4
DA:191,113
LF:49
LH:49
BRDA:44,0,0,140
BRDA:44,0,1,129
BRDA:73,1,0,3
BRDA:73,1,1,63
BRDA:73,2,0,66
BRDA:73,2,1,64
BRDA:75,3,0,63
BRDA:75,3,1,1
BRDA:87,4,0,1
BRDA:87,4,1,10
BRDA:90,5,0,10
BRDA:90,5,1,4
BRDA:92,6,0,17
BRDA:92,6,1,0
BRDA:106,7,0,2
BRDA:106,7,1,12
BRDA:113,8,0,0
BRDA:113,8,1,24
BRDA:120,9,0,6
BRDA:120,9,1,34
BRDA:120,10,0,40
BRDA:120,10,1,34
BRDA:126,11,0,5
BRDA:126,11,1,19
BRDA:132,12,0,5
BRDA:132,12,1,7
BRF:26
BRH:24
end_of_record
