TN:
SF:src/config.js
FNF:0
FNH:0
DA:6,5
DA:8,5
DA:13,5
LF:3
LH:3
BRDA:6,0,0,2
BRDA:6,0,1,3
BRDA:8,1,0,5
BRDA:8,1,1,0
BRF:4
BRH:3
end_of_record
TN:
SF:src/testHelpers.js
FN:9,(anonymous_0)
FN:11,(anonymous_1)
FN:12,(anonymous_2)
FN:13,(anonymous_3)
FN:14,(anonymous_4)
FN:17,(anonymous_5)
FN:18,(anonymous_6)
FN:19,(anonymous_7)
FN:20,(anonymous_8)
FN:21,(anonymous_9)
FN:22,(anonymous_10)
FN:23,(anonymous_11)
FN:24,(anonymous_12)
FN:27,(anonymous_13)
FN:28,(anonymous_14)
FN:29,(anonymous_15)
FN:30,(anonymous_16)
FN:31,(anonymous_17)
FN:32,(anonymous_18)
FN:35,(anonymous_19)
FN:36,(anonymous_20)
FN:37,(anonymous_21)
FN:40,(anonymous_22)
FN:41,(anonymous_23)
FN:44,(anonymous_24)
FN:45,(anonymous_25)
FN:46,(anonymous_26)
FN:52,(anonymous_27)
FN:66,(anonymous_28)
FN:83,(anonymous_29)
FN:92,(anonymous_30)
FN:100,(anonymous_31)
FN:111,(anonymous_32)
FN:114,(anonymous_33)
FN:124,(anonymous_34)
FN:124,(anonymous_35)
FN:127,(anonymous_36)
FN:127,(anonymous_37)
FN:130,(anonymous_38)
FNF:39
FNH:1
FNDA:0,(anonymous_0)
FNDA:0,(anonymous_1)
FNDA:0,(anonymous_2)
FNDA:0,(anonymous_3)
FNDA:0,(anonymous_4)
FNDA:0,(anonymous_5)
FNDA:0,(anonymous_6)
FNDA:0,(anonymous_7)
FNDA:0,(anonymous_8)
FNDA:0,(anonymous_9)
FNDA:0,(anonymous_10)
FNDA:0,(anonymous_11)
FNDA:0,(anonymous_12)
FNDA:0,(anonymous_13)
FNDA:0,(anonymous_14)
FNDA:0,(anonymous_15)
FNDA:0,(anonymous_16)
FNDA:0,(anonymous_17)
FNDA:0,(anonymous_18)
FNDA:0,(anonymous_19)
FNDA:0,(anonymous_20)
FNDA:0,(anonymous_21)
FNDA:0,(anonymous_22)
FNDA:0,(anonymous_23)
FNDA:0,(anonymous_24)
FNDA:0,(anonymous_25)
FNDA:0,(anonymous_26)
FNDA:6,(anonymous_27)
FNDA:0,(anonymous_28)
FNDA:0,(anonymous_29)
FNDA:0,(anonymous_30)
FNDA:0,(anonymous_31)
FNDA:0,(anonymous_32)
FNDA:0,(anonymous_33)
FNDA:0,(anonymous_34)
FNDA:0,(anonymous_35)
FNDA:0,(anonymous_36)
FNDA:0,(anonymous_37)
FNDA:0,(anonymous_38)
DA:9,1
DA:11,0
DA:12,0
DA:13,0
DA:14,0
DA:17,0
DA:18,0
DA:19,0
DA:20,0
DA:21,0
DA:22,0
DA:23,0
DA:24,0
DA:27,0
DA:28,0
DA:29,0
DA:30,0
DA:31,0
DA:32,0
DA:35,0
DA:36,0
DA:37,0
DA:40,0
DA:41,0
DA:44,0
DA:45,0
DA:46,0
DA:52,6
DA:66,1
DA:83,1
DA:92,1
DA:100,1
DA:111,1
DA:112,0
DA:114,0
DA:115,0
DA:120,0
DA:124,1
DA:127,1
DA:130,1
DA:131,0
DA:132,0
LF:42
LH:10
BRDA:9,0,0,0
BRDA:52,1,0,0
BRDA:66,2,0,0
BRDA:83,3,0,0
BRDA:92,4,0,0
BRDA:100,5,0,0
BRDA:111,6,0,0
BRDA:111,7,0,0
BRF:8
BRH:0
end_of_record
TN:
SF:src/components/AffectedPrioritiesModal.js
FN:13,AffectedPrioritiesModal
FN:46,(anonymous_1)
FNF:2
FNH:2
FNDA:13,AffectedPrioritiesModal
FNDA:19,(anonymous_1)
DA:20,13
DA:22,10
DA:47,19
DA:82,1
DA:179,1
DA:193,1
LF:6
LH:6
BRDA:20,0,0,3
BRDA:20,0,1,10
BRDA:20,1,0,13
BRDA:20,1,1,12
BRDA:20,1,2,11
BRDA:48,2,0,19
BRDA:48,2,1,1
BRDA:52,3,0,19
BRDA:52,3,1,9
BRDA:154,4,0,1
BRDA:154,4,1,0
BRF:11
BRH:10
end_of_record
TN:
SF:src/components/ErrorBoundary.js
FN:10,(anonymous_0)
FN:19,(anonymous_1)
FN:24,(anonymous_2)
FN:40,(anonymous_3)
FN:48,(anonymous_4)
FNF:5
FNH:5
FNDA:9,(anonymous_0)
FNDA:8,(anonymous_1)
FNDA:4,(anonymous_2)
FNDA:1,(anonymous_3)
FNDA:22,(anonymous_4)
DA:11,9
DA:12,9
DA:21,8
DA:26,4
DA:27,4
DA:28,4
DA:32,4
DA:35,4
DA:36,1
DA:40,9
DA:41,1
DA:49,22
DA:51,12
DA:52,3
DA:56,9
DA:85,10
DA:89,1
DA:95,1
DA:100,1
LF:19
LH:19
BRDA:26,0,0,4
BRDA:26,0,1,0
BRDA:35,1,0,1
BRDA:35,1,1,3
BRDA:49,2,0,12
BRDA:49,2,1,10
BRDA:51,3,0,3
BRDA:51,3,1,9
BRDA:65,4,0,9
BRDA:65,4,1,9
BRDA:65,4,2,9
BRF:11
BRH:10
end_of_record
TN:
SF:src/components/TermsModal.js
FN:12,TermsModal
FNF:1
FNH:1
FNDA:3,TermsModal
DA:13,3
DA:127,1
DA:184,1
LF:3
LH:3
BRF:0
BRH:0
end_of_record
TN:
SF:src/components/WeightAdjustmentModal.js
FN:8,WeightAdjustmentModal
FN:35,(anonymous_1)
FN:44,(anonymous_2)
FNF:3
FNH:2
FNDA:20,WeightAdjustmentModal
FNDA:33,(anonymous_1)
FNDA:0,(anonymous_2)
DA:9,20
DA:11,20
DA:36,33
DA:44,0
DA:86,1
LF:5
LH:4
BRDA:30,0,0,20
BRDA:30,0,1,9
BRDA:51,1,0,33
BRDA:51,1,1,0
BRDA:58,2,0,20
BRDA:58,2,1,0
BRDA:74,3,0,20
BRDA:74,3,1,19
BRDA:74,3,2,1
BRDA:76,4,0,20
BRDA:76,4,1,19
BRDA:79,5,0,1
BRDA:79,5,1,19
BRF:13
BRH:11
end_of_record
TN:
SF:src/components/assistant/ChatMessage.js
FN:9,ChatMessage
FNF:1
FNH:1
FNDA:6,ChatMessage
DA:10,6
DA:12,6
DA:13,1
DA:22,5
DA:47,1
LF:5
LH:5
BRDA:9,0,0,4
BRDA:12,1,0,1
BRDA:12,1,1,5
BRDA:24,2,0,3
BRDA:24,2,1,2
BRDA:26,3,0,3
BRDA:26,3,1,2
BRDA:31,4,0,3
BRDA:31,4,1,2
BRDA:37,5,0,3
BRDA:37,5,1,2
BRF:11
BRH:11
end_of_record
TN:
SF:src/components/assistant/InputBar.js
FN:9,InputBar
FNF:1
FNH:1
FNDA:15,InputBar
DA:17,15
DA:19,15
DA:57,1
LF:3
LH:3
BRDA:17,0,0,15
BRDA:17,0,1,4
BRDA:24,1,0,15
BRDA:24,1,1,14
BRDA:45,2,0,15
BRDA:45,2,1,12
BRF:6
BRH:6
end_of_record
TN:
SF:src/components/assistant/ProposedValueCard.js
FN:9,ProposedValueCard
FN:32,(anonymous_1)
FN:40,(anonymous_2)
FNF:3
FNH:3
FNDA:10,ProposedValueCard
FNDA:2,(anonymous_1)
FNDA:2,(anonymous_2)
DA:14,10
DA:32,2
DA:40,2
DA:51,1
LF:4
LH:4
BRDA:26,0,0,10
BRDA:26,0,1,1
BRF:2
BRH:2
end_of_record
TN:
SF:src/components/assistant/SymbolHeader.js
FN:9,SymbolHeader
FNF:1
FNH:1
FNDA:5,SymbolHeader
DA:10,5
DA:31,1
LF:2
LH:2
BRF:0
BRH:0
end_of_record
TN:
SF:src/components/assistant/ValueCard.js
FN:9,ValueCard
FN:41,(anonymous_1)
FN:49,(anonymous_2)
FN:63,(anonymous_3)
FN:88,(anonymous_4)
FN:97,(anonymous_5)
FNF:6
FNH:6
FNDA:21,ValueCard
FNDA:1,(anonymous_1)
FNDA:1,(anonymous_2)
FNDA:1,(anonymous_3)
FNDA:1,(anonymous_4)
FNDA:1,(anonymous_5)
DA:23,21
DA:25,20
DA:41,1
DA:49,1
DA:63,1
DA:88,1
DA:97,1
DA:110,1
LF:8
LH:8
BRDA:23,0,0,1
BRDA:23,0,1,20
BRDA:27,1,0,20
BRDA:27,1,1,0
BRDA:35,2,0,1
BRDA:35,2,1,19
BRDA:57,3,0,20
BRDA:57,3,1,5
BRDA:81,4,0,20
BRDA:81,4,1,6
BRDA:85,5,0,6
BRDA:85,5,1,5
BRF:12
BRH:11
end_of_record
TN:
SF:src/components/assistant/assistantStyles.js
FNF:0
FNH:0
LF:0
LH:0
BRF:0
BRH:0
end_of_record
TN:
SF:src/components/login/AuthOptions.js
FN:9,AuthOptions
FNF:1
FNH:1
FNDA:15,AuthOptions
DA:13,15
DA:84,1
LF:2
LH:2
BRDA:19,0,0,15
BRDA:19,0,1,14
BRDA:23,1,0,2
BRDA:23,1,1,13
BRDA:39,2,0,15
BRDA:39,2,1,4
BRDA:60,3,0,4
BRDA:60,3,1,11
BRDA:63,4,0,2
BRDA:63,4,1,13
BRDA:67,5,0,4
BRDA:67,5,1,9
BRF:12
BRH:12
end_of_record
TN:
SF:src/components/login/VerifyCodeScreen.js
FN:9,VerifyCodeScreen
FNF:1
FNH:1
FNDA:17,VerifyCodeScreen
DA:12,17
DA:71,1
LF:2
LH:2
BRDA:37,0,0,17
BRDA:37,0,1,16
BRDA:41,1,0,1
BRDA:41,1,1,16
BRDA:47,2,0,17
BRDA:47,2,1,16
BRDA:51,3,0,1
BRDA:51,3,1,16
BRDA:54,4,0,16
BRDA:54,4,1,14
BRF:10
BRH:10
end_of_record
TN:
SF:src/components/priorities/CreatePriorityReview.js
FN:9,CreatePriorityReview
FN:46,(anonymous_1)
FN:48,(anonymous_2)
FN:85,(anonymous_3)
FN:86,(anonymous_4)
FN:87,(anonymous_5)
FNF:6
FNH:6
FNDA:26,CreatePriorityReview
FNDA:28,(anonymous_1)
FNDA:25,(anonymous_2)
FNDA:50,(anonymous_3)
FNDA:26,(anonymous_4)
FNDA:26,(anonymous_5)
DA:18,26
DA:46,28
DA:48,25
DA:85,50
DA:86,26
DA:88,26
DA:133,1
LF:7
LH:7
BRDA:28,0,0,25
BRDA:28,0,1,1
BRDA:37,1,0,25
BRDA:37,1,1,1
BRDA:46,2,0,25
BRDA:46,2,1,1
BRDA:50,3,0,1
BRDA:50,3,1,0
BRDA:59,4,0,25
BRDA:59,4,1,1
BRDA:66,5,0,25
BRDA:66,5,1,1
BRDA:73,6,0,25
BRDA:73,6,1,1
BRDA:83,7,0,25
BRDA:83,7,1,1
BRDA:111,8,0,26
BRDA:111,8,1,3
BRDA:114,9,0,3
BRDA:114,9,1,23
BRDA:119,10,0,3
BRDA:119,10,1,23
BRDA:120,11,0,1
BRDA:120,11,1,2
BRDA:123,12,0,2
BRDA:123,12,1,21
BRF:26
BRH:25
end_of_record
TN:
SF:src/components/priorities/CreatePriorityStep1.js
FN:17,CreatePriorityStep1
FN:76,(anonymous_1)
FNF:2
FNH:2
FNDA:16,CreatePriorityStep1
FNDA:3,(anonymous_1)
DA:26,16
DA:28,16
DA:77,3
DA:110,1
LF:4
LH:4
BRDA:26,0,0,16
BRDA:26,0,1,4
BRDA:66,1,0,16
BRDA:66,1,1,1
BRDA:74,2,0,16
BRDA:74,2,1,2
BRDA:96,3,0,16
BRDA:96,3,1,13
BRF:8
BRH:8
end_of_record
TN:
SF:src/components/priorities/CreatePriorityStep2.js
FN:17,CreatePriorityStep2
FN:122,(anonymous_1)
FNF:2
FNH:2
FNDA:20,CreatePriorityStep2
FNDA:5,(anonymous_1)
DA:29,20
DA:31,20
DA:123,5
DA:166,1
LF:4
LH:4
BRDA:29,0,0,20
BRDA:29,0,1,4
BRDA:50,1,0,20
BRDA:50,1,1,1
BRDA:54,2,0,1
BRDA:54,2,1,19
BRDA:63,3,0,20
BRDA:63,3,1,1
BRDA:67,4,0,1
BRDA:67,4,1,19
BRDA:76,5,0,20
BRDA:76,5,1,0
BRDA:80,6,0,0
BRDA:80,6,1,20
BRDA:89,7,0,20
BRDA:89,7,1,0
BRDA:93,8,0,0
BRDA:93,8,1,20
BRDA:112,9,0,20
BRDA:112,9,1,1
BRDA:120,10,0,20
BRDA:120,10,1,4
BRDA:127,11,0,4
BRDA:127,11,1,2
BRDA:127,12,0,4
BRDA:127,12,1,0
BRDA:152,13,0,20
BRDA:152,13,1,17
BRF:28
BRH:23
end_of_record
TN:
SF:src/components/priorities/CreatePriorityStep3.js
FN:10,CreatePriorityStep3
FN:47,(anonymous_1)
FN:58,(anonymous_2)
FNF:3
FNH:3
FNDA:18,CreatePriorityStep3
FNDA:51,(anonymous_1)
FNDA:1,(anonymous_2)
DA:17,18
DA:19,18
DA:48,51
DA:49,51
DA:51,51
DA:58,1
DA:114,1
LF:7
LH:7
BRDA:41,0,0,1
BRDA:41,0,1,17
BRDA:56,1,0,51
BRDA:56,1,1,5
BRDA:59,2,0,51
BRDA:59,2,1,0
BRDA:59,3,0,5
BRDA:59,3,1,46
BRDA:64,4,0,51
BRDA:64,4,1,5
BRDA:70,5,0,34
BRDA:70,5,1,17
BRDA:73,6,0,34
BRDA:73,6,1,0
BRDA:100,7,0,18
BRDA:100,7,1,14
BRF:16
BRH:14
end_of_record
TN:
SF:src/components/priorities/CreatePriorityStep4.js
FN:18,CreatePriorityStep4
FN:27,(anonymous_1)
FN:50,(anonymous_2)
FN:51,(anonymous_3)
FN:55,(anonymous_4)
FN:64,(anonymous_5)
FN:65,(anonymous_6)
FN:69,(anonymous_7)
FN:80,(anonymous_8)
FN:81,(anonymous_9)
FN:95,(anonymous_10)
FN:96,(anonymous_11)
FN:130,(anonymous_12)
FN:134,(anonymous_13)
FN:135,(anonymous_14)
FN:147,(anonymous_15)
FN:165,(anonymous_16)
FN:169,(anonymous_17)
FN:170,(anonymous_18)
FN:182,(anonymous_19)
FNF:20
FNH:11
FNDA:21,CreatePriorityStep4
FNDA:0,(anonymous_1)
FNDA:2,(anonymous_2)
FNDA:21,(anonymous_3)
FNDA:21,(anonymous_4)
FNDA:1,(anonymous_5)
FNDA:42,(anonymous_6)
FNDA:42,(anonymous_7)
FNDA:1,(anonymous_8)
FNDA:0,(anonymous_9)
FNDA:1,(anonymous_10)
FNDA:0,(anonymous_11)
FNDA:63,(anonymous_12)
FNDA:0,(anonymous_13)
FNDA:0,(anonymous_14)
FNDA:0,(anonymous_15)
FNDA:63,(anonymous_16)
FNDA:0,(anonymous_17)
FNDA:0,(anonymous_18)
FNDA:0,(anonymous_19)
DA:24,21
DA:25,21
DA:27,21
DA:28,0
DA:29,0
DA:30,0
DA:31,0
DA:35,21
DA:50,2
DA:51,21
DA:55,21
DA:64,1
DA:65,42
DA:69,42
DA:81,1
DA:96,1
DA:131,63
DA:135,0
DA:136,0
DA:137,0
DA:148,0
DA:149,0
DA:166,63
DA:170,0
DA:171,0
DA:172,0
DA:183,0
DA:184,0
DA:198,1
LF:29
LH:15
BRDA:28,0,0,0
BRDA:28,0,1,0
BRDA:28,1,0,0
BRDA:28,1,1,0
BRDA:30,2,0,0
BRDA:30,2,1,0
BRDA:30,3,0,0
BRDA:30,3,1,0
BRDA:79,4,0,21
BRDA:79,4,1,20
BRDA:94,5,0,21
BRDA:94,5,1,20
BRF:12
BRH:4
end_of_record
TN:
SF:src/components/priorities/ExamplesModal.js
FN:9,ExamplesModal
FN:31,(anonymous_1)
FN:41,(anonymous_2)
FN:53,(anonymous_3)
FNF:4
FNH:4
FNDA:10,ExamplesModal
FNDA:20,(anonymous_1)
FNDA:26,(anonymous_2)
FNDA:18,(anonymous_3)
DA:14,10
DA:32,20
DA:42,26
DA:54,18
DA:73,1
LF:5
LH:5
BRDA:37,0,0,20
BRDA:37,0,1,20
BRDA:37,0,2,18
BRDA:49,1,0,20
BRDA:49,1,1,20
BRDA:49,1,2,18
BRF:6
BRH:6
end_of_record
TN:
SF:src/components/priorities/PriorityCard.js
FN:9,PriorityCard
FNF:1
FNH:1
FNDA:12,PriorityCard
DA:14,12
DA:15,12
DA:17,11
DA:19,11
DA:23,11
DA:29,11
DA:67,1
LF:7
LH:7
BRDA:12,0,0,10
BRDA:15,1,0,1
BRDA:15,1,1,11
BRDA:19,2,0,10
BRDA:19,2,1,1
BRDA:19,3,0,11
BRDA:19,3,1,1
BRDA:25,4,0,1
BRDA:25,4,1,10
BRDA:25,5,0,11
BRDA:25,5,1,1
BRDA:26,6,0,2
BRDA:26,6,1,9
BRDA:34,7,0,11
BRDA:34,7,1,1
BRDA:36,8,0,2
BRDA:36,8,1,9
BRDA:45,9,0,1
BRDA:45,9,1,8
BRDA:50,10,0,10
BRDA:50,10,1,1
BRDA:54,11,0,11
BRDA:54,11,1,9
BRDA:57,12,0,9
BRDA:57,12,1,0
BRF:25
BRH:24
end_of_record
TN:
SF:src/components/priorities/PriorityDetailView.js
FN:9,PriorityDetailView
FN:76,(anonymous_1)
FN:77,(anonymous_2)
FNF:3
FNH:0
FNDA:0,PriorityDetailView
FNDA:0,(anonymous_1)
FNDA:0,(anonymous_2)
DA:17,0
DA:18,0
DA:20,0
DA:21,0
DA:23,0
DA:27,0
DA:77,0
DA:78,0
DA:79,0
DA:135,0
LF:10
LH:0
BRDA:18,0,0,0
BRDA:18,0,1,0
BRDA:23,1,0,0
BRDA:23,1,1,0
BRDA:23,2,0,0
BRDA:23,2,1,0
BRDA:42,3,0,0
BRDA:42,3,1,0
BRDA:58,4,0,0
BRDA:58,4,1,0
BRDA:58,5,0,0
BRDA:58,5,1,0
BRDA:65,6,0,0
BRDA:65,6,1,0
BRDA:65,7,0,0
BRDA:65,7,1,0
BRDA:72,8,0,0
BRDA:72,8,1,0
BRDA:82,9,0,0
BRDA:82,9,1,0
BRDA:91,10,0,0
BRDA:91,10,1,0
BRDA:104,11,0,0
BRDA:104,11,1,0
BRDA:107,12,0,0
BRDA:107,12,1,0
BRDA:111,13,0,0
BRDA:111,13,1,0
BRF:28
BRH:0
end_of_record
TN:
SF:src/components/priorities/PriorityHeader.js
FN:9,PriorityHeader
FNF:1
FNH:1
FNDA:8,PriorityHeader
DA:14,8
DA:41,1
LF:2
LH:2
BRDA:10,0,0,6
BRDA:11,1,0,6
BRDA:12,2,0,5
BRDA:16,3,0,3
BRDA:16,3,1,5
BRF:5
BRH:5
end_of_record
TN:
SF:src/components/priorities/PriorityListView.js
FN:11,PriorityListView
FN:35,(anonymous_1)
FN:36,(anonymous_2)
FN:40,(anonymous_3)
FN:76,(anonymous_4)
FN:80,(anonymous_5)
FNF:6
FNH:5
FNDA:14,PriorityListView
FNDA:6,(anonymous_1)
FNDA:5,(anonymous_2)
FNDA:1,(anonymous_3)
FNDA:2,(anonymous_4)
FNDA:0,(anonymous_5)
DA:20,14
DA:35,6
DA:37,5
DA:40,1
DA:77,2
DA:80,0
DA:110,1
LF:7
LH:6
BRDA:25,0,0,11
BRDA:25,0,1,3
BRDA:51,1,0,2
BRDA:51,1,1,12
BRDA:58,2,0,2
BRDA:58,2,1,12
BRDA:64,3,0,14
BRDA:64,3,1,2
BRDA:64,3,2,2
BRF:9
BRH:9
end_of_record
TN:
SF:src/components/styles/weightAdjustmentStyles.js
FNF:0
FNH:0
DA:3,0
LF:1
LH:0
BRF:0
BRH:0
end_of_record
TN:
SF:src/components/values/CreateValueForm.js
FN:9,CreateValueForm
FNF:1
FNH:1
FNDA:18,CreateValueForm
DA:18,18
DA:19,18
DA:20,18
DA:21,18
DA:23,18
DA:88,1
LF:6
LH:6
BRDA:26,0,0,14
BRDA:26,0,1,4
BRDA:54,1,0,18
BRDA:54,1,1,5
BRDA:54,1,2,15
BRDA:57,2,0,18
BRDA:57,2,1,5
BRDA:59,3,0,14
BRDA:59,3,1,4
BRDA:61,4,0,2
BRDA:61,4,1,16
BRDA:65,5,0,12
BRDA:65,5,1,4
BRDA:70,6,0,18
BRDA:70,6,1,1
BRDA:70,6,2,1
BRF:16
BRH:16
end_of_record
TN:
SF:src/components/values/EditValueModal.js
FN:17,EditValueModal
FNF:1
FNH:1
FNDA:11,EditValueModal
DA:25,11
DA:80,1
LF:2
LH:2
BRDA:60,0,0,11
BRDA:60,0,1,2
BRDA:63,1,0,11
BRDA:63,1,1,9
BRDA:67,2,0,2
BRDA:67,2,1,9
BRF:6
BRH:6
end_of_record
TN:
SF:src/components/values/ExamplesModal.js
FN:18,ExamplesModal
FN:43,(anonymous_1)
FN:47,(anonymous_2)
FNF:3
FNH:0
FNDA:0,ExamplesModal
FNDA:0,(anonymous_1)
FNDA:0,(anonymous_2)
DA:6,0
DA:19,0
DA:44,0
DA:47,0
DA:60,0
LF:5
LH:0
BRF:0
BRH:0
end_of_record
TN:
SF:src/components/values/ValueListCard.js
FN:9,ValueListCard
FN:41,(anonymous_1)
FN:50,(anonymous_2)
FN:66,(anonymous_3)
FN:75,(anonymous_4)
FNF:5
FNH:5
FNDA:11,ValueListCard
FNDA:1,(anonymous_1)
FNDA:1,(anonymous_2)
FNDA:1,(anonymous_3)
FNDA:1,(anonymous_4)
DA:21,11
DA:23,10
DA:41,1
DA:50,1
DA:66,1
DA:75,1
DA:88,1
LF:7
LH:7
BRDA:21,0,0,1
BRDA:21,0,1,10
BRDA:25,1,0,10
BRDA:25,1,1,0
BRDA:34,2,0,10
BRDA:34,2,1,4
BRDA:38,3,0,4
BRDA:38,3,1,4
BRDA:59,4,0,10
BRDA:59,4,1,10
BRDA:73,5,0,10
BRDA:73,5,1,9
BRF:12
BRH:11
end_of_record
TN:
SF:src/context/AuthContext.js
FN:15,useAuth
FN:26,AuthProvider
FN:33,(anonymous_2)
FN:68,(anonymous_3)
FN:76,(anonymous_4)
FN:83,(anonymous_5)
FN:97,(anonymous_6)
FNF:7
FNH:7
FNDA:27,useAuth
FNDA:24,AuthProvider
FNDA:10,(anonymous_2)
FNDA:10,(anonymous_3)
FNDA:1,(anonymous_4)
FNDA:2,(anonymous_5)
FNDA:1,(anonymous_6)
DA:9,1
DA:16,27
DA:17,26
DA:18,2
DA:20,24
DA:27,24
DA:28,24
DA:33,24
DA:34,10
DA:35,10
DA:36,10
DA:38,10
DA:39,6
DA:40,6
DA:41,5
DA:42,5
DA:43,5
DA:45,0
DA:46,0
DA:50,1
DA:51,1
DA:52,1
DA:55,4
DA:56,4
DA:59,0
DA:60,0
DA:61,0
DA:63,10
DA:68,24
DA:69,10
DA:76,24
DA:77,1
DA:83,24
DA:84,2
DA:85,2
DA:87,1
DA:89,2
DA:97,24
DA:98,1
DA:104,24
DA:106,24
DA:117,24
DA:124,1
LF:43
LH:38
BRDA:17,0,0,2
BRDA:17,0,1,24
BRDA:38,1,0,6
BRDA:38,1,1,4
BRDA:41,2,0,5
BRDA:41,2,1,0
BRDA:104,3,0,24
BRDA:104,3,1,7
BRDA:104,3,2,3
BRF:9
BRH:8
end_of_record
TN:
SF:src/hooks/index.js
FNF:0
FNH:0
LF:0
LH:0
BRF:0
BRH:0
end_of_record
TN:
SF:src/hooks/useAssistantChat.js
FN:11,(anonymous_0)
FN:19,useAssistantChat
FN:36,(anonymous_2)
FN:37,(anonymous_3)
FN:43,(anonymous_4)
FN:49,(anonymous_5)
FN:58,(anonymous_6)
FN:60,(anonymous_7)
FN:76,(anonymous_8)
FN:80,(anonymous_9)
FN:94,(anonymous_10)
FN:102,(anonymous_11)
FN:123,(anonymous_12)
FN:127,(anonymous_13)
FN:131,(anonymous_14)
FN:133,(anonymous_15)
FN:137,(anonymous_16)
FN:137,(anonymous_17)
FN:143,(anonymous_18)
FN:156,(anonymous_19)
FN:159,(anonymous_20)
FN:159,(anonymous_21)
FN:166,(anonymous_22)
FN:168,(anonymous_23)
FN:171,(anonymous_24)
FN:174,(anonymous_25)
FN:186,(anonymous_26)
FNF:27
FNH:18
FNDA:14,(anonymous_0)
FNDA:37,useAssistantChat
FNDA:0,(anonymous_2)
FNDA:0,(anonymous_3)
FNDA:16,(anonymous_4)
FNDA:4,(anonymous_5)
FNDA:15,(anonymous_6)
FNDA:15,(anonymous_7)
FNDA:2,(anonymous_8)
FNDA:2,(anonymous_9)
FNDA:3,(anonymous_10)
FNDA:2,(anonymous_11)
FNDA:0,(anonymous_12)
FNDA:0,(anonymous_13)
FNDA:1,(anonymous_14)
FNDA:0,(anonymous_15)
FNDA:1,(anonymous_16)
FNDA:0,(anonymous_17)
FNDA:1,(anonymous_18)
FNDA:2,(anonymous_19)
FNDA:1,(anonymous_20)
FNDA:0,(anonymous_21)
FNDA:1,(anonymous_22)
FNDA:1,(anonymous_23)
FNDA:1,(anonymous_24)
FNDA:0,(anonymous_25)
FNDA:0,(anonymous_26)
DA:11,1
DA:12,14
DA:20,37
DA:21,37
DA:22,37
DA:23,37
DA:24,37
DA:25,37
DA:26,37
DA:27,37
DA:28,37
DA:29,37
DA:30,37
DA:32,37
DA:33,37
DA:34,37
DA:36,37
DA:37,0
DA:43,37
DA:44,16
DA:45,16
DA:46,16
DA:47,16
DA:48,16
DA:49,16
DA:50,4
DA:52,16
DA:53,0
DA:56,37
DA:58,37
DA:60,37
DA:61,15
DA:62,15
DA:63,15
DA:64,14
DA:65,14
DA:71,1
DA:72,1
DA:73,15
DA:76,37
DA:77,2
DA:78,2
DA:79,2
DA:80,2
DA:87,2
DA:89,0
DA:90,0
DA:91,2
DA:94,37
DA:95,3
DA:96,2
DA:97,2
DA:98,2
DA:102,2
DA:103,2
DA:105,2
DA:115,2
DA:116,2
DA:117,2
DA:118,2
DA:119,2
DA:120,2
DA:123,37
DA:124,0
DA:125,0
DA:126,0
DA:127,0
DA:128,0
DA:131,37
DA:132,1
DA:133,1
DA:134,1
DA:135,1
DA:136,1
DA:137,1
DA:138,1
DA:140,1
DA:141,1
DA:142,1
DA:143,1
DA:144,1
DA:146,1
DA:147,0
DA:148,0
DA:151,0
DA:152,0
DA:156,37
DA:157,2
DA:158,2
DA:159,1
DA:161,1
DA:162,1
DA:166,37
DA:168,37
DA:169,1
DA:170,0
DA:171,1
DA:174,37
DA:175,0
DA:176,0
DA:177,0
DA:178,0
DA:179,0
DA:185,0
DA:186,0
DA:189,37
LF:106
LH:85
BRDA:12,0,0,14
BRDA:12,0,1,0
BRDA:19,1,0,35
BRDA:36,2,0,0
BRDA:46,3,0,16
BRDA:46,3,1,0
BRDA:50,4,0,1
BRDA:50,4,1,3
BRDA:81,5,0,2
BRDA:81,5,1,0
BRDA:84,6,0,2
BRDA:84,6,1,0
BRDA:87,7,0,0
BRDA:87,7,1,2
BRDA:95,8,0,1
BRDA:95,8,1,2
BRDA:95,9,0,3
BRDA:95,9,1,2
BRDA:95,9,2,2
BRDA:115,10,0,0
BRDA:115,10,1,2
BRDA:115,11,0,2
BRDA:115,11,1,0
BRDA:116,12,0,0
BRDA:116,12,1,2
BRDA:116,13,0,2
BRDA:116,13,1,0
BRDA:117,14,0,0
BRDA:117,14,1,2
BRDA:118,15,0,0
BRDA:118,15,1,2
BRDA:119,16,0,0
BRDA:119,16,1,2
BRDA:124,17,0,0
BRDA:124,17,1,0
BRDA:136,18,0,1
BRDA:136,18,1,0
BRDA:141,19,0,1
BRDA:141,19,1,0
BRDA:144,20,0,0
BRDA:144,20,1,1
BRDA:146,21,0,0
BRDA:146,21,1,1
BRDA:148,22,0,0
BRDA:148,22,1,0
BRDA:152,23,0,0
BRDA:152,23,1,0
BRDA:176,24,0,0
BRDA:176,24,1,0
BRDA:178,25,0,0
BRDA:178,25,1,0
BRDA:192,26,0,37
BRDA:192,26,1,37
BRF:53
BRH:26
end_of_record
TN:
SF:src/hooks/useAsync.js
FN:15,useAsync
FN:28,(anonymous_1)
FN:53,(anonymous_2)
FN:69,useLoadData
FN:76,(anonymous_4)
FNF:5
FNH:5
FNDA:24,useAsync
FNDA:10,(anonymous_1)
FNDA:1,(anonymous_2)
FNDA:3,useLoadData
FNDA:1,(anonymous_4)
DA:21,24
DA:23,24
DA:24,24
DA:25,24
DA:27,24
DA:29,10
DA:30,10
DA:31,10
DA:32,10
DA:33,6
DA:34,6
DA:35,6
DA:37,4
DA:38,4
DA:40,4
DA:41,1
DA:44,4
DA:45,4
DA:47,10
DA:53,24
DA:54,1
DA:55,1
DA:56,1
DA:59,24
DA:70,3
DA:76,3
DA:77,1
DA:78,1
DA:84,3
LF:29
LH:29
BRDA:15,0,0,11
BRDA:17,1,0,13
BRDA:18,2,0,19
BRDA:37,3,0,4
BRDA:37,3,1,0
BRDA:40,4,0,1
BRDA:40,4,1,3
BRDA:69,5,0,3
BRF:8
BRH:7
end_of_record
TN:
SF:src/hooks/useFetchOnFocus.js
FN:18,useFetchOnFocus
FN:31,(anonymous_1)
FN:53,(anonymous_2)
FN:55,(anonymous_3)
FN:63,(anonymous_4)
FN:65,(anonymous_5)
FN:72,(anonymous_6)
FNF:7
FNH:6
FNDA:18,useFetchOnFocus
FNDA:8,(anonymous_1)
FNDA:10,(anonymous_2)
FNDA:3,(anonymous_3)
FNDA:18,(anonymous_4)
FNDA:0,(anonymous_5)
FNDA:1,(anonymous_6)
DA:25,18
DA:27,18
DA:28,18
DA:29,18
DA:31,18
DA:32,8
DA:33,8
DA:34,8
DA:35,8
DA:36,5
DA:37,5
DA:39,3
DA:40,3
DA:42,3
DA:43,1
DA:46,3
DA:48,8
DA:53,18
DA:54,10
DA:55,7
DA:62,18
DA:64,18
DA:65,0
DA:72,18
DA:73,1
DA:74,1
DA:77,0
DA:81,18
LF:28
LH:26
BRDA:18,0,0,0
BRDA:20,1,0,15
BRDA:21,2,0,0
BRDA:22,3,0,12
BRDA:23,4,0,16
BRDA:24,5,0,17
BRDA:39,6,0,3
BRDA:39,6,1,0
BRDA:42,7,0,1
BRDA:42,7,1,2
BRDA:54,8,0,7
BRDA:54,8,1,3
BRDA:64,9,0,0
BRDA:64,9,1,18
BRF:14
BRH:10
end_of_record
TN:
SF:src/hooks/useKiteAnimation.js
FN:8,(anonymous_0)
FN:28,useKiteAnimation
FN:37,(anonymous_2)
FN:55,(anonymous_3)
FN:65,(anonymous_4)
FN:73,(anonymous_5)
FN:79,(anonymous_6)
FN:101,(anonymous_7)
FN:111,(anonymous_8)
FN:118,(anonymous_9)
FN:120,(anonymous_10)
FNF:11
FNH:0
FNDA:0,(anonymous_0)
FNDA:0,useKiteAnimation
FNDA:0,(anonymous_2)
FNDA:0,(anonymous_3)
FNDA:0,(anonymous_4)
FNDA:0,(anonymous_5)
FNDA:0,(anonymous_6)
FNDA:0,(anonymous_7)
FNDA:0,(anonymous_8)
FNDA:0,(anonymous_9)
FNDA:0,(anonymous_10)
DA:4,0
DA:5,0
DA:6,0
DA:8,0
DA:9,0
DA:10,0
DA:11,0
DA:12,0
DA:13,0
DA:14,0
DA:16,0
DA:17,0
DA:19,0
DA:20,0
DA:21,0
DA:22,0
DA:29,0
DA:30,0
DA:31,0
DA:32,0
DA:33,0
DA:34,0
DA:35,0
DA:37,0
DA:38,0
DA:40,0
DA:41,0
DA:43,0
DA:44,0
DA:45,0
DA:47,0
DA:49,0
DA:55,0
DA:56,0
DA:57,0
DA:58,0
DA:59,0
DA:65,0
DA:66,0
DA:67,0
DA:68,0
DA:69,0
DA:70,0
DA:71,0
DA:73,0
DA:74,0
DA:75,0
DA:79,0
DA:80,0
DA:81,0
DA:82,0
DA:84,0
DA:85,0
DA:86,0
DA:88,0
DA:90,0
DA:93,0
DA:95,0
DA:101,0
DA:102,0
DA:105,0
DA:111,0
DA:112,0
DA:113,0
DA:114,0
DA:115,0
DA:118,0
DA:119,0
DA:120,0
DA:123,0
LF:70
LH:0
BRDA:19,0,0,0
BRDA:19,0,1,0
BRDA:21,1,0,0
BRDA:21,1,1,0
BRDA:21,2,0,0
BRDA:21,2,1,0
BRDA:22,3,0,0
BRDA:22,3,1,0
BRDA:38,4,0,0
BRDA:38,4,1,0
BRDA:47,5,0,0
BRDA:47,5,1,0
BRDA:56,6,0,0
BRDA:56,6,1,0
BRDA:58,7,0,0
BRDA:58,7,1,0
BRDA:74,8,0,0
BRDA:74,8,1,0
BRDA:75,9,0,0
BRDA:75,9,1,0
BRDA:88,10,0,0
BRDA:88,10,1,0
BRDA:102,11,0,0
BRDA:102,11,1,0
BRDA:113,12,0,0
BRDA:113,12,1,0
BRDA:114,13,0,0
BRDA:114,13,1,0
BRF:28
BRH:0
end_of_record
TN:
SF:src/hooks/useLoginAuth.js
FN:13,useLoginAuth
FN:28,(anonymous_1)
FN:30,(anonymous_2)
FN:30,(anonymous_3)
FN:31,(anonymous_4)
FN:36,(anonymous_5)
FN:43,(anonymous_6)
FN:52,(anonymous_7)
FN:61,(anonymous_8)
FN:74,(anonymous_9)
FN:84,(anonymous_10)
FN:92,(anonymous_11)
FN:102,(anonymous_12)
FN:108,(anonymous_13)
FNF:14
FNH:13
FNDA:56,useLoginAuth
FNDA:28,(anonymous_1)
FNDA:1,(anonymous_2)
FNDA:1,(anonymous_3)
FNDA:4,(anonymous_4)
FNDA:23,(anonymous_5)
FNDA:0,(anonymous_6)
FNDA:1,(anonymous_7)
FNDA:11,(anonymous_8)
FNDA:2,(anonymous_9)
FNDA:1,(anonymous_10)
FNDA:3,(anonymous_11)
FNDA:4,(anonymous_12)
FNDA:6,(anonymous_13)
DA:8,1
DA:14,56
DA:15,56
DA:16,56
DA:17,56
DA:18,56
DA:19,56
DA:20,56
DA:21,56
DA:22,56
DA:23,56
DA:25,56
DA:28,56
DA:29,28
DA:30,4
DA:31,4
DA:36,56
DA:37,23
DA:38,0
DA:39,0
DA:43,56
DA:44,0
DA:45,0
DA:46,0
DA:47,0
DA:48,0
DA:49,0
DA:52,56
DA:53,1
DA:54,1
DA:55,1
DA:56,1
DA:57,0
DA:58,1
DA:61,56
DA:62,11
DA:63,5
DA:64,4
DA:65,4
DA:66,4
DA:67,3
DA:68,3
DA:69,3
DA:70,1
DA:71,4
DA:74,56
DA:75,2
DA:76,2
DA:77,2
DA:78,1
DA:79,1
DA:80,1
DA:81,2
DA:84,56
DA:85,1
DA:86,1
DA:87,1
DA:88,1
DA:89,1
DA:92,56
DA:93,3
DA:94,2
DA:95,2
DA:96,2
DA:97,1
DA:98,1
DA:99,2
DA:102,56
DA:103,4
DA:104,4
DA:105,4
DA:108,56
DA:109,6
DA:110,6
DA:112,3
DA:113,3
DA:115,5
DA:118,56
LF:78
LH:69
BRDA:29,0,0,4
BRDA:29,0,1,24
BRDA:29,1,0,28
BRDA:29,1,1,4
BRDA:37,2,0,0
BRDA:37,2,1,23
BRDA:62,3,0,6
BRDA:62,3,1,5
BRDA:63,4,0,1
BRDA:63,4,1,4
BRDA:93,5,0,1
BRDA:93,5,1,2
BRDA:110,6,0,3
BRDA:110,6,1,3
BRDA:113,7,0,1
BRDA:113,7,1,2
BRF:16
BRH:15
end_of_record
TN:
SF:src/hooks/useOnboarding.js
FN:8,useOnboarding
FN:19,(anonymous_1)
FN:20,(anonymous_2)
FN:25,(anonymous_3)
FN:38,(anonymous_4)
FN:40,(anonymous_5)
FN:41,(anonymous_6)
FN:54,(anonymous_7)
FN:76,(anonymous_8)
FN:77,(anonymous_9)
FN:78,(anonymous_10)
FN:80,(anonymous_11)
FN:96,(anonymous_12)
FN:108,(anonymous_13)
FNF:14
FNH:9
FNDA:38,useOnboarding
FNDA:19,(anonymous_1)
FNDA:19,(anonymous_2)
FNDA:5,(anonymous_3)
FNDA:0,(anonymous_4)
FNDA:0,(anonymous_5)
FNDA:0,(anonymous_6)
FNDA:2,(anonymous_7)
FNDA:2,(anonymous_8)
FNDA:1,(anonymous_9)
FNDA:1,(anonymous_10)
FNDA:3,(anonymous_11)
FNDA:0,(anonymous_12)
FNDA:0,(anonymous_13)
DA:9,38
DA:10,38
DA:11,38
DA:12,38
DA:13,38
DA:14,38
DA:15,38
DA:16,38
DA:17,38
DA:19,38
DA:20,19
DA:21,19
DA:25,38
DA:26,5
DA:27,4
DA:28,4
DA:29,4
DA:32,3
DA:33,1
DA:34,1
DA:35,4
DA:38,38
DA:39,0
DA:40,0
DA:41,0
DA:42,0
DA:43,0
DA:44,0
DA:45,0
DA:46,0
DA:48,0
DA:51,0
DA:54,38
DA:55,2
DA:56,2
DA:57,1
DA:58,1
DA:59,1
DA:60,1
DA:63,1
DA:65,0
DA:68,0
DA:69,0
DA:70,0
DA:72,0
DA:73,1
DA:76,38
DA:77,38
DA:78,38
DA:80,38
DA:81,3
DA:82,2
DA:83,2
DA:84,2
DA:87,1
DA:88,1
DA:89,1
DA:91,1
DA:92,1
DA:93,2
DA:96,38
DA:97,0
DA:98,0
DA:99,0
DA:102,0
DA:103,0
DA:104,0
DA:105,0
DA:108,38
DA:109,0
DA:110,0
DA:111,0
DA:114,38
LF:73
LH:48
BRDA:10,0,0,38
BRDA:10,0,1,1
BRDA:21,1,0,0
BRDA:21,1,1,19
BRDA:26,2,0,1
BRDA:26,2,1,4
BRDA:32,3,0,2
BRDA:32,3,1,1
BRDA:34,4,0,1
BRDA:34,4,1,0
BRDA:42,5,0,0
BRDA:42,5,1,0
BRDA:55,6,0,0
BRDA:55,6,1,2
BRDA:56,7,0,1
BRDA:56,7,1,1
BRDA:59,8,0,1
BRDA:59,8,1,0
BRDA:59,9,0,1
BRDA:59,9,1,1
BRDA:72,10,0,0
BRDA:72,10,1,0
BRDA:77,11,0,1
BRDA:77,11,1,0
BRDA:81,12,0,1
BRDA:81,12,1,2
BRDA:87,13,0,0
BRDA:87,13,1,1
BRDA:92,14,0,1
BRDA:92,14,1,0
BRDA:104,15,0,0
BRDA:104,15,1,0
BRF:32
BRH:19
end_of_record
TN:
SF:src/hooks/usePriorityForm.js
FN:17,usePriorityForm
FN:27,(anonymous_1)
FN:34,(anonymous_2)
FN:42,(anonymous_3)
FN:68,(anonymous_4)
FN:69,(anonymous_5)
FN:73,(anonymous_6)
FN:75,(anonymous_7)
FN:80,(anonymous_8)
FN:84,(anonymous_9)
FN:85,(anonymous_10)
FN:90,(anonymous_11)
FN:94,(anonymous_12)
FN:99,(anonymous_13)
FN:105,(anonymous_14)
FN:112,(anonymous_15)
FN:120,(anonymous_16)
FN:135,(anonymous_17)
FNF:18
FNH:17
FNDA:38,usePriorityForm
FNDA:10,(anonymous_1)
FNDA:1,(anonymous_2)
FNDA:1,(anonymous_3)
FNDA:7,(anonymous_4)
FNDA:7,(anonymous_5)
FNDA:1,(anonymous_6)
FNDA:2,(anonymous_7)
FNDA:1,(anonymous_8)
FNDA:3,(anonymous_9)
FNDA:3,(anonymous_10)
FNDA:0,(anonymous_11)
FNDA:2,(anonymous_12)
FNDA:8,(anonymous_13)
FNDA:7,(anonymous_14)
FNDA:1,(anonymous_15)
FNDA:3,(anonymous_16)
FNDA:2,(anonymous_17)
DA:4,1
DA:18,38
DA:19,38
DA:20,38
DA:21,38
DA:22,38
DA:23,38
DA:25,38
DA:27,38
DA:28,10
DA:29,1
DA:30,1
DA:34,38
DA:35,1
DA:36,1
DA:37,1
DA:38,1
DA:42,1
DA:43,1
DA:45,0
DA:47,1
DA:51,0
DA:52,0
DA:53,0
DA:54,0
DA:55,0
DA:56,0
DA:57,0
DA:58,0
DA:60,0
DA:62,0
DA:65,0
DA:68,38
DA:69,7
DA:70,7
DA:72,7
DA:73,4
DA:74,3
DA:75,2
DA:80,1
DA:84,38
DA:85,3
DA:86,3
DA:88,3
DA:89,1
DA:90,0
DA:94,2
DA:95,2
DA:99,38
DA:100,8
DA:101,1
DA:102,1
DA:105,7
DA:106,7
DA:107,7
DA:108,7
DA:112,38
DA:113,1
DA:114,1
DA:115,1
DA:116,1
DA:117,1
DA:120,38
DA:121,3
DA:122,3
DA:124,2
DA:134,2
DA:135,2
DA:137,1
DA:140,2
DA:141,2
DA:144,38
LF:72
LH:59
BRDA:28,0,0,1
BRDA:28,0,1,9
BRDA:35,1,0,1
BRDA:35,1,1,0
BRDA:35,2,0,1
BRDA:35,2,1,1
BRDA:40,3,0,1
BRDA:40,3,1,1
BRDA:42,4,0,1
BRDA:42,4,1,0
BRDA:51,5,0,0
BRDA:51,5,1,0
BRDA:51,6,0,0
BRDA:51,6,1,0
BRDA:51,6,2,0
BRDA:55,7,0,0
BRDA:55,7,1,0
BRDA:55,8,0,0
BRDA:55,8,1,0
BRDA:56,9,0,0
BRDA:56,9,1,0
BRDA:57,10,0,0
BRDA:57,10,1,0
BRDA:72,11,0,4
BRDA:72,11,1,3
BRDA:74,12,0,2
BRDA:74,12,1,1
BRDA:88,13,0,1
BRDA:88,13,1,2
BRDA:99,14,0,7
BRDA:100,15,0,1
BRDA:100,15,1,7
BRDA:100,16,0,8
BRDA:100,16,1,1
BRDA:100,16,2,1
BRDA:107,17,0,1
BRDA:107,17,1,6
BRDA:122,18,0,1
BRDA:122,18,1,2
BRDA:125,19,0,2
BRDA:125,19,1,0
BRDA:126,20,0,2
BRDA:126,20,1,0
BRDA:127,21,0,2
BRDA:127,21,1,1
BRDA:128,22,0,2
BRDA:128,22,1,1
BRDA:129,23,0,1
BRDA:129,23,1,1
BRDA:129,24,0,2
BRDA:129,24,1,2
BRDA:130,25,0,1
BRDA:130,25,1,1
BRDA:130,26,0,2
BRDA:130,26,1,2
BRDA:134,27,0,1
BRDA:134,27,1,1
BRF:57
BRH:40
end_of_record
TN:
SF:src/hooks/useValueActions.js
FN:9,useValueActions
FN:15,(anonymous_1)
FN:25,(anonymous_2)
FN:29,(anonymous_3)
FN:33,(anonymous_4)
FN:53,(anonymous_5)
FNF:6
FNH:6
FNDA:33,useValueActions
FNDA:2,(anonymous_1)
FNDA:2,(anonymous_2)
FNDA:1,(anonymous_3)
FNDA:3,(anonymous_4)
FNDA:4,(anonymous_5)
DA:10,33
DA:11,33
DA:12,33
DA:13,33
DA:15,33
DA:16,2
DA:17,2
DA:18,2
DA:19,2
DA:25,33
DA:26,2
DA:29,33
DA:30,1
DA:33,33
DA:34,3
DA:35,3
DA:36,3
DA:37,2
DA:38,2
DA:39,2
DA:40,2
DA:45,1
DA:46,1
DA:48,3
DA:49,3
DA:53,33
DA:54,4
DA:55,4
DA:57,3
DA:58,3
DA:59,3
DA:64,2
DA:65,2
DA:69,2
DA:71,1
DA:72,1
DA:73,1
DA:75,3
DA:76,3
DA:80,33
LF:40
LH:40
BRDA:18,0,0,2
BRDA:18,0,1,1
BRDA:39,1,0,2
BRDA:39,1,1,0
BRDA:55,2,0,1
BRDA:55,2,1,3
BRF:6
BRH:5
end_of_record
TN:
SF:src/hooks/useValuePriorityLinks.js
FN:8,useValuePriorityLinks
FN:15,(anonymous_1)
FN:17,(anonymous_2)
FN:24,(anonymous_3)
FN:32,(anonymous_4)
FN:42,(anonymous_5)
FN:47,(anonymous_6)
FN:50,(anonymous_7)
FNF:8
FNH:8
FNDA:27,useValuePriorityLinks
FNDA:8,(anonymous_1)
FNDA:8,(anonymous_2)
FNDA:7,(anonymous_3)
FNDA:6,(anonymous_4)
FNDA:5,(anonymous_5)
FNDA:7,(anonymous_6)
FNDA:4,(anonymous_7)
DA:9,27
DA:10,27
DA:11,27
DA:12,27
DA:13,27
DA:15,27
DA:17,27
DA:18,8
DA:19,8
DA:20,8
DA:23,7
DA:24,7
DA:25,7
DA:27,1
DA:28,1
DA:29,8
DA:32,27
DA:33,6
DA:34,6
DA:35,6
DA:36,4
DA:37,6
DA:38,6
DA:39,6
DA:42,27
DA:43,5
DA:44,4
DA:45,4
DA:46,4
DA:47,7
DA:48,4
DA:49,4
DA:50,4
DA:52,4
DA:53,1
DA:55,4
DA:56,0
DA:59,0
DA:62,4
DA:68,2
DA:69,2
DA:71,2
DA:72,2
DA:73,1
DA:74,1
DA:75,4
DA:78,27
LF:47
LH:45
BRDA:23,0,0,7
BRDA:23,0,1,0
BRDA:24,1,0,7
BRDA:24,1,1,0
BRDA:35,2,0,2
BRDA:35,2,1,4
BRDA:43,3,0,1
BRDA:43,3,1,4
BRDA:48,4,0,0
BRDA:48,4,1,4
BRDA:50,5,0,4
BRDA:50,5,1,0
BRDA:52,6,0,3
BRDA:52,6,1,1
BRDA:55,7,0,0
BRDA:55,7,1,4
BRDA:55,8,0,4
BRDA:55,8,1,1
BRDA:64,9,0,4
BRDA:64,9,1,4
BRDA:65,10,0,4
BRDA:65,10,1,4
BRDA:72,11,0,1
BRDA:72,11,1,1
BRF:24
BRH:19
end_of_record
TN:
SF:src/hooks/useValuesManagement.js
FN:8,(anonymous_0)
FN:10,(anonymous_1)
FN:16,useValuesManagement
FN:36,(anonymous_3)
FN:43,(anonymous_4)
FN:53,(anonymous_5)
FN:55,(anonymous_6)
FN:72,(anonymous_7)
FN:82,(anonymous_8)
FN:91,(anonymous_9)
FN:104,(anonymous_10)
FN:112,(anonymous_11)
FN:119,(anonymous_12)
FN:131,(anonymous_13)
FN:150,(anonymous_14)
FN:151,(anonymous_15)
FN:166,(anonymous_16)
FN:167,(anonymous_17)
FN:177,(anonymous_18)
FN:183,(anonymous_19)
FN:186,(anonymous_20)
FN:187,(anonymous_21)
FN:188,(anonymous_22)
FN:199,(anonymous_23)
FN:201,(anonymous_24)
FN:207,(anonymous_25)
FN:208,(anonymous_26)
FN:217,(anonymous_27)
FN:224,(anonymous_28)
FN:233,(anonymous_29)
FN:235,(anonymous_30)
FN:238,(anonymous_31)
FN:253,(anonymous_32)
FN:256,(anonymous_33)
FN:259,(anonymous_34)
FN:267,(anonymous_35)
FN:279,(anonymous_36)
FN:280,(anonymous_37)
FNF:38
FNH:19
FNDA:14,(anonymous_0)
FNDA:13,(anonymous_1)
FNDA:75,useValuesManagement
FNDA:29,(anonymous_3)
FNDA:85,(anonymous_4)
FNDA:26,(anonymous_5)
FNDA:4,(anonymous_6)
FNDA:0,(anonymous_7)
FNDA:2,(anonymous_8)
FNDA:0,(anonymous_9)
FNDA:6,(anonymous_10)
FNDA:3,(anonymous_11)
FNDA:2,(anonymous_12)
FNDA:0,(anonymous_13)
FNDA:0,(anonymous_14)
FNDA:0,(anonymous_15)
FNDA:1,(anonymous_16)
FNDA:1,(anonymous_17)
FNDA:0,(anonymous_18)
FNDA:0,(anonymous_19)
FNDA:0,(anonymous_20)
FNDA:0,(anonymous_21)
FNDA:0,(anonymous_22)
FNDA:1,(anonymous_23)
FNDA:0,(anonymous_24)
FNDA:0,(anonymous_25)
FNDA:0,(anonymous_26)
FNDA:0,(anonymous_27)
FNDA:0,(anonymous_28)
FNDA:1,(anonymous_29)
FNDA:2,(anonymous_30)
FNDA:7,(anonymous_31)
FNDA:1,(anonymous_32)
FNDA:1,(anonymous_33)
FNDA:0,(anonymous_34)
FNDA:0,(anonymous_35)
FNDA:0,(anonymous_36)
FNDA:0,(anonymous_37)
DA:8,1
DA:9,14
DA:10,14
DA:17,75
DA:18,75
DA:19,75
DA:20,75
DA:21,75
DA:22,75
DA:23,75
DA:24,75
DA:25,75
DA:26,75
DA:27,75
DA:28,75
DA:29,75
DA:30,75
DA:31,75
DA:33,75
DA:34,75
DA:36,75
DA:37,29
DA:38,29
DA:39,29
DA:40,27
DA:41,27
DA:42,27
DA:43,27
DA:44,85
DA:46,27
DA:48,1
DA:49,1
DA:50,28
DA:53,75
DA:55,75
DA:56,4
DA:57,1
DA:58,1
DA:60,3
DA:61,1
DA:62,1
DA:64,2
DA:65,2
DA:66,2
DA:71,1
DA:72,0
DA:74,1
DA:75,1
DA:77,1
DA:78,1
DA:79,2
DA:82,75
DA:83,2
DA:84,1
DA:85,1
DA:87,1
DA:92,0
DA:93,0
DA:94,0
DA:96,0
DA:97,0
DA:104,75
DA:105,6
DA:106,6
DA:107,5
DA:108,5
DA:112,75
DA:113,3
DA:114,1
DA:115,1
DA:117,2
DA:118,2
DA:119,2
DA:120,2
DA:121,2
DA:122,2
DA:124,2
DA:130,1
DA:131,0
DA:134,1
DA:135,0
DA:136,0
DA:137,0
DA:138,0
DA:139,0
DA:140,0
DA:141,0
DA:144,1
DA:146,1
DA:147,0
DA:148,0
DA:149,0
DA:150,0
DA:151,0
DA:153,0
DA:156,1
DA:157,1
DA:158,1
DA:159,1
DA:161,1
DA:162,1
DA:163,2
DA:166,75
DA:167,1
DA:168,1
DA:169,1
DA:170,1
DA:171,0
DA:172,0
DA:173,0
DA:174,0
DA:175,0
DA:177,0
DA:181,1
DA:182,0
DA:183,0
DA:184,0
DA:186,0
DA:187,0
DA:188,0
DA:192,0
DA:193,0
DA:194,0
DA:195,0
DA:199,75
DA:201,75
DA:202,0
DA:203,0
DA:204,0
DA:205,0
DA:206,0
DA:207,0
DA:208,0
DA:211,0
DA:212,0
DA:214,0
DA:217,75
DA:218,0
DA:219,0
DA:220,0
DA:221,0
DA:222,0
DA:223,0
DA:224,0
DA:225,0
DA:226,0
DA:227,0
DA:229,0
DA:233,75
DA:235,75
DA:236,2
DA:237,2
DA:238,7
DA:239,4
DA:240,4
DA:241,4
DA:242,4
DA:244,1
DA:245,1
DA:246,1
DA:248,1
DA:249,1
DA:253,75
DA:254,1
DA:255,0
DA:256,1
DA:259,75
DA:260,0
DA:261,0
DA:262,0
DA:263,0
DA:264,0
DA:266,0
DA:267,0
DA:270,75
DA:279,0
DA:280,0
LF:177
LH:110
BRDA:9,0,0,0
BRDA:9,0,1,14
BRDA:9,1,0,14
BRDA:9,1,1,14
BRDA:40,2,0,27
BRDA:40,2,1,0
BRDA:44,3,0,1
BRDA:44,3,1,84
BRDA:56,4,0,1
BRDA:56,4,1,3
BRDA:60,5,0,1
BRDA:60,5,1,2
BRDA:71,6,0,0
BRDA:71,6,1,1
BRDA:83,7,0,1
BRDA:83,7,1,1
BRDA:106,8,0,5
BRDA:106,8,1,1
BRDA:113,9,0,1
BRDA:113,9,1,2
BRDA:120,10,0,0
BRDA:120,10,1,2
BRDA:122,11,0,0
BRDA:122,11,1,2
BRDA:130,12,0,0
BRDA:130,12,1,1
BRDA:134,13,0,0
BRDA:134,13,1,1
BRDA:146,14,0,0
BRDA:146,14,1,1
BRDA:170,15,0,1
BRDA:170,15,1,0
BRDA:171,16,0,0
BRDA:171,16,1,0
BRDA:175,17,0,0
BRDA:175,17,1,0
BRDA:181,18,0,0
BRDA:181,18,1,1
BRDA:205,19,0,0
BRDA:205,19,1,0
BRDA:223,20,0,0
BRDA:223,20,1,0
BRDA:223,21,0,0
BRDA:223,21,1,0
BRDA:225,22,0,0
BRDA:225,22,1,0
BRDA:226,23,0,0
BRDA:226,23,1,0
BRDA:239,24,0,0
BRDA:239,24,1,4
BRDA:241,25,0,0
BRDA:241,25,1,4
BRDA:261,26,0,0
BRDA:261,26,1,0
BRDA:263,27,0,0
BRDA:263,27,1,0
BRF:56
BRH:26
end_of_record
TN:
SF:src/hooks/useWeightAdjustment.js
FN:7,useWeightAdjustment
FN:11,(anonymous_1)
FN:12,(anonymous_2)
FN:13,(anonymous_3)
FN:23,(anonymous_4)
FN:27,(anonymous_5)
FN:27,(anonymous_6)
FN:28,(anonymous_7)
FN:31,(anonymous_8)
FN:37,(anonymous_9)
FN:42,(anonymous_10)
FN:44,(anonymous_11)
FN:47,(anonymous_12)
FN:55,(anonymous_13)
FN:56,(anonymous_14)
FNF:15
FNH:14
FNDA:48,useWeightAdjustment
FNDA:20,(anonymous_1)
FNDA:54,(anonymous_2)
FNDA:54,(anonymous_3)
FNDA:1,(anonymous_4)
FNDA:3,(anonymous_5)
FNDA:3,(anonymous_6)
FNDA:2,(anonymous_7)
FNDA:2,(anonymous_8)
FNDA:0,(anonymous_9)
FNDA:1,(anonymous_10)
FNDA:3,(anonymous_11)
FNDA:4,(anonymous_12)
FNDA:81,(anonymous_13)
FNDA:80,(anonymous_14)
DA:8,48
DA:9,48
DA:11,48
DA:12,20
DA:13,54
DA:14,54
DA:20,20
DA:23,48
DA:24,1
DA:25,1
DA:26,1
DA:27,3
DA:28,2
DA:30,1
DA:31,1
DA:32,2
DA:33,2
DA:36,0
DA:37,0
DA:39,1
DA:42,48
DA:43,1
DA:44,3
DA:47,48
DA:48,4
DA:49,4
DA:50,4
DA:51,1
DA:52,4
DA:55,81
DA:56,80
DA:58,48
LF:32
LH:30
BRDA:16,0,0,54
BRDA:16,0,1,0
BRDA:17,1,0,54
BRDA:17,1,1,1
BRDA:30,2,0,1
BRDA:30,2,1,0
BRF:6
BRH:4
end_of_record
TN:
SF:src/screens/AssistantScreen.js
FN:19,AssistantScreen
FN:62,(anonymous_1)
FN:79,(anonymous_2)
FN:95,(anonymous_3)
FN:102,(anonymous_4)
FN:121,(anonymous_5)
FN:126,(anonymous_6)
FNF:7
FNH:3
FNDA:7,AssistantScreen
FNDA:1,(anonymous_1)
FNDA:2,(anonymous_2)
FNDA:0,(anonymous_3)
FNDA:0,(anonymous_4)
FNDA:0,(anonymous_5)
FNDA:0,(anonymous_6)
DA:20,7
DA:47,7
DA:49,7
DA:50,1
DA:60,6
DA:62,1
DA:80,2
DA:81,2
DA:96,0
DA:103,0
DA:122,0
DA:127,0
LF:12
LH:8
BRDA:20,0,0,1
BRDA:20,1,0,7
BRDA:20,1,1,1
BRDA:49,2,0,1
BRDA:49,2,1,6
BRDA:71,3,0,6
BRDA:71,3,1,5
BRDA:71,3,2,5
BRDA:80,4,0,2
BRDA:80,4,1,0
BRDA:114,5,0,6
BRDA:114,5,1,0
BRDA:115,6,0,6
BRDA:115,6,1,0
BRDA:129,7,0,6
BRDA:129,7,1,0
BRF:16
BRH:12
end_of_record
TN:
SF:src/screens/DashboardScreen.js
FN:12,DashboardScreen
FN:13,(anonymous_1)
FN:63,(anonymous_2)
FN:87,(anonymous_3)
FN:94,(anonymous_4)
FNF:5
FNH:5
FNDA:14,DashboardScreen
FNDA:3,(anonymous_1)
FNDA:1,(anonymous_2)
FNDA:42,(anonymous_3)
FNDA:2,(anonymous_4)
DA:13,14
DA:14,3
DA:15,3
DA:18,0
DA:19,0
DA:20,0
DA:24,14
DA:52,14
DA:64,1
DA:65,1
DA:88,42
DA:95,2
DA:96,0
DA:99,2
DA:100,2
DA:144,1
LF:16
LH:12
BRDA:14,0,0,3
BRDA:14,0,1,0
BRDA:14,1,0,3
BRDA:14,1,1,0
BRDA:19,2,0,0
BRDA:19,2,1,0
BRDA:19,3,0,0
BRDA:19,3,1,0
BRDA:59,4,0,14
BRDA:59,4,1,2
BRDA:59,4,2,1
BRDA:92,5,0,42
BRDA:92,5,1,14
BRDA:95,6,0,0
BRDA:95,6,1,2
BRDA:100,7,0,2
BRDA:100,7,1,2
BRDA:104,8,0,14
BRDA:104,8,1,28
BRDA:123,9,0,14
BRDA:123,9,1,28
BRDA:126,10,0,42
BRDA:126,10,1,28
BRF:23
BRH:16
end_of_record
TN:
SF:src/screens/HomeScreen.js
FN:4,HomeScreen
FNF:1
FNH:1
FNDA:6,HomeScreen
DA:5,6
DA:19,1
LF:2
LH:2
BRDA:9,0,0,6
BRDA:9,0,1,5
BRDA:9,0,2,4
BRF:3
BRH:3
end_of_record
TN:
SF:src/screens/LoginScreen.js
FN:23,LoginScreen
FN:38,(anonymous_1)
FN:88,(anonymous_2)
FN:89,(anonymous_3)
FN:97,(anonymous_4)
FNF:5
FNH:2
FNDA:8,LoginScreen
FNDA:0,(anonymous_1)
FNDA:1,(anonymous_2)
FNDA:0,(anonymous_3)
FNDA:0,(anonymous_4)
DA:13,1
DA:15,1
DA:24,8
DA:25,8
DA:27,8
DA:38,0
DA:88,1
DA:89,0
DA:97,0
LF:9
LH:6
BRDA:48,0,0,0
BRDA:48,0,1,8
BRDA:48,1,0,8
BRDA:48,1,1,8
BRDA:58,2,0,8
BRDA:58,2,1,0
BRDA:70,3,0,1
BRDA:70,3,1,7
BRF:8
BRH:6
end_of_record
TN:
SF:src/screens/OnboardingScreen.js
FN:6,(anonymous_0)
FNF:1
FNH:1
FNDA:18,(anonymous_0)
DA:6,1
DA:7,18
DA:9,18
LF:3
LH:3
BRDA:11,0,0,18
BRDA:11,0,1,5
BRDA:25,1,0,5
BRDA:25,1,1,0
BRDA:31,2,0,0
BRDA:31,2,1,5
BRDA:36,3,0,18
BRDA:36,3,1,7
BRDA:40,4,0,4
BRDA:40,4,1,3
BRDA:54,5,0,0
BRDA:54,5,1,4
BRDA:81,6,0,3
BRDA:81,6,1,0
BRDA:81,6,2,3
BRDA:83,7,0,3
BRDA:83,7,1,0
BRDA:87,8,0,0
BRDA:87,8,1,3
BRDA:104,9,0,18
BRDA:104,9,1,6
BRDA:121,10,0,6
BRDA:121,10,1,0
BRDA:127,11,0,0
BRDA:127,11,1,6
BRF:25
BRH:17
end_of_record
TN:
SF:src/screens/PrioritiesScreen.js
FN:17,PrioritiesScreen
FN:35,(anonymous_1)
FN:37,(anonymous_2)
FN:40,(anonymous_3)
FN:46,(anonymous_4)
FN:58,(anonymous_5)
FN:63,(anonymous_6)
FN:63,(anonymous_7)
FN:63,(anonymous_8)
FN:68,(anonymous_9)
FN:74,(anonymous_10)
FN:86,(anonymous_11)
FN:87,(anonymous_12)
FN:92,(anonymous_13)
FN:127,(anonymous_14)
FN:135,(anonymous_15)
FN:139,(anonymous_16)
FN:139,(anonymous_17)
FN:140,(anonymous_18)
FN:140,(anonymous_19)
FN:143,(anonymous_20)
FN:146,(anonymous_21)
FN:146,(anonymous_22)
FN:150,(anonymous_23)
FN:150,(anonymous_24)
FN:150,(anonymous_25)
FN:153,(anonymous_26)
FN:153,(anonymous_27)
FN:156,(anonymous_28)
FN:156,(anonymous_29)
FN:159,(anonymous_30)
FN:169,(anonymous_31)
FNF:32
FNH:17
FNDA:37,PrioritiesScreen
FNDA:11,(anonymous_1)
FNDA:11,(anonymous_2)
FNDA:11,(anonymous_3)
FNDA:0,(anonymous_4)
FNDA:3,(anonymous_5)
FNDA:0,(anonymous_6)
FNDA:0,(anonymous_7)
FNDA:0,(anonymous_8)
FNDA:1,(anonymous_9)
FNDA:0,(anonymous_10)
FNDA:0,(anonymous_11)
FNDA:0,(anonymous_12)
FNDA:0,(anonymous_13)
FNDA:1,(anonymous_14)
FNDA:26,(anonymous_15)
FNDA:0,(anonymous_16)
FNDA:0,(anonymous_17)
FNDA:4,(anonymous_18)
FNDA:1,(anonymous_19)
FNDA:1,(anonymous_20)
FNDA:1,(anonymous_21)
FNDA:2,(anonymous_22)
FNDA:0,(anonymous_23)
FNDA:1,(anonymous_24)
FNDA:1,(anonymous_25)
FNDA:0,(anonymous_26)
FNDA:1,(anonymous_27)
FNDA:0,(anonymous_28)
FNDA:1,(anonymous_29)
FNDA:0,(anonymous_30)
FNDA:0,(anonymous_31)
DA:18,37
DA:19,37
DA:20,37
DA:21,37
DA:22,37
DA:23,37
DA:24,37
DA:25,37
DA:26,37
DA:27,37
DA:33,37
DA:35,37
DA:36,11
DA:37,11
DA:40,37
DA:41,11
DA:42,11
DA:43,11
DA:46,0
DA:48,9
DA:49,9
DA:50,9
DA:52,1
DA:54,10
DA:58,37
DA:59,3
DA:60,3
DA:61,3
DA:62,3
DA:63,0
DA:65,3
DA:68,37
DA:69,1
DA:70,1
DA:71,1
DA:74,37
DA:75,0
DA:76,0
DA:77,0
DA:78,0
DA:79,0
DA:80,0
DA:82,0
DA:86,37
DA:87,0
DA:88,0
DA:92,37
DA:93,0
DA:94,0
DA:95,0
DA:97,0
DA:98,0
DA:99,0
DA:108,0
DA:109,0
DA:110,0
DA:112,0
DA:113,0
DA:115,0
DA:116,0
DA:117,0
DA:118,0
DA:119,0
DA:121,0
DA:123,0
DA:127,37
DA:128,1
DA:131,37
DA:132,11
DA:135,26
DA:136,26
DA:138,12
DA:139,0
DA:140,4
DA:142,3
DA:143,1
DA:145,6
DA:146,2
DA:148,2
DA:150,1
DA:152,1
DA:153,1
DA:155,1
DA:156,1
DA:158,1
DA:159,0
DA:161,0
DA:165,26
DA:169,0
LF:89
LH:56
BRDA:48,0,0,9
BRDA:48,0,1,0
BRDA:49,1,0,9
BRDA:49,1,1,0
BRDA:50,2,0,9
BRDA:50,2,1,0
BRDA:63,3,0,3
BRDA:63,3,1,0
BRDA:80,4,0,0
BRDA:80,4,1,0
BRDA:80,5,0,0
BRDA:80,5,1,0
BRDA:87,6,0,0
BRDA:87,6,1,0
BRDA:93,7,0,0
BRDA:93,7,1,0
BRDA:93,8,0,0
BRDA:93,8,1,0
BRDA:93,8,2,0
BRDA:104,9,0,0
BRDA:104,9,1,0
BRDA:105,10,0,0
BRDA:105,10,1,0
BRDA:108,11,0,0
BRDA:108,11,1,0
BRDA:108,12,0,0
BRDA:108,12,1,0
BRDA:121,13,0,0
BRDA:121,13,1,0
BRDA:128,14,0,0
BRDA:128,14,1,1
BRDA:128,15,0,1
BRDA:128,15,1,0
BRDA:131,16,0,11
BRDA:131,16,1,26
BRDA:131,17,0,37
BRDA:131,17,1,11
BRDA:136,18,0,12
BRDA:136,18,1,3
BRDA:136,18,2,6
BRDA:136,18,3,2
BRDA:136,18,4,1
BRDA:136,18,5,1
BRDA:136,18,6,1
BRDA:136,18,7,0
BRDA:159,19,0,0
BRDA:159,19,1,0
BRF:47
BRH:17
end_of_record
TN:
SF:src/screens/ValuePriorityLinksScreen.js
FN:6,ValuePriorityLinksScreen
FN:23,(anonymous_1)
FN:44,(anonymous_2)
FN:44,(anonymous_3)
FN:61,(anonymous_4)
FNF:5
FNH:5
FNDA:9,ValuePriorityLinksScreen
FNDA:1,(anonymous_1)
FNDA:6,(anonymous_2)
FNDA:5,(anonymous_3)
FNDA:1,(anonymous_4)
DA:7,9
DA:8,9
DA:10,9
DA:11,1
DA:18,8
DA:23,1
DA:44,6
DA:45,5
DA:46,5
DA:47,5
DA:48,5
DA:61,1
LF:12
LH:12
BRDA:10,0,0,1
BRDA:10,0,1,8
BRDA:38,1,0,4
BRDA:38,1,1,4
BRDA:50,2,0,5
BRDA:50,2,1,0
BRDA:51,3,0,1
BRDA:51,3,1,4
BRDA:55,4,0,5
BRDA:55,4,1,2
BRDA:63,5,0,1
BRDA:63,5,1,4
BRDA:75,6,0,8
BRDA:75,6,1,0
BRDA:79,7,0,0
BRDA:79,7,1,8
BRDA:80,8,0,0
BRDA:80,8,1,8
BRDA:82,9,0,0
BRDA:82,9,1,8
BRF:20
BRH:15
end_of_record
TN:
SF:src/screens/ValuesDiscovery.js
FN:5,ValuesDiscovery
FNF:1
FNH:0
FNDA:0,ValuesDiscovery
DA:7,0
LF:1
LH:0
BRF:0
BRH:0
end_of_record
TN:
SF:src/screens/ValuesManagement.js
FN:13,ValuesManagement
FN:16,(anonymous_1)
FN:32,(anonymous_2)
FN:50,(anonymous_3)
FN:74,(anonymous_4)
FN:86,(anonymous_5)
FN:99,(anonymous_6)
FN:100,(anonymous_7)
FN:118,(anonymous_8)
FN:124,(anonymous_9)
FN:128,(anonymous_10)
FN:138,(anonymous_11)
FNF:12
FNH:5
FNDA:15,ValuesManagement
FNDA:15,(anonymous_1)
FNDA:1,(anonymous_2)
FNDA:1,(anonymous_3)
FNDA:40,(anonymous_4)
FNDA:0,(anonymous_5)
FNDA:0,(anonymous_6)
FNDA:0,(anonymous_7)
FNDA:0,(anonymous_8)
FNDA:0,(anonymous_9)
FNDA:0,(anonymous_10)
FNDA:0,(anonymous_11)
DA:14,15
DA:16,15
DA:18,15
DA:20,15
DA:21,1
DA:28,14
DA:32,1
DA:50,1
DA:75,40
DA:86,0
DA:99,0
DA:100,0
DA:118,0
DA:124,0
DA:128,0
DA:139,0
DA:140,0
DA:141,0
DA:142,0
LF:19
LH:9
BRDA:20,0,0,1
BRDA:20,0,1,14
BRDA:48,1,0,14
BRDA:48,1,1,12
BRDA:60,2,0,14
BRDA:60,2,1,1
BRDA:71,3,0,14
BRDA:71,3,1,13
BRDA:93,4,0,14
BRDA:93,4,1,13
BRDA:106,5,0,14
BRDA:106,5,1,13
BRDA:106,5,2,1
BRDA:109,6,0,0
BRDA:109,6,1,1
BRF:15
BRH:14
end_of_record
TN:
SF:src/screens/styles/assistantBaseStyles.js
FNF:0
FNH:0
DA:4,0
DA:10,0
DA:19,0
DA:27,0
DA:42,0
LF:5
LH:0
BRF:0
BRH:0
end_of_record
TN:
SF:src/screens/styles/assistantChatStyles.js
FNF:0
FNH:0
DA:4,0
DA:14,0
DA:29,0
LF:3
LH:0
BRF:0
BRH:0
end_of_record
TN:
SF:src/screens/styles/assistantScreenStyles.js
FNF:0
FNH:0
DA:6,0
LF:1
LH:0
BRF:0
BRH:0
end_of_record
TN:
SF:src/screens/styles/loginScreenStyles.js
FNF:0
FNH:0
DA:3,0
LF:1
LH:0
BRF:0
BRH:0
end_of_record
TN:
SF:src/screens/styles/onboardingScreenStyles.js
FNF:0
FNH:0
DA:3,0
LF:1
LH:0
BRF:0
BRH:0
end_of_record
TN:
SF:src/screens/styles/prioritiesBaseStyles.js
FNF:0
FNH:0
DA:4,0
DA:13,0
DA:25,0
DA:40,0
LF:4
LH:0
BRF:0
BRH:0
end_of_record
TN:
SF:src/screens/styles/prioritiesFormStyles.js
FNF:0
FNH:0
DA:4,0
DA:26,0
DA:41,0
DA:61,0
DA:73,0
DA:80,0
LF:6
LH:0
BRF:0
BRH:0
end_of_record
TN:
SF:src/screens/styles/prioritiesScreenStyles.js
FNF:0
FNH:0
DA:6,0
LF:1
LH:0
BRF:0
BRH:0
end_of_record
TN:
SF:src/screens/styles/valuePriorityLinksStyles.js
FNF:0
FNH:0
DA:3,0
LF:1
LH:0
BRF:0
BRH:0
end_of_record
TN:
SF:src/screens/styles/valuesBaseStyles.js
FNF:0
FNH:0
DA:4,0
DA:13,0
DA:25,0
DA:42,0
DA:52,0
LF:5
LH:0
BRF:0
BRH:0
end_of_record
TN:
SF:src/screens/styles/valuesFormStyles.js
FNF:0
FNH:0
DA:4,0
DA:15,0
DA:28,0
LF:3
LH:0
BRF:0
BRH:0
end_of_record
TN:
SF:src/screens/styles/valuesManagementStyles.js
FNF:0
FNH:0
DA:6,0
LF:1
LH:0
BRF:0
BRH:0
end_of_record
TN:
SF:src/services/api.js
FNF:0
FNH:0
LF:0
LH:0
BRF:0
BRH:0
end_of_record
TN:
SF:src/services/apiAuth.js
FN:6,(anonymous_0)
FN:7,(anonymous_1)
FN:15,(anonymous_2)
FN:21,(anonymous_3)
FN:25,(anonymous_4)
FN:33,(anonymous_5)
FN:42,(anonymous_6)
FNF:7
FNH:7
FNDA:1,(anonymous_0)
FNDA:2,(anonymous_1)
FNDA:1,(anonymous_2)
FNDA:1,(anonymous_3)
FNDA:1,(anonymous_4)
FNDA:3,(anonymous_5)
FNDA:2,(anonymous_6)
DA:6,1
DA:8,2
DA:11,2
DA:12,2
DA:16,1
DA:17,1
DA:18,1
DA:22,1
DA:26,1
DA:29,1
DA:30,1
DA:34,3
DA:35,3
DA:36,2
DA:37,1
DA:39,3
DA:42,2
LF:17
LH:17
BRDA:7,0,0,1
BRDA:7,1,0,1
BRDA:25,2,0,1
BRDA:25,3,0,1
BRDA:35,4,0,2
BRDA:35,4,1,1
BRF:6
BRH:6
end_of_record
TN:
SF:src/services/apiBase.js
FN:8,(anonymous_0)
FN:52,(anonymous_1)
FNF:2
FNH:2
FNDA:25,(anonymous_0)
FNDA:7,(anonymous_1)
DA:9,25
DA:10,25
DA:11,25
DA:13,25
DA:15,25
DA:16,25
DA:18,23
DA:19,4
DA:20,4
DA:21,1
DA:22,1
DA:23,1
DA:25,3
DA:26,3
DA:27,1
DA:32,20
DA:33,20
DA:34,20
DA:35,1
DA:37,19
DA:38,5
DA:39,5
DA:40,3
DA:41,5
DA:42,1
DA:43,1
DA:44,1
DA:46,4
DA:48,14
DA:49,9
DA:53,7
DA:54,7
DA:55,7
DA:56,5
DA:59,2
DA:60,2
DA:61,3
LF:37
LH:37
BRDA:8,0,0,8
BRDA:13,1,0,14
BRDA:13,1,1,11
BRDA:13,2,0,25
BRDA:13,2,1,25
BRDA:18,3,0,4
BRDA:18,3,1,19
BRDA:18,4,0,23
BRDA:18,4,1,6
BRDA:20,5,0,1
BRDA:20,5,1,3
BRDA:26,6,0,2
BRDA:26,6,1,1
BRDA:34,7,0,19
BRDA:34,7,1,1
BRDA:37,8,0,5
BRDA:37,8,1,14
BRDA:39,9,0,2
BRDA:39,9,1,3
BRDA:39,10,0,2
BRDA:39,10,1,0
BRDA:40,11,0,1
BRDA:40,11,1,2
BRDA:41,12,0,1
BRDA:41,12,1,4
BRDA:41,13,0,5
BRDA:41,13,1,4
BRDA:55,14,0,2
BRDA:55,14,1,5
BRF:29
BRH:28
end_of_record
TN:
SF:src/services/apiMixins.js
FN:4,(anonymous_0)
FN:5,(anonymous_1)
FN:9,(anonymous_2)
FN:11,(anonymous_3)
FN:17,(anonymous_4)
FN:27,(anonymous_5)
FN:28,(anonymous_6)
FN:30,(anonymous_7)
FN:32,(anonymous_8)
FN:36,(anonymous_9)
FN:44,(anonymous_10)
FN:45,(anonymous_11)
FN:46,(anonymous_12)
FN:48,(anonymous_13)
FN:54,(anonymous_14)
FN:60,(anonymous_15)
FN:64,(anonymous_16)
FNF:17
FNH:17
FNDA:1,(anonymous_0)
FNDA:2,(anonymous_1)
FNDA:1,(anonymous_2)
FNDA:2,(anonymous_3)
FNDA:1,(anonymous_4)
FNDA:1,(anonymous_5)
FNDA:1,(anonymous_6)
FNDA:1,(anonymous_7)
FNDA:1,(anonymous_8)
FNDA:2,(anonymous_9)
FNDA:1,(anonymous_10)
FNDA:1,(anonymous_11)
FNDA:1,(anonymous_12)
FNDA:2,(anonymous_13)
FNDA:1,(anonymous_14)
FNDA:1,(anonymous_15)
FNDA:1,(anonymous_16)
DA:4,1
DA:6,2
DA:9,1
DA:12,2
DA:18,1
DA:19,1
DA:20,1
DA:27,1
DA:28,1
DA:30,1
DA:33,1
DA:37,2
DA:44,1
DA:45,1
DA:46,1
DA:49,2
DA:55,1
DA:61,1
DA:65,1
LF:19
LH:19
BRDA:5,0,0,1
BRDA:11,1,0,1
BRDA:17,2,0,0
BRDA:36,3,0,1
BRDA:48,4,0,1
BRDA:48,5,0,1
BRDA:48,6,0,1
BRF:7
BRH:6
end_of_record
TN:
SF:src/services/apiPriorities.js
FN:4,(anonymous_0)
FN:5,(anonymous_1)
FN:7,(anonymous_2)
FN:11,(anonymous_3)
FN:15,(anonymous_4)
FN:17,(anonymous_5)
FN:21,(anonymous_6)
FN:25,(anonymous_7)
FN:29,(anonymous_8)
FN:31,(anonymous_9)
FN:33,(anonymous_10)
FN:37,(anonymous_11)
FN:41,(anonymous_12)
FNF:13
FNH:13
FNDA:1,(anonymous_0)
FNDA:1,(anonymous_1)
FNDA:1,(anonymous_2)
FNDA:1,(anonymous_3)
FNDA:1,(anonymous_4)
FNDA:1,(anonymous_5)
FNDA:1,(anonymous_6)
FNDA:1,(anonymous_7)
FNDA:1,(anonymous_8)
FNDA:1,(anonymous_9)
FNDA:1,(anonymous_10)
FNDA:2,(anonymous_11)
FNDA:1,(anonymous_12)
DA:4,1
DA:5,1
DA:8,1
DA:12,1
DA:15,1
DA:18,1
DA:22,1
DA:26,1
DA:29,1
DA:31,1
DA:34,1
DA:38,2
DA:41,1
LF:13
LH:13
BRF:0
BRH:0
end_of_record
TN:
SF:src/services/apiValues.js
FN:4,(anonymous_0)
FN:5,(anonymous_1)
FN:7,(anonymous_2)
FN:11,(anonymous_3)
FN:15,(anonymous_4)
FN:19,(anonymous_5)
FN:21,(anonymous_6)
FN:25,(anonymous_7)
FN:31,(anonymous_8)
FNF:9
FNH:9
FNDA:1,(anonymous_0)
FNDA:2,(anonymous_1)
FNDA:2,(anonymous_2)
FNDA:1,(anonymous_3)
FNDA:1,(anonymous_4)
FNDA:1,(anonymous_5)
FNDA:1,(anonymous_6)
FNDA:2,(anonymous_7)
FNDA:1,(anonymous_8)
DA:4,1
DA:5,2
DA:8,2
DA:12,1
DA:16,1
DA:19,1
DA:22,1
DA:26,2
DA:31,1
LF:9
LH:9
BRDA:25,0,0,1
BRF:1
BRH:1
end_of_record
TN:
SF:src/utils/auth.js
FN:9,(anonymous_0)
FN:19,(anonymous_1)
FN:26,(anonymous_2)
FN:33,(anonymous_3)
FN:43,(anonymous_4)
FNF:5
FNH:5
FNDA:1,(anonymous_0)
FNDA:5,(anonymous_1)
FNDA:1,(anonymous_2)
FNDA:1,(anonymous_3)
FNDA:3,(anonymous_4)
DA:4,1
DA:5,1
DA:7,1
DA:9,1
DA:10,1
DA:11,0
DA:12,0
DA:14,1
DA:15,1
DA:19,1
DA:20,5
DA:21,0
DA:23,5
DA:26,1
DA:27,1
DA:28,0
DA:30,1
DA:33,1
DA:34,1
DA:35,0
DA:36,0
DA:38,1
DA:39,1
DA:43,1
DA:44,3
DA:45,3
LF:26
LH:20
BRDA:10,0,0,0
BRDA:10,0,1,1
BRDA:20,1,0,0
BRDA:20,1,1,5
BRDA:27,2,0,0
BRDA:27,2,1,1
BRDA:34,3,0,0
BRDA:34,3,1,1
BRF:8
BRH:4
end_of_record
TN:
SF:src/utils/messageHandlers.js
FN:19,(anonymous_0)
FN:32,(anonymous_1)
FN:56,(anonymous_2)
FN:86,(anonymous_3)
FN:106,(anonymous_4)
FN:118,(anonymous_5)
FN:131,(anonymous_6)
FN:150,(anonymous_7)
FN:167,(anonymous_8)
FN:168,(anonymous_9)
FN:181,(anonymous_10)
FN:214,(anonymous_11)
FN:238,(anonymous_12)
FNF:13
FNH:13
FNDA:6,(anonymous_0)
FNDA:7,(anonymous_1)
FNDA:3,(anonymous_2)
FNDA:3,(anonymous_3)
FNDA:1,(anonymous_4)
FNDA:5,(anonymous_5)
FNDA:5,(anonymous_6)
FNDA:8,(anonymous_7)
FNDA:12,(anonymous_8)
FNDA:27,(anonymous_9)
FNDA:3,(anonymous_10)
FNDA:8,(anonymous_11)
FNDA:4,(anonymous_12)
DA:19,1
DA:21,6
DA:25,6
DA:26,6
DA:32,1
DA:41,7
DA:43,6
DA:45,6
DA:46,2
DA:47,2
DA:51,2
DA:54,4
DA:56,3
DA:57,3
DA:58,0
DA:59,0
DA:62,3
DA:63,2
DA:64,2
DA:65,2
DA:68,1
DA:69,1
DA:70,1
DA:71,1
DA:72,1
DA:76,1
DA:77,1
DA:80,0
DA:86,1
DA:95,3
DA:97,2
DA:98,1
DA:99,1
DA:103,1
DA:106,1
DA:107,1
DA:108,1
DA:109,1
DA:112,0
DA:118,1
DA:125,5
DA:126,5
DA:128,5
DA:129,4
DA:131,5
DA:132,3
DA:134,2
DA:135,2
DA:136,2
DA:137,2
DA:139,2
DA:140,2
DA:144,2
DA:150,1
DA:159,8
DA:160,8
DA:167,12
DA:168,27
DA:170,8
DA:173,7
DA:174,7
DA:176,7
DA:177,3
DA:178,3
DA:179,3
DA:180,3
DA:181,3
DA:183,1
DA:185,3
DA:189,7
DA:190,5
DA:191,5
DA:192,5
DA:193,5
DA:194,5
DA:196,5
DA:197,5
DA:201,5
DA:204,2
DA:208,2
DA:214,1
DA:222,8
DA:223,8
DA:225,8
DA:227,7
DA:228,7
DA:230,7
DA:233,7
DA:234,3
DA:235,3
DA:236,3
DA:237,3
DA:238,4
DA:240,1
DA:242,3
DA:246,7
DA:247,5
DA:248,5
DA:249,5
DA:250,5
DA:251,5
DA:253,5
DA:254,5
DA:258,5
DA:261,2
DA:265,2
LF:106
LH:102
BRDA:21,0,0,6
BRDA:21,0,1,4
BRDA:21,0,2,4
BRDA:25,1,0,6
BRDA:25,1,1,5
BRDA:25,1,2,5
BRDA:41,2,0,1
BRDA:41,2,1,6
BRDA:45,3,0,2
BRDA:45,3,1,4
BRDA:54,4,0,1
BRDA:54,4,1,3
BRDA:57,5,0,0
BRDA:57,5,1,3
BRDA:62,6,0,2
BRDA:62,6,1,1
BRDA:68,7,0,1
BRDA:68,7,1,0
BRDA:71,8,0,1
BRDA:71,8,1,0
BRDA:95,9,0,1
BRDA:95,9,1,2
BRDA:97,10,0,1
BRDA:97,10,1,1
BRDA:107,11,0,1
BRDA:107,11,1,0
BRDA:128,12,0,1
BRDA:128,12,1,4
BRDA:128,13,0,5
BRDA:128,13,1,2
BRDA:129,14,0,1
BRDA:129,14,1,3
BRDA:132,15,0,1
BRDA:132,15,1,2
BRDA:134,16,0,1
BRDA:134,16,1,1
BRDA:136,17,0,2
BRDA:136,17,1,0
BRDA:139,18,0,1
BRDA:139,18,1,1
BRDA:141,19,0,1
BRDA:141,19,1,1
BRDA:170,20,0,1
BRDA:170,20,1,7
BRDA:170,21,0,8
BRDA:170,21,1,3
BRDA:173,22,0,7
BRDA:173,22,1,1
BRDA:173,22,2,0
BRDA:176,23,0,3
BRDA:176,23,1,4
BRDA:180,24,0,3
BRDA:180,24,1,0
BRDA:181,25,0,2
BRDA:181,25,1,1
BRDA:189,26,0,5
BRDA:189,26,1,2
BRDA:190,27,0,2
BRDA:190,27,1,3
BRDA:192,28,0,5
BRDA:192,28,1,0
BRDA:196,29,0,2
BRDA:196,29,1,3
BRDA:198,30,0,2
BRDA:198,30,1,3
BRDA:225,31,0,1
BRDA:225,31,1,7
BRDA:225,32,0,8
BRDA:225,32,1,6
BRDA:227,33,0,2
BRDA:227,33,1,5
BRDA:230,34,0,7
BRDA:230,34,1,3
BRDA:233,35,0,3
BRDA:233,35,1,4
BRDA:234,36,0,3
BRDA:234,36,1,0
BRDA:238,37,0,2
BRDA:238,37,1,1
BRDA:246,38,0,5
BRDA:246,38,1,2
BRDA:247,39,0,2
BRDA:247,39,1,3
BRDA:249,40,0,5
BRDA:249,40,1,0
BRDA:253,41,0,2
BRDA:253,41,1,3
BRDA:255,42,0,2
BRDA:255,42,1,3
BRF:89
BRH:79
end_of_record
TN:
SF:src/utils/valueMatching.js
FN:38,(anonymous_0)
FN:43,(anonymous_1)
FN:48,(anonymous_2)
FN:50,(anonymous_3)
FN:59,(anonymous_4)
FN:71,(anonymous_5)
FN:73,(anonymous_6)
FN:79,(anonymous_7)
FN:83,(anonymous_8)
FN:93,(anonymous_9)
FN:100,(anonymous_10)
FN:108,(anonymous_11)
FN:173,(anonymous_12)
FN:174,(anonymous_13)
FN:179,(anonymous_14)
FN:180,(anonymous_15)
FNF:16
FNH:16
FNDA:42,(anonymous_0)
FNDA:140,(anonymous_1)
FNDA:10,(anonymous_2)
FNDA:75,(anonymous_3)
FNDA:20,(anonymous_4)
FNDA:66,(anonymous_5)
FNDA:62,(anonymous_6)
FNDA:11,(anonymous_7)
FNDA:17,(anonymous_8)
FNDA:14,(anonymous_9)
FNDA:24,(anonymous_10)
FNDA:40,(anonymous_11)
FNDA:14,(anonymous_12)
FNDA:28,(anonymous_13)
FNDA:21,(anonymous_14)
FNDA:113,(anonymous_15)
DA:5,4
DA:38,4
DA:39,42
DA:43,140
DA:48,4
DA:49,10
DA:50,10
DA:51,75
DA:53,10
DA:59,4
DA:60,20
DA:71,4
DA:72,66
DA:73,63
DA:79,4
DA:80,11
DA:81,11
DA:83,10
DA:84,17
DA:85,17
DA:86,17
DA:93,4
DA:94,14
DA:95,14
DA:97,12
DA:98,12
DA:100,12
DA:101,24
DA:102,24
DA:104,24
DA:105,24
DA:106,24
DA:108,24
DA:109,40
DA:110,6
DA:114,24
DA:115,24
DA:116,5
DA:117,5
DA:121,12
DA:127,4
DA:141,4
DA:155,4
DA:164,4
DA:173,4
DA:174,28
DA:179,4
DA:180,113
LF:48
LH:48
BRDA:43,0,0,140
BRDA:43,0,1,129
BRDA:72,1,0,3
BRDA:72,1,1,63
BRDA:72,2,0,66
BRDA:72,2,1,64
BRDA:81,3,0,1
BRDA:81,3,1,10
BRDA:85,4,0,17
BRDA:85,4,1,0
BRDA:95,5,0,2
BRDA:95,5,1,12
BRDA:102,6,0,0
BRDA:102,6,1,24
BRDA:109,7,0,6
BRDA:109,7,1,34
BRDA:109,8,0,40
BRDA:109,8,1,34
BRDA:115,9,0,5
BRDA:115,9,1,19
BRDA:121,10,0,5
BRDA:121,10,1,7
BRF:22
BRH:20
end_of_record
